<?xml version="1.0" encoding="UTF-8"?>
<testsuites name="Weekly Report End to End Suit" time="233.487" tests="1" failures="0" errors="0">
   <testsuite name="Weekly Report End to End Suit" tests="1" failures="0" errors="0" time="233.487" timestamp="2020-03-25 18:07:10" hostname="bksangani - aixahm-ts6.analytix.local" id="Test Suites/Weekly Report End to End Suit">
      <properties>
         <property name="deviceName" value=""/>
         <property name="devicePlatform" value=""/>
         <property name="logFolder" value="D:\\Users\\bksangani\\Katalon Studio\\ReportBuilderV1\\Reports\\20200325_180705\\Weekly Report End to End Suit\\20200325_180705"/>
         <property name="logFiles" value="D:\\Users\\bksangani\\Katalon Studio\\ReportBuilderV1\\Reports\\20200325_180705\\Weekly Report End to End Suit\\20200325_180705\\execution0.log"/>
         <property name="attachments" value="D:\\Users\\bksangani\\Katalon Studio\\ReportBuilderV1\\Reports\\20200325_180705\\Weekly Report End to End Suit\\20200325_180705\\1585139919054.png"/>
         <property name="hostName" value="bksangani - aixahm-ts6.analytix.local"/>
         <property name="os" value="Windows Server 2016 64bit"/>
         <property name="katalonVersion" value="7.2.1.1"/>
         <property name="browser" value="Chrome 80.0.3987.149"/>
         <property name="hostAddress" value="192.168.16.190"/>
         <property name="sessionId" value="ee6e2cf2df6a1c40e68c9982fabf8fd2"/>
         <property name="seleniumVersion" value="3.141.59"/>
         <property name="proxyInformation" value="ProxyInformation{proxyOption=USE_SYSTEM, proxyServerType=HTTP, password=, proxyServerAddress=, proxyServerPort=0, executionList=}"/>
         <property name="platform" value="Windows Server 2016"/>
      </properties>
      <testcase name="Test Cases/CrossLocationReportBuilder_TestCases/TC79_Create Weekly Report with valid details and compare report values with calender for specific time period" time="213.981" classname="Test Cases/CrossLocationReportBuilder_TestCases/TC79_Create Weekly Report with valid details and compare report values with calender for specific time period" status="INCOMPLETE">
         <system-out><![CDATA[2020-03-25 18:07:29 - [TEST_CASE][INCOMPLETE] - Test Cases/CrossLocationReportBuilder_TestCases/TC79_Create Weekly Report with valid details and compare report values with calender for specific time period: null

2020-03-25 18:07:30 - [TEST_STEP][PASSED] - callTestCase(findTestCase("CrossLocationReportBuilder_TestCases/TC1_Verify successfull login"), [:], CONTINUE_ON_FAILURE): Call Test Case 'Test Cases/CrossLocationReportBuilder_TestCases/TC1_Verify successfull login' successfully

2020-03-25 18:07:30 - [TEST_CASE][PASSED] - Test Cases/CrossLocationReportBuilder_TestCases/TC1_Verify successfull login: Test Cases/CrossLocationReportBuilder_TestCases/TC1_Verify successfull login

2020-03-25 18:07:30 - [TEST_STEP][PASSED] - callTestCase(findTestCase("ReportBuilder_Pages/LoginPage/Login with encrypted username and password"), [:], STOP_ON_FAILURE): Call Test Case 'Test Cases/ReportBuilder_Pages/LoginPage/Login with encrypted username and password' successfully

2020-03-25 18:07:30 - [TEST_CASE][PASSED] - Test Cases/ReportBuilder_Pages/LoginPage/Login with encrypted username and password: Test Cases/ReportBuilder_Pages/LoginPage/Login with encrypted username and password

2020-03-25 18:07:31 - [TEST_STEP][PASSED] - setText(findTestObject("Object Repository/Page_Dunkin Donuts - Executive Dashboard/input_Login_textBoxEmailAddress"), username): Text 'Cafua_Dev@analytix.com' is set on object 'Object Repository/Page_Dunkin Donuts - Executive Dashboard/input_Login_textBoxEmailAddress'

2020-03-25 18:07:31 - [MESSAGE][PASSED] - Text 'Cafua_Dev@analytix.com' is set on object 'Object Repository/Page_Dunkin Donuts - Executive Dashboard/input_Login_textBoxEmailAddress'

2020-03-25 18:07:31 - [TEST_STEP][PASSED] - setText(findTestObject("Object Repository/Page_Dunkin Donuts - Executive Dashboard/input_Login_textBoxPassword"), password): Text '!9TgLT8dK3' is set on object 'Object Repository/Page_Dunkin Donuts - Executive Dashboard/input_Login_textBoxPassword'

2020-03-25 18:07:31 - [MESSAGE][PASSED] - Text '!9TgLT8dK3' is set on object 'Object Repository/Page_Dunkin Donuts - Executive Dashboard/input_Login_textBoxPassword'

2020-03-25 18:07:31 - [TEST_STEP][PASSED] - click(findTestObject("Object Repository/Page_Dunkin Donuts - Executive Dashboard/input_Login_buttonLogin")): Object: 'Object Repository/Page_Dunkin Donuts - Executive Dashboard/input_Login_buttonLogin' is clicked on

2020-03-25 18:07:32 - [MESSAGE][PASSED] - Object: 'Object Repository/Page_Dunkin Donuts - Executive Dashboard/input_Login_buttonLogin' is clicked on

2020-03-25 18:07:32 - [TEST_STEP][NOT_RUN] - waitForElementClickable(findTestObject("Page_Restaurant Intranet/link_ProfileIcon"), ExplicitWait): NOT_RUN: waitForElementClickable(findTestObject("Page_Restaurant Intranet/link_ProfileIcon"), ExplicitWait)

2020-03-25 18:07:32 - [MESSAGE][NOT_RUN] - NOT_RUN: waitForElementClickable(findTestObject("Page_Restaurant Intranet/link_ProfileIcon"), ExplicitWait)

2020-03-25 18:07:32 - [TEST_STEP][NOT_RUN] - verifyElementVisible(findTestObject("Page_Restaurant Intranet/link_ProfileIcon")): NOT_RUN: verifyElementVisible(findTestObject("Page_Restaurant Intranet/link_ProfileIcon"))

2020-03-25 18:07:32 - [MESSAGE][NOT_RUN] - NOT_RUN: verifyElementVisible(findTestObject("Page_Restaurant Intranet/link_ProfileIcon"))

2020-03-25 18:07:32 - [MESSAGE][PASSED] - Call Test Case 'Test Cases/ReportBuilder_Pages/LoginPage/Login with encrypted username and password' successfully

2020-03-25 18:07:32 - [MESSAGE][PASSED] - Call Test Case 'Test Cases/CrossLocationReportBuilder_TestCases/TC1_Verify successfull login' successfully

2020-03-25 18:07:32 - [TEST_STEP][PASSED] - callTestCase(findTestCase("CrossLocationReportBuilder_TestCases/TC3_Verify Report Builder Link functionality"), [:], CONTINUE_ON_FAILURE): Call Test Case 'Test Cases/CrossLocationReportBuilder_TestCases/TC3_Verify Report Builder Link functionality' successfully

2020-03-25 18:07:32 - [TEST_CASE][PASSED] - Test Cases/CrossLocationReportBuilder_TestCases/TC3_Verify Report Builder Link functionality: Test Cases/CrossLocationReportBuilder_TestCases/TC3_Verify Report Builder Link functionality

2020-03-25 18:07:32 - [TEST_STEP][PASSED] - callTestCase(findTestCase("ReportBuilder_Pages/Restaurant_Intranet_Dashboard_Page/Verify and Click on Report Builder link from profile"), [:], STOP_ON_FAILURE): Call Test Case 'Test Cases/ReportBuilder_Pages/Restaurant_Intranet_Dashboard_Page/Verify and Click on Report Builder link from profile' successfully

2020-03-25 18:07:32 - [TEST_CASE][PASSED] - Test Cases/ReportBuilder_Pages/Restaurant_Intranet_Dashboard_Page/Verify and Click on Report Builder link from profile: Test Cases/ReportBuilder_Pages/Restaurant_Intranet_Dashboard_Page/Verify and Click on Report Builder link from profile

2020-03-25 18:07:33 - [TEST_STEP][NOT_RUN] - waitForElementPresent(findTestObject("Page_Restaurant Intranet/Setup/tasterMessage"), 20): NOT_RUN: waitForElementPresent(findTestObject("Page_Restaurant Intranet/Setup/tasterMessage"), 20)

2020-03-25 18:07:33 - [MESSAGE][NOT_RUN] - NOT_RUN: waitForElementPresent(findTestObject("Page_Restaurant Intranet/Setup/tasterMessage"), 20)

2020-03-25 18:07:33 - [TEST_STEP][NOT_RUN] - waitForElementNotPresent(findTestObject("Page_Restaurant Intranet/Setup/tasterMessage"), 10): NOT_RUN: waitForElementNotPresent(findTestObject("Page_Restaurant Intranet/Setup/tasterMessage"), 10)

2020-03-25 18:07:33 - [MESSAGE][NOT_RUN] - NOT_RUN: waitForElementNotPresent(findTestObject("Page_Restaurant Intranet/Setup/tasterMessage"), 10)

2020-03-25 18:07:33 - [TEST_STEP][PASSED] - delay(3): Delayed 3 second(s)

2020-03-25 18:07:36 - [MESSAGE][PASSED] - Delayed 3 second(s)

2020-03-25 18:07:36 - [TEST_STEP][PASSED] - mouseOver(findTestObject("Page_Restaurant Intranet/Left_Nav_Bar/link_CrossLocationReportIcon")): Object: 'Object Repository/Page_Restaurant Intranet/Left_Nav_Bar/link_CrossLocationReportIcon' is hovered

2020-03-25 18:07:36 - [MESSAGE][PASSED] - Object: 'Object Repository/Page_Restaurant Intranet/Left_Nav_Bar/link_CrossLocationReportIcon' is hovered

2020-03-25 18:07:36 - [TEST_STEP][PASSED] - waitForElementClickable(findTestObject("Page_Restaurant Intranet/Left_Nav_Bar/link_Setup"), ExplicitWait): Object 'Object Repository/Page_Restaurant Intranet/Left_Nav_Bar/link_Setup' is clickable

2020-03-25 18:07:36 - [MESSAGE][PASSED] - Object 'Object Repository/Page_Restaurant Intranet/Left_Nav_Bar/link_Setup' is clickable

2020-03-25 18:07:36 - [TEST_STEP][PASSED] - verifyElementPresent(findTestObject("Page_Restaurant Intranet/Left_Nav_Bar/link_Setup"), 0): Object 'Object Repository/Page_Restaurant Intranet/Left_Nav_Bar/link_Setup' is present

2020-03-25 18:07:36 - [MESSAGE][WARNING] - Timeout '0' is invalid. Using default page load timeout: '30'

2020-03-25 18:07:36 - [MESSAGE][PASSED] - Object 'Object Repository/Page_Restaurant Intranet/Left_Nav_Bar/link_Setup' is present

2020-03-25 18:07:36 - [TEST_STEP][PASSED] - click(findTestObject("Page_Restaurant Intranet/Left_Nav_Bar/link_Setup")): Object: 'Object Repository/Page_Restaurant Intranet/Left_Nav_Bar/link_Setup' is clicked on

2020-03-25 18:07:37 - [MESSAGE][ERROR] - javascript error: Failed to execute 'elementsFromPoint' on 'Document': The provided double value is non-finite.
  (Session info: chrome=80.0.3987.149)
Build info: version: '3.141.59', revision: 'e82be7d358', time: '2018-11-14T08:25:53'
System info: host: 'AIXAHM-TS6', ip: '192.168.16.190', os.name: 'Windows Server 2016', os.arch: 'amd64', os.version: '10.0', java.version: '1.8.0_181'
Driver info: com.kms.katalon.selenium.driver.CChromeDriver
Capabilities {acceptInsecureCerts: false, browserName: chrome, browserVersion: 80.0.3987.149, chrome: {chromedriverVersion: 80.0.3987.106 (f68069574609..., userDataDir: D:\Users\bksangani\AppData\...}, goog:chromeOptions: {debuggerAddress: localhost:16543}, javascriptEnabled: true, networkConnectionEnabled: false, pageLoadStrategy: normal, platform: WINDOWS, platformName: WINDOWS, proxy: Proxy(), setWindowRect: true, strictFileInteractability: false, timeouts: {implicit: 0, pageLoad: 300000, script: 30000}, unhandledPromptBehavior: dismiss and notify}
Session ID: ee6e2cf2df6a1c40e68c9982fabf8fd2

2020-03-25 18:07:42 - [MESSAGE][PASSED] - Object: 'Object Repository/Page_Restaurant Intranet/Left_Nav_Bar/link_Setup' is clicked on

2020-03-25 18:07:42 - [TEST_STEP][PASSED] - waitForElementClickable(findTestObject("Page_Restaurant Intranet/Left_Nav_Bar/div_ReportBuilderLink"), ExplicitWait): Object 'Object Repository/Page_Restaurant Intranet/Left_Nav_Bar/div_ReportBuilderLink' is clickable

2020-03-25 18:07:42 - [MESSAGE][PASSED] - Object 'Object Repository/Page_Restaurant Intranet/Left_Nav_Bar/div_ReportBuilderLink' is clickable

2020-03-25 18:07:42 - [TEST_STEP][PASSED] - verifyElementPresent(findTestObject("Page_Restaurant Intranet/Left_Nav_Bar/div_ReportBuilderLink"), 0): Object 'Object Repository/Page_Restaurant Intranet/Left_Nav_Bar/div_ReportBuilderLink' is present

2020-03-25 18:07:42 - [MESSAGE][WARNING] - Timeout '0' is invalid. Using default page load timeout: '30'

2020-03-25 18:07:42 - [MESSAGE][PASSED] - Object 'Object Repository/Page_Restaurant Intranet/Left_Nav_Bar/div_ReportBuilderLink' is present

2020-03-25 18:07:42 - [TEST_STEP][PASSED] - click(findTestObject("Page_Restaurant Intranet/Left_Nav_Bar/div_ReportBuilderLink"), CONTINUE_ON_FAILURE): Object: 'Object Repository/Page_Restaurant Intranet/Left_Nav_Bar/div_ReportBuilderLink' is clicked on

2020-03-25 18:07:42 - [MESSAGE][PASSED] - Object: 'Object Repository/Page_Restaurant Intranet/Left_Nav_Bar/div_ReportBuilderLink' is clicked on

2020-03-25 18:07:42 - [MESSAGE][PASSED] - Call Test Case 'Test Cases/ReportBuilder_Pages/Restaurant_Intranet_Dashboard_Page/Verify and Click on Report Builder link from profile' successfully

2020-03-25 18:07:42 - [MESSAGE][PASSED] - Call Test Case 'Test Cases/CrossLocationReportBuilder_TestCases/TC3_Verify Report Builder Link functionality' successfully

2020-03-25 18:07:42 - [TEST_STEP][PASSED] - callTestCase(findTestCase("ReportBuilder_Pages/ReportSetup_Page/Verify Add Report button and Click"), [:], CONTINUE_ON_FAILURE): Call Test Case 'Test Cases/ReportBuilder_Pages/ReportSetup_Page/Verify Add Report button and Click' successfully

2020-03-25 18:07:42 - [TEST_CASE][PASSED] - Test Cases/ReportBuilder_Pages/ReportSetup_Page/Verify Add Report button and Click: Test Cases/ReportBuilder_Pages/ReportSetup_Page/Verify Add Report button and Click

2020-03-25 18:07:43 - [TEST_STEP][PASSED] - verifyElementPresent(findTestObject("Page_Restaurant Intranet/Left_Nav_Bar/div_ReportBuilderLink"), 0): Object 'Object Repository/Page_Restaurant Intranet/Left_Nav_Bar/div_ReportBuilderLink' is present

2020-03-25 18:07:43 - [MESSAGE][WARNING] - Timeout '0' is invalid. Using default page load timeout: '30'

2020-03-25 18:07:43 - [MESSAGE][PASSED] - Object 'Object Repository/Page_Restaurant Intranet/Left_Nav_Bar/div_ReportBuilderLink' is present

2020-03-25 18:07:43 - [TEST_STEP][NOT_RUN] - click(findTestObject("Page_Restaurant Intranet/Left_Nav_Bar/div_ReportBuilderLink"), CONTINUE_ON_FAILURE): NOT_RUN: click(findTestObject("Page_Restaurant Intranet/Left_Nav_Bar/div_ReportBuilderLink"), CONTINUE_ON_FAILURE)

2020-03-25 18:07:43 - [MESSAGE][NOT_RUN] - NOT_RUN: click(findTestObject("Page_Restaurant Intranet/Left_Nav_Bar/div_ReportBuilderLink"), CONTINUE_ON_FAILURE)

2020-03-25 18:07:43 - [TEST_STEP][PASSED] - waitForElementClickable(findTestObject("ReportBuilderUI/div_Report Setup"), ExplicitWait): Object 'Object Repository/ReportBuilderUI/div_Report Setup' is clickable

2020-03-25 18:07:43 - [MESSAGE][PASSED] - Object 'Object Repository/ReportBuilderUI/div_Report Setup' is clickable

2020-03-25 18:07:43 - [TEST_STEP][PASSED] - click(findTestObject("ReportBuilderUI/div_Report Setup")): Object: 'Object Repository/ReportBuilderUI/div_Report Setup' is clicked on

2020-03-25 18:07:43 - [MESSAGE][PASSED] - Object: 'Object Repository/ReportBuilderUI/div_Report Setup' is clicked on

2020-03-25 18:07:43 - [TEST_STEP][PASSED] - waitForElementClickable(findTestObject("ReportBuilderUI/button_Add"), 30): Object 'Object Repository/ReportBuilderUI/button_Add' is clickable

2020-03-25 18:07:43 - [MESSAGE][PASSED] - Object 'Object Repository/ReportBuilderUI/button_Add' is clickable

2020-03-25 18:07:43 - [TEST_STEP][PASSED] - click(findTestObject("ReportBuilderUI/button_Add")): Object: 'Object Repository/ReportBuilderUI/button_Add' is clicked on

2020-03-25 18:07:44 - [MESSAGE][PASSED] - Object: 'Object Repository/ReportBuilderUI/button_Add' is clicked on

2020-03-25 18:07:44 - [TEST_STEP][PASSED] - verifyTextPresent("Cross Location Report Builder", false): Text 'Cross Location Report Builder' is present on page 

2020-03-25 18:07:44 - [MESSAGE][PASSED] - Text 'Cross Location Report Builder' is present on page 

2020-03-25 18:07:44 - [MESSAGE][PASSED] - Call Test Case 'Test Cases/ReportBuilder_Pages/ReportSetup_Page/Verify Add Report button and Click' successfully

2020-03-25 18:07:44 - [TEST_STEP][PASSED] - callTestCase(findTestCase("ReportBuilder_Pages/CrossLocationReportBuilderSetup_Page/Give Report Name"), ["ReportName":ReportName], CONTINUE_ON_FAILURE): Call Test Case 'Test Cases/ReportBuilder_Pages/CrossLocationReportBuilderSetup_Page/Give Report Name' successfully

2020-03-25 18:07:44 - [TEST_CASE][PASSED] - Test Cases/ReportBuilder_Pages/CrossLocationReportBuilderSetup_Page/Give Report Name: Test Cases/ReportBuilder_Pages/CrossLocationReportBuilderSetup_Page/Give Report Name

2020-03-25 18:07:45 - [TEST_STEP][PASSED] - click(findTestObject("ReportSetupScreen/Name Your Report/input_Reports_form-item")): Object: 'Object Repository/ReportSetupScreen/Name Your Report/input_Reports_form-item' is clicked on

2020-03-25 18:07:45 - [MESSAGE][PASSED] - Object: 'Object Repository/ReportSetupScreen/Name Your Report/input_Reports_form-item' is clicked on

2020-03-25 18:07:45 - [TEST_STEP][PASSED] - setText(findTestObject("ReportSetupScreen/Name Your Report/input_Reports_form-item"), ReportName): Text 'Weekly Sales' is set on object 'Object Repository/ReportSetupScreen/Name Your Report/input_Reports_form-item'

2020-03-25 18:07:45 - [MESSAGE][PASSED] - Text 'Weekly Sales' is set on object 'Object Repository/ReportSetupScreen/Name Your Report/input_Reports_form-item'

2020-03-25 18:07:45 - [MESSAGE][PASSED] - Call Test Case 'Test Cases/ReportBuilder_Pages/CrossLocationReportBuilderSetup_Page/Give Report Name' successfully

2020-03-25 18:07:45 - [TEST_STEP][PASSED] - callTestCase(findTestCase("ReportBuilder_Pages/CrossLocationReportBuilderSetup_Page/Select Report Category"), ["ReportCategory":CategoryName], CONTINUE_ON_FAILURE): Call Test Case 'Test Cases/ReportBuilder_Pages/CrossLocationReportBuilderSetup_Page/Select Report Category' successfully

2020-03-25 18:07:45 - [TEST_CASE][PASSED] - Test Cases/ReportBuilder_Pages/CrossLocationReportBuilderSetup_Page/Select Report Category: Test Cases/ReportBuilder_Pages/CrossLocationReportBuilderSetup_Page/Select Report Category

2020-03-25 18:07:46 - [TEST_STEP][PASSED] - driver = getWebDriver(): null

2020-03-25 18:07:46 - [TEST_STEP][PASSED] - click(findTestObject("ReportSetupScreen/Name Your Report/input_Report Name_form-item ng-untouched ng-pristine ng-invalid")): Object: 'Object Repository/ReportSetupScreen/Name Your Report/input_Report Name_form-item ng-untouched ng-pristine ng-invalid' is clicked on

2020-03-25 18:07:46 - [MESSAGE][PASSED] - Object: 'Object Repository/ReportSetupScreen/Name Your Report/input_Report Name_form-item ng-untouched ng-pristine ng-invalid' is clicked on

2020-03-25 18:07:46 - [TEST_STEP][PASSED] - setText(findTestObject("ReportSetupScreen/Name Your Report/input_SelectCategory"), ReportCategory): Text 'Sales/Controllables' is set on object 'Object Repository/ReportSetupScreen/Name Your Report/input_SelectCategory'

2020-03-25 18:07:47 - [MESSAGE][PASSED] - Text 'Sales/Controllables' is set on object 'Object Repository/ReportSetupScreen/Name Your Report/input_SelectCategory'

2020-03-25 18:07:47 - [TEST_STEP][PASSED] - CategoryName = ReportCategory: null

2020-03-25 18:07:47 - [TEST_STEP][PASSED] - fields = driver.findElement(By.xpath("//span[text()="" + CategoryName + ""]")): null

2020-03-25 18:07:47 - [TEST_STEP][PASSED] - fields.click(): null

2020-03-25 18:07:47 - [TEST_STEP][PASSED] - delay(1): Delayed 1 second(s)

2020-03-25 18:07:48 - [MESSAGE][PASSED] - Delayed 1 second(s)

2020-03-25 18:07:48 - [MESSAGE][PASSED] - Call Test Case 'Test Cases/ReportBuilder_Pages/CrossLocationReportBuilderSetup_Page/Select Report Category' successfully

2020-03-25 18:07:48 - [TEST_STEP][FAILED] - callTestCase(findTestCase("ReportBuilder_Pages/CrossLocationReportBuilderSetup_Page/Data Grain with Present Data By/Select Data Grain And Present Data By options for Report"), [:], CONTINUE_ON_FAILURE): Unable to call Test Case 'Test Cases/ReportBuilder_Pages/CrossLocationReportBuilderSetup_Page/Data Grain with Present Data By/Select Data Grain And Present Data By options for Report' (Root cause: com.kms.katalon.core.exception.StepFailedException: Call Test Case 'Test Cases/ReportBuilder_Pages/CrossLocationReportBuilderSetup_Page/Data Grain with Present Data By/Select Data Grain And Present Data By options for Report' failed
	at com.kms.katalon.core.keyword.builtin.CallTestCaseKeyword$_callTestCase_closure1.doCall(CallTestCaseKeyword.groovy:63)
	at com.kms.katalon.core.keyword.builtin.CallTestCaseKeyword$_callTestCase_closure1.call(CallTestCaseKeyword.groovy)
	at com.kms.katalon.core.keyword.internal.KeywordMain.runKeyword(KeywordMain.groovy:68)
	at com.kms.katalon.core.keyword.builtin.CallTestCaseKeyword.callTestCase(CallTestCaseKeyword.groovy:81)
	at com.kms.katalon.core.keyword.builtin.CallTestCaseKeyword.execute(CallTestCaseKeyword.groovy:44)
	at com.kms.katalon.core.keyword.internal.KeywordExecutor.executeKeywordForPlatform(KeywordExecutor.groovy:72)
	at com.kms.katalon.core.keyword.BuiltinKeywords.callTestCase(BuiltinKeywords.groovy:334)
	at TC79_Create Weekly Report with valid details and compare report values with calender for specific time period.run(TC79_Create Weekly Report with valid details and compare report values with calender for specific time period:31)
	at com.kms.katalon.core.main.ScriptEngine.run(ScriptEngine.java:194)
	at com.kms.katalon.core.main.ScriptEngine.runScriptAsRawText(ScriptEngine.java:119)
	at com.kms.katalon.core.main.TestCaseExecutor.runScript(TestCaseExecutor.java:337)
	at com.kms.katalon.core.main.TestCaseExecutor.doExecute(TestCaseExecutor.java:328)
	at com.kms.katalon.core.main.TestCaseExecutor.processExecutionPhase(TestCaseExecutor.java:307)
	at com.kms.katalon.core.main.TestCaseExecutor.accessMainPhase(TestCaseExecutor.java:299)
	at com.kms.katalon.core.main.TestCaseExecutor.execute(TestCaseExecutor.java:233)
	at com.kms.katalon.core.main.TestSuiteExecutor.accessTestCaseMainPhase(TestSuiteExecutor.java:169)
	at com.kms.katalon.core.main.TestSuiteExecutor.accessTestSuiteMainPhase(TestSuiteExecutor.java:142)
	at com.kms.katalon.core.main.TestSuiteExecutor.execute(TestSuiteExecutor.java:91)
	at com.kms.katalon.core.main.TestCaseMain.startTestSuite(TestCaseMain.java:157)
	at com.kms.katalon.core.main.TestCaseMain$startTestSuite$0.call(Unknown Source)
	at TempTestSuite1585139826001.run(TempTestSuite1585139826001.groovy:36)
Caused by: com.kms.katalon.core.exception.StepFailedException: Unable to call Test Case 'Test Cases/ReportBuilder_Pages/CrossLocationReportBuilderSetup_Page/Column Selection By Data Grain/Weekly Data Grain/Labor Cost-Weekly Data Grain' (Root cause: com.kms.katalon.core.exception.StepFailedException: Call Test Case 'Test Cases/ReportBuilder_Pages/CrossLocationReportBuilderSetup_Page/Column Selection By Data Grain/Weekly Data Grain/Labor Cost-Weekly Data Grain' failed
	at com.kms.katalon.core.keyword.builtin.CallTestCaseKeyword$_callTestCase_closure1.doCall(CallTestCaseKeyword.groovy:63)
	at com.kms.katalon.core.keyword.builtin.CallTestCaseKeyword$_callTestCase_closure1.call(CallTestCaseKeyword.groovy)
	at com.kms.katalon.core.keyword.internal.KeywordMain.runKeyword(KeywordMain.groovy:68)
	at com.kms.katalon.core.keyword.builtin.CallTestCaseKeyword.callTestCase(CallTestCaseKeyword.groovy:81)
	at com.kms.katalon.core.keyword.builtin.CallTestCaseKeyword.execute(CallTestCaseKeyword.groovy:44)
	at com.kms.katalon.core.keyword.internal.KeywordExecutor.executeKeywordForPlatform(KeywordExecutor.groovy:72)
	at com.kms.katalon.core.keyword.BuiltinKeywords.callTestCase(BuiltinKeywords.groovy:334)
	at Select Data Grain And Present Data By options for Report.run(Select Data Grain And Present Data By options for Report:119)
	at com.kms.katalon.core.main.ScriptEngine.run(ScriptEngine.java:194)
	at com.kms.katalon.core.main.ScriptEngine.runScriptAsRawText(ScriptEngine.java:119)
	at com.kms.katalon.core.main.TestCaseExecutor.runScript(TestCaseExecutor.java:337)
	at com.kms.katalon.core.main.TestCaseExecutor.doExecute(TestCaseExecutor.java:328)
	at com.kms.katalon.core.main.TestCaseExecutor.processExecutionPhase(TestCaseExecutor.java:307)
	at com.kms.katalon.core.main.TestCaseExecutor.accessMainPhase(TestCaseExecutor.java:299)
	at com.kms.katalon.core.main.TestCaseExecutor.execute(TestCaseExecutor.java:233)
	at com.kms.katalon.core.main.TestCaseMain.runTestCase(TestCaseMain.java:114)
	at com.kms.katalon.core.keyword.builtin.CallTestCaseKeyword$_callTestCase_closure1.doCall(CallTestCaseKeyword.groovy:59)
	at com.kms.katalon.core.keyword.builtin.CallTestCaseKeyword$_callTestCase_closure1.call(CallTestCaseKeyword.groovy)
	at com.kms.katalon.core.keyword.internal.KeywordMain.runKeyword(KeywordMain.groovy:68)
	at com.kms.katalon.core.keyword.builtin.CallTestCaseKeyword.callTestCase(CallTestCaseKeyword.groovy:81)
	at com.kms.katalon.core.keyword.builtin.CallTestCaseKeyword.execute(CallTestCaseKeyword.groovy:44)
	at com.kms.katalon.core.keyword.internal.KeywordExecutor.executeKeywordForPlatform(KeywordExecutor.groovy:72)
	at com.kms.katalon.core.keyword.BuiltinKeywords.callTestCase(BuiltinKeywords.groovy:334)
	at TC79_Create Weekly Report with valid details and compare report values with calender for specific time period.run(TC79_Create Weekly Report with valid details and compare report values with calender for specific time period:31)
	at com.kms.katalon.core.main.ScriptEngine.run(ScriptEngine.java:194)
	at com.kms.katalon.core.main.ScriptEngine.runScriptAsRawText(ScriptEngine.java:119)
	at com.kms.katalon.core.main.TestCaseExecutor.runScript(TestCaseExecutor.java:337)
	at com.kms.katalon.core.main.TestCaseExecutor.doExecute(TestCaseExecutor.java:328)
	at com.kms.katalon.core.main.TestCaseExecutor.processExecutionPhase(TestCaseExecutor.java:307)
	at com.kms.katalon.core.main.TestCaseExecutor.accessMainPhase(TestCaseExecutor.java:299)
	at com.kms.katalon.core.main.TestCaseExecutor.execute(TestCaseExecutor.java:233)
	at com.kms.katalon.core.main.TestSuiteExecutor.accessTestCaseMainPhase(TestSuiteExecutor.java:169)
	at com.kms.katalon.core.main.TestSuiteExecutor.accessTestSuiteMainPhase(TestSuiteExecutor.java:142)
	at com.kms.katalon.core.main.TestSuiteExecutor.execute(TestSuiteExecutor.java:91)
	at com.kms.katalon.core.main.TestCaseMain.startTestSuite(TestCaseMain.java:157)
	at com.kms.katalon.core.main.TestCaseMain$startTestSuite$0.call(Unknown Source)
	at TempTestSuite1585139826001.run(TempTestSuite1585139826001.groovy:36)
Caused by: com.kms.katalon.core.exception.StepFailedException: Unable to click on object 'Object Repository/ReportSetupScreen/DataGroupValues/Categories/Ctg_LastWeek' (Root cause: com.kms.katalon.core.exception.StepFailedException: Unable to click on object 'Object Repository/ReportSetupScreen/DataGroupValues/Categories/Ctg_LastWeek'
	at com.kms.katalon.core.webui.keyword.internal.WebUIKeywordMain.stepFailed(WebUIKeywordMain.groovy:64)
	at com.kms.katalon.core.webui.keyword.internal.WebUIKeywordMain.runKeyword(WebUIKeywordMain.groovy:26)
	at com.kms.katalon.core.webui.keyword.builtin.ClickKeyword.click(ClickKeyword.groovy:102)
	at com.kms.katalon.core.webui.keyword.builtin.ClickKeyword.execute(ClickKeyword.groovy:43)
	at com.kms.katalon.core.keyword.internal.KeywordExecutor.executeKeywordForPlatform(KeywordExecutor.groovy:72)
	at com.kms.katalon.core.webui.keyword.WebUiBuiltInKeywords.click(WebUiBuiltInKeywords.groovy:616)
	at com.kms.katalon.core.webui.keyword.WebUiBuiltInKeywords$click$4.call(Unknown Source)
	at Labor Cost-Weekly Data Grain.run(Labor Cost-Weekly Data Grain:30)
	at com.kms.katalon.core.main.ScriptEngine.run(ScriptEngine.java:194)
	at com.kms.katalon.core.main.ScriptEngine.runScriptAsRawText(ScriptEngine.java:119)
	at com.kms.katalon.core.main.TestCaseExecutor.runScript(TestCaseExecutor.java:337)
	at com.kms.katalon.core.main.TestCaseExecutor.doExecute(TestCaseExecutor.java:328)
	at com.kms.katalon.core.main.TestCaseExecutor.processExecutionPhase(TestCaseExecutor.java:307)
	at com.kms.katalon.core.main.TestCaseExecutor.accessMainPhase(TestCaseExecutor.java:299)
	at com.kms.katalon.core.main.TestCaseExecutor.execute(TestCaseExecutor.java:233)
	at com.kms.katalon.core.main.TestCaseMain.runTestCase(TestCaseMain.java:114)
	at com.kms.katalon.core.keyword.builtin.CallTestCaseKeyword$_callTestCase_closure1.doCall(CallTestCaseKeyword.groovy:59)
	at com.kms.katalon.core.keyword.builtin.CallTestCaseKeyword$_callTestCase_closure1.call(CallTestCaseKeyword.groovy)
	at com.kms.katalon.core.keyword.internal.KeywordMain.runKeyword(KeywordMain.groovy:68)
	at com.kms.katalon.core.keyword.builtin.CallTestCaseKeyword.callTestCase(CallTestCaseKeyword.groovy:81)
	at com.kms.katalon.core.keyword.builtin.CallTestCaseKeyword.execute(CallTestCaseKeyword.groovy:44)
	at com.kms.katalon.core.keyword.internal.KeywordExecutor.executeKeywordForPlatform(KeywordExecutor.groovy:72)
	at com.kms.katalon.core.keyword.BuiltinKeywords.callTestCase(BuiltinKeywords.groovy:334)
	at Select Data Grain And Present Data By options for Report.run(Select Data Grain And Present Data By options for Report:119)
	at com.kms.katalon.core.main.ScriptEngine.run(ScriptEngine.java:194)
	at com.kms.katalon.core.main.ScriptEngine.runScriptAsRawText(ScriptEngine.java:119)
	at com.kms.katalon.core.main.TestCaseExecutor.runScript(TestCaseExecutor.java:337)
	at com.kms.katalon.core.main.TestCaseExecutor.doExecute(TestCaseExecutor.java:328)
	at com.kms.katalon.core.main.TestCaseExecutor.processExecutionPhase(TestCaseExecutor.java:307)
	at com.kms.katalon.core.main.TestCaseExecutor.accessMainPhase(TestCaseExecutor.java:299)
	at com.kms.katalon.core.main.TestCaseExecutor.execute(TestCaseExecutor.java:233)
	at com.kms.katalon.core.main.TestCaseMain.runTestCase(TestCaseMain.java:114)
	at com.kms.katalon.core.keyword.builtin.CallTestCaseKeyword$_callTestCase_closure1.doCall(CallTestCaseKeyword.groovy:59)
	at com.kms.katalon.core.keyword.builtin.CallTestCaseKeyword$_callTestCase_closure1.call(CallTestCaseKeyword.groovy)
	at com.kms.katalon.core.keyword.internal.KeywordMain.runKeyword(KeywordMain.groovy:68)
	at com.kms.katalon.core.keyword.builtin.CallTestCaseKeyword.callTestCase(CallTestCaseKeyword.groovy:81)
	at com.kms.katalon.core.keyword.builtin.CallTestCaseKeyword.execute(CallTestCaseKeyword.groovy:44)
	at com.kms.katalon.core.keyword.internal.KeywordExecutor.executeKeywordForPlatform(KeywordExecutor.groovy:72)
	at com.kms.katalon.core.keyword.BuiltinKeywords.callTestCase(BuiltinKeywords.groovy:334)
	at TC79_Create Weekly Report with valid details and compare report values with calender for specific time period.run(TC79_Create Weekly Report with valid details and compare report values with calender for specific time period:31)
	at com.kms.katalon.core.main.ScriptEngine.run(ScriptEngine.java:194)
	at com.kms.katalon.core.main.ScriptEngine.runScriptAsRawText(ScriptEngine.java:119)
	at com.kms.katalon.core.main.TestCaseExecutor.runScript(TestCaseExecutor.java:337)
	at com.kms.katalon.core.main.TestCaseExecutor.doExecute(TestCaseExecutor.java:328)
	at com.kms.katalon.core.main.TestCaseExecutor.processExecutionPhase(TestCaseExecutor.java:307)
	at com.kms.katalon.core.main.TestCaseExecutor.accessMainPhase(TestCaseExecutor.java:299)
	at com.kms.katalon.core.main.TestCaseExecutor.execute(TestCaseExecutor.java:233)
	at com.kms.katalon.core.main.TestSuiteExecutor.accessTestCaseMainPhase(TestSuiteExecutor.java:169)
	at com.kms.katalon.core.main.TestSuiteExecutor.accessTestSuiteMainPhase(TestSuiteExecutor.java:142)
	at com.kms.katalon.core.main.TestSuiteExecutor.execute(TestSuiteExecutor.java:91)
	at com.kms.katalon.core.main.TestCaseMain.startTestSuite(TestCaseMain.java:157)
	at com.kms.katalon.core.main.TestCaseMain$startTestSuite$0.call(Unknown Source)
	at TempTestSuite1585139826001.run(TempTestSuite1585139826001.groovy:36)
Caused by: com.kms.katalon.core.webui.exception.WebElementNotFoundException: Web element with id: 'Object Repository/ReportSetupScreen/DataGroupValues/Categories/Ctg_LastWeek' located by 'By.xpath: //span[contains(@class, 'checkbox__txt') and text() ='Last Week']' not found
	at com.kms.katalon.core.webui.common.WebUiCommonHelper.findWebElement(WebUiCommonHelper.java:1154)
	at com.kms.katalon.core.webui.keyword.internal.WebUIAbstractKeyword.findWebElement(WebUIAbstractKeyword.groovy:27)
	at com.kms.katalon.core.webui.keyword.internal.WebUIAbstractKeyword.findWebElement(WebUIAbstractKeyword.groovy:26)
	at com.kms.katalon.core.webui.keyword.builtin.ClickKeyword$_click_closure1.doCall(ClickKeyword.groovy:67)
	at com.kms.katalon.core.webui.keyword.builtin.ClickKeyword$_click_closure1.call(ClickKeyword.groovy)
	at com.kms.katalon.core.webui.keyword.internal.WebUIKeywordMain.runKeyword(WebUIKeywordMain.groovy:20)
	at com.kms.katalon.core.webui.keyword.builtin.ClickKeyword.click(ClickKeyword.groovy:102)
	at com.kms.katalon.core.webui.keyword.builtin.ClickKeyword.execute(ClickKeyword.groovy:43)
	at com.kms.katalon.core.keyword.internal.KeywordExecutor.executeKeywordForPlatform(KeywordExecutor.groovy:72)
	at com.kms.katalon.core.webui.keyword.WebUiBuiltInKeywords.click(WebUiBuiltInKeywords.groovy:616)
	at com.kms.katalon.core.webui.keyword.WebUiBuiltInKeywords$click$4.call(Unknown Source)
	at Script1572525625222.run(Script1572525625222.groovy:30)
	at com.kms.katalon.core.main.ScriptEngine.run(ScriptEngine.java:194)
	at com.kms.katalon.core.main.ScriptEngine.runScriptAsRawText(ScriptEngine.java:119)
	at com.kms.katalon.core.main.TestCaseExecutor.runScript(TestCaseExecutor.java:337)
	at com.kms.katalon.core.main.TestCaseExecutor.doExecute(TestCaseExecutor.java:328)
	at com.kms.katalon.core.main.TestCaseExecutor.processExecutionPhase(TestCaseExecutor.java:307)
	at com.kms.katalon.core.main.TestCaseExecutor.accessMainPhase(TestCaseExecutor.java:299)
	at com.kms.katalon.core.main.TestCaseExecutor.execute(TestCaseExecutor.java:233)
	at com.kms.katalon.core.main.TestCaseMain.runTestCase(TestCaseMain.java:114)
	at com.kms.katalon.core.keyword.builtin.CallTestCaseKeyword$_callTestCase_closure1.doCall(CallTestCaseKeyword.groovy:59)
	at com.kms.katalon.core.keyword.builtin.CallTestCaseKeyword$_callTestCase_closure1.call(CallTestCaseKeyword.groovy)
	at com.kms.katalon.core.keyword.internal.KeywordMain.runKeyword(KeywordMain.groovy:68)
	at com.kms.katalon.core.keyword.builtin.CallTestCaseKeyword.callTestCase(CallTestCaseKeyword.groovy:81)
	at com.kms.katalon.core.keyword.builtin.CallTestCaseKeyword.execute(CallTestCaseKeyword.groovy:44)
	at com.kms.katalon.core.keyword.internal.KeywordExecutor.executeKeywordForPlatform(KeywordExecutor.groovy:72)
	at com.kms.katalon.core.keyword.BuiltinKeywords.callTestCase(BuiltinKeywords.groovy:334)
	at Script1572516663754.run(Script1572516663754.groovy:119)
	at com.kms.katalon.core.main.ScriptEngine.run(ScriptEngine.java:194)
	at com.kms.katalon.core.main.ScriptEngine.runScriptAsRawText(ScriptEngine.java:119)
	at com.kms.katalon.core.main.TestCaseExecutor.runScript(TestCaseExecutor.java:337)
	at com.kms.katalon.core.main.TestCaseExecutor.doExecute(TestCaseExecutor.java:328)
	at com.kms.katalon.core.main.TestCaseExecutor.processExecutionPhase(TestCaseExecutor.java:307)
	at com.kms.katalon.core.main.TestCaseExecutor.accessMainPhase(TestCaseExecutor.java:299)
	at com.kms.katalon.core.main.TestCaseExecutor.execute(TestCaseExecutor.java:233)
	at com.kms.katalon.core.main.TestCaseMain.runTestCase(TestCaseMain.java:114)
	at com.kms.katalon.core.keyword.builtin.CallTestCaseKeyword$_callTestCase_closure1.doCall(CallTestCaseKeyword.groovy:59)
	at com.kms.katalon.core.keyword.builtin.CallTestCaseKeyword$_callTestCase_closure1.call(CallTestCaseKeyword.groovy)
	at com.kms.katalon.core.keyword.internal.KeywordMain.runKeyword(KeywordMain.groovy:68)
	at com.kms.katalon.core.keyword.builtin.CallTestCaseKeyword.callTestCase(CallTestCaseKeyword.groovy:81)
	at com.kms.katalon.core.keyword.builtin.CallTestCaseKeyword.execute(CallTestCaseKeyword.groovy:44)
	at com.kms.katalon.core.keyword.internal.KeywordExecutor.executeKeywordForPlatform(KeywordExecutor.groovy:72)
	at com.kms.katalon.core.keyword.BuiltinKeywords.callTestCase(BuiltinKeywords.groovy:334)
	at Script1575359038124.run(Script1575359038124.groovy:31)
	... 13 more
)
	at com.kms.katalon.core.keyword.internal.KeywordMain.stepFailed(KeywordMain.groovy:39)
	at com.kms.katalon.core.webui.keyword.internal.WebUIKeywordMain.stepFailed(WebUIKeywordMain.groovy:64)
	at com.kms.katalon.core.webui.keyword.internal.WebUIKeywordMain.runKeyword(WebUIKeywordMain.groovy:26)
	at com.kms.katalon.core.webui.keyword.builtin.ClickKeyword.click(ClickKeyword.groovy:102)
	at com.kms.katalon.core.webui.keyword.builtin.ClickKeyword.execute(ClickKeyword.groovy:43)
	at com.kms.katalon.core.keyword.internal.KeywordExecutor.executeKeywordForPlatform(KeywordExecutor.groovy:72)
	at com.kms.katalon.core.webui.keyword.WebUiBuiltInKeywords.click(WebUiBuiltInKeywords.groovy:616)
	at com.kms.katalon.core.webui.keyword.WebUiBuiltInKeywords$click$4.call(Unknown Source)
	at Labor Cost-Weekly Data Grain.run(Labor Cost-Weekly Data Grain:30)
	at com.kms.katalon.core.main.ScriptEngine.run(ScriptEngine.java:194)
	at com.kms.katalon.core.main.ScriptEngine.runScriptAsRawText(ScriptEngine.java:119)
	at com.kms.katalon.core.main.TestCaseExecutor.runScript(TestCaseExecutor.java:337)
	at com.kms.katalon.core.main.TestCaseExecutor.doExecute(TestCaseExecutor.java:328)
	at com.kms.katalon.core.main.TestCaseExecutor.processExecutionPhase(TestCaseExecutor.java:307)
	at com.kms.katalon.core.main.TestCaseExecutor.accessMainPhase(TestCaseExecutor.java:299)
	at com.kms.katalon.core.main.TestCaseExecutor.execute(TestCaseExecutor.java:233)
	at com.kms.katalon.core.main.TestCaseMain.runTestCase(TestCaseMain.java:114)
	at com.kms.katalon.core.keyword.builtin.CallTestCaseKeyword$_callTestCase_closure1.doCall(CallTestCaseKeyword.groovy:59)
	... 36 more
Caused by: com.kms.katalon.core.exception.StepFailedException: Unable to click on object 'Object Repository/ReportSetupScreen/DataGroupValues/Categories/Ctg_LastWeek'
	... 53 more
Caused by: com.kms.katalon.core.webui.exception.WebElementNotFoundException: Web element with id: 'Object Repository/ReportSetupScreen/DataGroupValues/Categories/Ctg_LastWeek' located by 'By.xpath: //span[contains(@class, 'checkbox__txt') and text() ='Last Week']' not found
	at com.kms.katalon.core.webui.common.WebUiCommonHelper.findWebElement(WebUiCommonHelper.java:1154)
	at com.kms.katalon.core.webui.keyword.internal.WebUIAbstractKeyword.findWebElement(WebUIAbstractKeyword.groovy:27)
	at com.kms.katalon.core.webui.keyword.internal.WebUIAbstractKeyword.findWebElement(WebUIAbstractKeyword.groovy:26)
	at com.kms.katalon.core.webui.keyword.builtin.ClickKeyword$_click_closure1.doCall(ClickKeyword.groovy:67)
	at com.kms.katalon.core.webui.keyword.builtin.ClickKeyword$_click_closure1.call(ClickKeyword.groovy)
	at com.kms.katalon.core.webui.keyword.internal.WebUIKeywordMain.runKeyword(WebUIKeywordMain.groovy:20)
	... 51 more
)
	at com.kms.katalon.core.keyword.internal.KeywordMain.stepFailed(KeywordMain.groovy:39)
	at com.kms.katalon.core.keyword.internal.KeywordMain.stepFailed(KeywordMain.groovy)
	at com.kms.katalon.core.keyword.internal.KeywordMain.runKeyword(KeywordMain.groovy:70)
	at com.kms.katalon.core.keyword.builtin.CallTestCaseKeyword.callTestCase(CallTestCaseKeyword.groovy:81)
	at com.kms.katalon.core.keyword.builtin.CallTestCaseKeyword.execute(CallTestCaseKeyword.groovy:44)
	at com.kms.katalon.core.keyword.internal.KeywordExecutor.executeKeywordForPlatform(KeywordExecutor.groovy:72)
	at com.kms.katalon.core.keyword.BuiltinKeywords.callTestCase(BuiltinKeywords.groovy:334)
	at Select Data Grain And Present Data By options for Report.run(Select Data Grain And Present Data By options for Report:119)
	at com.kms.katalon.core.main.ScriptEngine.run(ScriptEngine.java:194)
	at com.kms.katalon.core.main.ScriptEngine.runScriptAsRawText(ScriptEngine.java:119)
	at com.kms.katalon.core.main.TestCaseExecutor.runScript(TestCaseExecutor.java:337)
	at com.kms.katalon.core.main.TestCaseExecutor.doExecute(TestCaseExecutor.java:328)
	at com.kms.katalon.core.main.TestCaseExecutor.processExecutionPhase(TestCaseExecutor.java:307)
	at com.kms.katalon.core.main.TestCaseExecutor.accessMainPhase(TestCaseExecutor.java:299)
	at com.kms.katalon.core.main.TestCaseExecutor.execute(TestCaseExecutor.java:233)
	at com.kms.katalon.core.main.TestCaseMain.runTestCase(TestCaseMain.java:114)
	at com.kms.katalon.core.keyword.builtin.CallTestCaseKeyword$_callTestCase_closure1.doCall(CallTestCaseKeyword.groovy:59)
	... 20 more
Caused by: com.kms.katalon.core.exception.StepFailedException: Call Test Case 'Test Cases/ReportBuilder_Pages/CrossLocationReportBuilderSetup_Page/Column Selection By Data Grain/Weekly Data Grain/Labor Cost-Weekly Data Grain' failed
	at com.kms.katalon.core.keyword.builtin.CallTestCaseKeyword$_callTestCase_closure1.doCall(CallTestCaseKeyword.groovy:63)
	at com.kms.katalon.core.keyword.builtin.CallTestCaseKeyword$_callTestCase_closure1.call(CallTestCaseKeyword.groovy)
	at com.kms.katalon.core.keyword.internal.KeywordMain.runKeyword(KeywordMain.groovy:68)
	... 34 more
Caused by: com.kms.katalon.core.exception.StepFailedException: Unable to click on object 'Object Repository/ReportSetupScreen/DataGroupValues/Categories/Ctg_LastWeek' (Root cause: com.kms.katalon.core.exception.StepFailedException: Unable to click on object 'Object Repository/ReportSetupScreen/DataGroupValues/Categories/Ctg_LastWeek'
	at com.kms.katalon.core.webui.keyword.internal.WebUIKeywordMain.stepFailed(WebUIKeywordMain.groovy:64)
	at com.kms.katalon.core.webui.keyword.internal.WebUIKeywordMain.runKeyword(WebUIKeywordMain.groovy:26)
	at com.kms.katalon.core.webui.keyword.builtin.ClickKeyword.click(ClickKeyword.groovy:102)
	at com.kms.katalon.core.webui.keyword.builtin.ClickKeyword.execute(ClickKeyword.groovy:43)
	at com.kms.katalon.core.keyword.internal.KeywordExecutor.executeKeywordForPlatform(KeywordExecutor.groovy:72)
	at com.kms.katalon.core.webui.keyword.WebUiBuiltInKeywords.click(WebUiBuiltInKeywords.groovy:616)
	at com.kms.katalon.core.webui.keyword.WebUiBuiltInKeywords$click$4.call(Unknown Source)
	at Labor Cost-Weekly Data Grain.run(Labor Cost-Weekly Data Grain:30)
	at com.kms.katalon.core.main.ScriptEngine.run(ScriptEngine.java:194)
	at com.kms.katalon.core.main.ScriptEngine.runScriptAsRawText(ScriptEngine.java:119)
	at com.kms.katalon.core.main.TestCaseExecutor.runScript(TestCaseExecutor.java:337)
	at com.kms.katalon.core.main.TestCaseExecutor.doExecute(TestCaseExecutor.java:328)
	at com.kms.katalon.core.main.TestCaseExecutor.processExecutionPhase(TestCaseExecutor.java:307)
	at com.kms.katalon.core.main.TestCaseExecutor.accessMainPhase(TestCaseExecutor.java:299)
	at com.kms.katalon.core.main.TestCaseExecutor.execute(TestCaseExecutor.java:233)
	at com.kms.katalon.core.main.TestCaseMain.runTestCase(TestCaseMain.java:114)
	at com.kms.katalon.core.keyword.builtin.CallTestCaseKeyword$_callTestCase_closure1.doCall(CallTestCaseKeyword.groovy:59)
	at com.kms.katalon.core.keyword.builtin.CallTestCaseKeyword$_callTestCase_closure1.call(CallTestCaseKeyword.groovy)
	at com.kms.katalon.core.keyword.internal.KeywordMain.runKeyword(KeywordMain.groovy:68)
	at com.kms.katalon.core.keyword.builtin.CallTestCaseKeyword.callTestCase(CallTestCaseKeyword.groovy:81)
	at com.kms.katalon.core.keyword.builtin.CallTestCaseKeyword.execute(CallTestCaseKeyword.groovy:44)
	at com.kms.katalon.core.keyword.internal.KeywordExecutor.executeKeywordForPlatform(KeywordExecutor.groovy:72)
	at com.kms.katalon.core.keyword.BuiltinKeywords.callTestCase(BuiltinKeywords.groovy:334)
	at Select Data Grain And Present Data By options for Report.run(Select Data Grain And Present Data By options for Report:119)
	at com.kms.katalon.core.main.ScriptEngine.run(ScriptEngine.java:194)
	at com.kms.katalon.core.main.ScriptEngine.runScriptAsRawText(ScriptEngine.java:119)
	at com.kms.katalon.core.main.TestCaseExecutor.runScript(TestCaseExecutor.java:337)
	at com.kms.katalon.core.main.TestCaseExecutor.doExecute(TestCaseExecutor.java:328)
	at com.kms.katalon.core.main.TestCaseExecutor.processExecutionPhase(TestCaseExecutor.java:307)
	at com.kms.katalon.core.main.TestCaseExecutor.accessMainPhase(TestCaseExecutor.java:299)
	at com.kms.katalon.core.main.TestCaseExecutor.execute(TestCaseExecutor.java:233)
	at com.kms.katalon.core.main.TestCaseMain.runTestCase(TestCaseMain.java:114)
	at com.kms.katalon.core.keyword.builtin.CallTestCaseKeyword$_callTestCase_closure1.doCall(CallTestCaseKeyword.groovy:59)
	at com.kms.katalon.core.keyword.builtin.CallTestCaseKeyword$_callTestCase_closure1.call(CallTestCaseKeyword.groovy)
	at com.kms.katalon.core.keyword.internal.KeywordMain.runKeyword(KeywordMain.groovy:68)
	at com.kms.katalon.core.keyword.builtin.CallTestCaseKeyword.callTestCase(CallTestCaseKeyword.groovy:81)
	at com.kms.katalon.core.keyword.builtin.CallTestCaseKeyword.execute(CallTestCaseKeyword.groovy:44)
	at com.kms.katalon.core.keyword.internal.KeywordExecutor.executeKeywordForPlatform(KeywordExecutor.groovy:72)
	at com.kms.katalon.core.keyword.BuiltinKeywords.callTestCase(BuiltinKeywords.groovy:334)
	at TC79_Create Weekly Report with valid details and compare report values with calender for specific time period.run(TC79_Create Weekly Report with valid details and compare report values with calender for specific time period:31)
	at com.kms.katalon.core.main.ScriptEngine.run(ScriptEngine.java:194)
	at com.kms.katalon.core.main.ScriptEngine.runScriptAsRawText(ScriptEngine.java:119)
	at com.kms.katalon.core.main.TestCaseExecutor.runScript(TestCaseExecutor.java:337)
	at com.kms.katalon.core.main.TestCaseExecutor.doExecute(TestCaseExecutor.java:328)
	at com.kms.katalon.core.main.TestCaseExecutor.processExecutionPhase(TestCaseExecutor.java:307)
	at com.kms.katalon.core.main.TestCaseExecutor.accessMainPhase(TestCaseExecutor.java:299)
	at com.kms.katalon.core.main.TestCaseExecutor.execute(TestCaseExecutor.java:233)
	at com.kms.katalon.core.main.TestSuiteExecutor.accessTestCaseMainPhase(TestSuiteExecutor.java:169)
	at com.kms.katalon.core.main.TestSuiteExecutor.accessTestSuiteMainPhase(TestSuiteExecutor.java:142)
	at com.kms.katalon.core.main.TestSuiteExecutor.execute(TestSuiteExecutor.java:91)
	at com.kms.katalon.core.main.TestCaseMain.startTestSuite(TestCaseMain.java:157)
	at com.kms.katalon.core.main.TestCaseMain$startTestSuite$0.call(Unknown Source)
	at TempTestSuite1585139826001.run(TempTestSuite1585139826001.groovy:36)
Caused by: com.kms.katalon.core.webui.exception.WebElementNotFoundException: Web element with id: 'Object Repository/ReportSetupScreen/DataGroupValues/Categories/Ctg_LastWeek' located by 'By.xpath: //span[contains(@class, 'checkbox__txt') and text() ='Last Week']' not found
	at com.kms.katalon.core.webui.common.WebUiCommonHelper.findWebElement(WebUiCommonHelper.java:1154)
	at com.kms.katalon.core.webui.keyword.internal.WebUIAbstractKeyword.findWebElement(WebUIAbstractKeyword.groovy:27)
	at com.kms.katalon.core.webui.keyword.internal.WebUIAbstractKeyword.findWebElement(WebUIAbstractKeyword.groovy:26)
	at com.kms.katalon.core.webui.keyword.builtin.ClickKeyword$_click_closure1.doCall(ClickKeyword.groovy:67)
	at com.kms.katalon.core.webui.keyword.builtin.ClickKeyword$_click_closure1.call(ClickKeyword.groovy)
	at com.kms.katalon.core.webui.keyword.internal.WebUIKeywordMain.runKeyword(WebUIKeywordMain.groovy:20)
	at com.kms.katalon.core.webui.keyword.builtin.ClickKeyword.click(ClickKeyword.groovy:102)
	at com.kms.katalon.core.webui.keyword.builtin.ClickKeyword.execute(ClickKeyword.groovy:43)
	at com.kms.katalon.core.keyword.internal.KeywordExecutor.executeKeywordForPlatform(KeywordExecutor.groovy:72)
	at com.kms.katalon.core.webui.keyword.WebUiBuiltInKeywords.click(WebUiBuiltInKeywords.groovy:616)
	at com.kms.katalon.core.webui.keyword.WebUiBuiltInKeywords$click$4.call(Unknown Source)
	at Script1572525625222.run(Script1572525625222.groovy:30)
	at com.kms.katalon.core.main.ScriptEngine.run(ScriptEngine.java:194)
	at com.kms.katalon.core.main.ScriptEngine.runScriptAsRawText(ScriptEngine.java:119)
	at com.kms.katalon.core.main.TestCaseExecutor.runScript(TestCaseExecutor.java:337)
	at com.kms.katalon.core.main.TestCaseExecutor.doExecute(TestCaseExecutor.java:328)
	at com.kms.katalon.core.main.TestCaseExecutor.processExecutionPhase(TestCaseExecutor.java:307)
	at com.kms.katalon.core.main.TestCaseExecutor.accessMainPhase(TestCaseExecutor.java:299)
	at com.kms.katalon.core.main.TestCaseExecutor.execute(TestCaseExecutor.java:233)
	at com.kms.katalon.core.main.TestCaseMain.runTestCase(TestCaseMain.java:114)
	at com.kms.katalon.core.keyword.builtin.CallTestCaseKeyword$_callTestCase_closure1.doCall(CallTestCaseKeyword.groovy:59)
	at com.kms.katalon.core.keyword.builtin.CallTestCaseKeyword$_callTestCase_closure1.call(CallTestCaseKeyword.groovy)
	at com.kms.katalon.core.keyword.internal.KeywordMain.runKeyword(KeywordMain.groovy:68)
	at com.kms.katalon.core.keyword.builtin.CallTestCaseKeyword.callTestCase(CallTestCaseKeyword.groovy:81)
	at com.kms.katalon.core.keyword.builtin.CallTestCaseKeyword.execute(CallTestCaseKeyword.groovy:44)
	at com.kms.katalon.core.keyword.internal.KeywordExecutor.executeKeywordForPlatform(KeywordExecutor.groovy:72)
	at com.kms.katalon.core.keyword.BuiltinKeywords.callTestCase(BuiltinKeywords.groovy:334)
	at Script1572516663754.run(Script1572516663754.groovy:119)
	at com.kms.katalon.core.main.ScriptEngine.run(ScriptEngine.java:194)
	at com.kms.katalon.core.main.ScriptEngine.runScriptAsRawText(ScriptEngine.java:119)
	at com.kms.katalon.core.main.TestCaseExecutor.runScript(TestCaseExecutor.java:337)
	at com.kms.katalon.core.main.TestCaseExecutor.doExecute(TestCaseExecutor.java:328)
	at com.kms.katalon.core.main.TestCaseExecutor.processExecutionPhase(TestCaseExecutor.java:307)
	at com.kms.katalon.core.main.TestCaseExecutor.accessMainPhase(TestCaseExecutor.java:299)
	at com.kms.katalon.core.main.TestCaseExecutor.execute(TestCaseExecutor.java:233)
	at com.kms.katalon.core.main.TestCaseMain.runTestCase(TestCaseMain.java:114)
	at com.kms.katalon.core.keyword.builtin.CallTestCaseKeyword$_callTestCase_closure1.doCall(CallTestCaseKeyword.groovy:59)
	at com.kms.katalon.core.keyword.builtin.CallTestCaseKeyword$_callTestCase_closure1.call(CallTestCaseKeyword.groovy)
	at com.kms.katalon.core.keyword.internal.KeywordMain.runKeyword(KeywordMain.groovy:68)
	at com.kms.katalon.core.keyword.builtin.CallTestCaseKeyword.callTestCase(CallTestCaseKeyword.groovy:81)
	at com.kms.katalon.core.keyword.builtin.CallTestCaseKeyword.execute(CallTestCaseKeyword.groovy:44)
	at com.kms.katalon.core.keyword.internal.KeywordExecutor.executeKeywordForPlatform(KeywordExecutor.groovy:72)
	at com.kms.katalon.core.keyword.BuiltinKeywords.callTestCase(BuiltinKeywords.groovy:334)
	at Script1575359038124.run(Script1575359038124.groovy:31)
	... 13 more
)
	at com.kms.katalon.core.keyword.internal.KeywordMain.stepFailed(KeywordMain.groovy:39)
	at com.kms.katalon.core.webui.keyword.internal.WebUIKeywordMain.stepFailed(WebUIKeywordMain.groovy:64)
	at com.kms.katalon.core.webui.keyword.internal.WebUIKeywordMain.runKeyword(WebUIKeywordMain.groovy:26)
	at com.kms.katalon.core.webui.keyword.builtin.ClickKeyword.click(ClickKeyword.groovy:102)
	at com.kms.katalon.core.webui.keyword.builtin.ClickKeyword.execute(ClickKeyword.groovy:43)
	at com.kms.katalon.core.keyword.internal.KeywordExecutor.executeKeywordForPlatform(KeywordExecutor.groovy:72)
	at com.kms.katalon.core.webui.keyword.WebUiBuiltInKeywords.click(WebUiBuiltInKeywords.groovy:616)
	at com.kms.katalon.core.webui.keyword.WebUiBuiltInKeywords$click$4.call(Unknown Source)
	at Labor Cost-Weekly Data Grain.run(Labor Cost-Weekly Data Grain:30)
	at com.kms.katalon.core.main.ScriptEngine.run(ScriptEngine.java:194)
	at com.kms.katalon.core.main.ScriptEngine.runScriptAsRawText(ScriptEngine.java:119)
	at com.kms.katalon.core.main.TestCaseExecutor.runScript(TestCaseExecutor.java:337)
	at com.kms.katalon.core.main.TestCaseExecutor.doExecute(TestCaseExecutor.java:328)
	at com.kms.katalon.core.main.TestCaseExecutor.processExecutionPhase(TestCaseExecutor.java:307)
	at com.kms.katalon.core.main.TestCaseExecutor.accessMainPhase(TestCaseExecutor.java:299)
	at com.kms.katalon.core.main.TestCaseExecutor.execute(TestCaseExecutor.java:233)
	at com.kms.katalon.core.main.TestCaseMain.runTestCase(TestCaseMain.java:114)
	at com.kms.katalon.core.keyword.builtin.CallTestCaseKeyword$_callTestCase_closure1.doCall(CallTestCaseKeyword.groovy:59)
	... 36 more
Caused by: com.kms.katalon.core.exception.StepFailedException: Unable to click on object 'Object Repository/ReportSetupScreen/DataGroupValues/Categories/Ctg_LastWeek'
	... 53 more
Caused by: com.kms.katalon.core.webui.exception.WebElementNotFoundException: Web element with id: 'Object Repository/ReportSetupScreen/DataGroupValues/Categories/Ctg_LastWeek' located by 'By.xpath: //span[contains(@class, 'checkbox__txt') and text() ='Last Week']' not found
	at com.kms.katalon.core.webui.common.WebUiCommonHelper.findWebElement(WebUiCommonHelper.java:1154)
	at com.kms.katalon.core.webui.keyword.internal.WebUIAbstractKeyword.findWebElement(WebUIAbstractKeyword.groovy:27)
	at com.kms.katalon.core.webui.keyword.internal.WebUIAbstractKeyword.findWebElement(WebUIAbstractKeyword.groovy:26)
	at com.kms.katalon.core.webui.keyword.builtin.ClickKeyword$_click_closure1.doCall(ClickKeyword.groovy:67)
	at com.kms.katalon.core.webui.keyword.builtin.ClickKeyword$_click_closure1.call(ClickKeyword.groovy)
	at com.kms.katalon.core.webui.keyword.internal.WebUIKeywordMain.runKeyword(WebUIKeywordMain.groovy:20)
	... 51 more
)

2020-03-25 18:07:48 - [TEST_CASE][FAILED] - Test Cases/ReportBuilder_Pages/CrossLocationReportBuilderSetup_Page/Data Grain with Present Data By/Select Data Grain And Present Data By options for Report: Test Cases/ReportBuilder_Pages/CrossLocationReportBuilderSetup_Page/Data Grain with Present Data By/Select Data Grain And Present Data By options for Report FAILED.
Reason:
com.kms.katalon.core.exception.StepFailedException: Unable to call Test Case 'Test Cases/ReportBuilder_Pages/CrossLocationReportBuilderSetup_Page/Column Selection By Data Grain/Weekly Data Grain/Labor Cost-Weekly Data Grain' (Root cause: com.kms.katalon.core.exception.StepFailedException: Call Test Case 'Test Cases/ReportBuilder_Pages/CrossLocationReportBuilderSetup_Page/Column Selection By Data Grain/Weekly Data Grain/Labor Cost-Weekly Data Grain' failed
	at com.kms.katalon.core.keyword.builtin.CallTestCaseKeyword$_callTestCase_closure1.doCall(CallTestCaseKeyword.groovy:63)
	at com.kms.katalon.core.keyword.builtin.CallTestCaseKeyword$_callTestCase_closure1.call(CallTestCaseKeyword.groovy)
	at com.kms.katalon.core.keyword.internal.KeywordMain.runKeyword(KeywordMain.groovy:68)
	at com.kms.katalon.core.keyword.builtin.CallTestCaseKeyword.callTestCase(CallTestCaseKeyword.groovy:81)
	at com.kms.katalon.core.keyword.builtin.CallTestCaseKeyword.execute(CallTestCaseKeyword.groovy:44)
	at com.kms.katalon.core.keyword.internal.KeywordExecutor.executeKeywordForPlatform(KeywordExecutor.groovy:72)
	at com.kms.katalon.core.keyword.BuiltinKeywords.callTestCase(BuiltinKeywords.groovy:334)
	at Select Data Grain And Present Data By options for Report.run(Select Data Grain And Present Data By options for Report:119)
	at com.kms.katalon.core.main.ScriptEngine.run(ScriptEngine.java:194)
	at com.kms.katalon.core.main.ScriptEngine.runScriptAsRawText(ScriptEngine.java:119)
	at com.kms.katalon.core.main.TestCaseExecutor.runScript(TestCaseExecutor.java:337)
	at com.kms.katalon.core.main.TestCaseExecutor.doExecute(TestCaseExecutor.java:328)
	at com.kms.katalon.core.main.TestCaseExecutor.processExecutionPhase(TestCaseExecutor.java:307)
	at com.kms.katalon.core.main.TestCaseExecutor.accessMainPhase(TestCaseExecutor.java:299)
	at com.kms.katalon.core.main.TestCaseExecutor.execute(TestCaseExecutor.java:233)
	at com.kms.katalon.core.main.TestCaseMain.runTestCase(TestCaseMain.java:114)
	at com.kms.katalon.core.keyword.builtin.CallTestCaseKeyword$_callTestCase_closure1.doCall(CallTestCaseKeyword.groovy:59)
	at com.kms.katalon.core.keyword.builtin.CallTestCaseKeyword$_callTestCase_closure1.call(CallTestCaseKeyword.groovy)
	at com.kms.katalon.core.keyword.internal.KeywordMain.runKeyword(KeywordMain.groovy:68)
	at com.kms.katalon.core.keyword.builtin.CallTestCaseKeyword.callTestCase(CallTestCaseKeyword.groovy:81)
	at com.kms.katalon.core.keyword.builtin.CallTestCaseKeyword.execute(CallTestCaseKeyword.groovy:44)
	at com.kms.katalon.core.keyword.internal.KeywordExecutor.executeKeywordForPlatform(KeywordExecutor.groovy:72)
	at com.kms.katalon.core.keyword.BuiltinKeywords.callTestCase(BuiltinKeywords.groovy:334)
	at TC79_Create Weekly Report with valid details and compare report values with calender for specific time period.run(TC79_Create Weekly Report with valid details and compare report values with calender for specific time period:31)
	at com.kms.katalon.core.main.ScriptEngine.run(ScriptEngine.java:194)
	at com.kms.katalon.core.main.ScriptEngine.runScriptAsRawText(ScriptEngine.java:119)
	at com.kms.katalon.core.main.TestCaseExecutor.runScript(TestCaseExecutor.java:337)
	at com.kms.katalon.core.main.TestCaseExecutor.doExecute(TestCaseExecutor.java:328)
	at com.kms.katalon.core.main.TestCaseExecutor.processExecutionPhase(TestCaseExecutor.java:307)
	at com.kms.katalon.core.main.TestCaseExecutor.accessMainPhase(TestCaseExecutor.java:299)
	at com.kms.katalon.core.main.TestCaseExecutor.execute(TestCaseExecutor.java:233)
	at com.kms.katalon.core.main.TestSuiteExecutor.accessTestCaseMainPhase(TestSuiteExecutor.java:169)
	at com.kms.katalon.core.main.TestSuiteExecutor.accessTestSuiteMainPhase(TestSuiteExecutor.java:142)
	at com.kms.katalon.core.main.TestSuiteExecutor.execute(TestSuiteExecutor.java:91)
	at com.kms.katalon.core.main.TestCaseMain.startTestSuite(TestCaseMain.java:157)
	at com.kms.katalon.core.main.TestCaseMain$startTestSuite$0.call(Unknown Source)
	at TempTestSuite1585139826001.run(TempTestSuite1585139826001.groovy:36)
Caused by: com.kms.katalon.core.exception.StepFailedException: Unable to click on object 'Object Repository/ReportSetupScreen/DataGroupValues/Categories/Ctg_LastWeek' (Root cause: com.kms.katalon.core.exception.StepFailedException: Unable to click on object 'Object Repository/ReportSetupScreen/DataGroupValues/Categories/Ctg_LastWeek'
	at com.kms.katalon.core.webui.keyword.internal.WebUIKeywordMain.stepFailed(WebUIKeywordMain.groovy:64)
	at com.kms.katalon.core.webui.keyword.internal.WebUIKeywordMain.runKeyword(WebUIKeywordMain.groovy:26)
	at com.kms.katalon.core.webui.keyword.builtin.ClickKeyword.click(ClickKeyword.groovy:102)
	at com.kms.katalon.core.webui.keyword.builtin.ClickKeyword.execute(ClickKeyword.groovy:43)
	at com.kms.katalon.core.keyword.internal.KeywordExecutor.executeKeywordForPlatform(KeywordExecutor.groovy:72)
	at com.kms.katalon.core.webui.keyword.WebUiBuiltInKeywords.click(WebUiBuiltInKeywords.groovy:616)
	at com.kms.katalon.core.webui.keyword.WebUiBuiltInKeywords$click$4.call(Unknown Source)
	at Labor Cost-Weekly Data Grain.run(Labor Cost-Weekly Data Grain:30)
	at com.kms.katalon.core.main.ScriptEngine.run(ScriptEngine.java:194)
	at com.kms.katalon.core.main.ScriptEngine.runScriptAsRawText(ScriptEngine.java:119)
	at com.kms.katalon.core.main.TestCaseExecutor.runScript(TestCaseExecutor.java:337)
	at com.kms.katalon.core.main.TestCaseExecutor.doExecute(TestCaseExecutor.java:328)
	at com.kms.katalon.core.main.TestCaseExecutor.processExecutionPhase(TestCaseExecutor.java:307)
	at com.kms.katalon.core.main.TestCaseExecutor.accessMainPhase(TestCaseExecutor.java:299)
	at com.kms.katalon.core.main.TestCaseExecutor.execute(TestCaseExecutor.java:233)
	at com.kms.katalon.core.main.TestCaseMain.runTestCase(TestCaseMain.java:114)
	at com.kms.katalon.core.keyword.builtin.CallTestCaseKeyword$_callTestCase_closure1.doCall(CallTestCaseKeyword.groovy:59)
	at com.kms.katalon.core.keyword.builtin.CallTestCaseKeyword$_callTestCase_closure1.call(CallTestCaseKeyword.groovy)
	at com.kms.katalon.core.keyword.internal.KeywordMain.runKeyword(KeywordMain.groovy:68)
	at com.kms.katalon.core.keyword.builtin.CallTestCaseKeyword.callTestCase(CallTestCaseKeyword.groovy:81)
	at com.kms.katalon.core.keyword.builtin.CallTestCaseKeyword.execute(CallTestCaseKeyword.groovy:44)
	at com.kms.katalon.core.keyword.internal.KeywordExecutor.executeKeywordForPlatform(KeywordExecutor.groovy:72)
	at com.kms.katalon.core.keyword.BuiltinKeywords.callTestCase(BuiltinKeywords.groovy:334)
	at Select Data Grain And Present Data By options for Report.run(Select Data Grain And Present Data By options for Report:119)
	at com.kms.katalon.core.main.ScriptEngine.run(ScriptEngine.java:194)
	at com.kms.katalon.core.main.ScriptEngine.runScriptAsRawText(ScriptEngine.java:119)
	at com.kms.katalon.core.main.TestCaseExecutor.runScript(TestCaseExecutor.java:337)
	at com.kms.katalon.core.main.TestCaseExecutor.doExecute(TestCaseExecutor.java:328)
	at com.kms.katalon.core.main.TestCaseExecutor.processExecutionPhase(TestCaseExecutor.java:307)
	at com.kms.katalon.core.main.TestCaseExecutor.accessMainPhase(TestCaseExecutor.java:299)
	at com.kms.katalon.core.main.TestCaseExecutor.execute(TestCaseExecutor.java:233)
	at com.kms.katalon.core.main.TestCaseMain.runTestCase(TestCaseMain.java:114)
	at com.kms.katalon.core.keyword.builtin.CallTestCaseKeyword$_callTestCase_closure1.doCall(CallTestCaseKeyword.groovy:59)
	at com.kms.katalon.core.keyword.builtin.CallTestCaseKeyword$_callTestCase_closure1.call(CallTestCaseKeyword.groovy)
	at com.kms.katalon.core.keyword.internal.KeywordMain.runKeyword(KeywordMain.groovy:68)
	at com.kms.katalon.core.keyword.builtin.CallTestCaseKeyword.callTestCase(CallTestCaseKeyword.groovy:81)
	at com.kms.katalon.core.keyword.builtin.CallTestCaseKeyword.execute(CallTestCaseKeyword.groovy:44)
	at com.kms.katalon.core.keyword.internal.KeywordExecutor.executeKeywordForPlatform(KeywordExecutor.groovy:72)
	at com.kms.katalon.core.keyword.BuiltinKeywords.callTestCase(BuiltinKeywords.groovy:334)
	at TC79_Create Weekly Report with valid details and compare report values with calender for specific time period.run(TC79_Create Weekly Report with valid details and compare report values with calender for specific time period:31)
	at com.kms.katalon.core.main.ScriptEngine.run(ScriptEngine.java:194)
	at com.kms.katalon.core.main.ScriptEngine.runScriptAsRawText(ScriptEngine.java:119)
	at com.kms.katalon.core.main.TestCaseExecutor.runScript(TestCaseExecutor.java:337)
	at com.kms.katalon.core.main.TestCaseExecutor.doExecute(TestCaseExecutor.java:328)
	at com.kms.katalon.core.main.TestCaseExecutor.processExecutionPhase(TestCaseExecutor.java:307)
	at com.kms.katalon.core.main.TestCaseExecutor.accessMainPhase(TestCaseExecutor.java:299)
	at com.kms.katalon.core.main.TestCaseExecutor.execute(TestCaseExecutor.java:233)
	at com.kms.katalon.core.main.TestSuiteExecutor.accessTestCaseMainPhase(TestSuiteExecutor.java:169)
	at com.kms.katalon.core.main.TestSuiteExecutor.accessTestSuiteMainPhase(TestSuiteExecutor.java:142)
	at com.kms.katalon.core.main.TestSuiteExecutor.execute(TestSuiteExecutor.java:91)
	at com.kms.katalon.core.main.TestCaseMain.startTestSuite(TestCaseMain.java:157)
	at com.kms.katalon.core.main.TestCaseMain$startTestSuite$0.call(Unknown Source)
	at TempTestSuite1585139826001.run(TempTestSuite1585139826001.groovy:36)
Caused by: com.kms.katalon.core.webui.exception.WebElementNotFoundException: Web element with id: 'Object Repository/ReportSetupScreen/DataGroupValues/Categories/Ctg_LastWeek' located by 'By.xpath: //span[contains(@class, 'checkbox__txt') and text() ='Last Week']' not found
	at com.kms.katalon.core.webui.common.WebUiCommonHelper.findWebElement(WebUiCommonHelper.java:1154)
	at com.kms.katalon.core.webui.keyword.internal.WebUIAbstractKeyword.findWebElement(WebUIAbstractKeyword.groovy:27)
	at com.kms.katalon.core.webui.keyword.internal.WebUIAbstractKeyword.findWebElement(WebUIAbstractKeyword.groovy:26)
	at com.kms.katalon.core.webui.keyword.builtin.ClickKeyword$_click_closure1.doCall(ClickKeyword.groovy:67)
	at com.kms.katalon.core.webui.keyword.builtin.ClickKeyword$_click_closure1.call(ClickKeyword.groovy)
	at com.kms.katalon.core.webui.keyword.internal.WebUIKeywordMain.runKeyword(WebUIKeywordMain.groovy:20)
	at com.kms.katalon.core.webui.keyword.builtin.ClickKeyword.click(ClickKeyword.groovy:102)
	at com.kms.katalon.core.webui.keyword.builtin.ClickKeyword.execute(ClickKeyword.groovy:43)
	at com.kms.katalon.core.keyword.internal.KeywordExecutor.executeKeywordForPlatform(KeywordExecutor.groovy:72)
	at com.kms.katalon.core.webui.keyword.WebUiBuiltInKeywords.click(WebUiBuiltInKeywords.groovy:616)
	at com.kms.katalon.core.webui.keyword.WebUiBuiltInKeywords$click$4.call(Unknown Source)
	at Script1572525625222.run(Script1572525625222.groovy:30)
	at com.kms.katalon.core.main.ScriptEngine.run(ScriptEngine.java:194)
	at com.kms.katalon.core.main.ScriptEngine.runScriptAsRawText(ScriptEngine.java:119)
	at com.kms.katalon.core.main.TestCaseExecutor.runScript(TestCaseExecutor.java:337)
	at com.kms.katalon.core.main.TestCaseExecutor.doExecute(TestCaseExecutor.java:328)
	at com.kms.katalon.core.main.TestCaseExecutor.processExecutionPhase(TestCaseExecutor.java:307)
	at com.kms.katalon.core.main.TestCaseExecutor.accessMainPhase(TestCaseExecutor.java:299)
	at com.kms.katalon.core.main.TestCaseExecutor.execute(TestCaseExecutor.java:233)
	at com.kms.katalon.core.main.TestCaseMain.runTestCase(TestCaseMain.java:114)
	at com.kms.katalon.core.keyword.builtin.CallTestCaseKeyword$_callTestCase_closure1.doCall(CallTestCaseKeyword.groovy:59)
	at com.kms.katalon.core.keyword.builtin.CallTestCaseKeyword$_callTestCase_closure1.call(CallTestCaseKeyword.groovy)
	at com.kms.katalon.core.keyword.internal.KeywordMain.runKeyword(KeywordMain.groovy:68)
	at com.kms.katalon.core.keyword.builtin.CallTestCaseKeyword.callTestCase(CallTestCaseKeyword.groovy:81)
	at com.kms.katalon.core.keyword.builtin.CallTestCaseKeyword.execute(CallTestCaseKeyword.groovy:44)
	at com.kms.katalon.core.keyword.internal.KeywordExecutor.executeKeywordForPlatform(KeywordExecutor.groovy:72)
	at com.kms.katalon.core.keyword.BuiltinKeywords.callTestCase(BuiltinKeywords.groovy:334)
	at Script1572516663754.run(Script1572516663754.groovy:119)
	at com.kms.katalon.core.main.ScriptEngine.run(ScriptEngine.java:194)
	at com.kms.katalon.core.main.ScriptEngine.runScriptAsRawText(ScriptEngine.java:119)
	at com.kms.katalon.core.main.TestCaseExecutor.runScript(TestCaseExecutor.java:337)
	at com.kms.katalon.core.main.TestCaseExecutor.doExecute(TestCaseExecutor.java:328)
	at com.kms.katalon.core.main.TestCaseExecutor.processExecutionPhase(TestCaseExecutor.java:307)
	at com.kms.katalon.core.main.TestCaseExecutor.accessMainPhase(TestCaseExecutor.java:299)
	at com.kms.katalon.core.main.TestCaseExecutor.execute(TestCaseExecutor.java:233)
	at com.kms.katalon.core.main.TestCaseMain.runTestCase(TestCaseMain.java:114)
	at com.kms.katalon.core.keyword.builtin.CallTestCaseKeyword$_callTestCase_closure1.doCall(CallTestCaseKeyword.groovy:59)
	at com.kms.katalon.core.keyword.builtin.CallTestCaseKeyword$_callTestCase_closure1.call(CallTestCaseKeyword.groovy)
	at com.kms.katalon.core.keyword.internal.KeywordMain.runKeyword(KeywordMain.groovy:68)
	at com.kms.katalon.core.keyword.builtin.CallTestCaseKeyword.callTestCase(CallTestCaseKeyword.groovy:81)
	at com.kms.katalon.core.keyword.builtin.CallTestCaseKeyword.execute(CallTestCaseKeyword.groovy:44)
	at com.kms.katalon.core.keyword.internal.KeywordExecutor.executeKeywordForPlatform(KeywordExecutor.groovy:72)
	at com.kms.katalon.core.keyword.BuiltinKeywords.callTestCase(BuiltinKeywords.groovy:334)
	at Script1575359038124.run(Script1575359038124.groovy:31)
	... 13 more
)
	at com.kms.katalon.core.keyword.internal.KeywordMain.stepFailed(KeywordMain.groovy:39)
	at com.kms.katalon.core.webui.keyword.internal.WebUIKeywordMain.stepFailed(WebUIKeywordMain.groovy:64)
	at com.kms.katalon.core.webui.keyword.internal.WebUIKeywordMain.runKeyword(WebUIKeywordMain.groovy:26)
	at com.kms.katalon.core.webui.keyword.builtin.ClickKeyword.click(ClickKeyword.groovy:102)
	at com.kms.katalon.core.webui.keyword.builtin.ClickKeyword.execute(ClickKeyword.groovy:43)
	at com.kms.katalon.core.keyword.internal.KeywordExecutor.executeKeywordForPlatform(KeywordExecutor.groovy:72)
	at com.kms.katalon.core.webui.keyword.WebUiBuiltInKeywords.click(WebUiBuiltInKeywords.groovy:616)
	at com.kms.katalon.core.webui.keyword.WebUiBuiltInKeywords$click$4.call(Unknown Source)
	at Labor Cost-Weekly Data Grain.run(Labor Cost-Weekly Data Grain:30)
	at com.kms.katalon.core.main.ScriptEngine.run(ScriptEngine.java:194)
	at com.kms.katalon.core.main.ScriptEngine.runScriptAsRawText(ScriptEngine.java:119)
	at com.kms.katalon.core.main.TestCaseExecutor.runScript(TestCaseExecutor.java:337)
	at com.kms.katalon.core.main.TestCaseExecutor.doExecute(TestCaseExecutor.java:328)
	at com.kms.katalon.core.main.TestCaseExecutor.processExecutionPhase(TestCaseExecutor.java:307)
	at com.kms.katalon.core.main.TestCaseExecutor.accessMainPhase(TestCaseExecutor.java:299)
	at com.kms.katalon.core.main.TestCaseExecutor.execute(TestCaseExecutor.java:233)
	at com.kms.katalon.core.main.TestCaseMain.runTestCase(TestCaseMain.java:114)
	at com.kms.katalon.core.keyword.builtin.CallTestCaseKeyword$_callTestCase_closure1.doCall(CallTestCaseKeyword.groovy:59)
	... 36 more
Caused by: com.kms.katalon.core.exception.StepFailedException: Unable to click on object 'Object Repository/ReportSetupScreen/DataGroupValues/Categories/Ctg_LastWeek'
	... 53 more
Caused by: com.kms.katalon.core.webui.exception.WebElementNotFoundException: Web element with id: 'Object Repository/ReportSetupScreen/DataGroupValues/Categories/Ctg_LastWeek' located by 'By.xpath: //span[contains(@class, 'checkbox__txt') and text() ='Last Week']' not found
	at com.kms.katalon.core.webui.common.WebUiCommonHelper.findWebElement(WebUiCommonHelper.java:1154)
	at com.kms.katalon.core.webui.keyword.internal.WebUIAbstractKeyword.findWebElement(WebUIAbstractKeyword.groovy:27)
	at com.kms.katalon.core.webui.keyword.internal.WebUIAbstractKeyword.findWebElement(WebUIAbstractKeyword.groovy:26)
	at com.kms.katalon.core.webui.keyword.builtin.ClickKeyword$_click_closure1.doCall(ClickKeyword.groovy:67)
	at com.kms.katalon.core.webui.keyword.builtin.ClickKeyword$_click_closure1.call(ClickKeyword.groovy)
	at com.kms.katalon.core.webui.keyword.internal.WebUIKeywordMain.runKeyword(WebUIKeywordMain.groovy:20)
	... 51 more
)
	at com.kms.katalon.core.keyword.internal.KeywordMain.stepFailed(KeywordMain.groovy:39)
	at com.kms.katalon.core.keyword.internal.KeywordMain.stepFailed(KeywordMain.groovy)
	at com.kms.katalon.core.keyword.internal.KeywordMain.runKeyword(KeywordMain.groovy:70)
	at com.kms.katalon.core.keyword.builtin.CallTestCaseKeyword.callTestCase(CallTestCaseKeyword.groovy:81)
	at com.kms.katalon.core.keyword.builtin.CallTestCaseKeyword.execute(CallTestCaseKeyword.groovy:44)
	at com.kms.katalon.core.keyword.internal.KeywordExecutor.executeKeywordForPlatform(KeywordExecutor.groovy:72)
	at com.kms.katalon.core.keyword.BuiltinKeywords.callTestCase(BuiltinKeywords.groovy:334)
	at Select Data Grain And Present Data By options for Report.run(Select Data Grain And Present Data By options for Report:119)
	at com.kms.katalon.core.main.ScriptEngine.run(ScriptEngine.java:194)
	at com.kms.katalon.core.main.ScriptEngine.runScriptAsRawText(ScriptEngine.java:119)
	at com.kms.katalon.core.main.TestCaseExecutor.runScript(TestCaseExecutor.java:337)
	at com.kms.katalon.core.main.TestCaseExecutor.doExecute(TestCaseExecutor.java:328)
	at com.kms.katalon.core.main.TestCaseExecutor.processExecutionPhase(TestCaseExecutor.java:307)
	at com.kms.katalon.core.main.TestCaseExecutor.accessMainPhase(TestCaseExecutor.java:299)
	at com.kms.katalon.core.main.TestCaseExecutor.execute(TestCaseExecutor.java:233)
	at com.kms.katalon.core.main.TestCaseMain.runTestCase(TestCaseMain.java:114)
	at com.kms.katalon.core.keyword.builtin.CallTestCaseKeyword$_callTestCase_closure1.doCall(CallTestCaseKeyword.groovy:59)
	at com.kms.katalon.core.keyword.builtin.CallTestCaseKeyword$_callTestCase_closure1.call(CallTestCaseKeyword.groovy)
	at com.kms.katalon.core.keyword.internal.KeywordMain.runKeyword(KeywordMain.groovy:68)
	at com.kms.katalon.core.keyword.builtin.CallTestCaseKeyword.callTestCase(CallTestCaseKeyword.groovy:81)
	at com.kms.katalon.core.keyword.builtin.CallTestCaseKeyword.execute(CallTestCaseKeyword.groovy:44)
	at com.kms.katalon.core.keyword.internal.KeywordExecutor.executeKeywordForPlatform(KeywordExecutor.groovy:72)
	at com.kms.katalon.core.keyword.BuiltinKeywords.callTestCase(BuiltinKeywords.groovy:334)
	at TC79_Create Weekly Report with valid details and compare report values with calender for specific time period.run(TC79_Create Weekly Report with valid details and compare report values with calender for specific time period:31)
	at com.kms.katalon.core.main.ScriptEngine.run(ScriptEngine.java:194)
	at com.kms.katalon.core.main.ScriptEngine.runScriptAsRawText(ScriptEngine.java:119)
	at com.kms.katalon.core.main.TestCaseExecutor.runScript(TestCaseExecutor.java:337)
	at com.kms.katalon.core.main.TestCaseExecutor.doExecute(TestCaseExecutor.java:328)
	at com.kms.katalon.core.main.TestCaseExecutor.processExecutionPhase(TestCaseExecutor.java:307)
	at com.kms.katalon.core.main.TestCaseExecutor.accessMainPhase(TestCaseExecutor.java:299)
	at com.kms.katalon.core.main.TestCaseExecutor.execute(TestCaseExecutor.java:233)
	at com.kms.katalon.core.main.TestSuiteExecutor.accessTestCaseMainPhase(TestSuiteExecutor.java:169)
	at com.kms.katalon.core.main.TestSuiteExecutor.accessTestSuiteMainPhase(TestSuiteExecutor.java:142)
	at com.kms.katalon.core.main.TestSuiteExecutor.execute(TestSuiteExecutor.java:91)
	at com.kms.katalon.core.main.TestCaseMain.startTestSuite(TestCaseMain.java:157)
	at com.kms.katalon.core.main.TestCaseMain$startTestSuite$0.call(Unknown Source)
	at TempTestSuite1585139826001.run(TempTestSuite1585139826001.groovy:36)
Caused by: com.kms.katalon.core.exception.StepFailedException: Call Test Case 'Test Cases/ReportBuilder_Pages/CrossLocationReportBuilderSetup_Page/Column Selection By Data Grain/Weekly Data Grain/Labor Cost-Weekly Data Grain' failed
	at com.kms.katalon.core.keyword.builtin.CallTestCaseKeyword$_callTestCase_closure1.doCall(CallTestCaseKeyword.groovy:63)
	at com.kms.katalon.core.keyword.builtin.CallTestCaseKeyword$_callTestCase_closure1.call(CallTestCaseKeyword.groovy)
	at com.kms.katalon.core.keyword.internal.KeywordMain.runKeyword(KeywordMain.groovy:68)
	... 34 more
Caused by: com.kms.katalon.core.exception.StepFailedException: Unable to click on object 'Object Repository/ReportSetupScreen/DataGroupValues/Categories/Ctg_LastWeek' (Root cause: com.kms.katalon.core.exception.StepFailedException: Unable to click on object 'Object Repository/ReportSetupScreen/DataGroupValues/Categories/Ctg_LastWeek'
	at com.kms.katalon.core.webui.keyword.internal.WebUIKeywordMain.stepFailed(WebUIKeywordMain.groovy:64)
	at com.kms.katalon.core.webui.keyword.internal.WebUIKeywordMain.runKeyword(WebUIKeywordMain.groovy:26)
	at com.kms.katalon.core.webui.keyword.builtin.ClickKeyword.click(ClickKeyword.groovy:102)
	at com.kms.katalon.core.webui.keyword.builtin.ClickKeyword.execute(ClickKeyword.groovy:43)
	at com.kms.katalon.core.keyword.internal.KeywordExecutor.executeKeywordForPlatform(KeywordExecutor.groovy:72)
	at com.kms.katalon.core.webui.keyword.WebUiBuiltInKeywords.click(WebUiBuiltInKeywords.groovy:616)
	at com.kms.katalon.core.webui.keyword.WebUiBuiltInKeywords$click$4.call(Unknown Source)
	at Labor Cost-Weekly Data Grain.run(Labor Cost-Weekly Data Grain:30)
	at com.kms.katalon.core.main.ScriptEngine.run(ScriptEngine.java:194)
	at com.kms.katalon.core.main.ScriptEngine.runScriptAsRawText(ScriptEngine.java:119)
	at com.kms.katalon.core.main.TestCaseExecutor.runScript(TestCaseExecutor.java:337)
	at com.kms.katalon.core.main.TestCaseExecutor.doExecute(TestCaseExecutor.java:328)
	at com.kms.katalon.core.main.TestCaseExecutor.processExecutionPhase(TestCaseExecutor.java:307)
	at com.kms.katalon.core.main.TestCaseExecutor.accessMainPhase(TestCaseExecutor.java:299)
	at com.kms.katalon.core.main.TestCaseExecutor.execute(TestCaseExecutor.java:233)
	at com.kms.katalon.core.main.TestCaseMain.runTestCase(TestCaseMain.java:114)
	at com.kms.katalon.core.keyword.builtin.CallTestCaseKeyword$_callTestCase_closure1.doCall(CallTestCaseKeyword.groovy:59)
	at com.kms.katalon.core.keyword.builtin.CallTestCaseKeyword$_callTestCase_closure1.call(CallTestCaseKeyword.groovy)
	at com.kms.katalon.core.keyword.internal.KeywordMain.runKeyword(KeywordMain.groovy:68)
	at com.kms.katalon.core.keyword.builtin.CallTestCaseKeyword.callTestCase(CallTestCaseKeyword.groovy:81)
	at com.kms.katalon.core.keyword.builtin.CallTestCaseKeyword.execute(CallTestCaseKeyword.groovy:44)
	at com.kms.katalon.core.keyword.internal.KeywordExecutor.executeKeywordForPlatform(KeywordExecutor.groovy:72)
	at com.kms.katalon.core.keyword.BuiltinKeywords.callTestCase(BuiltinKeywords.groovy:334)
	at Select Data Grain And Present Data By options for Report.run(Select Data Grain And Present Data By options for Report:119)
	at com.kms.katalon.core.main.ScriptEngine.run(ScriptEngine.java:194)
	at com.kms.katalon.core.main.ScriptEngine.runScriptAsRawText(ScriptEngine.java:119)
	at com.kms.katalon.core.main.TestCaseExecutor.runScript(TestCaseExecutor.java:337)
	at com.kms.katalon.core.main.TestCaseExecutor.doExecute(TestCaseExecutor.java:328)
	at com.kms.katalon.core.main.TestCaseExecutor.processExecutionPhase(TestCaseExecutor.java:307)
	at com.kms.katalon.core.main.TestCaseExecutor.accessMainPhase(TestCaseExecutor.java:299)
	at com.kms.katalon.core.main.TestCaseExecutor.execute(TestCaseExecutor.java:233)
	at com.kms.katalon.core.main.TestCaseMain.runTestCase(TestCaseMain.java:114)
	at com.kms.katalon.core.keyword.builtin.CallTestCaseKeyword$_callTestCase_closure1.doCall(CallTestCaseKeyword.groovy:59)
	at com.kms.katalon.core.keyword.builtin.CallTestCaseKeyword$_callTestCase_closure1.call(CallTestCaseKeyword.groovy)
	at com.kms.katalon.core.keyword.internal.KeywordMain.runKeyword(KeywordMain.groovy:68)
	at com.kms.katalon.core.keyword.builtin.CallTestCaseKeyword.callTestCase(CallTestCaseKeyword.groovy:81)
	at com.kms.katalon.core.keyword.builtin.CallTestCaseKeyword.execute(CallTestCaseKeyword.groovy:44)
	at com.kms.katalon.core.keyword.internal.KeywordExecutor.executeKeywordForPlatform(KeywordExecutor.groovy:72)
	at com.kms.katalon.core.keyword.BuiltinKeywords.callTestCase(BuiltinKeywords.groovy:334)
	at TC79_Create Weekly Report with valid details and compare report values with calender for specific time period.run(TC79_Create Weekly Report with valid details and compare report values with calender for specific time period:31)
	at com.kms.katalon.core.main.ScriptEngine.run(ScriptEngine.java:194)
	at com.kms.katalon.core.main.ScriptEngine.runScriptAsRawText(ScriptEngine.java:119)
	at com.kms.katalon.core.main.TestCaseExecutor.runScript(TestCaseExecutor.java:337)
	at com.kms.katalon.core.main.TestCaseExecutor.doExecute(TestCaseExecutor.java:328)
	at com.kms.katalon.core.main.TestCaseExecutor.processExecutionPhase(TestCaseExecutor.java:307)
	at com.kms.katalon.core.main.TestCaseExecutor.accessMainPhase(TestCaseExecutor.java:299)
	at com.kms.katalon.core.main.TestCaseExecutor.execute(TestCaseExecutor.java:233)
	at com.kms.katalon.core.main.TestSuiteExecutor.accessTestCaseMainPhase(TestSuiteExecutor.java:169)
	at com.kms.katalon.core.main.TestSuiteExecutor.accessTestSuiteMainPhase(TestSuiteExecutor.java:142)
	at com.kms.katalon.core.main.TestSuiteExecutor.execute(TestSuiteExecutor.java:91)
[...]
	at Get all available variable values from calender view for all weeks of one month.run(Get all available variable values from calender view for all weeks of one month:96)
	at com.kms.katalon.core.main.ScriptEngine.run(ScriptEngine.java:194)
	at com.kms.katalon.core.main.ScriptEngine.runScriptAsRawText(ScriptEngine.java:119)
	at com.kms.katalon.core.main.TestCaseExecutor.runScript(TestCaseExecutor.java:337)
	at com.kms.katalon.core.main.TestCaseExecutor.doExecute(TestCaseExecutor.java:328)
	at com.kms.katalon.core.main.TestCaseExecutor.processExecutionPhase(TestCaseExecutor.java:307)
	at com.kms.katalon.core.main.TestCaseExecutor.accessMainPhase(TestCaseExecutor.java:299)
	at com.kms.katalon.core.main.TestCaseExecutor.execute(TestCaseExecutor.java:233)
	at com.kms.katalon.core.main.TestCaseMain.runTestCase(TestCaseMain.java:114)
	at com.kms.katalon.core.keyword.builtin.CallTestCaseKeyword$_callTestCase_closure1.doCall(CallTestCaseKeyword.groovy:59)
	at com.kms.katalon.core.keyword.builtin.CallTestCaseKeyword$_callTestCase_closure1.call(CallTestCaseKeyword.groovy)
	at com.kms.katalon.core.keyword.internal.KeywordMain.runKeyword(KeywordMain.groovy:68)
	at com.kms.katalon.core.keyword.builtin.CallTestCaseKeyword.callTestCase(CallTestCaseKeyword.groovy:81)
	at com.kms.katalon.core.keyword.builtin.CallTestCaseKeyword.execute(CallTestCaseKeyword.groovy:44)
	at com.kms.katalon.core.keyword.internal.KeywordExecutor.executeKeywordForPlatform(KeywordExecutor.groovy:72)
	at com.kms.katalon.core.keyword.BuiltinKeywords.callTestCase(BuiltinKeywords.groovy:334)
	at TC79_Create Weekly Report with valid details and compare report values with calender for specific time period.run(TC79_Create Weekly Report with valid details and compare report values with calender for specific time period:62)
	at com.kms.katalon.core.main.ScriptEngine.run(ScriptEngine.java:194)
	at com.kms.katalon.core.main.ScriptEngine.runScriptAsRawText(ScriptEngine.java:119)
	at com.kms.katalon.core.main.TestCaseExecutor.runScript(TestCaseExecutor.java:337)
	at com.kms.katalon.core.main.TestCaseExecutor.doExecute(TestCaseExecutor.java:328)
	at com.kms.katalon.core.main.TestCaseExecutor.processExecutionPhase(TestCaseExecutor.java:307)
	at com.kms.katalon.core.main.TestCaseExecutor.accessMainPhase(TestCaseExecutor.java:299)
	at com.kms.katalon.core.main.TestCaseExecutor.execute(TestCaseExecutor.java:233)
	at com.kms.katalon.core.main.TestSuiteExecutor.accessTestCaseMainPhase(TestSuiteExecutor.java:169)
	at com.kms.katalon.core.main.TestSuiteExecutor.accessTestSuiteMainPhase(TestSuiteExecutor.java:142)
	at com.kms.katalon.core.main.TestSuiteExecutor.execute(TestSuiteExecutor.java:91)
	at com.kms.katalon.core.main.TestCaseMain.startTestSuite(TestCaseMain.java:157)
	at com.kms.katalon.core.main.TestCaseMain$startTestSuite$0.call(Unknown Source)
	at TempTestSuite1585139826001.run(TempTestSuite1585139826001.groovy:36)


2020-03-25 18:09:42 - [TEST_STEP][PASSED] - delay(2): Delayed 2 second(s)

2020-03-25 18:09:44 - [MESSAGE][PASSED] - Delayed 2 second(s)

2020-03-25 18:09:44 - [TEST_STEP][PASSED] - NetSales = [:]: null

2020-03-25 18:09:44 - [TEST_STEP][PASSED] - NetSalesLastYear = [:]: null

2020-03-25 18:09:44 - [TEST_STEP][PASSED] - BudgetedSales = [:]: null

2020-03-25 18:09:44 - [TEST_STEP][PASSED] - GuestCount = [:]: null

2020-03-25 18:09:44 - [TEST_STEP][PASSED] - GuestCountLastYear = [:]: null

2020-03-25 18:09:44 - [TEST_STEP][PASSED] - GuestCountBudget = [:]: null

2020-03-25 18:09:44 - [TEST_STEP][PASSED] - AvgCheck = [:]: null

2020-03-25 18:09:44 - [TEST_STEP][PASSED] - AvgCheckLastYear = [:]: null

2020-03-25 18:09:44 - [TEST_STEP][PASSED] - AvgCheckBudget = [:]: null

2020-03-25 18:09:44 - [TEST_STEP][PASSED] - Labor = [:]: null

2020-03-25 18:09:44 - [TEST_STEP][PASSED] - LaborLastYear = [:]: null

2020-03-25 18:09:44 - [TEST_STEP][PASSED] - LaborBudget = [:]: null

2020-03-25 18:09:44 - [TEST_STEP][PASSED] - AllVariables = [:]: null

2020-03-25 18:09:44 - [TEST_STEP][PASSED] - DateAndValueFromCal = [:]: null

2020-03-25 18:09:44 - [TEST_STEP][PASSED] - DayWiseDate = []: null

2020-03-25 18:09:44 - [TEST_STEP][PASSED] - CalendarDates = []: null

2020-03-25 18:09:44 - [TEST_STEP][PASSED] - DailyDate = null: null

2020-03-25 18:09:44 - [TEST_STEP][PASSED] - delay(3): Delayed 3 second(s)

2020-03-25 18:09:47 - [MESSAGE][PASSED] - Delayed 3 second(s)

2020-03-25 18:09:47 - [TEST_STEP][PASSED] - driver = getWebDriver(): null

2020-03-25 18:09:47 - [TEST_STEP][PASSED] - Wrappers = driver.findElement(By.xpath("//div[@class='calendar-wrap dbschema_wraper']")): null

2020-03-25 18:09:47 - [TEST_STEP][PASSED] - Calenderrow = Wrappers.findElements(By.xpath("((//div[contains(@class,"calendar-row calendar-row--charts")]))//div[@class="col-right col-right--chart"]")): null

2020-03-25 18:09:53 - [TEST_STEP][PASSED] - NoOfcalenderRows = Calenderrow.size(): null

2020-03-25 18:09:56 - [TEST_STEP][PASSED] - println("No of calender rows are" + NoOfcalenderRows): null

2020-03-25 18:09:58 - [TEST_STEP][PASSED] - for ([l = 0, l < NoOfcalenderRows, (l++)]): null

2020-03-25 18:09:58 - [TEST_STEP][PASSED] - Row = get(l).findElement(By.xpath("//div[@class="col-right__cell col-right__cell--chart chart-result chart-result--chart-row"]")): null

2020-03-25 18:09:59 - [TEST_STEP][PASSED] - println("No of  rows " + l): null

2020-03-25 18:10:03 - [TEST_STEP][PASSED] - if (l > 0): null

2020-03-25 18:10:13 - [TEST_STEP][PASSED] - else: null

2020-03-25 18:10:13 - [TEST_STEP][PASSED] - Row.click(): null

2020-03-25 18:10:23 - [TEST_STEP][PASSED] - DateOnCalendar = getText(findTestObject("Page_Restaurant Intranet/Dashboard/div_DailyDateHeader")): Text of object 'Object Repository/Page_Restaurant Intranet/Dashboard/div_DailyDateHeader' is: 'WEEK 48 - NOV 24 TO NOV 30'

2020-03-25 18:10:24 - [MESSAGE][PASSED] - Text of object 'Object Repository/Page_Restaurant Intranet/Dashboard/div_DailyDateHeader' is: 'WEEK 48 - NOV 24 TO NOV 30'

2020-03-25 18:10:24 - [TEST_STEP][PASSED] - CalendarDates = DateOnCalendar.split("-"): null

2020-03-25 18:10:24 - [TEST_STEP][PASSED] - DailyDates = replaceAll("", " ").replaceAll("
", " "): null

2020-03-25 18:10:24 - [TEST_STEP][PASSED] - DayWiseDate.add(l, DailyDates): null

2020-03-25 18:10:24 - [TEST_STEP][PASSED] - FirstCharacter = DailyDates.charAt(0): null

2020-03-25 18:10:24 - [TEST_STEP][PASSED] - if (DailyDates.length() == 1): null

2020-03-25 18:10:24 - [TEST_STEP][PASSED] - else: null

2020-03-25 18:10:24 - [TEST_STEP][PASSED] - DailyDate = DailyDates: null

2020-03-25 18:10:24 - [TEST_STEP][PASSED] - HeaderOftabel = ["Total"]: null

2020-03-25 18:10:24 - [TEST_STEP][PASSED] - HeaderRow = driver.findElement(By.xpath("//*[@id="mdl-dailyActuals"]/div/div/div[2]/div/div[1]/div/div/table/thead")): null

2020-03-25 18:10:24 - [TEST_STEP][PASSED] - Headers = HeaderRow.findElements(By.tagName("th")): null

2020-03-25 18:10:24 - [TEST_STEP][PASSED] - println(Headers.size()): null

2020-03-25 18:10:24 - [TEST_STEP][PASSED] - for ([i = 1, i < Headers.size() - 1, (i++)]): null

2020-03-25 18:10:24 - [TEST_STEP][PASSED] - HeaderName = replaceAll("", " ").replaceAll("
", " "): null

2020-03-25 18:10:24 - [TEST_STEP][PASSED] - println(HeaderName): null

2020-03-25 18:10:24 - [TEST_STEP][PASSED] - if (HeaderOftabel.contains(HeaderName)): null

2020-03-25 18:10:24 - [TEST_STEP][PASSED] - index = i: null

2020-03-25 18:10:24 - [TEST_STEP][PASSED] - Tabel = driver.findElement(By.xpath("//*[@id="mdl-dailyActuals"]/div/div/div[2]/div/div[1]/div/div/table/tbody")): null

2020-03-25 18:10:24 - [TEST_STEP][PASSED] - Rows = Tabel.findElements(By.tagName("tr")): null

2020-03-25 18:10:24 - [TEST_STEP][PASSED] - for ([j = 0, j < Rows.size(), (j++)]): null

2020-03-25 18:10:24 - [TEST_STEP][PASSED] - VariableRow = Rows.get(j): null

2020-03-25 18:10:24 - [TEST_STEP][PASSED] - cells = VariableRow.findElements(By.tagName("td")): null

2020-03-25 18:10:24 - [TEST_STEP][PASSED] - Variablename = get(0).getText(): null

2020-03-25 18:10:24 - [TEST_STEP][PASSED] - if (Variablename.equalsIgnoreCase("SALES")): null

2020-03-25 18:10:24 - [TEST_STEP][PASSED] - logInfo("FETCHING NET SALES TY VALUE FROM CALENDAR FOR DATE:" + DailyDate): FETCHING NET SALES TY VALUE FROM CALENDAR FOR DATE: NOV 24 TO NOV 30

2020-03-25 18:10:24 - [MESSAGE][INFO] - FETCHING NET SALES TY VALUE FROM CALENDAR FOR DATE: NOV 24 TO NOV 30

2020-03-25 18:10:24 - [TEST_STEP][PASSED] - NetSalesTY = get(index).getText(): null

2020-03-25 18:10:24 - [TEST_STEP][PASSED] - comment(NetSalesTY): $25,422.06

2020-03-25 18:10:24 - [MESSAGE][INFO] - $25,422.06

2020-03-25 18:10:24 - [TEST_STEP][PASSED] - println(NetSalesTY): null

2020-03-25 18:10:24 - [TEST_STEP][PASSED] - NetSales.put(DailyDate, NetSalesTY): null

2020-03-25 18:10:24 - [TEST_STEP][PASSED] - AllVariables.put("NetSalesValues", NetSales): null

2020-03-25 18:10:24 - [TEST_STEP][PASSED] - logInfo("FETCHING NET SALES LY VALUE FROM CALENDAR FOR DATE:" + DailyDate): FETCHING NET SALES LY VALUE FROM CALENDAR FOR DATE: NOV 24 TO NOV 30

2020-03-25 18:10:24 - [MESSAGE][INFO] - FETCHING NET SALES LY VALUE FROM CALENDAR FOR DATE: NOV 24 TO NOV 30

2020-03-25 18:10:24 - [TEST_STEP][PASSED] - NetSalesLYData = get(index + 1).findElements(By.tagName("span")): null

2020-03-25 18:10:24 - [TEST_STEP][PASSED] - NetSalesLY = get(0).getText(): null

2020-03-25 18:10:24 - [TEST_STEP][PASSED] - comment(NetSalesLY): $3,294.33

2020-03-25 18:10:24 - [MESSAGE][INFO] - $3,294.33

2020-03-25 18:10:24 - [TEST_STEP][PASSED] - println(NetSalesLY): null

2020-03-25 18:10:24 - [TEST_STEP][PASSED] - NetSalesLastYear.put(DailyDate, NetSalesLY): null

2020-03-25 18:10:24 - [TEST_STEP][PASSED] - AllVariables.put("NetSalesLastYearValues", NetSalesLastYear): null

2020-03-25 18:10:24 - [TEST_STEP][PASSED] - VariableRow = Rows.get(j): null

2020-03-25 18:10:24 - [TEST_STEP][PASSED] - cells = VariableRow.findElements(By.tagName("td")): null

2020-03-25 18:10:24 - [TEST_STEP][PASSED] - Variablename = get(0).getText(): null

2020-03-25 18:10:24 - [TEST_STEP][PASSED] - if (Variablename.equalsIgnoreCase("SALES")): null

2020-03-25 18:10:24 - [TEST_STEP][PASSED] - VariableRow = Rows.get(j): null

2020-03-25 18:10:24 - [TEST_STEP][PASSED] - cells = VariableRow.findElements(By.tagName("td")): null

2020-03-25 18:10:24 - [TEST_STEP][PASSED] - Variablename = get(0).getText(): null

2020-03-25 18:10:24 - [TEST_STEP][PASSED] - if (Variablename.equalsIgnoreCase("SALES")): null

2020-03-25 18:10:24 - [TEST_STEP][PASSED] - VariableRow = Rows.get(j): null

2020-03-25 18:10:24 - [TEST_STEP][PASSED] - cells = VariableRow.findElements(By.tagName("td")): null

2020-03-25 18:10:24 - [TEST_STEP][PASSED] - Variablename = get(0).getText(): null

2020-03-25 18:10:24 - [TEST_STEP][PASSED] - if (Variablename.equalsIgnoreCase("SALES")): null

2020-03-25 18:10:24 - [TEST_STEP][PASSED] - waitForElementClickable(findTestObject("Page_Restaurant Intranet/Dashboard/btn_closePopUp"), 10): Object 'Object Repository/Page_Restaurant Intranet/Dashboard/btn_closePopUp' is clickable

2020-03-25 18:10:24 - [MESSAGE][PASSED] - Object 'Object Repository/Page_Restaurant Intranet/Dashboard/btn_closePopUp' is clickable

2020-03-25 18:10:24 - [TEST_STEP][PASSED] - click(findTestObject("Page_Restaurant Intranet/Dashboard/btn_closePopUp"), CONTINUE_ON_FAILURE): Object: 'Object Repository/Page_Restaurant Intranet/Dashboard/btn_closePopUp' is clicked on

2020-03-25 18:10:24 - [MESSAGE][PASSED] - Object: 'Object Repository/Page_Restaurant Intranet/Dashboard/btn_closePopUp' is clicked on

2020-03-25 18:10:24 - [TEST_STEP][PASSED] - markPassed("EXECUTION OF GETTING DATA FROM CALENDAR DASHBOARD FOR DATE  +" + DailyDate + "+ is completed successfully...."): EXECUTION OF GETTING DATA FROM CALENDAR DASHBOARD FOR DATE  + NOV 24 TO NOV 30+ is completed successfully....

2020-03-25 18:10:24 - [MESSAGE][PASSED] - EXECUTION OF GETTING DATA FROM CALENDAR DASHBOARD FOR DATE  + NOV 24 TO NOV 30+ is completed successfully....

2020-03-25 18:10:24 - [TEST_STEP][PASSED] - Row = get(l).findElement(By.xpath("//div[@class="col-right__cell col-right__cell--chart chart-result chart-result--chart-row"]")): null

2020-03-25 18:10:25 - [TEST_STEP][PASSED] - println("No of  rows " + l): null

2020-03-25 18:10:51 - [TEST_STEP][PASSED] - if (l > 0): null

2020-03-25 18:10:58 - [TEST_STEP][PASSED] - je = driver: null

2020-03-25 18:10:58 - [TEST_STEP][PASSED] - je.executeScript("arguments[0].scrollIntoView()", Row): null

2020-03-25 18:10:58 - [TEST_STEP][PASSED] - Row.click(): null

2020-03-25 18:11:02 - [MESSAGE][FAILED] - Unable to call Test Case 'Test Cases/ReportBuilder_Pages/Restaurant_Intranet_Dashboard_Page/Get all available variable values from calender view for all weeks of one month' (Root cause: com.kms.katalon.core.exception.StepErrorException: Call Test Case 'Test Cases/ReportBuilder_Pages/Restaurant_Intranet_Dashboard_Page/Get all available variable values from calender view for all weeks of one month' failed because of error(s)
	at com.kms.katalon.core.keyword.builtin.CallTestCaseKeyword$_callTestCase_closure1.doCall(CallTestCaseKeyword.groovy:66)
	at com.kms.katalon.core.keyword.builtin.CallTestCaseKeyword$_callTestCase_closure1.call(CallTestCaseKeyword.groovy)
	at com.kms.katalon.core.keyword.internal.KeywordMain.runKeyword(KeywordMain.groovy:68)
	at com.kms.katalon.core.keyword.builtin.CallTestCaseKeyword.callTestCase(CallTestCaseKeyword.groovy:81)
	at com.kms.katalon.core.keyword.builtin.CallTestCaseKeyword.execute(CallTestCaseKeyword.groovy:44)
	at com.kms.katalon.core.keyword.internal.KeywordExecutor.executeKeywordForPlatform(KeywordExecutor.groovy:72)
	at com.kms.katalon.core.keyword.BuiltinKeywords.callTestCase(BuiltinKeywords.groovy:334)
	at TC79_Create Weekly Report with valid details and compare report values with calender for specific time period.run(TC79_Create Weekly Report with valid details and compare report values with calender for specific time period:62)
	at com.kms.katalon.core.main.ScriptEngine.run(ScriptEngine.java:194)
	at com.kms.katalon.core.main.ScriptEngine.runScriptAsRawText(ScriptEngine.java:119)
	at com.kms.katalon.core.main.TestCaseExecutor.runScript(TestCaseExecutor.java:337)
	at com.kms.katalon.core.main.TestCaseExecutor.doExecute(TestCaseExecutor.java:328)
	at com.kms.katalon.core.main.TestCaseExecutor.processExecutionPhase(TestCaseExecutor.java:307)
	at com.kms.katalon.core.main.TestCaseExecutor.accessMainPhase(TestCaseExecutor.java:299)
	at com.kms.katalon.core.main.TestCaseExecutor.execute(TestCaseExecutor.java:233)
	at com.kms.katalon.core.main.TestSuiteExecutor.accessTestCaseMainPhase(TestSuiteExecutor.java:169)
	at com.kms.katalon.core.main.TestSuiteExecutor.accessTestSuiteMainPhase(TestSuiteExecutor.java:142)
	at com.kms.katalon.core.main.TestSuiteExecutor.execute(TestSuiteExecutor.java:91)
	at com.kms.katalon.core.main.TestCaseMain.startTestSuite(TestCaseMain.java:157)
	at com.kms.katalon.core.main.TestCaseMain$startTestSuite$0.call(Unknown Source)
	at TempTestSuite1585139826001.run(TempTestSuite1585139826001.groovy:36)
Caused by: org.openqa.selenium.ElementClickInterceptedException: element click intercepted: Element <div _ngcontent-c7="" class="col-right__cell col-right__cell--chart chart-result chart-result--chart-row">...</div> is not clickable at point (1239, 76). Other element would receive the click: <div _ngcontent-c7="" class="col-right__cell col-right__cell--head">...</div>
  (Session info: chrome=80.0.3987.149)
Build info: version: '3.141.59', revision: 'e82be7d358', time: '2018-11-14T08:25:53'
System info: host: 'AIXAHM-TS6', ip: '192.168.16.190', os.name: 'Windows Server 2016', os.arch: 'amd64', os.version: '10.0', java.version: '1.8.0_181'
Driver info: com.kms.katalon.selenium.driver.CChromeDriver
Capabilities {acceptInsecureCerts: false, browserName: chrome, browserVersion: 80.0.3987.149, chrome: {chromedriverVersion: 80.0.3987.106 (f68069574609..., userDataDir: D:\Users\bksangani\AppData\...}, goog:chromeOptions: {debuggerAddress: localhost:16543}, javascriptEnabled: true, networkConnectionEnabled: false, pageLoadStrategy: normal, platform: WINDOWS, platformName: WINDOWS, proxy: Proxy(), setWindowRect: true, strictFileInteractability: false, timeouts: {implicit: 0, pageLoad: 300000, script: 30000}, unhandledPromptBehavior: dismiss and notify}
Session ID: ee6e2cf2df6a1c40e68c9982fabf8fd2
	at org.openqa.selenium.remote.http.W3CHttpResponseCodec.createException(W3CHttpResponseCodec.java:187)
	at org.openqa.selenium.remote.http.W3CHttpResponseCodec.decode(W3CHttpResponseCodec.java:122)
	at org.openqa.selenium.remote.http.W3CHttpResponseCodec.decode(W3CHttpResponseCodec.java:49)
	at org.openqa.selenium.remote.HttpCommandExecutor.execute(HttpCommandExecutor.java:158)
	at org.openqa.selenium.remote.service.DriverCommandExecutor.execute(DriverCommandExecutor.java:83)
	at org.openqa.selenium.remote.RemoteWebDriver.execute(RemoteWebDriver.java:552)
	at com.kms.katalon.selenium.driver.CChromeDriver.execute(CChromeDriver.java:19)
	at org.openqa.selenium.remote.RemoteWebElement.execute(RemoteWebElement.java:285)
	at org.openqa.selenium.remote.RemoteWebElement.click(RemoteWebElement.java:84)
	at org.openqa.selenium.support.events.EventFiringWebDriver$EventFiringWebElement.lambda$new$0(EventFiringWebDriver.java:404)
	at com.sun.proxy.$Proxy12.click(Unknown Source)
	at org.openqa.selenium.support.events.EventFiringWebDriver$EventFiringWebElement.click(EventFiringWebDriver.java:417)
	at org.openqa.selenium.WebElement$click$0.call(Unknown Source)
	at Get all available variable values from calender view for all weeks of one month.run(Get all available variable values from calender view for all weeks of one month:96)
	at com.kms.katalon.core.main.ScriptEngine.run(ScriptEngine.java:194)
	at com.kms.katalon.core.main.ScriptEngine.runScriptAsRawText(ScriptEngine.java:119)
	at com.kms.katalon.core.main.TestCaseExecutor.runScript(TestCaseExecutor.java:337)
	at com.kms.katalon.core.main.TestCaseExecutor.doExecute(TestCaseExecutor.java:328)
	at com.kms.katalon.core.main.TestCaseExecutor.processExecutionPhase(TestCaseExecutor.java:307)
	at com.kms.katalon.core.main.TestCaseExecutor.accessMainPhase(TestCaseExecutor.java:299)
	at com.kms.katalon.core.main.TestCaseExecutor.execute(TestCaseExecutor.java:233)
	at com.kms.katalon.core.main.TestCaseMain.runTestCase(TestCaseMain.java:114)
	at com.kms.katalon.core.keyword.builtin.CallTestCaseKeyword$_callTestCase_closure1.doCall(CallTestCaseKeyword.groovy:59)
	... 20 more
)

2020-03-25 18:11:02 - [TEST_STEP][INCOMPLETE] - callTestCase(findTestCase("CrossLocationReportBuilder_TestCases/TC77_Verify Created Report is displaying same as per the set configuration in report setup"), ["ReportName":ReportName], CONTINUE_ON_FAILURE): null

2020-03-25 18:11:02 - [TEST_CASE][INCOMPLETE] - Test Cases/CrossLocationReportBuilder_TestCases/TC77_Verify Created Report is displaying same as per the set configuration in report setup: null

2020-03-25 18:11:03 - [TEST_STEP][INCOMPLETE] - refresh(): null]]></system-out>
         <system-err><![CDATA[2020-03-25 18:07:29 - [TEST_CASE][INCOMPLETE] - Test Cases/CrossLocationReportBuilder_TestCases/TC79_Create Weekly Report with valid details and compare report values with calender for specific time period: null]]></system-err>
      </testcase>
      <system-out><![CDATA[2020-03-25 18:07:10 - [TEST_SUITE][INCOMPLETE] - Weekly Report End to End Suit: null]]></system-out>
      <system-err><![CDATA[2020-03-25 18:07:10 - [TEST_SUITE][INCOMPLETE] - Weekly Report End to End Suit: null]]></system-err>
   </testsuite>
</testsuites>
