<?xml version="1.0" encoding="UTF-8"?>
<testsuites name="Weekly Report End to End Suit" time="583.069" tests="1" failures="1" errors="0">
   <testsuite name="Weekly Report End to End Suit" tests="1" failures="1" errors="0" time="583.069" timestamp="2020-03-29 00:33:57" hostname="bksangani - aixahm-ts6.analytix.local" id="Test Suites/Weekly Report End to End Suit">
      <properties>
         <property name="deviceName" value=""/>
         <property name="devicePlatform" value=""/>
         <property name="logFolder" value="D:\\Users\\bksangani\\Katalon Studio\\ReportBuilderV1\\Reports\\20200329_003354\\Weekly Report End to End Suit\\20200329_003354"/>
         <property name="logFiles" value="D:\\Users\\bksangani\\Katalon Studio\\ReportBuilderV1\\Reports\\20200329_003354\\Weekly Report End to End Suit\\20200329_003354\\execution0.log"/>
         <property name="attachments" value=""/>
         <property name="hostName" value="bksangani - aixahm-ts6.analytix.local"/>
         <property name="os" value="Windows Server 2016 64bit"/>
         <property name="katalonVersion" value="7.2.1.1"/>
         <property name="browser" value="Chrome 80.0.3987.149"/>
         <property name="hostAddress" value="192.168.16.190"/>
         <property name="sessionId" value="aff82605ed26b160ba14982b6e4a0763"/>
         <property name="seleniumVersion" value="3.141.59"/>
         <property name="proxyInformation" value="ProxyInformation{proxyOption=USE_SYSTEM, proxyServerType=HTTP, password=, proxyServerAddress=, proxyServerPort=0, executionList=}"/>
         <property name="platform" value="Windows Server 2016"/>
      </properties>
      <testcase name="Test Cases/CrossLocationReportBuilder_TestCases/TC79_Create Weekly Report with valid details and compare report values with calender for specific time period" time="558.53" classname="Test Cases/CrossLocationReportBuilder_TestCases/TC79_Create Weekly Report with valid details and compare report values with calender for specific time period" status="FAILED">
         <failure type="FAILED" message="Test Cases/CrossLocationReportBuilder_TestCases/TC79_Create Weekly Report with valid details and compare report values with calender for specific time period FAILED.
Reason:
com.kms.katalon.core.exception.StepFailedException: Unable to call Test Case 'Test Cases/ReportBuilder_Pages/Restaurant_Intranet_Dashboard_Page/Fetch variable values from created report and do comapre with calendar values for each week' (Root cause: com.kms.katalon.core.exception.StepErrorException: Call Test Case 'Test Cases/ReportBuilder_Pages/Restaurant_Intranet_Dashboard_Page/Fetch variable values from created report and do comapre with calendar values for each week' failed because of error(s)
	at com.kms.katalon.core.keyword.builtin.CallTestCaseKeyword$_callTestCase_closure1.doCall(CallTestCaseKeyword.groovy:66)
	at com.kms.katalon.core.keyword.builtin.CallTestCaseKeyword$_callTestCase_closure1.call(CallTestCaseKeyword.groovy)
	at com.kms.katalon.core.keyword.internal.KeywordMain.runKeyword(KeywordMain.groovy:68)
	at com.kms.katalon.core.keyword.builtin.CallTestCaseKeyword.callTestCase(CallTestCaseKeyword.groovy:81)
	at com.kms.katalon.core.keyword.builtin.CallTestCaseKeyword.execute(CallTestCaseKeyword.groovy:44)
	at com.kms.katalon.core.keyword.internal.KeywordExecutor.executeKeywordForPlatform(KeywordExecutor.groovy:72)
	at com.kms.katalon.core.keyword.BuiltinKeywords.callTestCase(BuiltinKeywords.groovy:334)
	at TC79_Create Weekly Report with valid details and compare report values with calender for specific time period.run(TC79_Create Weekly Report with valid details and compare report values with calender for specific time period:79)
	at com.kms.katalon.core.main.ScriptEngine.run(ScriptEngine.java:194)
	at com.kms.katalon.core.main.ScriptEngine.runScriptAsRawText(ScriptEngine.java:119)
	at com.kms.katalon.core.main.TestCaseExecutor.runScript(TestCaseExecutor.java:337)
	at com.kms.katalon.core.main.TestCaseExecutor.doExecute(TestCaseExecutor.java:328)
	at com.kms.katalon.core.main.TestCaseExecutor.processExecutionPhase(TestCaseExecutor.java:307)
	at com.kms.katalon.core.main.TestCaseExecutor.accessMainPhase(TestCaseExecutor.java:299)
	at com.kms.katalon.core.main.TestCaseExecutor.execute(TestCaseExecutor.java:233)
	at com.kms.katalon.core.main.TestSuiteExecutor.accessTestCaseMainPhase(TestSuiteExecutor.java:169)
	at com.kms.katalon.core.main.TestSuiteExecutor.accessTestSuiteMainPhase(TestSuiteExecutor.java:142)
	at com.kms.katalon.core.main.TestSuiteExecutor.execute(TestSuiteExecutor.java:91)
	at com.kms.katalon.core.main.TestCaseMain.startTestSuite(TestCaseMain.java:157)
	at com.kms.katalon.core.main.TestCaseMain$startTestSuite$0.call(Unknown Source)
	at TempTestSuite1585422234855.run(TempTestSuite1585422234855.groovy:36)
Caused by: org.codehaus.groovy.runtime.InvokerInvocationException: java.io.FileNotFoundException: D:\Users\bksangani\Katalon Studio\ReportBuilderV1\ExcelResult\CompareCalendarWithReport.xlsx (The process cannot access the file because it is being used by another process)
	at excelUtils.ExcelsCustom.invokeMethod(ExcelsCustom.groovy)
	at com.kms.katalon.core.main.CustomKeywordDelegatingMetaClass.invokeStaticMethod(CustomKeywordDelegatingMetaClass.java:50)
	at Fetch variable values from created report and do comapre with calendar values for each week.run(Fetch variable values from created report and do comapre with calendar values for each week:544)
	at com.kms.katalon.core.main.ScriptEngine.run(ScriptEngine.java:194)
	at com.kms.katalon.core.main.ScriptEngine.runScriptAsRawText(ScriptEngine.java:119)
	at com.kms.katalon.core.main.TestCaseExecutor.runScript(TestCaseExecutor.java:337)
	at com.kms.katalon.core.main.TestCaseExecutor.doExecute(TestCaseExecutor.java:328)
	at com.kms.katalon.core.main.TestCaseExecutor.processExecutionPhase(TestCaseExecutor.java:307)
	at com.kms.katalon.core.main.TestCaseExecutor.accessMainPhase(TestCaseExecutor.java:299)
	at com.kms.katalon.core.main.TestCaseExecutor.execute(TestCaseExecutor.java:233)
	at com.kms.katalon.core.main.TestCaseMain.runTestCase(TestCaseMain.java:114)
	at com.kms.katalon.core.keyword.builtin.CallTestCaseKeyword$_callTestCase_closure1.doCall(CallTestCaseKeyword.groovy:59)
	... 20 more
Caused by: java.io.FileNotFoundException: D:\Users\bksangani\Katalon Studio\ReportBuilderV1\ExcelResult\CompareCalendarWithReport.xlsx (The process cannot access the file because it is being used by another process)
	at excelUtils.CreateSheet.createExcel(CreateExcel.groovy:61)
	... 32 more
)
	at com.kms.katalon.core.keyword.internal.KeywordMain.stepFailed(KeywordMain.groovy:39)
	at com.kms.katalon.core.keyword.internal.KeywordMain.stepFailed(KeywordMain.groovy)
	at com.kms.katalon.core.keyword.internal.KeywordMain.runKeyword(KeywordMain.groovy:70)
	at com.kms.katalon.core.keyword.builtin.CallTestCaseKeyword.callTestCase(CallTestCaseKeyword.groovy:81)
	at com.kms.katalon.core.keyword.builtin.CallTestCaseKeyword.execute(CallTestCaseKeyword.groovy:44)
	at com.kms.katalon.core.keyword.internal.KeywordExecutor.executeKeywordForPlatform(KeywordExecutor.groovy:72)
	at com.kms.katalon.core.keyword.BuiltinKeywords.callTestCase(BuiltinKeywords.groovy:334)
	at TC79_Create Weekly Report with valid details and compare report values with calender for specific time period.run(TC79_Create Weekly Report with valid details and compare report values with calender for specific time period:79)
	at com.kms.katalon.core.main.ScriptEngine.run(ScriptEngine.java:194)
	at com.kms.katalon.core.main.ScriptEngine.runScriptAsRawText(ScriptEngine.java:119)
	at com.kms.katalon.core.main.TestCaseExecutor.runScript(TestCaseExecutor.java:337)
	at com.kms.katalon.core.main.TestCaseExecutor.doExecute(TestCaseExecutor.java:328)
	at com.kms.katalon.core.main.TestCaseExecutor.processExecutionPhase(TestCaseExecutor.java:307)
	at com.kms.katalon.core.main.TestCaseExecutor.accessMainPhase(TestCaseExecutor.java:299)
	at com.kms.katalon.core.main.TestCaseExecutor.execute(TestCaseExecutor.java:233)
	at com.kms.katalon.core.main.TestSuiteExecutor.accessTestCaseMainPhase(TestSuiteExecutor.java:169)
	at com.kms.katalon.core.main.TestSuiteExecutor.accessTestSuiteMainPhase(TestSuiteExecutor.java:142)
	at com.kms.katalon.core.main.TestSuiteExecutor.execute(TestSuiteExecutor.java:91)
	at com.kms.katalon.core.main.TestCaseMain.startTestSuite(TestCaseMain.java:157)
	at com.kms.katalon.core.main.TestCaseMain$startTestSuite$0.call(Unknown Source)
	at TempTestSuite1585422234855.run(TempTestSuite1585422234855.groovy:36)
Caused by: com.kms.katalon.core.exception.StepErrorException: Call Test Case 'Test Cases/ReportBuilder_Pages/Restaurant_Intranet_Dashboard_Page/Fetch variable values from created report and do comapre with calendar values for each week' failed because of error(s)
	at com.kms.katalon.core.keyword.builtin.CallTestCaseKeyword$_callTestCase_closure1.doCall(CallTestCaseKeyword.groovy:66)
	at com.kms.katalon.core.keyword.builtin.CallTestCaseKeyword$_callTestCase_closure1.call(CallTestCaseKeyword.groovy)
	at com.kms.katalon.core.keyword.internal.KeywordMain.runKeyword(KeywordMain.groovy:68)
	... 18 more
Caused by: org.codehaus.groovy.runtime.InvokerInvocationException: java.io.FileNotFoundException: D:\Users\bksangani\Katalon Studio\ReportBuilderV1\ExcelResult\CompareCalendarWithReport.xlsx (The process cannot access the file because it is being used by another process)
	at excelUtils.ExcelsCustom.invokeMethod(ExcelsCustom.groovy)
	at com.kms.katalon.core.main.CustomKeywordDelegatingMetaClass.invokeStaticMethod(CustomKeywordDelegatingMetaClass.java:50)
	at Fetch variable values from created report and do comapre with calendar values for each week.run(Fetch variable values from created report and do comapre with calendar values for each week:544)
	at com.kms.katalon.core.main.ScriptEngine.run(ScriptEngine.java:194)
	at com.kms.katalon.core.main.ScriptEngine.runScriptAsRawText(ScriptEngine.java:119)
	at com.kms.katalon.core.main.TestCaseExecutor.runScript(TestCaseExecutor.java:337)
	at com.kms.katalon.core.main.TestCaseExecutor.doExecute(TestCaseExecutor.java:328)
	at com.kms.katalon.core.main.TestCaseExecutor.processExecutionPhase(TestCaseExecutor.java:307)
	at com.kms.katalon.core.main.TestCaseExecutor.accessMainPhase(TestCaseExecutor.java:299)
	at com.kms.katalon.core.main.TestCaseExecutor.execute(TestCaseExecutor.java:233)
	at com.kms.katalon.core.main.TestCaseMain.runTestCase(TestCaseMain.java:114)
	at com.kms.katalon.core.keyword.builtin.CallTestCaseKeyword$_callTestCase_closure1.doCall(CallTestCaseKeyword.groovy:59)
	... 20 more
Caused by: java.io.FileNotFoundException: D:\Users\bksangani\Katalon Studio\ReportBuilderV1\ExcelResult\CompareCalendarWithReport.xlsx (The process cannot access the file because it is being used by another process)
	at excelUtils.CreateSheet.createExcel(CreateExcel.groovy:61)
	... 32 more
"/>
         <system-out><![CDATA[2020-03-29 00:34:14 - [TEST_CASE][FAILED] - Test Cases/CrossLocationReportBuilder_TestCases/TC79_Create Weekly Report with valid details and compare report values with calender for specific time period: Test Cases/CrossLocationReportBuilder_TestCases/TC79_Create Weekly Report with valid details and compare report values with calender for specific time period FAILED.
Reason:
com.kms.katalon.core.exception.StepFailedException: Unable to call Test Case 'Test Cases/ReportBuilder_Pages/Restaurant_Intranet_Dashboard_Page/Fetch variable values from created report and do comapre with calendar values for each week' (Root cause: com.kms.katalon.core.exception.StepErrorException: Call Test Case 'Test Cases/ReportBuilder_Pages/Restaurant_Intranet_Dashboard_Page/Fetch variable values from created report and do comapre with calendar values for each week' failed because of error(s)
	at com.kms.katalon.core.keyword.builtin.CallTestCaseKeyword$_callTestCase_closure1.doCall(CallTestCaseKeyword.groovy:66)
	at com.kms.katalon.core.keyword.builtin.CallTestCaseKeyword$_callTestCase_closure1.call(CallTestCaseKeyword.groovy)
	at com.kms.katalon.core.keyword.internal.KeywordMain.runKeyword(KeywordMain.groovy:68)
	at com.kms.katalon.core.keyword.builtin.CallTestCaseKeyword.callTestCase(CallTestCaseKeyword.groovy:81)
	at com.kms.katalon.core.keyword.builtin.CallTestCaseKeyword.execute(CallTestCaseKeyword.groovy:44)
	at com.kms.katalon.core.keyword.internal.KeywordExecutor.executeKeywordForPlatform(KeywordExecutor.groovy:72)
	at com.kms.katalon.core.keyword.BuiltinKeywords.callTestCase(BuiltinKeywords.groovy:334)
	at TC79_Create Weekly Report with valid details and compare report values with calender for specific time period.run(TC79_Create Weekly Report with valid details and compare report values with calender for specific time period:79)
	at com.kms.katalon.core.main.ScriptEngine.run(ScriptEngine.java:194)
	at com.kms.katalon.core.main.ScriptEngine.runScriptAsRawText(ScriptEngine.java:119)
	at com.kms.katalon.core.main.TestCaseExecutor.runScript(TestCaseExecutor.java:337)
	at com.kms.katalon.core.main.TestCaseExecutor.doExecute(TestCaseExecutor.java:328)
	at com.kms.katalon.core.main.TestCaseExecutor.processExecutionPhase(TestCaseExecutor.java:307)
	at com.kms.katalon.core.main.TestCaseExecutor.accessMainPhase(TestCaseExecutor.java:299)
	at com.kms.katalon.core.main.TestCaseExecutor.execute(TestCaseExecutor.java:233)
	at com.kms.katalon.core.main.TestSuiteExecutor.accessTestCaseMainPhase(TestSuiteExecutor.java:169)
	at com.kms.katalon.core.main.TestSuiteExecutor.accessTestSuiteMainPhase(TestSuiteExecutor.java:142)
	at com.kms.katalon.core.main.TestSuiteExecutor.execute(TestSuiteExecutor.java:91)
	at com.kms.katalon.core.main.TestCaseMain.startTestSuite(TestCaseMain.java:157)
	at com.kms.katalon.core.main.TestCaseMain$startTestSuite$0.call(Unknown Source)
	at TempTestSuite1585422234855.run(TempTestSuite1585422234855.groovy:36)
Caused by: org.codehaus.groovy.runtime.InvokerInvocationException: java.io.FileNotFoundException: D:\Users\bksangani\Katalon Studio\ReportBuilderV1\ExcelResult\CompareCalendarWithReport.xlsx (The process cannot access the file because it is being used by another process)
	at excelUtils.ExcelsCustom.invokeMethod(ExcelsCustom.groovy)
	at com.kms.katalon.core.main.CustomKeywordDelegatingMetaClass.invokeStaticMethod(CustomKeywordDelegatingMetaClass.java:50)
	at Fetch variable values from created report and do comapre with calendar values for each week.run(Fetch variable values from created report and do comapre with calendar values for each week:544)
	at com.kms.katalon.core.main.ScriptEngine.run(ScriptEngine.java:194)
	at com.kms.katalon.core.main.ScriptEngine.runScriptAsRawText(ScriptEngine.java:119)
	at com.kms.katalon.core.main.TestCaseExecutor.runScript(TestCaseExecutor.java:337)
	at com.kms.katalon.core.main.TestCaseExecutor.doExecute(TestCaseExecutor.java:328)
	at com.kms.katalon.core.main.TestCaseExecutor.processExecutionPhase(TestCaseExecutor.java:307)
	at com.kms.katalon.core.main.TestCaseExecutor.accessMainPhase(TestCaseExecutor.java:299)
	at com.kms.katalon.core.main.TestCaseExecutor.execute(TestCaseExecutor.java:233)
	at com.kms.katalon.core.main.TestCaseMain.runTestCase(TestCaseMain.java:114)
	at com.kms.katalon.core.keyword.builtin.CallTestCaseKeyword$_callTestCase_closure1.doCall(CallTestCaseKeyword.groovy:59)
	... 20 more
Caused by: java.io.FileNotFoundException: D:\Users\bksangani\Katalon Studio\ReportBuilderV1\ExcelResult\CompareCalendarWithReport.xlsx (The process cannot access the file because it is being used by another process)
	at excelUtils.CreateSheet.createExcel(CreateExcel.groovy:61)
	... 32 more
)
	at com.kms.katalon.core.keyword.internal.KeywordMain.stepFailed(KeywordMain.groovy:39)
	at com.kms.katalon.core.keyword.internal.KeywordMain.stepFailed(KeywordMain.groovy)
	at com.kms.katalon.core.keyword.internal.KeywordMain.runKeyword(KeywordMain.groovy:70)
	at com.kms.katalon.core.keyword.builtin.CallTestCaseKeyword.callTestCase(CallTestCaseKeyword.groovy:81)
	at com.kms.katalon.core.keyword.builtin.CallTestCaseKeyword.execute(CallTestCaseKeyword.groovy:44)
	at com.kms.katalon.core.keyword.internal.KeywordExecutor.executeKeywordForPlatform(KeywordExecutor.groovy:72)
	at com.kms.katalon.core.keyword.BuiltinKeywords.callTestCase(BuiltinKeywords.groovy:334)
	at TC79_Create Weekly Report with valid details and compare report values with calender for specific time period.run(TC79_Create Weekly Report with valid details and compare report values with calender for specific time period:79)
	at com.kms.katalon.core.main.ScriptEngine.run(ScriptEngine.java:194)
	at com.kms.katalon.core.main.ScriptEngine.runScriptAsRawText(ScriptEngine.java:119)
	at com.kms.katalon.core.main.TestCaseExecutor.runScript(TestCaseExecutor.java:337)
	at com.kms.katalon.core.main.TestCaseExecutor.doExecute(TestCaseExecutor.java:328)
	at com.kms.katalon.core.main.TestCaseExecutor.processExecutionPhase(TestCaseExecutor.java:307)
	at com.kms.katalon.core.main.TestCaseExecutor.accessMainPhase(TestCaseExecutor.java:299)
	at com.kms.katalon.core.main.TestCaseExecutor.execute(TestCaseExecutor.java:233)
	at com.kms.katalon.core.main.TestSuiteExecutor.accessTestCaseMainPhase(TestSuiteExecutor.java:169)
	at com.kms.katalon.core.main.TestSuiteExecutor.accessTestSuiteMainPhase(TestSuiteExecutor.java:142)
	at com.kms.katalon.core.main.TestSuiteExecutor.execute(TestSuiteExecutor.java:91)
	at com.kms.katalon.core.main.TestCaseMain.startTestSuite(TestCaseMain.java:157)
	at com.kms.katalon.core.main.TestCaseMain$startTestSuite$0.call(Unknown Source)
	at TempTestSuite1585422234855.run(TempTestSuite1585422234855.groovy:36)
Caused by: com.kms.katalon.core.exception.StepErrorException: Call Test Case 'Test Cases/ReportBuilder_Pages/Restaurant_Intranet_Dashboard_Page/Fetch variable values from created report and do comapre with calendar values for each week' failed because of error(s)
	at com.kms.katalon.core.keyword.builtin.CallTestCaseKeyword$_callTestCase_closure1.doCall(CallTestCaseKeyword.groovy:66)
	at com.kms.katalon.core.keyword.builtin.CallTestCaseKeyword$_callTestCase_closure1.call(CallTestCaseKeyword.groovy)
	at com.kms.katalon.core.keyword.internal.KeywordMain.runKeyword(KeywordMain.groovy:68)
	... 18 more
Caused by: org.codehaus.groovy.runtime.InvokerInvocationException: java.io.FileNotFoundException: D:\Users\bksangani\Katalon Studio\ReportBuilderV1\ExcelResult\CompareCalendarWithReport.xlsx (The process cannot access the file because it is being used by another process)
	at excelUtils.ExcelsCustom.invokeMethod(ExcelsCustom.groovy)
	at com.kms.katalon.core.main.CustomKeywordDelegatingMetaClass.invokeStaticMethod(CustomKeywordDelegatingMetaClass.java:50)
	at Fetch variable values from created report and do comapre with calendar values for each week.run(Fetch variable values from created report and do comapre with calendar values for each week:544)
	at com.kms.katalon.core.main.ScriptEngine.run(ScriptEngine.java:194)
	at com.kms.katalon.core.main.ScriptEngine.runScriptAsRawText(ScriptEngine.java:119)
	at com.kms.katalon.core.main.TestCaseExecutor.runScript(TestCaseExecutor.java:337)
	at com.kms.katalon.core.main.TestCaseExecutor.doExecute(TestCaseExecutor.java:328)
	at com.kms.katalon.core.main.TestCaseExecutor.processExecutionPhase(TestCaseExecutor.java:307)
	at com.kms.katalon.core.main.TestCaseExecutor.accessMainPhase(TestCaseExecutor.java:299)
	at com.kms.katalon.core.main.TestCaseExecutor.execute(TestCaseExecutor.java:233)
	at com.kms.katalon.core.main.TestCaseMain.runTestCase(TestCaseMain.java:114)
	at com.kms.katalon.core.keyword.builtin.CallTestCaseKeyword$_callTestCase_closure1.doCall(CallTestCaseKeyword.groovy:59)
	... 20 more
Caused by: java.io.FileNotFoundException: D:\Users\bksangani\Katalon Studio\ReportBuilderV1\ExcelResult\CompareCalendarWithReport.xlsx (The process cannot access the file because it is being used by another process)
	at excelUtils.CreateSheet.createExcel(CreateExcel.groovy:61)
	... 32 more


2020-03-29 00:34:15 - [TEST_STEP][PASSED] - callTestCase(findTestCase("CrossLocationReportBuilder_TestCases/TC1_Verify successfull login"), [:], CONTINUE_ON_FAILURE): Call Test Case 'Test Cases/CrossLocationReportBuilder_TestCases/TC1_Verify successfull login' successfully

2020-03-29 00:34:15 - [TEST_CASE][PASSED] - Test Cases/CrossLocationReportBuilder_TestCases/TC1_Verify successfull login: Test Cases/CrossLocationReportBuilder_TestCases/TC1_Verify successfull login

2020-03-29 00:34:15 - [TEST_STEP][PASSED] - callTestCase(findTestCase("ReportBuilder_Pages/LoginPage/Login with encrypted username and password"), [:], STOP_ON_FAILURE): Call Test Case 'Test Cases/ReportBuilder_Pages/LoginPage/Login with encrypted username and password' successfully

2020-03-29 00:34:15 - [TEST_CASE][PASSED] - Test Cases/ReportBuilder_Pages/LoginPage/Login with encrypted username and password: Test Cases/ReportBuilder_Pages/LoginPage/Login with encrypted username and password

2020-03-29 00:34:15 - [TEST_STEP][PASSED] - setText(findTestObject("Object Repository/Page_Dunkin Donuts - Executive Dashboard/input_Login_textBoxEmailAddress"), username): Text 'Cafua_Dev@analytix.com' is set on object 'Object Repository/Page_Dunkin Donuts - Executive Dashboard/input_Login_textBoxEmailAddress'

2020-03-29 00:34:16 - [MESSAGE][PASSED] - Text 'Cafua_Dev@analytix.com' is set on object 'Object Repository/Page_Dunkin Donuts - Executive Dashboard/input_Login_textBoxEmailAddress'

2020-03-29 00:34:16 - [TEST_STEP][PASSED] - setText(findTestObject("Object Repository/Page_Dunkin Donuts - Executive Dashboard/input_Login_textBoxPassword"), password): Text '!9TgLT8dK3' is set on object 'Object Repository/Page_Dunkin Donuts - Executive Dashboard/input_Login_textBoxPassword'

2020-03-29 00:34:16 - [MESSAGE][PASSED] - Text '!9TgLT8dK3' is set on object 'Object Repository/Page_Dunkin Donuts - Executive Dashboard/input_Login_textBoxPassword'

2020-03-29 00:34:16 - [TEST_STEP][PASSED] - click(findTestObject("Object Repository/Page_Dunkin Donuts - Executive Dashboard/input_Login_buttonLogin")): Object: 'Object Repository/Page_Dunkin Donuts - Executive Dashboard/input_Login_buttonLogin' is clicked on

2020-03-29 00:34:19 - [MESSAGE][PASSED] - Object: 'Object Repository/Page_Dunkin Donuts - Executive Dashboard/input_Login_buttonLogin' is clicked on

2020-03-29 00:34:19 - [TEST_STEP][NOT_RUN] - waitForElementClickable(findTestObject("Page_Restaurant Intranet/link_ProfileIcon"), ExplicitWait): NOT_RUN: waitForElementClickable(findTestObject("Page_Restaurant Intranet/link_ProfileIcon"), ExplicitWait)

2020-03-29 00:34:19 - [MESSAGE][NOT_RUN] - NOT_RUN: waitForElementClickable(findTestObject("Page_Restaurant Intranet/link_ProfileIcon"), ExplicitWait)

2020-03-29 00:34:19 - [TEST_STEP][NOT_RUN] - verifyElementVisible(findTestObject("Page_Restaurant Intranet/link_ProfileIcon")): NOT_RUN: verifyElementVisible(findTestObject("Page_Restaurant Intranet/link_ProfileIcon"))

2020-03-29 00:34:19 - [MESSAGE][NOT_RUN] - NOT_RUN: verifyElementVisible(findTestObject("Page_Restaurant Intranet/link_ProfileIcon"))

2020-03-29 00:34:19 - [MESSAGE][PASSED] - Call Test Case 'Test Cases/ReportBuilder_Pages/LoginPage/Login with encrypted username and password' successfully

2020-03-29 00:34:19 - [MESSAGE][PASSED] - Call Test Case 'Test Cases/CrossLocationReportBuilder_TestCases/TC1_Verify successfull login' successfully

2020-03-29 00:34:19 - [TEST_STEP][PASSED] - callTestCase(findTestCase("CrossLocationReportBuilder_TestCases/TC3_Verify Report Builder Link functionality"), [:], CONTINUE_ON_FAILURE): Call Test Case 'Test Cases/CrossLocationReportBuilder_TestCases/TC3_Verify Report Builder Link functionality' successfully

2020-03-29 00:34:19 - [TEST_CASE][PASSED] - Test Cases/CrossLocationReportBuilder_TestCases/TC3_Verify Report Builder Link functionality: Test Cases/CrossLocationReportBuilder_TestCases/TC3_Verify Report Builder Link functionality

2020-03-29 00:34:19 - [TEST_STEP][PASSED] - callTestCase(findTestCase("ReportBuilder_Pages/Restaurant_Intranet_Dashboard_Page/Verify and Click on Report Builder link from profile"), [:], STOP_ON_FAILURE): Call Test Case 'Test Cases/ReportBuilder_Pages/Restaurant_Intranet_Dashboard_Page/Verify and Click on Report Builder link from profile' successfully

2020-03-29 00:34:19 - [TEST_CASE][PASSED] - Test Cases/ReportBuilder_Pages/Restaurant_Intranet_Dashboard_Page/Verify and Click on Report Builder link from profile: Test Cases/ReportBuilder_Pages/Restaurant_Intranet_Dashboard_Page/Verify and Click on Report Builder link from profile

2020-03-29 00:34:19 - [TEST_STEP][NOT_RUN] - waitForElementPresent(findTestObject("Page_Restaurant Intranet/Setup/tasterMessage"), 20): NOT_RUN: waitForElementPresent(findTestObject("Page_Restaurant Intranet/Setup/tasterMessage"), 20)

2020-03-29 00:34:19 - [MESSAGE][NOT_RUN] - NOT_RUN: waitForElementPresent(findTestObject("Page_Restaurant Intranet/Setup/tasterMessage"), 20)

2020-03-29 00:34:19 - [TEST_STEP][NOT_RUN] - waitForElementNotPresent(findTestObject("Page_Restaurant Intranet/Setup/tasterMessage"), 10): NOT_RUN: waitForElementNotPresent(findTestObject("Page_Restaurant Intranet/Setup/tasterMessage"), 10)

2020-03-29 00:34:19 - [MESSAGE][NOT_RUN] - NOT_RUN: waitForElementNotPresent(findTestObject("Page_Restaurant Intranet/Setup/tasterMessage"), 10)

2020-03-29 00:34:19 - [TEST_STEP][PASSED] - delay(3): Delayed 3 second(s)

2020-03-29 00:34:22 - [MESSAGE][PASSED] - Delayed 3 second(s)

2020-03-29 00:34:22 - [TEST_STEP][PASSED] - mouseOver(findTestObject("Page_Restaurant Intranet/Left_Nav_Bar/link_CrossLocationReportIcon")): Object: 'Object Repository/Page_Restaurant Intranet/Left_Nav_Bar/link_CrossLocationReportIcon' is hovered

2020-03-29 00:34:36 - [MESSAGE][PASSED] - Object: 'Object Repository/Page_Restaurant Intranet/Left_Nav_Bar/link_CrossLocationReportIcon' is hovered

2020-03-29 00:34:36 - [TEST_STEP][PASSED] - waitForElementClickable(findTestObject("Page_Restaurant Intranet/Left_Nav_Bar/link_Setup"), ExplicitWait): Object 'Object Repository/Page_Restaurant Intranet/Left_Nav_Bar/link_Setup' is clickable

2020-03-29 00:34:36 - [MESSAGE][PASSED] - Object 'Object Repository/Page_Restaurant Intranet/Left_Nav_Bar/link_Setup' is clickable

2020-03-29 00:34:36 - [TEST_STEP][PASSED] - verifyElementPresent(findTestObject("Page_Restaurant Intranet/Left_Nav_Bar/link_Setup"), 0): Object 'Object Repository/Page_Restaurant Intranet/Left_Nav_Bar/link_Setup' is present

2020-03-29 00:34:37 - [MESSAGE][WARNING] - Timeout '0' is invalid. Using default page load timeout: '30'

2020-03-29 00:34:37 - [MESSAGE][PASSED] - Object 'Object Repository/Page_Restaurant Intranet/Left_Nav_Bar/link_Setup' is present

2020-03-29 00:34:37 - [TEST_STEP][PASSED] - click(findTestObject("Page_Restaurant Intranet/Left_Nav_Bar/link_Setup")): Object: 'Object Repository/Page_Restaurant Intranet/Left_Nav_Bar/link_Setup' is clicked on

2020-03-29 00:34:37 - [MESSAGE][ERROR] - javascript error: Failed to execute 'elementsFromPoint' on 'Document': The provided double value is non-finite.
  (Session info: chrome=80.0.3987.149)
Build info: version: '3.141.59', revision: 'e82be7d358', time: '2018-11-14T08:25:53'
System info: host: 'AIXAHM-TS6', ip: '192.168.16.190', os.name: 'Windows Server 2016', os.arch: 'amd64', os.version: '10.0', java.version: '1.8.0_181'
Driver info: com.kms.katalon.selenium.driver.CChromeDriver
Capabilities {acceptInsecureCerts: false, browserName: chrome, browserVersion: 80.0.3987.149, chrome: {chromedriverVersion: 80.0.3987.106 (f68069574609..., userDataDir: D:\Users\bksangani\AppData\...}, goog:chromeOptions: {debuggerAddress: localhost:13471}, javascriptEnabled: true, networkConnectionEnabled: false, pageLoadStrategy: normal, platform: WINDOWS, platformName: WINDOWS, proxy: Proxy(), setWindowRect: true, strictFileInteractability: false, timeouts: {implicit: 0, pageLoad: 300000, script: 30000}, unhandledPromptBehavior: dismiss and notify}
Session ID: aff82605ed26b160ba14982b6e4a0763

2020-03-29 00:34:58 - [MESSAGE][PASSED] - Object: 'Object Repository/Page_Restaurant Intranet/Left_Nav_Bar/link_Setup' is clicked on

2020-03-29 00:34:58 - [TEST_STEP][PASSED] - waitForElementClickable(findTestObject("Page_Restaurant Intranet/Left_Nav_Bar/div_ReportBuilderLink"), ExplicitWait): Object 'Object Repository/Page_Restaurant Intranet/Left_Nav_Bar/div_ReportBuilderLink' is clickable

2020-03-29 00:34:59 - [MESSAGE][PASSED] - Object 'Object Repository/Page_Restaurant Intranet/Left_Nav_Bar/div_ReportBuilderLink' is clickable

2020-03-29 00:34:59 - [TEST_STEP][PASSED] - verifyElementPresent(findTestObject("Page_Restaurant Intranet/Left_Nav_Bar/div_ReportBuilderLink"), 0): Object 'Object Repository/Page_Restaurant Intranet/Left_Nav_Bar/div_ReportBuilderLink' is present

2020-03-29 00:34:59 - [MESSAGE][WARNING] - Timeout '0' is invalid. Using default page load timeout: '30'

2020-03-29 00:34:59 - [MESSAGE][PASSED] - Object 'Object Repository/Page_Restaurant Intranet/Left_Nav_Bar/div_ReportBuilderLink' is present

2020-03-29 00:34:59 - [TEST_STEP][PASSED] - click(findTestObject("Page_Restaurant Intranet/Left_Nav_Bar/div_ReportBuilderLink"), CONTINUE_ON_FAILURE): Object: 'Object Repository/Page_Restaurant Intranet/Left_Nav_Bar/div_ReportBuilderLink' is clicked on

2020-03-29 00:34:59 - [MESSAGE][PASSED] - Object: 'Object Repository/Page_Restaurant Intranet/Left_Nav_Bar/div_ReportBuilderLink' is clicked on

2020-03-29 00:34:59 - [MESSAGE][PASSED] - Call Test Case 'Test Cases/ReportBuilder_Pages/Restaurant_Intranet_Dashboard_Page/Verify and Click on Report Builder link from profile' successfully

2020-03-29 00:34:59 - [MESSAGE][PASSED] - Call Test Case 'Test Cases/CrossLocationReportBuilder_TestCases/TC3_Verify Report Builder Link functionality' successfully

2020-03-29 00:34:59 - [TEST_STEP][PASSED] - callTestCase(findTestCase("ReportBuilder_Pages/ReportSetup_Page/Verify Add Report button and Click"), [:], CONTINUE_ON_FAILURE): Call Test Case 'Test Cases/ReportBuilder_Pages/ReportSetup_Page/Verify Add Report button and Click' successfully

2020-03-29 00:34:59 - [TEST_CASE][PASSED] - Test Cases/ReportBuilder_Pages/ReportSetup_Page/Verify Add Report button and Click: Test Cases/ReportBuilder_Pages/ReportSetup_Page/Verify Add Report button and Click

2020-03-29 00:35:00 - [TEST_STEP][PASSED] - verifyElementPresent(findTestObject("Page_Restaurant Intranet/Left_Nav_Bar/div_ReportBuilderLink"), 0): Object 'Object Repository/Page_Restaurant Intranet/Left_Nav_Bar/div_ReportBuilderLink' is present

2020-03-29 00:35:00 - [MESSAGE][WARNING] - Timeout '0' is invalid. Using default page load timeout: '30'

2020-03-29 00:35:00 - [MESSAGE][PASSED] - Object 'Object Repository/Page_Restaurant Intranet/Left_Nav_Bar/div_ReportBuilderLink' is present

2020-03-29 00:35:00 - [TEST_STEP][NOT_RUN] - click(findTestObject("Page_Restaurant Intranet/Left_Nav_Bar/div_ReportBuilderLink"), CONTINUE_ON_FAILURE): NOT_RUN: click(findTestObject("Page_Restaurant Intranet/Left_Nav_Bar/div_ReportBuilderLink"), CONTINUE_ON_FAILURE)

2020-03-29 00:35:00 - [MESSAGE][NOT_RUN] - NOT_RUN: click(findTestObject("Page_Restaurant Intranet/Left_Nav_Bar/div_ReportBuilderLink"), CONTINUE_ON_FAILURE)

2020-03-29 00:35:00 - [TEST_STEP][PASSED] - waitForElementClickable(findTestObject("ReportBuilderUI/div_Report Setup"), ExplicitWait): Object 'Object Repository/ReportBuilderUI/div_Report Setup' is clickable

2020-03-29 00:35:00 - [MESSAGE][PASSED] - Object 'Object Repository/ReportBuilderUI/div_Report Setup' is clickable

2020-03-29 00:35:00 - [TEST_STEP][PASSED] - click(findTestObject("ReportBuilderUI/div_Report Setup")): Object: 'Object Repository/ReportBuilderUI/div_Report Setup' is clicked on

2020-03-29 00:35:00 - [MESSAGE][PASSED] - Object: 'Object Repository/ReportBuilderUI/div_Report Setup' is clicked on

2020-03-29 00:35:00 - [TEST_STEP][PASSED] - waitForElementClickable(findTestObject("ReportBuilderUI/button_Add"), 30): Object 'Object Repository/ReportBuilderUI/button_Add' is clickable

2020-03-29 00:35:00 - [MESSAGE][PASSED] - Object 'Object Repository/ReportBuilderUI/button_Add' is clickable

2020-03-29 00:35:00 - [TEST_STEP][PASSED] - click(findTestObject("ReportBuilderUI/button_Add")): Object: 'Object Repository/ReportBuilderUI/button_Add' is clicked on

2020-03-29 00:35:00 - [MESSAGE][PASSED] - Object: 'Object Repository/ReportBuilderUI/button_Add' is clicked on

2020-03-29 00:35:00 - [TEST_STEP][PASSED] - verifyTextPresent("Cross Location Report Builder", false): Text 'Cross Location Report Builder' is present on page 

2020-03-29 00:35:01 - [MESSAGE][PASSED] - Text 'Cross Location Report Builder' is present on page 

2020-03-29 00:35:01 - [MESSAGE][PASSED] - Call Test Case 'Test Cases/ReportBuilder_Pages/ReportSetup_Page/Verify Add Report button and Click' successfully

2020-03-29 00:35:01 - [TEST_STEP][PASSED] - callTestCase(findTestCase("ReportBuilder_Pages/CrossLocationReportBuilderSetup_Page/Give Report Name"), ["ReportName":ReportName], CONTINUE_ON_FAILURE): Call Test Case 'Test Cases/ReportBuilder_Pages/CrossLocationReportBuilderSetup_Page/Give Report Name' successfully

2020-03-29 00:35:01 - [TEST_CASE][PASSED] - Test Cases/ReportBuilder_Pages/CrossLocationReportBuilderSetup_Page/Give Report Name: Test Cases/ReportBuilder_Pages/CrossLocationReportBuilderSetup_Page/Give Report Name

2020-03-29 00:35:01 - [TEST_STEP][PASSED] - click(findTestObject("ReportSetupScreen/Name Your Report/input_Reports_form-item")): Object: 'Object Repository/ReportSetupScreen/Name Your Report/input_Reports_form-item' is clicked on

2020-03-29 00:35:01 - [MESSAGE][PASSED] - Object: 'Object Repository/ReportSetupScreen/Name Your Report/input_Reports_form-item' is clicked on

2020-03-29 00:35:01 - [TEST_STEP][PASSED] - setText(findTestObject("ReportSetupScreen/Name Your Report/input_Reports_form-item"), ReportName): Text 'Weekly Sales' is set on object 'Object Repository/ReportSetupScreen/Name Your Report/input_Reports_form-item'

2020-03-29 00:35:02 - [MESSAGE][PASSED] - Text 'Weekly Sales' is set on object 'Object Repository/ReportSetupScreen/Name Your Report/input_Reports_form-item'

2020-03-29 00:35:02 - [MESSAGE][PASSED] - Call Test Case 'Test Cases/ReportBuilder_Pages/CrossLocationReportBuilderSetup_Page/Give Report Name' successfully

2020-03-29 00:35:02 - [TEST_STEP][PASSED] - callTestCase(findTestCase("ReportBuilder_Pages/CrossLocationReportBuilderSetup_Page/Select Report Category"), ["ReportCategory":CategoryName], CONTINUE_ON_FAILURE): Call Test Case 'Test Cases/ReportBuilder_Pages/CrossLocationReportBuilderSetup_Page/Select Report Category' successfully

2020-03-29 00:35:02 - [TEST_CASE][PASSED] - Test Cases/ReportBuilder_Pages/CrossLocationReportBuilderSetup_Page/Select Report Category: Test Cases/ReportBuilder_Pages/CrossLocationReportBuilderSetup_Page/Select Report Category

2020-03-29 00:35:02 - [TEST_STEP][PASSED] - driver = getWebDriver(): null

2020-03-29 00:35:02 - [TEST_STEP][PASSED] - click(findTestObject("ReportSetupScreen/Name Your Report/input_Report Name_form-item ng-untouched ng-pristine ng-invalid")): Object: 'Object Repository/ReportSetupScreen/Name Your Report/input_Report Name_form-item ng-untouched ng-pristine ng-invalid' is clicked on

2020-03-29 00:35:02 - [MESSAGE][PASSED] - Object: 'Object Repository/ReportSetupScreen/Name Your Report/input_Report Name_form-item ng-untouched ng-pristine ng-invalid' is clicked on

2020-03-29 00:35:02 - [TEST_STEP][PASSED] - setText(findTestObject("ReportSetupScreen/Name Your Report/input_SelectCategory"), ReportCategory): Text 'Sales/Controllables' is set on object 'Object Repository/ReportSetupScreen/Name Your Report/input_SelectCategory'

2020-03-29 00:35:03 - [MESSAGE][PASSED] - Text 'Sales/Controllables' is set on object 'Object Repository/ReportSetupScreen/Name Your Report/input_SelectCategory'

2020-03-29 00:35:03 - [TEST_STEP][PASSED] - CategoryName = ReportCategory: null

2020-03-29 00:35:03 - [TEST_STEP][PASSED] - fields = driver.findElement(By.xpath("//span[text()="" + CategoryName + ""]")): null

2020-03-29 00:35:03 - [TEST_STEP][PASSED] - fields.click(): null

2020-03-29 00:35:03 - [TEST_STEP][PASSED] - delay(1): Delayed 1 second(s)

2020-03-29 00:35:04 - [MESSAGE][PASSED] - Delayed 1 second(s)

2020-03-29 00:35:04 - [MESSAGE][PASSED] - Call Test Case 'Test Cases/ReportBuilder_Pages/CrossLocationReportBuilderSetup_Page/Select Report Category' successfully

2020-03-29 00:35:04 - [TEST_STEP][PASSED] - callTestCase(findTestCase("ReportBuilder_Pages/CrossLocationReportBuilderSetup_Page/Data Grain with Present Data By/Select Data Grain And Present Data By options for Report"), [:], CONTINUE_ON_FAILURE): Call Test Case 'Test Cases/ReportBuilder_Pages/CrossLocationReportBuilderSetup_Page/Data Grain with Present Data By/Select Data Grain And Present Data By options for Report' successfully

2020-03-29 00:35:04 - [TEST_CASE][PASSED] - Test Cases/ReportBuilder_Pages/CrossLocationReportBuilderSetup_Page/Data Grain with Present Data By/Select Data Grain And Present Data By options for Report: Test Cases/ReportBuilder_Pages/CrossLocationReportBuilderSetup_Page/Data Grain with Present Data By/Select Data Grain And Present Data By options for Report

2020-03-29 00:35:04 - [TEST_STEP][PASSED] - DataGrain = DataGrain: null

2020-03-29 00:35:04 - [TEST_STEP][PASSED] - PresentBy = PresentBy: null

2020-03-29 00:35:04 - [TEST_STEP][PASSED] - if (DataGrain.equalsIgnoreCase("Daily") && PresentBy.equalsIgnoreCase("Day")): null

2020-03-29 00:35:04 - [TEST_STEP][PASSED] - else if (DataGrain.equalsIgnoreCase("Daily") && PresentBy.equalsIgnoreCase("Week")): null

2020-03-29 00:35:04 - [TEST_STEP][PASSED] - else if (DataGrain.equalsIgnoreCase("Daily") && PresentBy.equalsIgnoreCase("Month")): null

2020-03-29 00:35:04 - [TEST_STEP][PASSED] - else if (DataGrain.equalsIgnoreCase("Daily") && PresentBy.equalsIgnoreCase("EntireRange")): null

2020-03-29 00:35:04 - [TEST_STEP][PASSED] - else if (DataGrain.equalsIgnoreCase("Weekly") && PresentBy.equalsIgnoreCase("Week")): Call Test Case 'Test Cases/ReportBuilder_Pages/CrossLocationReportBuilderSetup_Page/Column Selection By Data Grain/Weekly Data Grain/Prime Cost - Weekly Data Grain' successfully

2020-03-29 00:35:04 - [TEST_STEP][PASSED] - callTestCase(findTestCase("ReportBuilder_Pages/CrossLocationReportBuilderSetup_Page/Data Grain with Present Data By/Grain By Weekly with Present By Week"), ["NoOfWeeks":NoOfWeeks], CONTINUE_ON_FAILURE): Call Test Case 'Test Cases/ReportBuilder_Pages/CrossLocationReportBuilderSetup_Page/Data Grain with Present Data By/Grain By Weekly with Present By Week' successfully

2020-03-29 00:35:04 - [TEST_CASE][PASSED] - Test Cases/ReportBuilder_Pages/CrossLocationReportBuilderSetup_Page/Data Grain with Present Data By/Grain By Weekly with Present By Week: Test Cases/ReportBuilder_Pages/CrossLocationReportBuilderSetup_Page/Data Grain with Present Data By/Grain By Weekly with Present By Week

2020-03-29 00:35:05 - [TEST_STEP][PASSED] - driver = getWebDriver(): null

2020-03-29 00:35:05 - [TEST_STEP][PASSED] - click(findTestObject("ReportSetupScreen/Data Grain/button_Weekly")): Object: 'Object Repository/ReportSetupScreen/Data Grain/button_Weekly' is clicked on

2020-03-29 00:35:05 - [MESSAGE][PASSED] - Object: 'Object Repository/ReportSetupScreen/Data Grain/button_Weekly' is clicked on

2020-03-29 00:35:05 - [TEST_STEP][PASSED] - click(findTestObject("ReportSetupScreen/Present Data By/button_Week")): Object: 'Object Repository/ReportSetupScreen/Present Data By/button_Week' is clicked on

2020-03-29 00:35:05 - [MESSAGE][PASSED] - Object: 'Object Repository/ReportSetupScreen/Present Data By/button_Week' is clicked on

2020-03-29 00:35:05 - [TEST_STEP][PASSED] - setText(findTestObject("ReportSetupScreen/Present Data By/input_Limit no of weeks_form-item ng-untouched ng-pristine ng-invalid"), NoOfWeeks): Text '13' is set on object 'Object Repository/ReportSetupScreen/Present Data By/input_Limit no of weeks_form-item ng-untouched ng-pristine ng-invalid'

2020-03-29 00:35:05 - [MESSAGE][PASSED] - Text '13' is set on object 'Object Repository/ReportSetupScreen/Present Data By/input_Limit no of weeks_form-item ng-untouched ng-pristine ng-invalid'

2020-03-29 00:35:05 - [TEST_STEP][PASSED] - Addcolumns = driver.findElement(By.xpath("//span[text()="Add Columns"]")): null

2020-03-29 00:35:05 - [TEST_STEP][PASSED] - je = driver: null

2020-03-29 00:35:05 - [TEST_STEP][PASSED] - je.executeScript("arguments[0].scrollIntoView(true)", Addcolumns): null

2020-03-29 00:35:05 - [MESSAGE][PASSED] - Call Test Case 'Test Cases/ReportBuilder_Pages/CrossLocationReportBuilderSetup_Page/Data Grain with Present Data By/Grain By Weekly with Present By Week' successfully

2020-03-29 00:35:05 - [TEST_STEP][PASSED] - callTestCase(findTestCase("ReportBuilder_Pages/CrossLocationReportBuilderSetup_Page/Column Selection By Data Grain/Weekly Data Grain/Net Sales - Weekly Data Grain"), [:], CONTINUE_ON_FAILURE): Call Test Case 'Test Cases/ReportBuilder_Pages/CrossLocationReportBuilderSetup_Page/Column Selection By Data Grain/Weekly Data Grain/Net Sales - Weekly Data Grain' successfully

2020-03-29 00:35:06 - [TEST_CASE][PASSED] - Test Cases/ReportBuilder_Pages/CrossLocationReportBuilderSetup_Page/Column Selection By Data Grain/Weekly Data Grain/Net Sales - Weekly Data Grain: Test Cases/ReportBuilder_Pages/CrossLocationReportBuilderSetup_Page/Column Selection By Data Grain/Weekly Data Grain/Net Sales - Weekly Data Grain

2020-03-29 00:35:06 - [TEST_STEP][PASSED] - click(findTestObject("ReportSetupScreen/Create Columns/link_Add Columns")): Object: 'Object Repository/ReportSetupScreen/Create Columns/link_Add Columns' is clicked on

2020-03-29 00:35:08 - [MESSAGE][PASSED] - Object: 'Object Repository/ReportSetupScreen/Create Columns/link_Add Columns' is clicked on

2020-03-29 00:35:08 - [TEST_STEP][PASSED] - click(findTestObject("ReportSetupScreen/Create Columns/drp_DataGroup")): Object: 'Object Repository/ReportSetupScreen/Create Columns/drp_DataGroup' is clicked on

2020-03-29 00:35:15 - [MESSAGE][PASSED] - Object: 'Object Repository/ReportSetupScreen/Create Columns/drp_DataGroup' is clicked on

2020-03-29 00:35:15 - [TEST_STEP][PASSED] - verifyElementClickable(findTestObject("ReportSetupScreen/DataGroupValues/Net Sales(DWM)/tupple_Net_Sales")): Object 'Object Repository/ReportSetupScreen/DataGroupValues/Net Sales(DWM)/tupple_Net_Sales' is clickable

2020-03-29 00:35:15 - [MESSAGE][PASSED] - Object 'Object Repository/ReportSetupScreen/DataGroupValues/Net Sales(DWM)/tupple_Net_Sales' is clickable

2020-03-29 00:35:15 - [TEST_STEP][PASSED] - click(findTestObject("ReportSetupScreen/DataGroupValues/Net Sales(DWM)/tupple_Net_Sales")): Object: 'Object Repository/ReportSetupScreen/DataGroupValues/Net Sales(DWM)/tupple_Net_Sales' is clicked on

2020-03-29 00:35:15 - [MESSAGE][PASSED] - Object: 'Object Repository/ReportSetupScreen/DataGroupValues/Net Sales(DWM)/tupple_Net_Sales' is clicked on

2020-03-29 00:35:15 - [TEST_STEP][PASSED] - click(findTestObject("ReportSetupScreen/DataGroupValues/Categories/Ctg_Actual")): Object: 'Object Repository/ReportSetupScreen/DataGroupValues/Categories/Ctg_Actual' is clicked on

2020-03-29 00:35:16 - [MESSAGE][PASSED] - Object: 'Object Repository/ReportSetupScreen/DataGroupValues/Categories/Ctg_Actual' is clicked on

2020-03-29 00:35:16 - [TEST_STEP][PASSED] - click(findTestObject("ReportSetupScreen/DataGroupValues/Categories/Ctg_LastYear")): Object: 'Object Repository/ReportSetupScreen/DataGroupValues/Categories/Ctg_LastYear' is clicked on

2020-03-29 00:35:16 - [MESSAGE][PASSED] - Object: 'Object Repository/ReportSetupScreen/DataGroupValues/Categories/Ctg_LastYear' is clicked on

2020-03-29 00:35:16 - [TEST_STEP][PASSED] - click(findTestObject("ReportSetupScreen/DataGroupValues/Categories/Ctg_Budget")): Object: 'Object Repository/ReportSetupScreen/DataGroupValues/Categories/Ctg_Budget' is clicked on

2020-03-29 00:35:16 - [MESSAGE][PASSED] - Object: 'Object Repository/ReportSetupScreen/DataGroupValues/Categories/Ctg_Budget' is clicked on

2020-03-29 00:35:16 - [TEST_STEP][PASSED] - delay(3, CONTINUE_ON_FAILURE): Delayed 3 second(s)

2020-03-29 00:35:19 - [MESSAGE][PASSED] - Delayed 3 second(s)

2020-03-29 00:35:19 - [TEST_STEP][PASSED] - click(findTestObject("ReportSetupScreen/Create Columns/button_Add Columns(s)")): Object: 'Object Repository/ReportSetupScreen/Create Columns/button_Add Columns(s)' is clicked on

2020-03-29 00:35:19 - [MESSAGE][PASSED] - Object: 'Object Repository/ReportSetupScreen/Create Columns/button_Add Columns(s)' is clicked on

2020-03-29 00:35:19 - [MESSAGE][PASSED] - Call Test Case 'Test Cases/ReportBuilder_Pages/CrossLocationReportBuilderSetup_Page/Column Selection By Data Grain/Weekly Data Grain/Net Sales - Weekly Data Grain' successfully

2020-03-29 00:35:19 - [TEST_STEP][PASSED] - callTestCase(findTestCase("ReportBuilder_Pages/CrossLocationReportBuilderSetup_Page/Column Selection By Data Grain/Weekly Data Grain/Guest Count- Weekly Data Grain"), [:], CONTINUE_ON_FAILURE): Call Test Case 'Test Cases/ReportBuilder_Pages/CrossLocationReportBuilderSetup_Page/Column Selection By Data Grain/Weekly Data Grain/Guest Count- Weekly Data Grain' successfully

2020-03-29 00:35:19 - [TEST_CASE][PASSED] - Test Cases/ReportBuilder_Pages/CrossLocationReportBuilderSetup_Page/Column Selection By Data Grain/Weekly Data Grain/Guest Count- Weekly Data Grain: Test Cases/ReportBuilder_Pages/CrossLocationReportBuilderSetup_Page/Column Selection By Data Grain/Weekly Data Grain/Guest Count- Weekly Data Grain

2020-03-29 00:35:20 - [TEST_STEP][PASSED] - click(findTestObject("ReportSetupScreen/Create Columns/link_Add Columns")): Object: 'Object Repository/ReportSetupScreen/Create Columns/link_Add Columns' is clicked on

2020-03-29 00:35:20 - [MESSAGE][PASSED] - Object: 'Object Repository/ReportSetupScreen/Create Columns/link_Add Columns' is clicked on

2020-03-29 00:35:20 - [TEST_STEP][PASSED] - click(findTestObject("ReportSetupScreen/Create Columns/drp_DataGroup")): Object: 'Object Repository/ReportSetupScreen/Create Columns/drp_DataGroup' is clicked on

2020-03-29 00:35:20 - [MESSAGE][PASSED] - Object: 'Object Repository/ReportSetupScreen/Create Columns/drp_DataGroup' is clicked on

2020-03-29 00:35:20 - [TEST_STEP][PASSED] - verifyElementClickable(findTestObject("ReportSetupScreen/DataGroupValues/Guest Count/Tpl_GuestCount")): Object 'Object Repository/ReportSetupScreen/DataGroupValues/Guest Count/Tpl_GuestCount' is clickable

2020-03-29 00:35:20 - [MESSAGE][PASSED] - Object 'Object Repository/ReportSetupScreen/DataGroupValues/Guest Count/Tpl_GuestCount' is clickable

2020-03-29 00:35:20 - [TEST_STEP][PASSED] - click(findTestObject("ReportSetupScreen/DataGroupValues/Guest Count/Tpl_GuestCount")): Object: 'Object Repository/ReportSetupScreen/DataGroupValues/Guest Count/Tpl_GuestCount' is clicked on

2020-03-29 00:35:20 - [MESSAGE][PASSED] - Object: 'Object Repository/ReportSetupScreen/DataGroupValues/Guest Count/Tpl_GuestCount' is clicked on

2020-03-29 00:35:20 - [TEST_STEP][PASSED] - click(findTestObject("ReportSetupScreen/DataGroupValues/Categories/Ctg_Actual")): Object: 'Object Repository/ReportSetupScreen/DataGroupValues/Categories/Ctg_Actual' is clicked on

2020-03-29 00:35:21 - [MESSAGE][PASSED] - Object: 'Object Repository/ReportSetupScreen/DataGroupValues/Categories/Ctg_Actual' is clicked on

2020-03-29 00:35:21 - [TEST_STEP][PASSED] - click(findTestObject("ReportSetupScreen/DataGroupValues/Categories/Ctg_LastYear")): Object: 'Object Repository/ReportSetupScreen/DataGroupValues/Categories/Ctg_LastYear' is clicked on

2020-03-29 00:35:21 - [MESSAGE][PASSED] - Object: 'Object Repository/ReportSetupScreen/DataGroupValues/Categories/Ctg_LastYear' is clicked on

2020-03-29 00:35:21 - [TEST_STEP][PASSED] - click(findTestObject("ReportSetupScreen/Create Columns/button_Add Columns(s)")): Object: 'Object Repository/ReportSetupScreen/Create Columns/button_Add Columns(s)' is clicked on

2020-03-29 00:35:21 - [MESSAGE][PASSED] - Object: 'Object Repository/ReportSetupScreen/Create Columns/button_Add Columns(s)' is clicked on

2020-03-29 00:35:21 - [MESSAGE][PASSED] - Call Test Case 'Test Cases/ReportBuilder_Pages/CrossLocationReportBuilderSetup_Page/Column Selection By Data Grain/Weekly Data Grain/Guest Count- Weekly Data Grain' successfully

2020-03-29 00:35:21 - [TEST_STEP][PASSED] - callTestCase(findTestCase("ReportBuilder_Pages/CrossLocationReportBuilderSetup_Page/Column Selection By Data Grain/Weekly Data Grain/Average Ticket - Weekly Data Grain"), [:], CONTINUE_ON_FAILURE): Call Test Case 'Test Cases/ReportBuilder_Pages/CrossLocationReportBuilderSetup_Page/Column Selection By Data Grain/Weekly Data Grain/Average Ticket - Weekly Data Grain' successfully

2020-03-29 00:35:21 - [TEST_CASE][PASSED] - Test Cases/ReportBuilder_Pages/CrossLocationReportBuilderSetup_Page/Column Selection By Data Grain/Weekly Data Grain/Average Ticket - Weekly Data Grain: Test Cases/ReportBuilder_Pages/CrossLocationReportBuilderSetup_Page/Column Selection By Data Grain/Weekly Data Grain/Average Ticket - Weekly Data Grain

2020-03-29 00:35:22 - [TEST_STEP][PASSED] - click(findTestObject("ReportSetupScreen/Create Columns/link_Add Columns")): Object: 'Object Repository/ReportSetupScreen/Create Columns/link_Add Columns' is clicked on

2020-03-29 00:35:22 - [MESSAGE][PASSED] - Object: 'Object Repository/ReportSetupScreen/Create Columns/link_Add Columns' is clicked on

2020-03-29 00:35:22 - [TEST_STEP][PASSED] - click(findTestObject("ReportSetupScreen/Create Columns/drp_DataGroup")): Object: 'Object Repository/ReportSetupScreen/Create Columns/drp_DataGroup' is clicked on

2020-03-29 00:35:22 - [MESSAGE][PASSED] - Object: 'Object Repository/ReportSetupScreen/Create Columns/drp_DataGroup' is clicked on

2020-03-29 00:35:22 - [TEST_STEP][PASSED] - verifyElementClickable(findTestObject("ReportSetupScreen/DataGroupValues/Average Check/Tpl_AvrgCheck")): Object 'Object Repository/ReportSetupScreen/DataGroupValues/Average Check/Tpl_AvrgCheck' is clickable

2020-03-29 00:35:22 - [MESSAGE][PASSED] - Object 'Object Repository/ReportSetupScreen/DataGroupValues/Average Check/Tpl_AvrgCheck' is clickable

2020-03-29 00:35:22 - [TEST_STEP][PASSED] - click(findTestObject("ReportSetupScreen/DataGroupValues/Average Check/Tpl_AvrgCheck")): Object: 'Object Repository/ReportSetupScreen/DataGroupValues/Average Check/Tpl_AvrgCheck' is clicked on

2020-03-29 00:35:22 - [MESSAGE][PASSED] - Object: 'Object Repository/ReportSetupScreen/DataGroupValues/Average Check/Tpl_AvrgCheck' is clicked on

2020-03-29 00:35:22 - [TEST_STEP][PASSED] - click(findTestObject("ReportSetupScreen/DataGroupValues/Categories/Ctg_Actual")): Object: 'Object Repository/ReportSetupScreen/DataGroupValues/Categories/Ctg_Actual' is clicked on

2020-03-29 00:35:23 - [MESSAGE][PASSED] - Object: 'Object Repository/ReportSetupScreen/DataGroupValues/Categories/Ctg_Actual' is clicked on

2020-03-29 00:35:23 - [TEST_STEP][PASSED] - click(findTestObject("ReportSetupScreen/DataGroupValues/Categories/Ctg_LastYear")): Object: 'Object Repository/ReportSetupScreen/DataGroupValues/Categories/Ctg_LastYear' is clicked on

2020-03-29 00:35:23 - [MESSAGE][PASSED] - Object: 'Object Repository/ReportSetupScreen/DataGroupValues/Categories/Ctg_LastYear' is clicked on

2020-03-29 00:35:23 - [TEST_STEP][NOT_RUN] - click(findTestObject("ReportSetupScreen/DataGroupValues/Categories/Ctg_LastWeek")): NOT_RUN: click(findTestObject("ReportSetupScreen/DataGroupValues/Categories/Ctg_LastWeek"))

2020-03-29 00:35:23 - [MESSAGE][NOT_RUN] - NOT_RUN: click(findTestObject("ReportSetupScreen/DataGroupValues/Categories/Ctg_LastWeek"))

2020-03-29 00:35:23 - [TEST_STEP][PASSED] - click(findTestObject("ReportSetupScreen/Create Columns/button_Add Columns(s)")): Object: 'Object Repository/ReportSetupScreen/Create Columns/button_Add Columns(s)' is clicked on

2020-03-29 00:35:23 - [MESSAGE][PASSED] - Object: 'Object Repository/ReportSetupScreen/Create Columns/button_Add Columns(s)' is clicked on

2020-03-29 00:35:23 - [MESSAGE][PASSED] - Call Test Case 'Test Cases/ReportBuilder_Pages/CrossLocationReportBuilderSetup_Page/Column Selection By Data Grain/Weekly Data Grain/Average Ticket - Weekly Data Grain' successfully

2020-03-29 00:35:23 - [TEST_STEP][PASSED] - callTestCase(findTestCase("ReportBuilder_Pages/CrossLocationReportBuilderSetup_Page/Column Selection By Data Grain/Weekly Data Grain/Labor Cost-Weekly Data Grain"), [:], CONTINUE_ON_FAILURE): Call Test Case 'Test Cases/ReportBuilder_Pages/CrossLocationReportBuilderSetup_Page/Column Selection By Data Grain/Weekly Data Grain/Labor Cost-Weekly Data Grain' successfully

2020-03-29 00:35:23 - [TEST_CASE][PASSED] - Test Cases/ReportBuilder_Pages/CrossLocationReportBuilderSetup_Page/Column Selection By Data Grain/Weekly Data Grain/Labor Cost-Weekly Data Grain: Test Cases/ReportBuilder_Pages/CrossLocationReportBuilderSetup_Page/Column Selection By Data Grain/Weekly Data Grain/Labor Cost-Weekly Data Grain

2020-03-29 00:35:24 - [TEST_STEP][PASSED] - click(findTestObject("ReportSetupScreen/Create Columns/link_Add Columns")): Object: 'Object Repository/ReportSetupScreen/Create Columns/link_Add Columns' is clicked on

2020-03-29 00:35:24 - [MESSAGE][PASSED] - Object: 'Object Repository/ReportSetupScreen/Create Columns/link_Add Columns' is clicked on

2020-03-29 00:35:24 - [TEST_STEP][PASSED] - click(findTestObject("ReportSetupScreen/Create Columns/drp_DataGroup")): Object: 'Object Repository/ReportSetupScreen/Create Columns/drp_DataGroup' is clicked on

2020-03-29 00:35:24 - [MESSAGE][PASSED] - Object: 'Object Repository/ReportSetupScreen/Create Columns/drp_DataGroup' is clicked on

2020-03-29 00:35:24 - [TEST_STEP][PASSED] - verifyElementClickable(findTestObject("ReportSetupScreen/DataGroupValues/Labor Cost/tpl_LaborCost")): Object 'Object Repository/ReportSetupScreen/DataGroupValues/Labor Cost/tpl_LaborCost' is clickable

2020-03-29 00:35:24 - [MESSAGE][PASSED] - Object 'Object Repository/ReportSetupScreen/DataGroupValues/Labor Cost/tpl_LaborCost' is clickable

2020-03-29 00:35:24 - [TEST_STEP][PASSED] - click(findTestObject("ReportSetupScreen/DataGroupValues/Labor Cost/tpl_LaborCost")): Object: 'Object Repository/ReportSetupScreen/DataGroupValues/Labor Cost/tpl_LaborCost' is clicked on

2020-03-29 00:35:24 - [MESSAGE][PASSED] - Object: 'Object Repository/ReportSetupScreen/DataGroupValues/Labor Cost/tpl_LaborCost' is clicked on

2020-03-29 00:35:24 - [TEST_STEP][PASSED] - click(findTestObject("ReportSetupScreen/DataGroupValues/Categories/Ctg_Actual")): Object: 'Object Repository/ReportSetupScreen/DataGroupValues/Categories/Ctg_Actual' is clicked on

2020-03-29 00:35:25 - [MESSAGE][PASSED] - Object: 'Object Repository/ReportSetupScreen/DataGroupValues/Categories/Ctg_Actual' is clicked on

2020-03-29 00:35:25 - [TEST_STEP][PASSED] - click(findTestObject("ReportSetupScreen/DataGroupValues/Categories/Ctg_LastYear")): Object: 'Object Repository/ReportSetupScreen/DataGroupValues/Categories/Ctg_LastYear' is clicked on

2020-03-29 00:35:25 - [MESSAGE][PASSED] - Object: 'Object Repository/ReportSetupScreen/DataGroupValues/Categories/Ctg_LastYear' is clicked on

2020-03-29 00:35:25 - [TEST_STEP][NOT_RUN] - click(findTestObject("ReportSetupScreen/DataGroupValues/Categories/Ctg_LastWeek")): NOT_RUN: click(findTestObject("ReportSetupScreen/DataGroupValues/Categories/Ctg_LastWeek"))

2020-03-29 00:35:25 - [MESSAGE][NOT_RUN] - NOT_RUN: click(findTestObject("ReportSetupScreen/DataGroupValues/Categories/Ctg_LastWeek"))

2020-03-29 00:35:25 - [TEST_STEP][PASSED] - click(findTestObject("ReportSetupScreen/DataGroupValues/Categories/Ctg_Budget")): Object: 'Object Repository/ReportSetupScreen/DataGroupValues/Categories/Ctg_Budget' is clicked on

2020-03-29 00:35:25 - [MESSAGE][PASSED] - Object: 'Object Repository/ReportSetupScreen/DataGroupValues/Categories/Ctg_Budget' is clicked on

2020-03-29 00:35:25 - [TEST_STEP][PASSED] - click(findTestObject("ReportSetupScreen/Create Columns/button_Add Columns(s)")): Object: 'Object Repository/ReportSetupScreen/Create Columns/button_Add Columns(s)' is clicked on

2020-03-29 00:35:26 - [MESSAGE][PASSED] - Object: 'Object Repository/ReportSetupScreen/Create Columns/button_Add Columns(s)' is clicked on

2020-03-29 00:35:26 - [MESSAGE][PASSED] - Call Test Case 'Test Cases/ReportBuilder_Pages/CrossLocationReportBuilderSetup_Page/Column Selection By Data Grain/Weekly Data Grain/Labor Cost-Weekly Data Grain' successfully

2020-03-29 00:35:26 - [TEST_STEP][PASSED] - callTestCase(findTestCase("ReportBuilder_Pages/CrossLocationReportBuilderSetup_Page/Column Selection By Data Grain/Weekly Data Grain/Gross Sales -Weekly Data Grain"), [:], CONTINUE_ON_FAILURE): Call Test Case 'Test Cases/ReportBuilder_Pages/CrossLocationReportBuilderSetup_Page/Column Selection By Data Grain/Weekly Data Grain/Gross Sales -Weekly Data Grain' successfully

2020-03-29 00:35:26 - [TEST_CASE][PASSED] - Test Cases/ReportBuilder_Pages/CrossLocationReportBuilderSetup_Page/Column Selection By Data Grain/Weekly Data Grain/Gross Sales -Weekly Data Grain: Test Cases/ReportBuilder_Pages/CrossLocationReportBuilderSetup_Page/Column Selection By Data Grain/Weekly Data Grain/Gross Sales -Weekly Data Grain

2020-03-29 00:35:26 - [TEST_STEP][PASSED] - click(findTestObject("ReportSetupScreen/Create Columns/link_Add Columns")): Object: 'Object Repository/ReportSetupScreen/Create Columns/link_Add Columns' is clicked on

2020-03-29 00:35:26 - [MESSAGE][PASSED] - Object: 'Object Repository/ReportSetupScreen/Create Columns/link_Add Columns' is clicked on

2020-03-29 00:35:26 - [TEST_STEP][PASSED] - click(findTestObject("ReportSetupScreen/Create Columns/drp_DataGroup")): Object: 'Object Repository/ReportSetupScreen/Create Columns/drp_DataGroup' is clicked on

2020-03-29 00:35:27 - [MESSAGE][PASSED] - Object: 'Object Repository/ReportSetupScreen/Create Columns/drp_DataGroup' is clicked on

2020-03-29 00:35:27 - [TEST_STEP][PASSED] - verifyElementClickable(findTestObject("ReportSetupScreen/DataGroupValues/Gross Sales/Tpl_Gross Sales")): Object 'Object Repository/ReportSetupScreen/DataGroupValues/Gross Sales/Tpl_Gross Sales' is clickable

2020-03-29 00:35:27 - [MESSAGE][PASSED] - Object 'Object Repository/ReportSetupScreen/DataGroupValues/Gross Sales/Tpl_Gross Sales' is clickable

2020-03-29 00:35:27 - [TEST_STEP][PASSED] - click(findTestObject("ReportSetupScreen/DataGroupValues/Gross Sales/Tpl_Gross Sales")): Object: 'Object Repository/ReportSetupScreen/DataGroupValues/Gross Sales/Tpl_Gross Sales' is clicked on

2020-03-29 00:35:27 - [MESSAGE][PASSED] - Object: 'Object Repository/ReportSetupScreen/DataGroupValues/Gross Sales/Tpl_Gross Sales' is clicked on

2020-03-29 00:35:27 - [TEST_STEP][PASSED] - click(findTestObject("ReportSetupScreen/DataGroupValues/Categories/Ctg_Actual")): Object: 'Object Repository/ReportSetupScreen/DataGroupValues/Categories/Ctg_Actual' is clicked on

2020-03-29 00:35:28 - [MESSAGE][PASSED] - Object: 'Object Repository/ReportSetupScreen/DataGroupValues/Categories/Ctg_Actual' is clicked on

2020-03-29 00:35:28 - [TEST_STEP][PASSED] - click(findTestObject("ReportSetupScreen/DataGroupValues/Categories/Ctg_LastYear")): Object: 'Object Repository/ReportSetupScreen/DataGroupValues/Categories/Ctg_LastYear' is clicked on

2020-03-29 00:35:28 - [MESSAGE][PASSED] - Object: 'Object Repository/ReportSetupScreen/DataGroupValues/Categories/Ctg_LastYear' is clicked on

2020-03-29 00:35:28 - [TEST_STEP][PASSED] - click(findTestObject("ReportSetupScreen/Create Columns/button_Add Columns(s)")): Object: 'Object Repository/ReportSetupScreen/Create Columns/button_Add Columns(s)' is clicked on

2020-03-29 00:35:28 - [MESSAGE][PASSED] - Object: 'Object Repository/ReportSetupScreen/Create Columns/button_Add Columns(s)' is clicked on

2020-03-29 00:35:28 - [MESSAGE][PASSED] - Call Test Case 'Test Cases/ReportBuilder_Pages/CrossLocationReportBuilderSetup_Page/Column Selection By Data Grain/Weekly Data Grain/Gross Sales -Weekly Data Grain' successfully

2020-03-29 00:35:28 - [TEST_STEP][PASSED] - callTestCase(findTestCase("ReportBuilder_Pages/CrossLocationReportBuilderSetup_Page/Column Selection By Data Grain/Weekly Data Grain/Labor Hours -Weekly Data Grain"), [:], CONTINUE_ON_FAILURE): Call Test Case 'Test Cases/ReportBuilder_Pages/CrossLocationReportBuilderSetup_Page/Column Selection By Data Grain/Weekly Data Grain/Labor Hours -Weekly Data Grain' successfully

2020-03-29 00:35:28 - [TEST_CASE][PASSED] - Test Cases/ReportBuilder_Pages/CrossLocationReportBuilderSetup_Page/Column Selection By Data Grain/Weekly Data Grain/Labor Hours -Weekly Data Grain: Test Cases/ReportBuilder_Pages/CrossLocationReportBuilderSetup_Page/Column Selection By Data Grain/Weekly Data Grain/Labor Hours -Weekly Data Grain

2020-03-29 00:35:28 - [TEST_STEP][PASSED] - click(findTestObject("ReportSetupScreen/Create Columns/link_Add Columns")): Object: 'Object Repository/ReportSetupScreen/Create Columns/link_Add Columns' is clicked on

2020-03-29 00:35:29 - [MESSAGE][PASSED] - Object: 'Object Repository/ReportSetupScreen/Create Columns/link_Add Columns' is clicked on

2020-03-29 00:35:29 - [TEST_STEP][PASSED] - click(findTestObject("ReportSetupScreen/Create Columns/drp_DataGroup")): Object: 'Object Repository/ReportSetupScreen/Create Columns/drp_DataGroup' is clicked on

2020-03-29 00:35:29 - [MESSAGE][PASSED] - Object: 'Object Repository/ReportSetupScreen/Create Columns/drp_DataGroup' is clicked on

2020-03-29 00:35:29 - [TEST_STEP][PASSED] - verifyElementClickable(findTestObject("ReportSetupScreen/DataGroupValues/Labor Hours/Tpl_Labor Hours")): Object 'Object Repository/ReportSetupScreen/DataGroupValues/Labor Hours/Tpl_Labor Hours' is clickable

2020-03-29 00:35:29 - [MESSAGE][PASSED] - Object 'Object Repository/ReportSetupScreen/DataGroupValues/Labor Hours/Tpl_Labor Hours' is clickable

2020-03-29 00:35:29 - [TEST_STEP][PASSED] - click(findTestObject("ReportSetupScreen/DataGroupValues/Labor Hours/Tpl_Labor Hours")): Object: 'Object Repository/ReportSetupScreen/DataGroupValues/Labor Hours/Tpl_Labor Hours' is clicked on

2020-03-29 00:35:29 - [MESSAGE][PASSED] - Object: 'Object Repository/ReportSetupScreen/DataGroupValues/Labor Hours/Tpl_Labor Hours' is clicked on

2020-03-29 00:35:29 - [TEST_STEP][PASSED] - click(findTestObject("ReportSetupScreen/DataGroupValues/Categories/Ctg_Actual")): Object: 'Object Repository/ReportSetupScreen/DataGroupValues/Categories/Ctg_Actual' is clicked on

2020-03-29 00:35:30 - [MESSAGE][PASSED] - Object: 'Object Repository/ReportSetupScreen/DataGroupValues/Categories/Ctg_Actual' is clicked on

2020-03-29 00:35:30 - [TEST_STEP][PASSED] - click(findTestObject("ReportSetupScreen/DataGroupValues/Categories/Ctg_LastYear")): Object: 'Object Repository/ReportSetupScreen/DataGroupValues/Categories/Ctg_LastYear' is clicked on

2020-03-29 00:35:30 - [MESSAGE][PASSED] - Object: 'Object Repository/ReportSetupScreen/DataGroupValues/Categories/Ctg_LastYear' is clicked on

2020-03-29 00:35:30 - [TEST_STEP][PASSED] - click(findTestObject("ReportSetupScreen/Create Columns/button_Add Columns(s)")): Object: 'Object Repository/ReportSetupScreen/Create Columns/button_Add Columns(s)' is clicked on

2020-03-29 00:35:30 - [MESSAGE][PASSED] - Object: 'Object Repository/ReportSetupScreen/Create Columns/button_Add Columns(s)' is clicked on

2020-03-29 00:35:30 - [MESSAGE][PASSED] - Call Test Case 'Test Cases/ReportBuilder_Pages/CrossLocationReportBuilderSetup_Page/Column Selection By Data Grain/Weekly Data Grain/Labor Hours -Weekly Data Grain' successfully

2020-03-29 00:35:30 - [TEST_STEP][PASSED] - callTestCase(findTestCase("ReportBuilder_Pages/CrossLocationReportBuilderSetup_Page/Column Selection By Data Grain/Weekly Data Grain/COGS - Weekly Data Grain"), [:], CONTINUE_ON_FAILURE): Call Test Case 'Test Cases/ReportBuilder_Pages/CrossLocationReportBuilderSetup_Page/Column Selection By Data Grain/Weekly Data Grain/COGS - Weekly Data Grain' successfully

2020-03-29 00:35:31 - [TEST_CASE][PASSED] - Test Cases/ReportBuilder_Pages/CrossLocationReportBuilderSetup_Page/Column Selection By Data Grain/Weekly Data Grain/COGS - Weekly Data Grain: Test Cases/ReportBuilder_Pages/CrossLocationReportBuilderSetup_Page/Column Selection By Data Grain/Weekly Data Grain/COGS - Weekly Data Grain

2020-03-29 00:35:31 - [TEST_STEP][PASSED] - click(findTestObject("ReportSetupScreen/Create Columns/link_Add Columns")): Object: 'Object Repository/ReportSetupScreen/Create Columns/link_Add Columns' is clicked on

2020-03-29 00:35:31 - [MESSAGE][PASSED] - Object: 'Object Repository/ReportSetupScreen/Create Columns/link_Add Columns' is clicked on

2020-03-29 00:35:31 - [TEST_STEP][PASSED] - click(findTestObject("ReportSetupScreen/Create Columns/drp_DataGroup")): Object: 'Object Repository/ReportSetupScreen/Create Columns/drp_DataGroup' is clicked on

2020-03-29 00:35:31 - [MESSAGE][PASSED] - Object: 'Object Repository/ReportSetupScreen/Create Columns/drp_DataGroup' is clicked on

2020-03-29 00:35:31 - [TEST_STEP][PASSED] - verifyElementClickable(findTestObject("ReportSetupScreen/DataGroupValues/COGS/tpl_COGS")): Object 'Object Repository/ReportSetupScreen/DataGroupValues/COGS/tpl_COGS' is clickable

2020-03-29 00:35:31 - [MESSAGE][PASSED] - Object 'Object Repository/ReportSetupScreen/DataGroupValues/COGS/tpl_COGS' is clickable

2020-03-29 00:35:31 - [TEST_STEP][PASSED] - click(findTestObject("ReportSetupScreen/DataGroupValues/COGS/tpl_COGS")): Object: 'Object Repository/ReportSetupScreen/DataGroupValues/COGS/tpl_COGS' is clicked on

2020-03-29 00:35:32 - [MESSAGE][PASSED] - Object: 'Object Repository/ReportSetupScreen/DataGroupValues/COGS/tpl_COGS' is clicked on

2020-03-29 00:35:32 - [TEST_STEP][PASSED] - click(findTestObject("ReportSetupScreen/DataGroupValues/Categories/Ctg_Actual")): Object: 'Object Repository/ReportSetupScreen/DataGroupValues/Categories/Ctg_Actual' is clicked on

2020-03-29 00:35:32 - [MESSAGE][PASSED] - Object: 'Object Repository/ReportSetupScreen/DataGroupValues/Categories/Ctg_Actual' is clicked on

2020-03-29 00:35:32 - [TEST_STEP][PASSED] - click(findTestObject("ReportSetupScreen/DataGroupValues/Categories/Ctg_LastYear")): Object: 'Object Repository/ReportSetupScreen/DataGroupValues/Categories/Ctg_LastYear' is clicked on

2020-03-29 00:35:33 - [MESSAGE][PASSED] - Object: 'Object Repository/ReportSetupScreen/DataGroupValues/Categories/Ctg_LastYear' is clicked on

2020-03-29 00:35:33 - [TEST_STEP][PASSED] - click(findTestObject("ReportSetupScreen/DataGroupValues/Categories/Ctg_Budget")): Object: 'Object Repository/ReportSetupScreen/DataGroupValues/Categories/Ctg_Budget' is clicked on

2020-03-29 00:35:33 - [MESSAGE][PASSED] - Object: 'Object Repository/ReportSetupScreen/DataGroupValues/Categories/Ctg_Budget' is clicked on

2020-03-29 00:35:33 - [TEST_STEP][PASSED] - click(findTestObject("ReportSetupScreen/Create Columns/button_Add Columns(s)")): Object: 'Object Repository/ReportSetupScreen/Create Columns/button_Add Columns(s)' is clicked on

2020-03-29 00:35:33 - [MESSAGE][PASSED] - Object: 'Object Repository/ReportSetupScreen/Create Columns/button_Add Columns(s)' is clicked on

2020-03-29 00:35:33 - [MESSAGE][PASSED] - Call Test Case 'Test Cases/ReportBuilder_Pages/CrossLocationReportBuilderSetup_Page/Column Selection By Data Grain/Weekly Data Grain/COGS - Weekly Data Grain' successfully

2020-03-29 00:35:33 - [TEST_STEP][PASSED] - callTestCase(findTestCase("ReportBuilder_Pages/CrossLocationReportBuilderSetup_Page/Column Selection By Data Grain/Weekly Data Grain/Prime Cost - Weekly Data Grain"), [:], CONTINUE_ON_FAILURE): Call Test Case 'Test Cases/ReportBuilder_Pages/CrossLocationReportBuilderSetup_Page/Column Selection By Data Grain/Weekly Data Grain/Prime Cost - Weekly Data Grain' successfully

2020-03-29 00:35:33 - [TEST_CASE][PASSED] - Test Cases/ReportBuilder_Pages/CrossLocationReportBuilderSetup_Page/Column Selection By Data Grain/Weekly Data Grain/Prime Cost - Weekly Data Grain: Test Cases/ReportBuilder_Pages/CrossLocationReportBuilderSetup_Page/Column Selection By Data Grain/Weekly Data Grain/Prime Cost - Weekly Data Grain

2020-03-29 00:35:34 - [TEST_STEP][PASSED] - click(findTestObject("ReportSetupScreen/Create Columns/link_Add Columns")): Object: 'Object Repository/ReportSetupScreen/Create Columns/link_Add Columns' is clicked on

2020-03-29 00:35:34 - [MESSAGE][PASSED] - Object: 'Object Repository/ReportSetupScreen/Create Columns/link_Add Columns' is clicked on

2020-03-29 00:35:34 - [TEST_STEP][PASSED] - click(findTestObject("ReportSetupScreen/Create Columns/drp_DataGroup")): Object: 'Object Repository/ReportSetupScreen/Create Columns/drp_DataGroup' is clicked on

2020-03-29 00:35:34 - [MESSAGE][PASSED] - Object: 'Object Repository/ReportSetupScreen/Create Columns/drp_DataGroup' is clicked on

2020-03-29 00:35:34 - [TEST_STEP][PASSED] - verifyElementClickable(findTestObject("ReportSetupScreen/DataGroupValues/Prime Cost/tpl_PrimeCost")): Object 'Object Repository/ReportSetupScreen/DataGroupValues/Prime Cost/tpl_PrimeCost' is clickable

2020-03-29 00:35:34 - [MESSAGE][PASSED] - Object 'Object Repository/ReportSetupScreen/DataGroupValues/Prime Cost/tpl_PrimeCost' is clickable

2020-03-29 00:35:34 - [TEST_STEP][PASSED] - click(findTestObject("ReportSetupScreen/DataGroupValues/Prime Cost/tpl_PrimeCost")): Object: 'Object Repository/ReportSetupScreen/DataGroupValues/Prime Cost/tpl_PrimeCost' is clicked on

2020-03-29 00:35:35 - [MESSAGE][PASSED] - Object: 'Object Repository/ReportSetupScreen/DataGroupValues/Prime Cost/tpl_PrimeCost' is clicked on

2020-03-29 00:35:35 - [TEST_STEP][PASSED] - click(findTestObject("ReportSetupScreen/DataGroupValues/Categories/Ctg_Actual")): Object: 'Object Repository/ReportSetupScreen/DataGroupValues/Categories/Ctg_Actual' is clicked on

2020-03-29 00:35:35 - [MESSAGE][PASSED] - Object: 'Object Repository/ReportSetupScreen/DataGroupValues/Categories/Ctg_Actual' is clicked on

2020-03-29 00:35:35 - [TEST_STEP][PASSED] - click(findTestObject("ReportSetupScreen/DataGroupValues/Categories/Ctg_LastYear")): Object: 'Object Repository/ReportSetupScreen/DataGroupValues/Categories/Ctg_LastYear' is clicked on

2020-03-29 00:35:36 - [MESSAGE][PASSED] - Object: 'Object Repository/ReportSetupScreen/DataGroupValues/Categories/Ctg_LastYear' is clicked on

2020-03-29 00:35:36 - [TEST_STEP][PASSED] - click(findTestObject("ReportSetupScreen/DataGroupValues/Categories/Ctg_Budget")): Object: 'Object Repository/ReportSetupScreen/DataGroupValues/Categories/Ctg_Budget' is clicked on

2020-03-29 00:35:36 - [MESSAGE][PASSED] - Object: 'Object Repository/ReportSetupScreen/DataGroupValues/Categories/Ctg_Budget' is clicked on

2020-03-29 00:35:36 - [TEST_STEP][PASSED] - click(findTestObject("ReportSetupScreen/Create Columns/button_Add Columns(s)")): Object: 'Object Repository/ReportSetupScreen/Create Columns/button_Add Columns(s)' is clicked on

2020-03-29 00:35:36 - [MESSAGE][PASSED] - Object: 'Object Repository/ReportSetupScreen/Create Columns/button_Add Columns(s)' is clicked on

2020-03-29 00:35:36 - [MESSAGE][PASSED] - Call Test Case 'Test Cases/ReportBuilder_Pages/CrossLocationReportBuilderSetup_Page/Column Selection By Data Grain/Weekly Data Grain/Prime Cost - Weekly Data Grain' successfully

2020-03-29 00:35:36 - [MESSAGE][PASSED] - Call Test Case 'Test Cases/ReportBuilder_Pages/CrossLocationReportBuilderSetup_Page/Data Grain with Present Data By/Select Data Grain And Present Data By options for Report' successfully

2020-03-29 00:35:36 - [TEST_STEP][PASSED] - ColumnListNew = []: null

2020-03-29 00:35:36 - [TEST_STEP][PASSED] - ColumnListNew = reportbuildercustom.RB_Keywords.verifyTotalAddedColumns(): reportbuildercustom.RB_Keywords.verifyTotalAddedColumns is PASSED

2020-03-29 00:35:38 - [MESSAGE][PASSED] - reportbuildercustom.RB_Keywords.verifyTotalAddedColumns is PASSED

2020-03-29 00:35:38 - [TEST_STEP][PASSED] - TotalNoOfColumnsAdded = ColumnListNew.size(): null

2020-03-29 00:35:38 - [TEST_STEP][PASSED] - println(TotalNoOfColumnsAdded): null

2020-03-29 00:35:38 - [TEST_STEP][PASSED] - callTestCase(findTestCase("ReportBuilder_Pages/CrossLocationReportBuilderSetup_Page/Select Grouping By Hierarchy"), [:], CONTINUE_ON_FAILURE): Call Test Case 'Test Cases/ReportBuilder_Pages/CrossLocationReportBuilderSetup_Page/Select Grouping By Hierarchy' successfully

2020-03-29 00:35:38 - [TEST_CASE][PASSED] - Test Cases/ReportBuilder_Pages/CrossLocationReportBuilderSetup_Page/Select Grouping By Hierarchy: Test Cases/ReportBuilder_Pages/CrossLocationReportBuilderSetup_Page/Select Grouping By Hierarchy

2020-03-29 00:35:39 - [TEST_STEP][PASSED] - click(findTestObject("ReportSetupScreen/Grouping/By Hierarchy/btn_ByHierarchy")): Object: 'Object Repository/ReportSetupScreen/Grouping/By Hierarchy/btn_ByHierarchy' is clicked on

2020-03-29 00:35:39 - [MESSAGE][PASSED] - Object: 'Object Repository/ReportSetupScreen/Grouping/By Hierarchy/btn_ByHierarchy' is clicked on

2020-03-29 00:35:39 - [TEST_STEP][PASSED] - click(findTestObject("ReportSetupScreen/Grouping/By Hierarchy/span_By Region")): Object: 'Object Repository/ReportSetupScreen/Grouping/By Hierarchy/span_By Region' is clicked on

2020-03-29 00:35:39 - [MESSAGE][PASSED] - Object: 'Object Repository/ReportSetupScreen/Grouping/By Hierarchy/span_By Region' is clicked on

2020-03-29 00:35:40 - [TEST_STEP][PASSED] - click(findTestObject("ReportSetupScreen/Grouping/By Hierarchy/span_Show Region Subtotal")): Object: 'Object Repository/ReportSetupScreen/Grouping/By Hierarchy/span_Show Region Subtotal' is clicked on

2020-03-29 00:35:40 - [MESSAGE][PASSED] - Object: 'Object Repository/ReportSetupScreen/Grouping/By Hierarchy/span_Show Region Subtotal' is clicked on

2020-03-29 00:35:40 - [TEST_STEP][PASSED] - click(findTestObject("ReportSetupScreen/Grouping/By Hierarchy/span_By District")): Object: 'Object Repository/ReportSetupScreen/Grouping/By Hierarchy/span_By District' is clicked on

2020-03-29 00:35:41 - [MESSAGE][PASSED] - Object: 'Object Repository/ReportSetupScreen/Grouping/By Hierarchy/span_By District' is clicked on

2020-03-29 00:35:41 - [TEST_STEP][PASSED] - click(findTestObject("ReportSetupScreen/Grouping/By Hierarchy/span_Show District Subtotal")): Object: 'Object Repository/ReportSetupScreen/Grouping/By Hierarchy/span_Show District Subtotal' is clicked on

2020-03-29 00:35:41 - [MESSAGE][PASSED] - Object: 'Object Repository/ReportSetupScreen/Grouping/By Hierarchy/span_Show District Subtotal' is clicked on

2020-03-29 00:35:41 - [MESSAGE][PASSED] - Call Test Case 'Test Cases/ReportBuilder_Pages/CrossLocationReportBuilderSetup_Page/Select Grouping By Hierarchy' successfully

2020-03-29 00:35:41 - [TEST_STEP][PASSED] - callTestCase(findTestCase("ReportBuilder_Pages/CrossLocationReportBuilderSetup_Page/Click on Create Report Button"), [:], CONTINUE_ON_FAILURE): Call Test Case 'Test Cases/ReportBuilder_Pages/CrossLocationReportBuilderSetup_Page/Click on Create Report Button' successfully

2020-03-29 00:35:41 - [TEST_CASE][PASSED] - Test Cases/ReportBuilder_Pages/CrossLocationReportBuilderSetup_Page/Click on Create Report Button: Test Cases/ReportBuilder_Pages/CrossLocationReportBuilderSetup_Page/Click on Create Report Button

2020-03-29 00:35:41 - [TEST_STEP][PASSED] - click(findTestObject("ReportSetupScreen/button_Create report")): Object: 'Object Repository/ReportSetupScreen/button_Create report' is clicked on

2020-03-29 00:35:42 - [MESSAGE][PASSED] - Object: 'Object Repository/ReportSetupScreen/button_Create report' is clicked on

2020-03-29 00:35:42 - [MESSAGE][PASSED] - Call Test Case 'Test Cases/ReportBuilder_Pages/CrossLocationReportBuilderSetup_Page/Click on Create Report Button' successfully

2020-03-29 00:35:42 - [TEST_STEP][PASSED] - callTestCase(findTestCase("ReportBuilder_Pages/CrossLocationReportBuilderSetup_Page/Search and validate created report from list of reports"), ["SearchCategory":CategoryName, "SearchReport":ReportName], CONTINUE_ON_FAILURE): Call Test Case 'Test Cases/ReportBuilder_Pages/CrossLocationReportBuilderSetup_Page/Search and validate created report from list of reports' successfully

2020-03-29 00:35:42 - [TEST_CASE][PASSED] - Test Cases/ReportBuilder_Pages/CrossLocationReportBuilderSetup_Page/Search and validate created report from list of reports: Test Cases/ReportBuilder_Pages/CrossLocationReportBuilderSetup_Page/Search and validate created report from list of reports

2020-03-29 00:35:42 - [TEST_STEP][PASSED] - waitForElementVisible(findTestObject("Page_Restaurant Intranet/Setup/tasterMessage"), 5): Object 'Object Repository/Page_Restaurant Intranet/Setup/tasterMessage' is visible

2020-03-29 00:35:42 - [MESSAGE][PASSED] - Object 'Object Repository/Page_Restaurant Intranet/Setup/tasterMessage' is visible

2020-03-29 00:35:42 - [TEST_STEP][PASSED] - waitForElementNotVisible(findTestObject("Page_Restaurant Intranet/Setup/tasterMessage"), 5): Object 'Object Repository/Page_Restaurant Intranet/Setup/tasterMessage' is NOT visible

2020-03-29 00:35:48 - [MESSAGE][PASSED] - Object 'Object Repository/Page_Restaurant Intranet/Setup/tasterMessage' is NOT visible

2020-03-29 00:35:48 - [TEST_STEP][NOT_RUN] - refresh(): NOT_RUN: refresh()

2020-03-29 00:35:48 - [MESSAGE][NOT_RUN] - NOT_RUN: refresh()

2020-03-29 00:35:48 - [TEST_STEP][NOT_RUN] - waitForElementClickable(findTestObject("ReportSetupScreen/input_SearchReportFilter"), 20): NOT_RUN: waitForElementClickable(findTestObject("ReportSetupScreen/input_SearchReportFilter"), 20)

2020-03-29 00:35:48 - [MESSAGE][NOT_RUN] - NOT_RUN: waitForElementClickable(findTestObject("ReportSetupScreen/input_SearchReportFilter"), 20)

2020-03-29 00:35:48 - [TEST_STEP][NOT_RUN] - click(findTestObject("ReportSetupScreen/input_SearchReportFilter")): NOT_RUN: click(findTestObject("ReportSetupScreen/input_SearchReportFilter"))

2020-03-29 00:35:48 - [MESSAGE][NOT_RUN] - NOT_RUN: click(findTestObject("ReportSetupScreen/input_SearchReportFilter"))

2020-03-29 00:35:48 - [TEST_STEP][NOT_RUN] - reportName = SearchReport: NOT_RUN: reportName = SearchReport

2020-03-29 00:35:48 - [MESSAGE][NOT_RUN] - NOT_RUN: reportName = SearchReport

2020-03-29 00:35:48 - [TEST_STEP][NOT_RUN] - setText(findTestObject("ReportSetupScreen/input_SearchReportFilter"), reportName): NOT_RUN: setText(findTestObject("ReportSetupScreen/input_SearchReportFilter"), reportName)

2020-03-29 00:35:48 - [MESSAGE][NOT_RUN] - NOT_RUN: setText(findTestObject("ReportSetupScreen/input_SearchReportFilter"), reportName)

2020-03-29 00:35:48 - [TEST_STEP][NOT_RUN] - click(findTestObject("ReportSetupScreen/Reports_header")): NOT_RUN: click(findTestObject("ReportSetupScreen/Reports_header"))

2020-03-29 00:35:48 - [MESSAGE][NOT_RUN] - NOT_RUN: click(findTestObject("ReportSetupScreen/Reports_header"))

2020-03-29 00:35:48 - [TEST_STEP][NOT_RUN] - delay(2): NOT_RUN: delay(2)

2020-03-29 00:35:48 - [MESSAGE][NOT_RUN] - NOT_RUN: delay(2)

[...]
	... 18 more
Caused by: org.codehaus.groovy.runtime.InvokerInvocationException: java.io.FileNotFoundException: D:\Users\bksangani\Katalon Studio\ReportBuilderV1\ExcelResult\CompareCalendarWithReport.xlsx (The process cannot access the file because it is being used by another process)
	at excelUtils.ExcelsCustom.invokeMethod(ExcelsCustom.groovy)
	at com.kms.katalon.core.main.CustomKeywordDelegatingMetaClass.invokeStaticMethod(CustomKeywordDelegatingMetaClass.java:50)
	at Fetch variable values from created report and do comapre with calendar values for each week.run(Fetch variable values from created report and do comapre with calendar values for each week:544)
	at com.kms.katalon.core.main.ScriptEngine.run(ScriptEngine.java:194)
	at com.kms.katalon.core.main.ScriptEngine.runScriptAsRawText(ScriptEngine.java:119)
	at com.kms.katalon.core.main.TestCaseExecutor.runScript(TestCaseExecutor.java:337)
	at com.kms.katalon.core.main.TestCaseExecutor.doExecute(TestCaseExecutor.java:328)
	at com.kms.katalon.core.main.TestCaseExecutor.processExecutionPhase(TestCaseExecutor.java:307)
	at com.kms.katalon.core.main.TestCaseExecutor.accessMainPhase(TestCaseExecutor.java:299)
	at com.kms.katalon.core.main.TestCaseExecutor.execute(TestCaseExecutor.java:233)
	at com.kms.katalon.core.main.TestCaseMain.runTestCase(TestCaseMain.java:114)
	at com.kms.katalon.core.keyword.builtin.CallTestCaseKeyword$_callTestCase_closure1.doCall(CallTestCaseKeyword.groovy:59)
	... 20 more
Caused by: java.io.FileNotFoundException: D:\Users\bksangani\Katalon Studio\ReportBuilderV1\ExcelResult\CompareCalendarWithReport.xlsx (The process cannot access the file because it is being used by another process)
	at excelUtils.CreateSheet.createExcel(CreateExcel.groovy:61)
	... 32 more]]></system-err>
      </testcase>
      <system-out><![CDATA[2020-03-29 00:33:57 - [TEST_SUITE][FAILED] - Weekly Report End to End Suit: Test Cases/CrossLocationReportBuilder_TestCases/TC79_Create Weekly Report with valid details and compare report values with calender for specific time period FAILED.
Reason:
com.kms.katalon.core.exception.StepFailedException: Unable to call Test Case 'Test Cases/ReportBuilder_Pages/Restaurant_Intranet_Dashboard_Page/Fetch variable values from created report and do comapre with calendar values for each week' (Root cause: com.kms.katalon.core.exception.StepErrorException: Call Test Case 'Test Cases/ReportBuilder_Pages/Restaurant_Intranet_Dashboard_Page/Fetch variable values from created report and do comapre with calendar values for each week' failed because of error(s)
	at com.kms.katalon.core.keyword.builtin.CallTestCaseKeyword$_callTestCase_closure1.doCall(CallTestCaseKeyword.groovy:66)
	at com.kms.katalon.core.keyword.builtin.CallTestCaseKeyword$_callTestCase_closure1.call(CallTestCaseKeyword.groovy)
	at com.kms.katalon.core.keyword.internal.KeywordMain.runKeyword(KeywordMain.groovy:68)
	at com.kms.katalon.core.keyword.builtin.CallTestCaseKeyword.callTestCase(CallTestCaseKeyword.groovy:81)
	at com.kms.katalon.core.keyword.builtin.CallTestCaseKeyword.execute(CallTestCaseKeyword.groovy:44)
	at com.kms.katalon.core.keyword.internal.KeywordExecutor.executeKeywordForPlatform(KeywordExecutor.groovy:72)
	at com.kms.katalon.core.keyword.BuiltinKeywords.callTestCase(BuiltinKeywords.groovy:334)
	at TC79_Create Weekly Report with valid details and compare report values with calender for specific time period.run(TC79_Create Weekly Report with valid details and compare report values with calender for specific time period:79)
	at com.kms.katalon.core.main.ScriptEngine.run(ScriptEngine.java:194)
	at com.kms.katalon.core.main.ScriptEngine.runScriptAsRawText(ScriptEngine.java:119)
	at com.kms.katalon.core.main.TestCaseExecutor.runScript(TestCaseExecutor.java:337)
	at com.kms.katalon.core.main.TestCaseExecutor.doExecute(TestCaseExecutor.java:328)
	at com.kms.katalon.core.main.TestCaseExecutor.processExecutionPhase(TestCaseExecutor.java:307)
	at com.kms.katalon.core.main.TestCaseExecutor.accessMainPhase(TestCaseExecutor.java:299)
	at com.kms.katalon.core.main.TestCaseExecutor.execute(TestCaseExecutor.java:233)
	at com.kms.katalon.core.main.TestSuiteExecutor.accessTestCaseMainPhase(TestSuiteExecutor.java:169)
	at com.kms.katalon.core.main.TestSuiteExecutor.accessTestSuiteMainPhase(TestSuiteExecutor.java:142)
	at com.kms.katalon.core.main.TestSuiteExecutor.execute(TestSuiteExecutor.java:91)
	at com.kms.katalon.core.main.TestCaseMain.startTestSuite(TestCaseMain.java:157)
	at com.kms.katalon.core.main.TestCaseMain$startTestSuite$0.call(Unknown Source)
	at TempTestSuite1585422234855.run(TempTestSuite1585422234855.groovy:36)
Caused by: org.codehaus.groovy.runtime.InvokerInvocationException: java.io.FileNotFoundException: D:\Users\bksangani\Katalon Studio\ReportBuilderV1\ExcelResult\CompareCalendarWithReport.xlsx (The process cannot access the file because it is being used by another process)
	at excelUtils.ExcelsCustom.invokeMethod(ExcelsCustom.groovy)
	at com.kms.katalon.core.main.CustomKeywordDelegatingMetaClass.invokeStaticMethod(CustomKeywordDelegatingMetaClass.java:50)
	at Fetch variable values from created report and do comapre with calendar values for each week.run(Fetch variable values from created report and do comapre with calendar values for each week:544)
	at com.kms.katalon.core.main.ScriptEngine.run(ScriptEngine.java:194)
	at com.kms.katalon.core.main.ScriptEngine.runScriptAsRawText(ScriptEngine.java:119)
	at com.kms.katalon.core.main.TestCaseExecutor.runScript(TestCaseExecutor.java:337)
	at com.kms.katalon.core.main.TestCaseExecutor.doExecute(TestCaseExecutor.java:328)
	at com.kms.katalon.core.main.TestCaseExecutor.processExecutionPhase(TestCaseExecutor.java:307)
	at com.kms.katalon.core.main.TestCaseExecutor.accessMainPhase(TestCaseExecutor.java:299)
	at com.kms.katalon.core.main.TestCaseExecutor.execute(TestCaseExecutor.java:233)
	at com.kms.katalon.core.main.TestCaseMain.runTestCase(TestCaseMain.java:114)
	at com.kms.katalon.core.keyword.builtin.CallTestCaseKeyword$_callTestCase_closure1.doCall(CallTestCaseKeyword.groovy:59)
	... 20 more
Caused by: java.io.FileNotFoundException: D:\Users\bksangani\Katalon Studio\ReportBuilderV1\ExcelResult\CompareCalendarWithReport.xlsx (The process cannot access the file because it is being used by another process)
	at excelUtils.CreateSheet.createExcel(CreateExcel.groovy:61)
	... 32 more
)
	at com.kms.katalon.core.keyword.internal.KeywordMain.stepFailed(KeywordMain.groovy:39)
	at com.kms.katalon.core.keyword.internal.KeywordMain.stepFailed(KeywordMain.groovy)
	at com.kms.katalon.core.keyword.internal.KeywordMain.runKeyword(KeywordMain.groovy:70)
	at com.kms.katalon.core.keyword.builtin.CallTestCaseKeyword.callTestCase(CallTestCaseKeyword.groovy:81)
	at com.kms.katalon.core.keyword.builtin.CallTestCaseKeyword.execute(CallTestCaseKeyword.groovy:44)
	at com.kms.katalon.core.keyword.internal.KeywordExecutor.executeKeywordForPlatform(KeywordExecutor.groovy:72)
	at com.kms.katalon.core.keyword.BuiltinKeywords.callTestCase(BuiltinKeywords.groovy:334)
	at TC79_Create Weekly Report with valid details and compare report values with calender for specific time period.run(TC79_Create Weekly Report with valid details and compare report values with calender for specific time period:79)
	at com.kms.katalon.core.main.ScriptEngine.run(ScriptEngine.java:194)
	at com.kms.katalon.core.main.ScriptEngine.runScriptAsRawText(ScriptEngine.java:119)
	at com.kms.katalon.core.main.TestCaseExecutor.runScript(TestCaseExecutor.java:337)
	at com.kms.katalon.core.main.TestCaseExecutor.doExecute(TestCaseExecutor.java:328)
	at com.kms.katalon.core.main.TestCaseExecutor.processExecutionPhase(TestCaseExecutor.java:307)
	at com.kms.katalon.core.main.TestCaseExecutor.accessMainPhase(TestCaseExecutor.java:299)
	at com.kms.katalon.core.main.TestCaseExecutor.execute(TestCaseExecutor.java:233)
	at com.kms.katalon.core.main.TestSuiteExecutor.accessTestCaseMainPhase(TestSuiteExecutor.java:169)
	at com.kms.katalon.core.main.TestSuiteExecutor.accessTestSuiteMainPhase(TestSuiteExecutor.java:142)
	at com.kms.katalon.core.main.TestSuiteExecutor.execute(TestSuiteExecutor.java:91)
	at com.kms.katalon.core.main.TestCaseMain.startTestSuite(TestCaseMain.java:157)
	at com.kms.katalon.core.main.TestCaseMain$startTestSuite$0.call(Unknown Source)
	at TempTestSuite1585422234855.run(TempTestSuite1585422234855.groovy:36)
Caused by: com.kms.katalon.core.exception.StepErrorException: Call Test Case 'Test Cases/ReportBuilder_Pages/Restaurant_Intranet_Dashboard_Page/Fetch variable values from created report and do comapre with calendar values for each week' failed because of error(s)
	at com.kms.katalon.core.keyword.builtin.CallTestCaseKeyword$_callTestCase_closure1.doCall(CallTestCaseKeyword.groovy:66)
	at com.kms.katalon.core.keyword.builtin.CallTestCaseKeyword$_callTestCase_closure1.call(CallTestCaseKeyword.groovy)
	at com.kms.katalon.core.keyword.internal.KeywordMain.runKeyword(KeywordMain.groovy:68)
	... 18 more
Caused by: org.codehaus.groovy.runtime.InvokerInvocationException: java.io.FileNotFoundException: D:\Users\bksangani\Katalon Studio\ReportBuilderV1\ExcelResult\CompareCalendarWithReport.xlsx (The process cannot access the file because it is being used by another process)
	at excelUtils.ExcelsCustom.invokeMethod(ExcelsCustom.groovy)
	at com.kms.katalon.core.main.CustomKeywordDelegatingMetaClass.invokeStaticMethod(CustomKeywordDelegatingMetaClass.java:50)
	at Fetch variable values from created report and do comapre with calendar values for each week.run(Fetch variable values from created report and do comapre with calendar values for each week:544)
	at com.kms.katalon.core.main.ScriptEngine.run(ScriptEngine.java:194)
	at com.kms.katalon.core.main.ScriptEngine.runScriptAsRawText(ScriptEngine.java:119)
	at com.kms.katalon.core.main.TestCaseExecutor.runScript(TestCaseExecutor.java:337)
	at com.kms.katalon.core.main.TestCaseExecutor.doExecute(TestCaseExecutor.java:328)
	at com.kms.katalon.core.main.TestCaseExecutor.processExecutionPhase(TestCaseExecutor.java:307)
	at com.kms.katalon.core.main.TestCaseExecutor.accessMainPhase(TestCaseExecutor.java:299)
	at com.kms.katalon.core.main.TestCaseExecutor.execute(TestCaseExecutor.java:233)
	at com.kms.katalon.core.main.TestCaseMain.runTestCase(TestCaseMain.java:114)
	at com.kms.katalon.core.keyword.builtin.CallTestCaseKeyword$_callTestCase_closure1.doCall(CallTestCaseKeyword.groovy:59)
	... 20 more
Caused by: java.io.FileNotFoundException: D:\Users\bksangani\Katalon Studio\ReportBuilderV1\ExcelResult\CompareCalendarWithReport.xlsx (The process cannot access the file because it is being used by another process)
	at excelUtils.CreateSheet.createExcel(CreateExcel.groovy:61)
	... 32 more]]></system-out>
      <system-err><![CDATA[2020-03-29 00:33:57 - [TEST_SUITE][FAILED] - Weekly Report End to End Suit: Test Cases/CrossLocationReportBuilder_TestCases/TC79_Create Weekly Report with valid details and compare report values with calender for specific time period FAILED.
Reason:
com.kms.katalon.core.exception.StepFailedException: Unable to call Test Case 'Test Cases/ReportBuilder_Pages/Restaurant_Intranet_Dashboard_Page/Fetch variable values from created report and do comapre with calendar values for each week' (Root cause: com.kms.katalon.core.exception.StepErrorException: Call Test Case 'Test Cases/ReportBuilder_Pages/Restaurant_Intranet_Dashboard_Page/Fetch variable values from created report and do comapre with calendar values for each week' failed because of error(s)
	at com.kms.katalon.core.keyword.builtin.CallTestCaseKeyword$_callTestCase_closure1.doCall(CallTestCaseKeyword.groovy:66)
	at com.kms.katalon.core.keyword.builtin.CallTestCaseKeyword$_callTestCase_closure1.call(CallTestCaseKeyword.groovy)
	at com.kms.katalon.core.keyword.internal.KeywordMain.runKeyword(KeywordMain.groovy:68)
	at com.kms.katalon.core.keyword.builtin.CallTestCaseKeyword.callTestCase(CallTestCaseKeyword.groovy:81)
	at com.kms.katalon.core.keyword.builtin.CallTestCaseKeyword.execute(CallTestCaseKeyword.groovy:44)
	at com.kms.katalon.core.keyword.internal.KeywordExecutor.executeKeywordForPlatform(KeywordExecutor.groovy:72)
	at com.kms.katalon.core.keyword.BuiltinKeywords.callTestCase(BuiltinKeywords.groovy:334)
	at TC79_Create Weekly Report with valid details and compare report values with calender for specific time period.run(TC79_Create Weekly Report with valid details and compare report values with calender for specific time period:79)
	at com.kms.katalon.core.main.ScriptEngine.run(ScriptEngine.java:194)
	at com.kms.katalon.core.main.ScriptEngine.runScriptAsRawText(ScriptEngine.java:119)
	at com.kms.katalon.core.main.TestCaseExecutor.runScript(TestCaseExecutor.java:337)
	at com.kms.katalon.core.main.TestCaseExecutor.doExecute(TestCaseExecutor.java:328)
	at com.kms.katalon.core.main.TestCaseExecutor.processExecutionPhase(TestCaseExecutor.java:307)
	at com.kms.katalon.core.main.TestCaseExecutor.accessMainPhase(TestCaseExecutor.java:299)
	at com.kms.katalon.core.main.TestCaseExecutor.execute(TestCaseExecutor.java:233)
	at com.kms.katalon.core.main.TestSuiteExecutor.accessTestCaseMainPhase(TestSuiteExecutor.java:169)
	at com.kms.katalon.core.main.TestSuiteExecutor.accessTestSuiteMainPhase(TestSuiteExecutor.java:142)
	at com.kms.katalon.core.main.TestSuiteExecutor.execute(TestSuiteExecutor.java:91)
	at com.kms.katalon.core.main.TestCaseMain.startTestSuite(TestCaseMain.java:157)
	at com.kms.katalon.core.main.TestCaseMain$startTestSuite$0.call(Unknown Source)
	at TempTestSuite1585422234855.run(TempTestSuite1585422234855.groovy:36)
Caused by: org.codehaus.groovy.runtime.InvokerInvocationException: java.io.FileNotFoundException: D:\Users\bksangani\Katalon Studio\ReportBuilderV1\ExcelResult\CompareCalendarWithReport.xlsx (The process cannot access the file because it is being used by another process)
	at excelUtils.ExcelsCustom.invokeMethod(ExcelsCustom.groovy)
	at com.kms.katalon.core.main.CustomKeywordDelegatingMetaClass.invokeStaticMethod(CustomKeywordDelegatingMetaClass.java:50)
	at Fetch variable values from created report and do comapre with calendar values for each week.run(Fetch variable values from created report and do comapre with calendar values for each week:544)
	at com.kms.katalon.core.main.ScriptEngine.run(ScriptEngine.java:194)
	at com.kms.katalon.core.main.ScriptEngine.runScriptAsRawText(ScriptEngine.java:119)
	at com.kms.katalon.core.main.TestCaseExecutor.runScript(TestCaseExecutor.java:337)
	at com.kms.katalon.core.main.TestCaseExecutor.doExecute(TestCaseExecutor.java:328)
	at com.kms.katalon.core.main.TestCaseExecutor.processExecutionPhase(TestCaseExecutor.java:307)
	at com.kms.katalon.core.main.TestCaseExecutor.accessMainPhase(TestCaseExecutor.java:299)
	at com.kms.katalon.core.main.TestCaseExecutor.execute(TestCaseExecutor.java:233)
	at com.kms.katalon.core.main.TestCaseMain.runTestCase(TestCaseMain.java:114)
	at com.kms.katalon.core.keyword.builtin.CallTestCaseKeyword$_callTestCase_closure1.doCall(CallTestCaseKeyword.groovy:59)
	... 20 more
Caused by: java.io.FileNotFoundException: D:\Users\bksangani\Katalon Studio\ReportBuilderV1\ExcelResult\CompareCalendarWithReport.xlsx (The process cannot access the file because it is being used by another process)
	at excelUtils.CreateSheet.createExcel(CreateExcel.groovy:61)
	... 32 more
)
	at com.kms.katalon.core.keyword.internal.KeywordMain.stepFailed(KeywordMain.groovy:39)
	at com.kms.katalon.core.keyword.internal.KeywordMain.stepFailed(KeywordMain.groovy)
	at com.kms.katalon.core.keyword.internal.KeywordMain.runKeyword(KeywordMain.groovy:70)
	at com.kms.katalon.core.keyword.builtin.CallTestCaseKeyword.callTestCase(CallTestCaseKeyword.groovy:81)
	at com.kms.katalon.core.keyword.builtin.CallTestCaseKeyword.execute(CallTestCaseKeyword.groovy:44)
	at com.kms.katalon.core.keyword.internal.KeywordExecutor.executeKeywordForPlatform(KeywordExecutor.groovy:72)
	at com.kms.katalon.core.keyword.BuiltinKeywords.callTestCase(BuiltinKeywords.groovy:334)
	at TC79_Create Weekly Report with valid details and compare report values with calender for specific time period.run(TC79_Create Weekly Report with valid details and compare report values with calender for specific time period:79)
	at com.kms.katalon.core.main.ScriptEngine.run(ScriptEngine.java:194)
	at com.kms.katalon.core.main.ScriptEngine.runScriptAsRawText(ScriptEngine.java:119)
	at com.kms.katalon.core.main.TestCaseExecutor.runScript(TestCaseExecutor.java:337)
	at com.kms.katalon.core.main.TestCaseExecutor.doExecute(TestCaseExecutor.java:328)
	at com.kms.katalon.core.main.TestCaseExecutor.processExecutionPhase(TestCaseExecutor.java:307)
	at com.kms.katalon.core.main.TestCaseExecutor.accessMainPhase(TestCaseExecutor.java:299)
	at com.kms.katalon.core.main.TestCaseExecutor.execute(TestCaseExecutor.java:233)
	at com.kms.katalon.core.main.TestSuiteExecutor.accessTestCaseMainPhase(TestSuiteExecutor.java:169)
	at com.kms.katalon.core.main.TestSuiteExecutor.accessTestSuiteMainPhase(TestSuiteExecutor.java:142)
	at com.kms.katalon.core.main.TestSuiteExecutor.execute(TestSuiteExecutor.java:91)
	at com.kms.katalon.core.main.TestCaseMain.startTestSuite(TestCaseMain.java:157)
	at com.kms.katalon.core.main.TestCaseMain$startTestSuite$0.call(Unknown Source)
	at TempTestSuite1585422234855.run(TempTestSuite1585422234855.groovy:36)
Caused by: com.kms.katalon.core.exception.StepErrorException: Call Test Case 'Test Cases/ReportBuilder_Pages/Restaurant_Intranet_Dashboard_Page/Fetch variable values from created report and do comapre with calendar values for each week' failed because of error(s)
	at com.kms.katalon.core.keyword.builtin.CallTestCaseKeyword$_callTestCase_closure1.doCall(CallTestCaseKeyword.groovy:66)
	at com.kms.katalon.core.keyword.builtin.CallTestCaseKeyword$_callTestCase_closure1.call(CallTestCaseKeyword.groovy)
	at com.kms.katalon.core.keyword.internal.KeywordMain.runKeyword(KeywordMain.groovy:68)
	... 18 more
Caused by: org.codehaus.groovy.runtime.InvokerInvocationException: java.io.FileNotFoundException: D:\Users\bksangani\Katalon Studio\ReportBuilderV1\ExcelResult\CompareCalendarWithReport.xlsx (The process cannot access the file because it is being used by another process)
	at excelUtils.ExcelsCustom.invokeMethod(ExcelsCustom.groovy)
	at com.kms.katalon.core.main.CustomKeywordDelegatingMetaClass.invokeStaticMethod(CustomKeywordDelegatingMetaClass.java:50)
	at Fetch variable values from created report and do comapre with calendar values for each week.run(Fetch variable values from created report and do comapre with calendar values for each week:544)
	at com.kms.katalon.core.main.ScriptEngine.run(ScriptEngine.java:194)
	at com.kms.katalon.core.main.ScriptEngine.runScriptAsRawText(ScriptEngine.java:119)
	at com.kms.katalon.core.main.TestCaseExecutor.runScript(TestCaseExecutor.java:337)
	at com.kms.katalon.core.main.TestCaseExecutor.doExecute(TestCaseExecutor.java:328)
	at com.kms.katalon.core.main.TestCaseExecutor.processExecutionPhase(TestCaseExecutor.java:307)
	at com.kms.katalon.core.main.TestCaseExecutor.accessMainPhase(TestCaseExecutor.java:299)
	at com.kms.katalon.core.main.TestCaseExecutor.execute(TestCaseExecutor.java:233)
	at com.kms.katalon.core.main.TestCaseMain.runTestCase(TestCaseMain.java:114)
	at com.kms.katalon.core.keyword.builtin.CallTestCaseKeyword$_callTestCase_closure1.doCall(CallTestCaseKeyword.groovy:59)
	... 20 more
Caused by: java.io.FileNotFoundException: D:\Users\bksangani\Katalon Studio\ReportBuilderV1\ExcelResult\CompareCalendarWithReport.xlsx (The process cannot access the file because it is being used by another process)
	at excelUtils.CreateSheet.createExcel(CreateExcel.groovy:61)
	... 32 more]]></system-err>
   </testsuite>
</testsuites>
