<?xml version="1.0" encoding="UTF-8"?>
<testsuites name="Daily Data Grain and Present By Formula Check" time="162.708" tests="2" failures="2" errors="0">
   <testsuite name="Daily Data Grain and Present By Formula Check" tests="2" failures="2" errors="0" time="162.708" timestamp="2020-03-19 18:33:05" hostname="bksangani - aixahm-ts6.analytix.local" id="Test Suites/Daily Data Grain and Present By Formula Check">
      <properties>
         <property name="deviceName" value=""/>
         <property name="devicePlatform" value=""/>
         <property name="logFolder" value="D:\\Users\\bksangani\\Katalon Studio\\ReportBuilderV1\\Reports\\20200319_183301\\Daily Data Grain and Present By Formula Check\\20200319_183301"/>
         <property name="logFiles" value="D:\\Users\\bksangani\\Katalon Studio\\ReportBuilderV1\\Reports\\20200319_183301\\Daily Data Grain and Present By Formula Check\\20200319_183301\\execution0.log"/>
         <property name="attachments" value=""/>
         <property name="hostName" value="bksangani - aixahm-ts6.analytix.local"/>
         <property name="os" value="Windows Server 2016 64bit"/>
         <property name="katalonVersion" value="7.2.1.1"/>
         <property name="browser" value="Chrome 80.0.3987.149"/>
         <property name="hostAddress" value="192.168.16.190"/>
         <property name="sessionId" value="ecb51fca21249d75d9a329de3b02f097"/>
         <property name="seleniumVersion" value="3.141.59"/>
         <property name="proxyInformation" value="ProxyInformation{proxyOption=USE_SYSTEM, proxyServerType=HTTP, password=, proxyServerAddress=, proxyServerPort=0, executionList=}"/>
         <property name="platform" value="Windows Server 2016"/>
      </properties>
      <testcase name="Test Cases/CrossLocationReportBuilder_TestCases/TC78_ONE STORE ONE WEEK-MONTH-YEAR-RANGE-To check that tabel values are coming or displayed as per actual formulas" time="50.002" classname="Test Cases/CrossLocationReportBuilder_TestCases/TC78_ONE STORE ONE WEEK-MONTH-YEAR-RANGE-To check that tabel values are coming or displayed as per actual formulas" status="FAILED">
         <failure type="FAILED" message="Test Cases/CrossLocationReportBuilder_TestCases/TC78_ONE STORE ONE WEEK-MONTH-YEAR-RANGE-To check that tabel values are coming or displayed as per actual formulas FAILED.
Reason:
com.kms.katalon.core.exception.StepFailedException: Unable to call Test Case 'Test Cases/ReportBuilder_Pages/CreatedReports/To map and compare all report values coming as per formula' (Root cause: com.kms.katalon.core.exception.StepErrorException: Call Test Case 'Test Cases/ReportBuilder_Pages/CreatedReports/To map and compare all report values coming as per formula' failed because of error(s)
	at com.kms.katalon.core.keyword.builtin.CallTestCaseKeyword$_callTestCase_closure1.doCall(CallTestCaseKeyword.groovy:66)
	at com.kms.katalon.core.keyword.builtin.CallTestCaseKeyword$_callTestCase_closure1.call(CallTestCaseKeyword.groovy)
	at com.kms.katalon.core.keyword.internal.KeywordMain.runKeyword(KeywordMain.groovy:68)
	at com.kms.katalon.core.keyword.builtin.CallTestCaseKeyword.callTestCase(CallTestCaseKeyword.groovy:81)
	at com.kms.katalon.core.keyword.builtin.CallTestCaseKeyword.execute(CallTestCaseKeyword.groovy:44)
	at com.kms.katalon.core.keyword.internal.KeywordExecutor.executeKeywordForPlatform(KeywordExecutor.groovy:72)
	at com.kms.katalon.core.keyword.BuiltinKeywords.callTestCase(BuiltinKeywords.groovy:334)
	at TC78_ONE STORE ONE WEEK-MONTH-YEAR-RANGE-To check that tabel values are coming or displayed as per actual formulas.run(TC78_ONE STORE ONE WEEK-MONTH-YEAR-RANGE-To check that tabel values are coming or displayed as per actual formulas:70)
	at com.kms.katalon.core.main.ScriptEngine.run(ScriptEngine.java:194)
	at com.kms.katalon.core.main.ScriptEngine.runScriptAsRawText(ScriptEngine.java:119)
	at com.kms.katalon.core.main.TestCaseExecutor.runScript(TestCaseExecutor.java:337)
	at com.kms.katalon.core.main.TestCaseExecutor.doExecute(TestCaseExecutor.java:328)
	at com.kms.katalon.core.main.TestCaseExecutor.processExecutionPhase(TestCaseExecutor.java:307)
	at com.kms.katalon.core.main.TestCaseExecutor.accessMainPhase(TestCaseExecutor.java:299)
	at com.kms.katalon.core.main.TestCaseExecutor.execute(TestCaseExecutor.java:233)
	at com.kms.katalon.core.main.TestSuiteExecutor.accessTestCaseMainPhase(TestSuiteExecutor.java:169)
	at com.kms.katalon.core.main.TestSuiteExecutor.accessTestSuiteMainPhase(TestSuiteExecutor.java:142)
	at com.kms.katalon.core.main.TestSuiteExecutor.execute(TestSuiteExecutor.java:91)
	at com.kms.katalon.core.main.TestCaseMain.startTestSuite(TestCaseMain.java:157)
	at com.kms.katalon.core.main.TestCaseMain$startTestSuite$0.call(Unknown Source)
	at TempTestSuite1584622981196.run(TempTestSuite1584622981196.groovy:36)
Caused by: com.kms.katalon.core.exception.StepErrorException: AvgCheckvsTY$ Count value found On Report is	4.25And Value derived using formula is4.249840764331211
	at com.kms.katalon.core.util.KeywordUtil.markError(KeywordUtil.java:65)
	at com.kms.katalon.core.util.KeywordUtil$markError$1.call(Unknown Source)
	at compareColumnsValues.AvgTicketValuesCompare.toVerifyAvgCheckTYDollorValues(AvgTicketValuesCompare.groovy:148)
	at excelUtils.WriteExcelDailyFormula.invokeMethod(WriteExcelDailyFormula.groovy)
	at com.kms.katalon.core.main.CustomKeywordDelegatingMetaClass.invokeStaticMethod(CustomKeywordDelegatingMetaClass.java:50)
	at To map and compare all report values coming as per formula.run(To map and compare all report values coming as per formula:307)
	at com.kms.katalon.core.main.ScriptEngine.run(ScriptEngine.java:194)
	at com.kms.katalon.core.main.ScriptEngine.runScriptAsRawText(ScriptEngine.java:119)
	at com.kms.katalon.core.main.TestCaseExecutor.runScript(TestCaseExecutor.java:337)
	at com.kms.katalon.core.main.TestCaseExecutor.doExecute(TestCaseExecutor.java:328)
	at com.kms.katalon.core.main.TestCaseExecutor.processExecutionPhase(TestCaseExecutor.java:307)
	at com.kms.katalon.core.main.TestCaseExecutor.accessMainPhase(TestCaseExecutor.java:299)
	at com.kms.katalon.core.main.TestCaseExecutor.execute(TestCaseExecutor.java:233)
	at com.kms.katalon.core.main.TestCaseMain.runTestCase(TestCaseMain.java:114)
	at com.kms.katalon.core.keyword.builtin.CallTestCaseKeyword$_callTestCase_closure1.doCall(CallTestCaseKeyword.groovy:59)
	... 20 more
)
	at com.kms.katalon.core.keyword.internal.KeywordMain.stepFailed(KeywordMain.groovy:39)
	at com.kms.katalon.core.keyword.internal.KeywordMain.stepFailed(KeywordMain.groovy)
	at com.kms.katalon.core.keyword.internal.KeywordMain.runKeyword(KeywordMain.groovy:70)
	at com.kms.katalon.core.keyword.builtin.CallTestCaseKeyword.callTestCase(CallTestCaseKeyword.groovy:81)
	at com.kms.katalon.core.keyword.builtin.CallTestCaseKeyword.execute(CallTestCaseKeyword.groovy:44)
	at com.kms.katalon.core.keyword.internal.KeywordExecutor.executeKeywordForPlatform(KeywordExecutor.groovy:72)
	at com.kms.katalon.core.keyword.BuiltinKeywords.callTestCase(BuiltinKeywords.groovy:334)
	at TC78_ONE STORE ONE WEEK-MONTH-YEAR-RANGE-To check that tabel values are coming or displayed as per actual formulas.run(TC78_ONE STORE ONE WEEK-MONTH-YEAR-RANGE-To check that tabel values are coming or displayed as per actual formulas:70)
	at com.kms.katalon.core.main.ScriptEngine.run(ScriptEngine.java:194)
	at com.kms.katalon.core.main.ScriptEngine.runScriptAsRawText(ScriptEngine.java:119)
	at com.kms.katalon.core.main.TestCaseExecutor.runScript(TestCaseExecutor.java:337)
	at com.kms.katalon.core.main.TestCaseExecutor.doExecute(TestCaseExecutor.java:328)
	at com.kms.katalon.core.main.TestCaseExecutor.processExecutionPhase(TestCaseExecutor.java:307)
	at com.kms.katalon.core.main.TestCaseExecutor.accessMainPhase(TestCaseExecutor.java:299)
	at com.kms.katalon.core.main.TestCaseExecutor.execute(TestCaseExecutor.java:233)
	at com.kms.katalon.core.main.TestSuiteExecutor.accessTestCaseMainPhase(TestSuiteExecutor.java:169)
	at com.kms.katalon.core.main.TestSuiteExecutor.accessTestSuiteMainPhase(TestSuiteExecutor.java:142)
	at com.kms.katalon.core.main.TestSuiteExecutor.execute(TestSuiteExecutor.java:91)
	at com.kms.katalon.core.main.TestCaseMain.startTestSuite(TestCaseMain.java:157)
	at com.kms.katalon.core.main.TestCaseMain$startTestSuite$0.call(Unknown Source)
	at TempTestSuite1584622981196.run(TempTestSuite1584622981196.groovy:36)
Caused by: com.kms.katalon.core.exception.StepErrorException: Call Test Case 'Test Cases/ReportBuilder_Pages/CreatedReports/To map and compare all report values coming as per formula' failed because of error(s)
	at com.kms.katalon.core.keyword.builtin.CallTestCaseKeyword$_callTestCase_closure1.doCall(CallTestCaseKeyword.groovy:66)
	at com.kms.katalon.core.keyword.builtin.CallTestCaseKeyword$_callTestCase_closure1.call(CallTestCaseKeyword.groovy)
	at com.kms.katalon.core.keyword.internal.KeywordMain.runKeyword(KeywordMain.groovy:68)
	... 18 more
Caused by: com.kms.katalon.core.exception.StepErrorException: AvgCheckvsTY$ Count value found On Report is	4.25And Value derived using formula is4.249840764331211
	at com.kms.katalon.core.util.KeywordUtil.markError(KeywordUtil.java:65)
	at com.kms.katalon.core.util.KeywordUtil$markError$1.call(Unknown Source)
	at compareColumnsValues.AvgTicketValuesCompare.toVerifyAvgCheckTYDollorValues(AvgTicketValuesCompare.groovy:148)
	at excelUtils.WriteExcelDailyFormula.invokeMethod(WriteExcelDailyFormula.groovy)
	at com.kms.katalon.core.main.CustomKeywordDelegatingMetaClass.invokeStaticMethod(CustomKeywordDelegatingMetaClass.java:50)
	at To map and compare all report values coming as per formula.run(To map and compare all report values coming as per formula:307)
	at com.kms.katalon.core.main.ScriptEngine.run(ScriptEngine.java:194)
	at com.kms.katalon.core.main.ScriptEngine.runScriptAsRawText(ScriptEngine.java:119)
	at com.kms.katalon.core.main.TestCaseExecutor.runScript(TestCaseExecutor.java:337)
	at com.kms.katalon.core.main.TestCaseExecutor.doExecute(TestCaseExecutor.java:328)
	at com.kms.katalon.core.main.TestCaseExecutor.processExecutionPhase(TestCaseExecutor.java:307)
	at com.kms.katalon.core.main.TestCaseExecutor.accessMainPhase(TestCaseExecutor.java:299)
	at com.kms.katalon.core.main.TestCaseExecutor.execute(TestCaseExecutor.java:233)
	at com.kms.katalon.core.main.TestCaseMain.runTestCase(TestCaseMain.java:114)
	at com.kms.katalon.core.keyword.builtin.CallTestCaseKeyword$_callTestCase_closure1.doCall(CallTestCaseKeyword.groovy:59)
	... 20 more
"/>
         <system-out><![CDATA[2020-03-19 18:33:25 - [TEST_CASE][FAILED] - Test Cases/CrossLocationReportBuilder_TestCases/TC78_ONE STORE ONE WEEK-MONTH-YEAR-RANGE-To check that tabel values are coming or displayed as per actual formulas: Test Cases/CrossLocationReportBuilder_TestCases/TC78_ONE STORE ONE WEEK-MONTH-YEAR-RANGE-To check that tabel values are coming or displayed as per actual formulas FAILED.
Reason:
com.kms.katalon.core.exception.StepFailedException: Unable to call Test Case 'Test Cases/ReportBuilder_Pages/CreatedReports/To map and compare all report values coming as per formula' (Root cause: com.kms.katalon.core.exception.StepErrorException: Call Test Case 'Test Cases/ReportBuilder_Pages/CreatedReports/To map and compare all report values coming as per formula' failed because of error(s)
	at com.kms.katalon.core.keyword.builtin.CallTestCaseKeyword$_callTestCase_closure1.doCall(CallTestCaseKeyword.groovy:66)
	at com.kms.katalon.core.keyword.builtin.CallTestCaseKeyword$_callTestCase_closure1.call(CallTestCaseKeyword.groovy)
	at com.kms.katalon.core.keyword.internal.KeywordMain.runKeyword(KeywordMain.groovy:68)
	at com.kms.katalon.core.keyword.builtin.CallTestCaseKeyword.callTestCase(CallTestCaseKeyword.groovy:81)
	at com.kms.katalon.core.keyword.builtin.CallTestCaseKeyword.execute(CallTestCaseKeyword.groovy:44)
	at com.kms.katalon.core.keyword.internal.KeywordExecutor.executeKeywordForPlatform(KeywordExecutor.groovy:72)
	at com.kms.katalon.core.keyword.BuiltinKeywords.callTestCase(BuiltinKeywords.groovy:334)
	at TC78_ONE STORE ONE WEEK-MONTH-YEAR-RANGE-To check that tabel values are coming or displayed as per actual formulas.run(TC78_ONE STORE ONE WEEK-MONTH-YEAR-RANGE-To check that tabel values are coming or displayed as per actual formulas:70)
	at com.kms.katalon.core.main.ScriptEngine.run(ScriptEngine.java:194)
	at com.kms.katalon.core.main.ScriptEngine.runScriptAsRawText(ScriptEngine.java:119)
	at com.kms.katalon.core.main.TestCaseExecutor.runScript(TestCaseExecutor.java:337)
	at com.kms.katalon.core.main.TestCaseExecutor.doExecute(TestCaseExecutor.java:328)
	at com.kms.katalon.core.main.TestCaseExecutor.processExecutionPhase(TestCaseExecutor.java:307)
	at com.kms.katalon.core.main.TestCaseExecutor.accessMainPhase(TestCaseExecutor.java:299)
	at com.kms.katalon.core.main.TestCaseExecutor.execute(TestCaseExecutor.java:233)
	at com.kms.katalon.core.main.TestSuiteExecutor.accessTestCaseMainPhase(TestSuiteExecutor.java:169)
	at com.kms.katalon.core.main.TestSuiteExecutor.accessTestSuiteMainPhase(TestSuiteExecutor.java:142)
	at com.kms.katalon.core.main.TestSuiteExecutor.execute(TestSuiteExecutor.java:91)
	at com.kms.katalon.core.main.TestCaseMain.startTestSuite(TestCaseMain.java:157)
	at com.kms.katalon.core.main.TestCaseMain$startTestSuite$0.call(Unknown Source)
	at TempTestSuite1584622981196.run(TempTestSuite1584622981196.groovy:36)
Caused by: com.kms.katalon.core.exception.StepErrorException: AvgCheckvsTY$ Count value found On Report is	4.25And Value derived using formula is4.249840764331211
	at com.kms.katalon.core.util.KeywordUtil.markError(KeywordUtil.java:65)
	at com.kms.katalon.core.util.KeywordUtil$markError$1.call(Unknown Source)
	at compareColumnsValues.AvgTicketValuesCompare.toVerifyAvgCheckTYDollorValues(AvgTicketValuesCompare.groovy:148)
	at excelUtils.WriteExcelDailyFormula.invokeMethod(WriteExcelDailyFormula.groovy)
	at com.kms.katalon.core.main.CustomKeywordDelegatingMetaClass.invokeStaticMethod(CustomKeywordDelegatingMetaClass.java:50)
	at To map and compare all report values coming as per formula.run(To map and compare all report values coming as per formula:307)
	at com.kms.katalon.core.main.ScriptEngine.run(ScriptEngine.java:194)
	at com.kms.katalon.core.main.ScriptEngine.runScriptAsRawText(ScriptEngine.java:119)
	at com.kms.katalon.core.main.TestCaseExecutor.runScript(TestCaseExecutor.java:337)
	at com.kms.katalon.core.main.TestCaseExecutor.doExecute(TestCaseExecutor.java:328)
	at com.kms.katalon.core.main.TestCaseExecutor.processExecutionPhase(TestCaseExecutor.java:307)
	at com.kms.katalon.core.main.TestCaseExecutor.accessMainPhase(TestCaseExecutor.java:299)
	at com.kms.katalon.core.main.TestCaseExecutor.execute(TestCaseExecutor.java:233)
	at com.kms.katalon.core.main.TestCaseMain.runTestCase(TestCaseMain.java:114)
	at com.kms.katalon.core.keyword.builtin.CallTestCaseKeyword$_callTestCase_closure1.doCall(CallTestCaseKeyword.groovy:59)
	... 20 more
)
	at com.kms.katalon.core.keyword.internal.KeywordMain.stepFailed(KeywordMain.groovy:39)
	at com.kms.katalon.core.keyword.internal.KeywordMain.stepFailed(KeywordMain.groovy)
	at com.kms.katalon.core.keyword.internal.KeywordMain.runKeyword(KeywordMain.groovy:70)
	at com.kms.katalon.core.keyword.builtin.CallTestCaseKeyword.callTestCase(CallTestCaseKeyword.groovy:81)
	at com.kms.katalon.core.keyword.builtin.CallTestCaseKeyword.execute(CallTestCaseKeyword.groovy:44)
	at com.kms.katalon.core.keyword.internal.KeywordExecutor.executeKeywordForPlatform(KeywordExecutor.groovy:72)
	at com.kms.katalon.core.keyword.BuiltinKeywords.callTestCase(BuiltinKeywords.groovy:334)
	at TC78_ONE STORE ONE WEEK-MONTH-YEAR-RANGE-To check that tabel values are coming or displayed as per actual formulas.run(TC78_ONE STORE ONE WEEK-MONTH-YEAR-RANGE-To check that tabel values are coming or displayed as per actual formulas:70)
	at com.kms.katalon.core.main.ScriptEngine.run(ScriptEngine.java:194)
	at com.kms.katalon.core.main.ScriptEngine.runScriptAsRawText(ScriptEngine.java:119)
	at com.kms.katalon.core.main.TestCaseExecutor.runScript(TestCaseExecutor.java:337)
	at com.kms.katalon.core.main.TestCaseExecutor.doExecute(TestCaseExecutor.java:328)
	at com.kms.katalon.core.main.TestCaseExecutor.processExecutionPhase(TestCaseExecutor.java:307)
	at com.kms.katalon.core.main.TestCaseExecutor.accessMainPhase(TestCaseExecutor.java:299)
	at com.kms.katalon.core.main.TestCaseExecutor.execute(TestCaseExecutor.java:233)
	at com.kms.katalon.core.main.TestSuiteExecutor.accessTestCaseMainPhase(TestSuiteExecutor.java:169)
	at com.kms.katalon.core.main.TestSuiteExecutor.accessTestSuiteMainPhase(TestSuiteExecutor.java:142)
	at com.kms.katalon.core.main.TestSuiteExecutor.execute(TestSuiteExecutor.java:91)
	at com.kms.katalon.core.main.TestCaseMain.startTestSuite(TestCaseMain.java:157)
	at com.kms.katalon.core.main.TestCaseMain$startTestSuite$0.call(Unknown Source)
	at TempTestSuite1584622981196.run(TempTestSuite1584622981196.groovy:36)
Caused by: com.kms.katalon.core.exception.StepErrorException: Call Test Case 'Test Cases/ReportBuilder_Pages/CreatedReports/To map and compare all report values coming as per formula' failed because of error(s)
	at com.kms.katalon.core.keyword.builtin.CallTestCaseKeyword$_callTestCase_closure1.doCall(CallTestCaseKeyword.groovy:66)
	at com.kms.katalon.core.keyword.builtin.CallTestCaseKeyword$_callTestCase_closure1.call(CallTestCaseKeyword.groovy)
	at com.kms.katalon.core.keyword.internal.KeywordMain.runKeyword(KeywordMain.groovy:68)
	... 18 more
Caused by: com.kms.katalon.core.exception.StepErrorException: AvgCheckvsTY$ Count value found On Report is	4.25And Value derived using formula is4.249840764331211
	at com.kms.katalon.core.util.KeywordUtil.markError(KeywordUtil.java:65)
	at com.kms.katalon.core.util.KeywordUtil$markError$1.call(Unknown Source)
	at compareColumnsValues.AvgTicketValuesCompare.toVerifyAvgCheckTYDollorValues(AvgTicketValuesCompare.groovy:148)
	at excelUtils.WriteExcelDailyFormula.invokeMethod(WriteExcelDailyFormula.groovy)
	at com.kms.katalon.core.main.CustomKeywordDelegatingMetaClass.invokeStaticMethod(CustomKeywordDelegatingMetaClass.java:50)
	at To map and compare all report values coming as per formula.run(To map and compare all report values coming as per formula:307)
	at com.kms.katalon.core.main.ScriptEngine.run(ScriptEngine.java:194)
	at com.kms.katalon.core.main.ScriptEngine.runScriptAsRawText(ScriptEngine.java:119)
	at com.kms.katalon.core.main.TestCaseExecutor.runScript(TestCaseExecutor.java:337)
	at com.kms.katalon.core.main.TestCaseExecutor.doExecute(TestCaseExecutor.java:328)
	at com.kms.katalon.core.main.TestCaseExecutor.processExecutionPhase(TestCaseExecutor.java:307)
	at com.kms.katalon.core.main.TestCaseExecutor.accessMainPhase(TestCaseExecutor.java:299)
	at com.kms.katalon.core.main.TestCaseExecutor.execute(TestCaseExecutor.java:233)
	at com.kms.katalon.core.main.TestCaseMain.runTestCase(TestCaseMain.java:114)
	at com.kms.katalon.core.keyword.builtin.CallTestCaseKeyword$_callTestCase_closure1.doCall(CallTestCaseKeyword.groovy:59)
	... 20 more


2020-03-19 18:33:25 - [TEST_STEP][PASSED] - callTestCase(findTestCase("CrossLocationReportBuilder_TestCases/TC1_Verify successfull login"), [:], CONTINUE_ON_FAILURE): Call Test Case 'Test Cases/CrossLocationReportBuilder_TestCases/TC1_Verify successfull login' successfully

2020-03-19 18:33:25 - [TEST_CASE][PASSED] - Test Cases/CrossLocationReportBuilder_TestCases/TC1_Verify successfull login: Test Cases/CrossLocationReportBuilder_TestCases/TC1_Verify successfull login

2020-03-19 18:33:25 - [TEST_STEP][PASSED] - callTestCase(findTestCase("ReportBuilder_Pages/LoginPage/Login with encrypted username and password"), [:], STOP_ON_FAILURE): Call Test Case 'Test Cases/ReportBuilder_Pages/LoginPage/Login with encrypted username and password' successfully

2020-03-19 18:33:26 - [TEST_CASE][PASSED] - Test Cases/ReportBuilder_Pages/LoginPage/Login with encrypted username and password: Test Cases/ReportBuilder_Pages/LoginPage/Login with encrypted username and password

2020-03-19 18:33:26 - [TEST_STEP][PASSED] - setText(findTestObject("Object Repository/Page_Dunkin Donuts - Executive Dashboard/input_Login_textBoxEmailAddress"), username): Text 'Cafua_Dev@analytix.com' is set on object 'Object Repository/Page_Dunkin Donuts - Executive Dashboard/input_Login_textBoxEmailAddress'

2020-03-19 18:33:26 - [MESSAGE][PASSED] - Text 'Cafua_Dev@analytix.com' is set on object 'Object Repository/Page_Dunkin Donuts - Executive Dashboard/input_Login_textBoxEmailAddress'

2020-03-19 18:33:26 - [TEST_STEP][PASSED] - setText(findTestObject("Object Repository/Page_Dunkin Donuts - Executive Dashboard/input_Login_textBoxPassword"), password): Text '!9TgLT8dK3' is set on object 'Object Repository/Page_Dunkin Donuts - Executive Dashboard/input_Login_textBoxPassword'

2020-03-19 18:33:27 - [MESSAGE][PASSED] - Text '!9TgLT8dK3' is set on object 'Object Repository/Page_Dunkin Donuts - Executive Dashboard/input_Login_textBoxPassword'

2020-03-19 18:33:27 - [TEST_STEP][PASSED] - click(findTestObject("Object Repository/Page_Dunkin Donuts - Executive Dashboard/input_Login_buttonLogin")): Object: 'Object Repository/Page_Dunkin Donuts - Executive Dashboard/input_Login_buttonLogin' is clicked on

2020-03-19 18:33:27 - [MESSAGE][PASSED] - Object: 'Object Repository/Page_Dunkin Donuts - Executive Dashboard/input_Login_buttonLogin' is clicked on

2020-03-19 18:33:27 - [TEST_STEP][NOT_RUN] - waitForElementClickable(findTestObject("Page_Restaurant Intranet/link_ProfileIcon"), ExplicitWait): NOT_RUN: waitForElementClickable(findTestObject("Page_Restaurant Intranet/link_ProfileIcon"), ExplicitWait)

2020-03-19 18:33:27 - [MESSAGE][NOT_RUN] - NOT_RUN: waitForElementClickable(findTestObject("Page_Restaurant Intranet/link_ProfileIcon"), ExplicitWait)

2020-03-19 18:33:27 - [TEST_STEP][NOT_RUN] - verifyElementVisible(findTestObject("Page_Restaurant Intranet/link_ProfileIcon")): NOT_RUN: verifyElementVisible(findTestObject("Page_Restaurant Intranet/link_ProfileIcon"))

2020-03-19 18:33:27 - [MESSAGE][NOT_RUN] - NOT_RUN: verifyElementVisible(findTestObject("Page_Restaurant Intranet/link_ProfileIcon"))

2020-03-19 18:33:27 - [MESSAGE][PASSED] - Call Test Case 'Test Cases/ReportBuilder_Pages/LoginPage/Login with encrypted username and password' successfully

2020-03-19 18:33:27 - [MESSAGE][PASSED] - Call Test Case 'Test Cases/CrossLocationReportBuilder_TestCases/TC1_Verify successfull login' successfully

2020-03-19 18:33:27 - [TEST_STEP][NOT_RUN] - callTestCase(findTestCase("ReportBuilder_Pages/Data Entry Form TestCases/Click on Data Entry Form"), [:], CONTINUE_ON_FAILURE): NOT_RUN: callTestCase(findTestCase("ReportBuilder_Pages/Data Entry Form TestCases/Click on Data Entry Form"), [:], CONTINUE_ON_FAILURE)

2020-03-19 18:33:27 - [MESSAGE][NOT_RUN] - NOT_RUN: callTestCase(findTestCase("ReportBuilder_Pages/Data Entry Form TestCases/Click on Data Entry Form"), [:], CONTINUE_ON_FAILURE)

2020-03-19 18:33:27 - [TEST_STEP][NOT_RUN] - callTestCase(findTestCase("ReportBuilder_Pages/Data Entry Form TestCases/Sales Budget/Select Location from dropdown For Sales budget"), [:], CONTINUE_ON_FAILURE): NOT_RUN: callTestCase(findTestCase("ReportBuilder_Pages/Data Entry Form TestCases/Sales Budget/Select Location from dropdown For Sales budget"), [:], CONTINUE_ON_FAILURE)

2020-03-19 18:33:27 - [MESSAGE][NOT_RUN] - NOT_RUN: callTestCase(findTestCase("ReportBuilder_Pages/Data Entry Form TestCases/Sales Budget/Select Location from dropdown For Sales budget"), [:], CONTINUE_ON_FAILURE)

2020-03-19 18:33:27 - [TEST_STEP][NOT_RUN] - callTestCase(findTestCase("ReportBuilder_Pages/Data Entry Form TestCases/Sales Budget/Select Month From Dropdown For Sales budget"), [:], CONTINUE_ON_FAILURE): NOT_RUN: callTestCase(findTestCase("ReportBuilder_Pages/Data Entry Form TestCases/Sales Budget/Select Month From Dropdown For Sales budget"), [:], CONTINUE_ON_FAILURE)

2020-03-19 18:33:27 - [MESSAGE][NOT_RUN] - NOT_RUN: callTestCase(findTestCase("ReportBuilder_Pages/Data Entry Form TestCases/Sales Budget/Select Month From Dropdown For Sales budget"), [:], CONTINUE_ON_FAILURE)

2020-03-19 18:33:27 - [TEST_STEP][NOT_RUN] - callTestCase(findTestCase("ReportBuilder_Pages/Data Entry Form TestCases/Sales Budget/Select Year from dropdown For Sales budget"), [:], CONTINUE_ON_FAILURE): NOT_RUN: callTestCase(findTestCase("ReportBuilder_Pages/Data Entry Form TestCases/Sales Budget/Select Year from dropdown For Sales budget"), [:], CONTINUE_ON_FAILURE)

2020-03-19 18:33:27 - [MESSAGE][NOT_RUN] - NOT_RUN: callTestCase(findTestCase("ReportBuilder_Pages/Data Entry Form TestCases/Sales Budget/Select Year from dropdown For Sales budget"), [:], CONTINUE_ON_FAILURE)

2020-03-19 18:33:27 - [TEST_STEP][NOT_RUN] - callTestCase(findTestCase("ReportBuilder_Pages/Data Entry Form TestCases/Hit Refresh"), [:], CONTINUE_ON_FAILURE): NOT_RUN: callTestCase(findTestCase("ReportBuilder_Pages/Data Entry Form TestCases/Hit Refresh"), [:], CONTINUE_ON_FAILURE)

2020-03-19 18:33:27 - [MESSAGE][NOT_RUN] - NOT_RUN: callTestCase(findTestCase("ReportBuilder_Pages/Data Entry Form TestCases/Hit Refresh"), [:], CONTINUE_ON_FAILURE)

2020-03-19 18:33:27 - [TEST_STEP][NOT_RUN] - SalesBudgets = callTestCase(findTestCase("ReportBuilder_Pages/Data Entry Form TestCases/Sales Budget/Get And Set Sales Budget"), [:], CONTINUE_ON_FAILURE): NOT_RUN: SalesBudgets = callTestCase(findTestCase("ReportBuilder_Pages/Data Entry Form TestCases/Sales Budget/Get And Set Sales Budget"), [:], CONTINUE_ON_FAILURE)

2020-03-19 18:33:27 - [MESSAGE][NOT_RUN] - NOT_RUN: SalesBudgets = callTestCase(findTestCase("ReportBuilder_Pages/Data Entry Form TestCases/Sales Budget/Get And Set Sales Budget"), [:], CONTINUE_ON_FAILURE)

2020-03-19 18:33:27 - [TEST_STEP][NOT_RUN] - callTestCase(findTestCase("ReportBuilder_Pages/Data Entry Form TestCases/Left nav Bar/Click On Link Budget"), [:], CONTINUE_ON_FAILURE): NOT_RUN: callTestCase(findTestCase("ReportBuilder_Pages/Data Entry Form TestCases/Left nav Bar/Click On Link Budget"), [:], CONTINUE_ON_FAILURE)

2020-03-19 18:33:27 - [MESSAGE][NOT_RUN] - NOT_RUN: callTestCase(findTestCase("ReportBuilder_Pages/Data Entry Form TestCases/Left nav Bar/Click On Link Budget"), [:], CONTINUE_ON_FAILURE)

2020-03-19 18:33:27 - [TEST_STEP][NOT_RUN] - callTestCase(findTestCase("ReportBuilder_Pages/Data Entry Form TestCases/Left nav Bar/Click on Labor Budget link"), [:], CONTINUE_ON_FAILURE): NOT_RUN: callTestCase(findTestCase("ReportBuilder_Pages/Data Entry Form TestCases/Left nav Bar/Click on Labor Budget link"), [:], CONTINUE_ON_FAILURE)

2020-03-19 18:33:27 - [MESSAGE][NOT_RUN] - NOT_RUN: callTestCase(findTestCase("ReportBuilder_Pages/Data Entry Form TestCases/Left nav Bar/Click on Labor Budget link"), [:], CONTINUE_ON_FAILURE)

2020-03-19 18:33:27 - [TEST_STEP][NOT_RUN] - callTestCase(findTestCase("ReportBuilder_Pages/Data Entry Form TestCases/Labor Budget/Select Location from dropdown For Labor Budget"), [:], CONTINUE_ON_FAILURE): NOT_RUN: callTestCase(findTestCase("ReportBuilder_Pages/Data Entry Form TestCases/Labor Budget/Select Location from dropdown For Labor Budget"), [:], CONTINUE_ON_FAILURE)

2020-03-19 18:33:27 - [MESSAGE][NOT_RUN] - NOT_RUN: callTestCase(findTestCase("ReportBuilder_Pages/Data Entry Form TestCases/Labor Budget/Select Location from dropdown For Labor Budget"), [:], CONTINUE_ON_FAILURE)

2020-03-19 18:33:27 - [TEST_STEP][NOT_RUN] - callTestCase(findTestCase("ReportBuilder_Pages/Data Entry Form TestCases/Labor Budget/Select Month From Dropdown For Labor Budget"), [:], CONTINUE_ON_FAILURE): NOT_RUN: callTestCase(findTestCase("ReportBuilder_Pages/Data Entry Form TestCases/Labor Budget/Select Month From Dropdown For Labor Budget"), [:], CONTINUE_ON_FAILURE)

2020-03-19 18:33:27 - [MESSAGE][NOT_RUN] - NOT_RUN: callTestCase(findTestCase("ReportBuilder_Pages/Data Entry Form TestCases/Labor Budget/Select Month From Dropdown For Labor Budget"), [:], CONTINUE_ON_FAILURE)

2020-03-19 18:33:27 - [TEST_STEP][NOT_RUN] - callTestCase(findTestCase("ReportBuilder_Pages/Data Entry Form TestCases/Labor Budget/Select Year from dropdown For Labor Budget"), [:], CONTINUE_ON_FAILURE): NOT_RUN: callTestCase(findTestCase("ReportBuilder_Pages/Data Entry Form TestCases/Labor Budget/Select Year from dropdown For Labor Budget"), [:], CONTINUE_ON_FAILURE)

2020-03-19 18:33:27 - [MESSAGE][NOT_RUN] - NOT_RUN: callTestCase(findTestCase("ReportBuilder_Pages/Data Entry Form TestCases/Labor Budget/Select Year from dropdown For Labor Budget"), [:], CONTINUE_ON_FAILURE)

2020-03-19 18:33:27 - [TEST_STEP][NOT_RUN] - callTestCase(findTestCase("ReportBuilder_Pages/Data Entry Form TestCases/Hit Refresh"), [:], CONTINUE_ON_FAILURE): NOT_RUN: callTestCase(findTestCase("ReportBuilder_Pages/Data Entry Form TestCases/Hit Refresh"), [:], CONTINUE_ON_FAILURE)

2020-03-19 18:33:27 - [MESSAGE][NOT_RUN] - NOT_RUN: callTestCase(findTestCase("ReportBuilder_Pages/Data Entry Form TestCases/Hit Refresh"), [:], CONTINUE_ON_FAILURE)

2020-03-19 18:33:27 - [TEST_STEP][NOT_RUN] - LaborBudgets = callTestCase(findTestCase("ReportBuilder_Pages/Data Entry Form TestCases/Labor Budget/Get And Set Labor Budget"), [:], CONTINUE_ON_FAILURE): NOT_RUN: LaborBudgets = callTestCase(findTestCase("ReportBuilder_Pages/Data Entry Form TestCases/Labor Budget/Get And Set Labor Budget"), [:], CONTINUE_ON_FAILURE)

2020-03-19 18:33:27 - [MESSAGE][NOT_RUN] - NOT_RUN: LaborBudgets = callTestCase(findTestCase("ReportBuilder_Pages/Data Entry Form TestCases/Labor Budget/Get And Set Labor Budget"), [:], CONTINUE_ON_FAILURE)

2020-03-19 18:33:27 - [TEST_STEP][PASSED] - callTestCase(findTestCase("ReportBuilder_Pages/CreatedReports/Delete and Create Excels for results"), [:], CONTINUE_ON_FAILURE): Call Test Case 'Test Cases/ReportBuilder_Pages/CreatedReports/Delete and Create Excels for results' successfully

2020-03-19 18:33:27 - [TEST_CASE][PASSED] - Test Cases/ReportBuilder_Pages/CreatedReports/Delete and Create Excels for results: Test Cases/ReportBuilder_Pages/CreatedReports/Delete and Create Excels for results

2020-03-19 18:33:27 - [TEST_STEP][PASSED] - logInfo("'******************DELETE EXCEL FILE FOR FORMULA CHECK*******************'"): '******************DELETE EXCEL FILE FOR FORMULA CHECK*******************'

2020-03-19 18:33:27 - [MESSAGE][INFO] - '******************DELETE EXCEL FILE FOR FORMULA CHECK*******************'

2020-03-19 18:33:27 - [TEST_STEP][PASSED] - excelUtils.ExcelsCustom.deleteFile(): excelUtils.ExcelsCustom.deleteFile is PASSED

2020-03-19 18:33:27 - [MESSAGE][PASSED] - excelUtils.ExcelsCustom.deleteFile is PASSED

2020-03-19 18:33:27 - [TEST_STEP][PASSED] - logInfo("'******************EXCEL DELETION DONE SUCCESSFULLY*******************'"): '******************EXCEL DELETION DONE SUCCESSFULLY*******************'

2020-03-19 18:33:27 - [MESSAGE][INFO] - '******************EXCEL DELETION DONE SUCCESSFULLY*******************'

2020-03-19 18:33:27 - [TEST_STEP][PASSED] - logInfo("'******************CREATING EXCEL FILE FOR FORMULA CHECK*******************'"): '******************CREATING EXCEL FILE FOR FORMULA CHECK*******************'

2020-03-19 18:33:27 - [MESSAGE][INFO] - '******************CREATING EXCEL FILE FOR FORMULA CHECK*******************'

2020-03-19 18:33:27 - [TEST_STEP][PASSED] - excelUtils.DailyFormula.dailyFormulaCheck(): excelUtils.DailyFormula.dailyFormulaCheck is PASSED

2020-03-19 18:33:30 - [MESSAGE][PASSED] - excelUtils.DailyFormula.dailyFormulaCheck is PASSED

2020-03-19 18:33:30 - [TEST_STEP][PASSED] - logInfo("'******************EXCEL CREATION DONE SUCCESSFULLY*******************'"): '******************EXCEL CREATION DONE SUCCESSFULLY*******************'

2020-03-19 18:33:30 - [MESSAGE][INFO] - '******************EXCEL CREATION DONE SUCCESSFULLY*******************'

2020-03-19 18:33:30 - [MESSAGE][PASSED] - Call Test Case 'Test Cases/ReportBuilder_Pages/CreatedReports/Delete and Create Excels for results' successfully

2020-03-19 18:33:30 - [TEST_STEP][PASSED] - callTestCase(findTestCase("CrossLocationReportBuilder_TestCases/TC77_Verify Created Report is displaying same as per the set configuration in report setup"), ["ReportName":ReportName], CONTINUE_ON_FAILURE): Call Test Case 'Test Cases/CrossLocationReportBuilder_TestCases/TC77_Verify Created Report is displaying same as per the set configuration in report setup' successfully

2020-03-19 18:33:30 - [TEST_CASE][PASSED] - Test Cases/CrossLocationReportBuilder_TestCases/TC77_Verify Created Report is displaying same as per the set configuration in report setup: Test Cases/CrossLocationReportBuilder_TestCases/TC77_Verify Created Report is displaying same as per the set configuration in report setup

2020-03-19 18:33:31 - [TEST_STEP][PASSED] - refresh(): Refresh successfully

2020-03-19 18:33:42 - [MESSAGE][PASSED] - Refresh successfully

2020-03-19 18:33:42 - [TEST_STEP][PASSED] - mouseOver(findTestObject("Page_Restaurant Intranet/Left_Nav_Bar/link_CrossLocationReportIcon")): Object: 'Object Repository/Page_Restaurant Intranet/Left_Nav_Bar/link_CrossLocationReportIcon' is hovered

2020-03-19 18:33:42 - [MESSAGE][PASSED] - Object: 'Object Repository/Page_Restaurant Intranet/Left_Nav_Bar/link_CrossLocationReportIcon' is hovered

2020-03-19 18:33:42 - [TEST_STEP][PASSED] - reportbuildercustom.RB_Keywords.clickOnReportCategory(CategoryName): reportbuildercustom.RB_Keywords.clickOnReportCategory is PASSED

2020-03-19 18:33:46 - [MESSAGE][PASSED] - Object 'CreatedColumns' is visible

2020-03-19 18:33:46 - [MESSAGE][PASSED] - Object 'CreatedColumns' is visible

2020-03-19 18:33:46 - [MESSAGE][PASSED] - Object: 'CreatedColumns' is clicked on

2020-03-19 18:33:46 - [MESSAGE][PASSED] - reportbuildercustom.RB_Keywords.clickOnReportCategory is PASSED

2020-03-19 18:33:46 - [TEST_STEP][PASSED] - reportbuildercustom.RB_Keywords.clickAndVerifyCreatedReport(ReportName): reportbuildercustom.RB_Keywords.clickAndVerifyCreatedReport is PASSED

2020-03-19 18:33:47 - [MESSAGE][PASSED] - Object 'CreatedColumns' is visible

2020-03-19 18:33:47 - [MESSAGE][PASSED] - Object 'CreatedColumns' is visible

2020-03-19 18:33:47 - [MESSAGE][PASSED] - Object: 'CreatedColumns' is clicked on

2020-03-19 18:33:47 - [MESSAGE][PASSED] - reportbuildercustom.RB_Keywords.clickAndVerifyCreatedReport is PASSED

2020-03-19 18:33:47 - [TEST_STEP][PASSED] - waitForElementVisible(findTestObject("ReportBuilderUI/Progress_Bar"), 30): Object 'Object Repository/ReportBuilderUI/Progress_Bar' is visible

2020-03-19 18:33:47 - [MESSAGE][PASSED] - Object 'Object Repository/ReportBuilderUI/Progress_Bar' is visible

2020-03-19 18:33:47 - [TEST_STEP][PASSED] - waitForElementNotVisible(findTestObject("ReportBuilderUI/Progress_Bar"), 30): Object 'Object Repository/ReportBuilderUI/Progress_Bar' is NOT visible

2020-03-19 18:33:48 - [MESSAGE][PASSED] - Object 'Object Repository/ReportBuilderUI/Progress_Bar' is NOT visible

2020-03-19 18:33:48 - [TEST_STEP][PASSED] - title = getText(findTestObject("Created Reports Objects/ReportTitle"), CONTINUE_ON_FAILURE): Text of object 'Object Repository/Created Reports Objects/ReportTitle' is: 'Daily Sales'

2020-03-19 18:33:48 - [MESSAGE][PASSED] - Text of object 'Object Repository/Created Reports Objects/ReportTitle' is: 'Daily Sales'

2020-03-19 18:33:48 - [TEST_STEP][PASSED] - if (title.equalsIgnoreCase(ReportName)): null

2020-03-19 18:33:48 - [TEST_STEP][PASSED] - assert true: null

2020-03-19 18:33:48 - [MESSAGE][PASSED] - Call Test Case 'Test Cases/CrossLocationReportBuilder_TestCases/TC77_Verify Created Report is displaying same as per the set configuration in report setup' successfully

2020-03-19 18:33:48 - [TEST_STEP][PASSED] - callTestCase(findTestCase("ReportBuilder_Pages/CreatedReports/Verify Date Picker is displayed as defined Data Grain"), [:], CONTINUE_ON_FAILURE): Call Test Case 'Test Cases/ReportBuilder_Pages/CreatedReports/Verify Date Picker is displayed as defined Data Grain' successfully

2020-03-19 18:33:48 - [TEST_CASE][PASSED] - Test Cases/ReportBuilder_Pages/CreatedReports/Verify Date Picker is displayed as defined Data Grain: Test Cases/ReportBuilder_Pages/CreatedReports/Verify Date Picker is displayed as defined Data Grain

2020-03-19 18:33:49 - [TEST_STEP][PASSED] - waitForElementPresent(findTestObject("Created Reports Objects/StartDate"), 0): Object 'Object Repository/Created Reports Objects/StartDate' is present

2020-03-19 18:33:49 - [MESSAGE][WARNING] - Timeout '0' is invalid. Using default page load timeout: '30'

2020-03-19 18:33:49 - [MESSAGE][PASSED] - Object 'Object Repository/Created Reports Objects/StartDate' is present

2020-03-19 18:33:49 - [TEST_STEP][PASSED] - waitForElementPresent(findTestObject("Created Reports Objects/EndDate"), 0): Object 'Object Repository/Created Reports Objects/EndDate' is present

2020-03-19 18:33:49 - [MESSAGE][WARNING] - Timeout '0' is invalid. Using default page load timeout: '30'

2020-03-19 18:33:49 - [MESSAGE][PASSED] - Object 'Object Repository/Created Reports Objects/EndDate' is present

2020-03-19 18:33:49 - [TEST_STEP][PASSED] - StartDate = getText(findTestObject("Created Reports Objects/StartDate")): Text of object 'Object Repository/Created Reports Objects/StartDate' is: 'Start Date:'

2020-03-19 18:33:49 - [MESSAGE][PASSED] - Text of object 'Object Repository/Created Reports Objects/StartDate' is: 'Start Date:'

2020-03-19 18:33:49 - [TEST_STEP][PASSED] - EndDate = getText(findTestObject("Created Reports Objects/EndDate")): Text of object 'Object Repository/Created Reports Objects/EndDate' is: 'End Date:'

2020-03-19 18:33:49 - [MESSAGE][PASSED] - Text of object 'Object Repository/Created Reports Objects/EndDate' is: 'End Date:'

2020-03-19 18:33:49 - [TEST_STEP][PASSED] - presentBy = PresentBy: null

2020-03-19 18:33:49 - [TEST_STEP][PASSED] - DataGrain = DataGrain: null

2020-03-19 18:33:49 - [TEST_STEP][PASSED] - if (presentBy.equalsIgnoreCase("Day") || DataGrain.equalsIgnoreCase("Daily") && presentBy.equalsIgnoreCase("EntireRange")): null

2020-03-19 18:33:49 - [TEST_STEP][PASSED] - if (StartDate.equalsIgnoreCase("Start Date:") && EndDate.equalsIgnoreCase("End Date:")): null

2020-03-19 18:33:49 - [TEST_STEP][PASSED] - callTestCase(findTestCase("ReportBuilder_Pages/CreatedReports/setStartDate"), ["StartMonthYear":MonthYear, "StartDate":StartDate], CONTINUE_ON_FAILURE): Call Test Case 'Test Cases/ReportBuilder_Pages/CreatedReports/setStartDate' successfully

2020-03-19 18:33:49 - [TEST_CASE][PASSED] - Test Cases/ReportBuilder_Pages/CreatedReports/setStartDate: Test Cases/ReportBuilder_Pages/CreatedReports/setStartDate

2020-03-19 18:33:50 - [TEST_STEP][PASSED] - waitForElementClickable(findTestObject("ReportBuilderUI/StartDatePicker"), 5): Object 'Object Repository/ReportBuilderUI/StartDatePicker' is clickable

2020-03-19 18:33:50 - [MESSAGE][PASSED] - Object 'Object Repository/ReportBuilderUI/StartDatePicker' is clickable

2020-03-19 18:33:50 - [TEST_STEP][PASSED] - click(findTestObject("ReportBuilderUI/StartDatePicker")): Object: 'Object Repository/ReportBuilderUI/StartDatePicker' is clicked on

2020-03-19 18:33:50 - [MESSAGE][PASSED] - Object: 'Object Repository/ReportBuilderUI/StartDatePicker' is clicked on

2020-03-19 18:33:50 - [TEST_STEP][PASSED] - monthYear = StartMonthYear: null

2020-03-19 18:33:50 - [TEST_STEP][PASSED] - while (!(getText(findTestObject("ReportBuilderUI/MonthValue")).equalsIgnoreCase(monthYear))): null

2020-03-19 18:33:50 - [MESSAGE][PASSED] - Text of object 'Object Repository/ReportBuilderUI/MonthValue' is: 'Mar, 2020'

2020-03-19 18:33:50 - [TEST_STEP][PASSED] - click(findTestObject("ReportBuilderUI/cld_backbtn")): Text of object 'Object Repository/ReportBuilderUI/MonthValue' is: 'Feb, 2020'

2020-03-19 18:33:51 - [MESSAGE][PASSED] - Object: 'Object Repository/ReportBuilderUI/cld_backbtn' is clicked on

2020-03-19 18:33:51 - [MESSAGE][PASSED] - Text of object 'Object Repository/ReportBuilderUI/MonthValue' is: 'Feb, 2020'

2020-03-19 18:33:51 - [TEST_STEP][PASSED] - click(findTestObject("ReportBuilderUI/cld_backbtn")): Text of object 'Object Repository/ReportBuilderUI/MonthValue' is: 'Jan, 2020'

2020-03-19 18:33:51 - [MESSAGE][PASSED] - Object: 'Object Repository/ReportBuilderUI/cld_backbtn' is clicked on

2020-03-19 18:33:51 - [MESSAGE][PASSED] - Text of object 'Object Repository/ReportBuilderUI/MonthValue' is: 'Jan, 2020'

2020-03-19 18:33:51 - [TEST_STEP][PASSED] - click(findTestObject("ReportBuilderUI/cld_backbtn")): Text of object 'Object Repository/ReportBuilderUI/MonthValue' is: 'Dec, 2019'

2020-03-19 18:33:51 - [MESSAGE][PASSED] - Object: 'Object Repository/ReportBuilderUI/cld_backbtn' is clicked on

2020-03-19 18:33:51 - [MESSAGE][PASSED] - Text of object 'Object Repository/ReportBuilderUI/MonthValue' is: 'Dec, 2019'

2020-03-19 18:33:51 - [TEST_STEP][PASSED] - click(findTestObject("ReportBuilderUI/cld_backbtn")): Text of object 'Object Repository/ReportBuilderUI/MonthValue' is: 'Nov, 2019'

2020-03-19 18:33:52 - [MESSAGE][PASSED] - Object: 'Object Repository/ReportBuilderUI/cld_backbtn' is clicked on

2020-03-19 18:33:52 - [MESSAGE][PASSED] - Text of object 'Object Repository/ReportBuilderUI/MonthValue' is: 'Nov, 2019'

2020-03-19 18:33:52 - [TEST_STEP][PASSED] - click(findTestObject("ReportBuilderUI/cld_backbtn")): Text of object 'Object Repository/ReportBuilderUI/MonthValue' is: 'Oct, 2019'

2020-03-19 18:33:52 - [MESSAGE][PASSED] - Object: 'Object Repository/ReportBuilderUI/cld_backbtn' is clicked on

2020-03-19 18:33:52 - [MESSAGE][PASSED] - Text of object 'Object Repository/ReportBuilderUI/MonthValue' is: 'Oct, 2019'

2020-03-19 18:33:52 - [TEST_STEP][PASSED] - driver = getWebDriver(): null

2020-03-19 18:33:52 - [TEST_STEP][PASSED] - picker = driver.findElement(By.xpath("(//div[@class='dp-calendar-wrapper'])[1]")): null

2020-03-19 18:33:52 - [TEST_STEP][PASSED] - Days = picker.findElements(By.tagName("div")): null

2020-03-19 18:33:52 - [TEST_STEP][PASSED] - totalelementsfind = Days.size(): null

2020-03-19 18:33:52 - [TEST_STEP][PASSED] - flag = 0: null

2020-03-19 18:33:52 - [TEST_STEP][PASSED] - for ([i = 1, i < totalelementsfind, (i++)]): null

2020-03-19 18:33:52 - [TEST_STEP][PASSED] - Days1 = get(i).findElements(By.xpath("//button[@class='dp-calendar-day dp-current-month']")): null

2020-03-19 18:33:52 - [TEST_STEP][PASSED] - totalelementsfind1 = Days1.size(): null

2020-03-19 18:33:52 - [TEST_STEP][PASSED] - for ([j = 0, j < totalelementsfind1, (j++)]): null

2020-03-19 18:33:52 - [TEST_STEP][PASSED] - DayValue = get(j).getText(): null

2020-03-19 18:33:52 - [TEST_STEP][PASSED] - if (DayValue.equalsIgnoreCase(StartDate)): null

2020-03-19 18:33:52 - [TEST_STEP][PASSED] - DayValue = get(j).getText(): null

2020-03-19 18:33:52 - [TEST_STEP][PASSED] - if (DayValue.equalsIgnoreCase(StartDate)): null

2020-03-19 18:33:52 - [TEST_STEP][PASSED] - DayValue = get(j).getText(): null

2020-03-19 18:33:52 - [TEST_STEP][PASSED] - if (DayValue.equalsIgnoreCase(StartDate)): null

2020-03-19 18:33:52 - [TEST_STEP][PASSED] - DayValue = get(j).getText(): null

2020-03-19 18:33:52 - [TEST_STEP][PASSED] - if (DayValue.equalsIgnoreCase(StartDate)): null

2020-03-19 18:33:52 - [TEST_STEP][PASSED] - DayValue = get(j).getText(): null

2020-03-19 18:33:52 - [TEST_STEP][PASSED] - if (DayValue.equalsIgnoreCase(StartDate)): null

2020-03-19 18:33:52 - [TEST_STEP][PASSED] - DayValue = get(j).getText(): null

2020-03-19 18:33:52 - [TEST_STEP][PASSED] - if (DayValue.equalsIgnoreCase(StartDate)): null

2020-03-19 18:33:52 - [TEST_STEP][PASSED] - DayValue = get(j).getText(): null

2020-03-19 18:33:52 - [TEST_STEP][PASSED] - if (DayValue.equalsIgnoreCase(StartDate)): null

2020-03-19 18:33:52 - [TEST_STEP][PASSED] - DayValue = get(j).getText(): null

2020-03-19 18:33:52 - [TEST_STEP][PASSED] - if (DayValue.equalsIgnoreCase(StartDate)): null

2020-03-19 18:33:52 - [TEST_STEP][PASSED] - DayValue = get(j).getText(): null

2020-03-19 18:33:52 - [TEST_STEP][PASSED] - if (DayValue.equalsIgnoreCase(StartDate)): null

2020-03-19 18:33:52 - [TEST_STEP][PASSED] - DayValue = get(j).getText(): null

2020-03-19 18:33:53 - [TEST_STEP][PASSED] - if (DayValue.equalsIgnoreCase(StartDate)): null

2020-03-19 18:33:53 - [TEST_STEP][PASSED] - DayValue = get(j).getText(): null

2020-03-19 18:33:53 - [TEST_STEP][PASSED] - if (DayValue.equalsIgnoreCase(StartDate)): null

2020-03-19 18:33:53 - [TEST_STEP][PASSED] - DayValue = get(j).getText(): null

2020-03-19 18:33:53 - [TEST_STEP][PASSED] - if (DayValue.equalsIgnoreCase(StartDate)): null

2020-03-19 18:33:53 - [TEST_STEP][PASSED] - DayValue = get(j).getText(): null

2020-03-19 18:33:53 - [TEST_STEP][PASSED] - if (DayValue.equalsIgnoreCase(StartDate)): null

2020-03-19 18:33:53 - [TEST_STEP][PASSED] - DayValue = get(j).getText(): null

2020-03-19 18:33:53 - [TEST_STEP][PASSED] - if (DayValue.equalsIgnoreCase(StartDate)): null

2020-03-19 18:33:53 - [TEST_STEP][PASSED] - DayValue = get(j).getText(): null

2020-03-19 18:33:53 - [TEST_STEP][PASSED] - if (DayValue.equalsIgnoreCase(StartDate)): null

2020-03-19 18:33:53 - [TEST_STEP][PASSED] - DayValue = get(j).getText(): null

2020-03-19 18:33:53 - [TEST_STEP][PASSED] - if (DayValue.equalsIgnoreCase(StartDate)): null

2020-03-19 18:33:53 - [TEST_STEP][PASSED] - DayValue = get(j).getText(): null

2020-03-19 18:33:53 - [TEST_STEP][PASSED] - if (DayValue.equalsIgnoreCase(StartDate)): null

2020-03-19 18:33:53 - [TEST_STEP][PASSED] - DayValue = get(j).getText(): null

2020-03-19 18:33:53 - [TEST_STEP][PASSED] - if (DayValue.equalsIgnoreCase(StartDate)): null

2020-03-19 18:33:53 - [TEST_STEP][PASSED] - DayValue = get(j).getText(): null

2020-03-19 18:33:53 - [TEST_STEP][PASSED] - if (DayValue.equalsIgnoreCase(StartDate)): null

2020-03-19 18:33:53 - [TEST_STEP][PASSED] - DayValue = get(j).getText(): null

2020-03-19 18:33:53 - [TEST_STEP][PASSED] - if (DayValue.equalsIgnoreCase(StartDate)): null

2020-03-19 18:33:53 - [TEST_STEP][PASSED] - DayValue = get(j).getText(): null

2020-03-19 18:33:53 - [TEST_STEP][PASSED] - if (DayValue.equalsIgnoreCase(StartDate)): null

2020-03-19 18:33:53 - [TEST_STEP][PASSED] - DayValue = get(j).getText(): null

2020-03-19 18:33:53 - [TEST_STEP][PASSED] - if (DayValue.equalsIgnoreCase(StartDate)): null

2020-03-19 18:33:53 - [TEST_STEP][PASSED] - DayValue = get(j).getText(): null

2020-03-19 18:33:53 - [TEST_STEP][PASSED] - if (DayValue.equalsIgnoreCase(StartDate)): null

2020-03-19 18:33:53 - [TEST_STEP][PASSED] - DayValue = get(j).getText(): null

2020-03-19 18:33:53 - [TEST_STEP][PASSED] - if (DayValue.equalsIgnoreCase(StartDate)): null

2020-03-19 18:33:53 - [TEST_STEP][PASSED] - DayValue = get(j).getText(): null

2020-03-19 18:33:53 - [TEST_STEP][PASSED] - if (DayValue.equalsIgnoreCase(StartDate)): null

2020-03-19 18:33:53 - [TEST_STEP][PASSED] - DayValue = get(j).getText(): null

2020-03-19 18:33:53 - [TEST_STEP][PASSED] - if (DayValue.equalsIgnoreCase(StartDate)): null

2020-03-19 18:33:53 - [TEST_STEP][PASSED] - DayValue = get(j).getText(): null

2020-03-19 18:33:53 - [TEST_STEP][PASSED] - if (DayValue.equalsIgnoreCase(StartDate)): null

2020-03-19 18:33:53 - [TEST_STEP][PASSED] - DayValue = get(j).getText(): null

2020-03-19 18:33:53 - [TEST_STEP][PASSED] - if (DayValue.equalsIgnoreCase(StartDate)): null

2020-03-19 18:33:53 - [TEST_STEP][PASSED] - get(j).click(): null

2020-03-19 18:33:53 - [TEST_STEP][PASSED] - flag = 1: null

2020-03-19 18:33:53 - [TEST_STEP][PASSED] - break: null

2020-03-19 18:33:53 - [TEST_STEP][PASSED] - if (flag == 1): null

2020-03-19 18:33:53 - [TEST_STEP][PASSED] - break: null

2020-03-19 18:33:53 - [MESSAGE][PASSED] - Call Test Case 'Test Cases/ReportBuilder_Pages/CreatedReports/setStartDate' successfully

2020-03-19 18:33:53 - [TEST_STEP][PASSED] - callTestCase(findTestCase("ReportBuilder_Pages/CreatedReports/setEndDate"), ["EndMonthYear":EndMonthYear, "EndDate":EndDate], CONTINUE_ON_FAILURE): Call Test Case 'Test Cases/ReportBuilder_Pages/CreatedReports/setEndDate' successfully

2020-03-19 18:33:54 - [TEST_CASE][PASSED] - Test Cases/ReportBuilder_Pages/CreatedReports/setEndDate: Test Cases/ReportBuilder_Pages/CreatedReports/setEndDate

2020-03-19 18:33:54 - [TEST_STEP][PASSED] - waitForElementClickable(findTestObject("ReportBuilderUI/EndDatePicker"), 5): Object 'Object Repository/ReportBuilderUI/EndDatePicker' is clickable

2020-03-19 18:33:54 - [MESSAGE][PASSED] - Object 'Object Repository/ReportBuilderUI/EndDatePicker' is clickable

2020-03-19 18:33:54 - [TEST_STEP][PASSED] - click(findTestObject("ReportBuilderUI/EndDatePicker")): Object: 'Object Repository/ReportBuilderUI/EndDatePicker' is clicked on

2020-03-19 18:33:54 - [MESSAGE][PASSED] - Object: 'Object Repository/ReportBuilderUI/EndDatePicker' is clicked on

2020-03-19 18:33:54 - [TEST_STEP][PASSED] - while (!(getText(findTestObject("Object Repository/ReportBuilderUI/EndMonthValue")).equalsIgnoreCase(EndMonthYear))): null

2020-03-19 18:33:54 - [MESSAGE][PASSED] - Text of object 'Object Repository/ReportBuilderUI/EndMonthValue' is: 'Mar, 2020'

2020-03-19 18:33:54 - [TEST_STEP][PASSED] - click(findTestObject("ReportBuilderUI/cld_backButttonEndMonth")): Text of object 'Object Repository/ReportBuilderUI/EndMonthValue' is: 'Feb, 2020'

2020-03-19 18:33:55 - [MESSAGE][PASSED] - Object: 'Object Repository/ReportBuilderUI/cld_backButttonEndMonth' is clicked on

2020-03-19 18:33:55 - [MESSAGE][PASSED] - Text of object 'Object Repository/ReportBuilderUI/EndMonthValue' is: 'Feb, 2020'

2020-03-19 18:33:55 - [TEST_STEP][PASSED] - click(findTestObject("ReportBuilderUI/cld_backButttonEndMonth")): Text of object 'Object Repository/ReportBuilderUI/EndMonthValue' is: 'Jan, 2020'

2020-03-19 18:33:55 - [MESSAGE][PASSED] - Object: 'Object Repository/ReportBuilderUI/cld_backButttonEndMonth' is clicked on

2020-03-19 18:33:55 - [MESSAGE][PASSED] - Text of object 'Object Repository/ReportBuilderUI/EndMonthValue' is: 'Jan, 2020'

2020-03-19 18:33:55 - [TEST_STEP][PASSED] - click(findTestObject("ReportBuilderUI/cld_backButttonEndMonth")): Text of object 'Object Repository/ReportBuilderUI/EndMonthValue' is: 'Dec, 2019'

2020-03-19 18:33:55 - [MESSAGE][PASSED] - Object: 'Object Repository/ReportBuilderUI/cld_backButttonEndMonth' is clicked on

2020-03-19 18:33:55 - [MESSAGE][PASSED] - Text of object 'Object Repository/ReportBuilderUI/EndMonthValue' is: 'Dec, 2019'

2020-03-19 18:33:55 - [TEST_STEP][PASSED] - click(findTestObject("ReportBuilderUI/cld_backButttonEndMonth")): Text of object 'Object Repository/ReportBuilderUI/EndMonthValue' is: 'Nov, 2019'

2020-03-19 18:33:56 - [MESSAGE][PASSED] - Object: 'Object Repository/ReportBuilderUI/cld_backButttonEndMonth' is clicked on

2020-03-19 18:33:56 - [MESSAGE][PASSED] - Text of object 'Object Repository/ReportBuilderUI/EndMonthValue' is: 'Nov, 2019'

2020-03-19 18:33:56 - [TEST_STEP][PASSED] - click(findTestObject("ReportBuilderUI/cld_backButttonEndMonth")): Text of object 'Object Repository/ReportBuilderUI/EndMonthValue' is: 'Oct, 2019'

2020-03-19 18:33:56 - [MESSAGE][PASSED] - Object: 'Object Repository/ReportBuilderUI/cld_backButttonEndMonth' is clicked on

2020-03-19 18:33:56 - [MESSAGE][PASSED] - Text of object 'Object Repository/ReportBuilderUI/EndMonthValue' is: 'Oct, 2019'

2020-03-19 18:33:56 - [TEST_STEP][PASSED] - driver = getWebDriver(): null

2020-03-19 18:33:56 - [TEST_STEP][PASSED] - picker = driver.findElement(By.xpath("(//div[@class='dp-calendar-wrapper'])[2]")): null

2020-03-19 18:33:56 - [TEST_STEP][PASSED] - Days = picker.findElements(By.tagName("div")): null

2020-03-19 18:33:56 - [TEST_STEP][PASSED] - totalelementsfind = Days.size(): null

2020-03-19 18:33:56 - [TEST_STEP][PASSED] - flag = 0: null

2020-03-19 18:33:56 - [TEST_STEP][PASSED] - for ([i = 1, i < totalelementsfind, (i++)]): null

2020-03-19 18:33:56 - [TEST_STEP][PASSED] - Days1 = get(i).findElements(By.xpath("//button[@class='dp-calendar-day dp-current-month']")): null

2020-03-19 18:33:56 - [TEST_STEP][PASSED] - totalelementsfind1 = Days1.size(): null

2020-03-19 18:33:56 - [TEST_STEP][PASSED] - for ([j = 0, j < totalelementsfind1, (j++)]): null

2020-03-19 18:33:56 - [TEST_STEP][PASSED] - DayValue = get(j).getText(): null

2020-03-19 18:33:56 - [TEST_STEP][PASSED] - if (DayValue.equalsIgnoreCase(EndDate)): null

2020-03-19 18:33:56 - [TEST_STEP][PASSED] - DayValue = get(j).getText(): null

2020-03-19 18:33:56 - [TEST_STEP][PASSED] - if (DayValue.equalsIgnoreCase(EndDate)): null

2020-03-19 18:33:56 - [TEST_STEP][PASSED] - DayValue = get(j).getText(): null

2020-03-19 18:33:56 - [TEST_STEP][PASSED] - if (DayValue.equalsIgnoreCase(EndDate)): null

2020-03-19 18:33:56 - [TEST_STEP][PASSED] - DayValue = get(j).getText(): null

2020-03-19 18:33:56 - [TEST_STEP][PASSED] - if (DayValue.equalsIgnoreCase(EndDate)): null

2020-03-19 18:33:56 - [TEST_STEP][PASSED] - DayValue = get(j).getText(): null

2020-03-19 18:33:56 - [TEST_STEP][PASSED] - if (DayValue.equalsIgnoreCase(EndDate)): null

2020-03-19 18:33:56 - [TEST_STEP][PASSED] - DayValue = get(j).getText(): null

2020-03-19 18:33:56 - [TEST_STEP][PASSED] - if (DayValue.equalsIgnoreCase(EndDate)): null

2020-03-19 18:33:56 - [TEST_STEP][PASSED] - DayValue = get(j).getText(): null

2020-03-19 18:33:56 - [TEST_STEP][PASSED] - if (DayValue.equalsIgnoreCase(EndDate)): null

2020-03-19 18:33:56 - [TEST_STEP][PASSED] - DayValue = get(j).getText(): null

2020-03-19 18:33:57 - [TEST_STEP][PASSED] - if (DayValue.equalsIgnoreCase(EndDate)): null

2020-03-19 18:33:57 - [TEST_STEP][PASSED] - DayValue = get(j).getText(): null

2020-03-19 18:33:57 - [TEST_STEP][PASSED] - if (DayValue.equalsIgnoreCase(EndDate)): null

2020-03-19 18:33:57 - [TEST_STEP][PASSED] - DayValue = get(j).getText(): null

2020-03-19 18:33:57 - [TEST_STEP][PASSED] - if (DayValue.equalsIgnoreCase(EndDate)): null

2020-03-19 18:33:57 - [TEST_STEP][PASSED] - DayValue = get(j).getText(): null

2020-03-19 18:33:57 - [TEST_STEP][PASSED] - if (DayValue.equalsIgnoreCase(EndDate)): null

2020-03-19 18:33:57 - [TEST_STEP][PASSED] - DayValue = get(j).getText(): null

2020-03-19 18:33:57 - [TEST_STEP][PASSED] - if (DayValue.equalsIgnoreCase(EndDate)): null

2020-03-19 18:33:57 - [TEST_STEP][PASSED] - DayValue = get(j).getText(): null

2020-03-19 18:33:57 - [TEST_STEP][PASSED] - if (DayValue.equalsIgnoreCase(EndDate)): null

2020-03-19 18:33:57 - [TEST_STEP][PASSED] - DayValue = get(j).getText(): null

2020-03-19 18:33:57 - [TEST_STEP][PASSED] - if (DayValue.equalsIgnoreCase(EndDate)): null

2020-03-19 18:33:57 - [TEST_STEP][PASSED] - DayValue = get(j).getText(): null

2020-03-19 18:33:57 - [TEST_STEP][PASSED] - if (DayValue.equalsIgnoreCase(EndDate)): null

2020-03-19 18:33:57 - [TEST_STEP][PASSED] - DayValue = get(j).getText(): null

2020-03-19 18:33:57 - [TEST_STEP][PASSED] - if (DayValue.equalsIgnoreCase(EndDate)): null

2020-03-19 18:33:57 - [TEST_STEP][PASSED] - DayValue = get(j).getText(): null

2020-03-19 18:33:57 - [TEST_STEP][PASSED] - if (DayValue.equalsIgnoreCase(EndDate)): null

2020-03-19 18:33:57 - [TEST_STEP][PASSED] - DayValue = get(j).getText(): null

2020-03-19 18:33:57 - [TEST_STEP][PASSED] - if (DayValue.equalsIgnoreCase(EndDate)): null

2020-03-19 18:33:57 - [TEST_STEP][PASSED] - DayValue = get(j).getText(): null

2020-03-19 18:33:57 - [TEST_STEP][PASSED] - if (DayValue.equalsIgnoreCase(EndDate)): null

2020-03-19 18:33:57 - [TEST_STEP][PASSED] - DayValue = get(j).getText(): null

2020-03-19 18:33:57 - [TEST_STEP][PASSED] - if (DayValue.equalsIgnoreCase(EndDate)): null

2020-03-19 18:33:57 - [TEST_STEP][PASSED] - DayValue = get(j).getText(): null

2020-03-19 18:33:57 - [TEST_STEP][PASSED] - if (DayValue.equalsIgnoreCase(EndDate)): null

2020-03-19 18:33:57 - [TEST_STEP][PASSED] - DayValue = get(j).getText(): null

2020-03-19 18:33:57 - [TEST_STEP][PASSED] - if (DayValue.equalsIgnoreCase(EndDate)): null

2020-03-19 18:33:57 - [TEST_STEP][PASSED] - DayValue = get(j).getText(): null

2020-03-19 18:33:57 - [TEST_STEP][PASSED] - if (DayValue.equalsIgnoreCase(EndDate)): null

2020-03-19 18:33:57 - [TEST_STEP][PASSED] - DayValue = get(j).getText(): null

2020-03-19 18:33:57 - [TEST_STEP][PASSED] - if (DayValue.equalsIgnoreCase(EndDate)): null

2020-03-19 18:33:57 - [TEST_STEP][PASSED] - DayValue = get(j).getText(): null

2020-03-19 18:33:57 - [TEST_STEP][PASSED] - if (DayValue.equalsIgnoreCase(EndDate)): null

2020-03-19 18:33:57 - [TEST_STEP][PASSED] - DayValue = get(j).getText(): null

2020-03-19 18:33:57 - [TEST_STEP][PASSED] - if (DayValue.equalsIgnoreCase(EndDate)): null

2020-03-19 18:33:57 - [TEST_STEP][PASSED] - DayValue = get(j).getText(): null

2020-03-19 18:33:57 - [TEST_STEP][PASSED] - if (DayValue.equalsIgnoreCase(EndDate)): null

2020-03-19 18:33:57 - [TEST_STEP][PASSED] - DayValue = get(j).getText(): null

2020-03-19 18:33:57 - [TEST_STEP][PASSED] - if (DayValue.equalsIgnoreCase(EndDate)): null

2020-03-19 18:33:57 - [TEST_STEP][PASSED] - DayValue = get(j).getText(): null

2020-03-19 18:33:57 - [TEST_STEP][PASSED] - if (DayValue.equalsIgnoreCase(EndDate)): null

2020-03-19 18:33:57 - [TEST_STEP][PASSED] - DayValue = get(j).getText(): null

2020-03-19 18:33:57 - [TEST_STEP][PASSED] - if (DayValue.equalsIgnoreCase(EndDate)): null

2020-03-19 18:33:57 - [TEST_STEP][PASSED] - DayValue = get(j).getText(): null

2020-03-19 18:33:57 - [TEST_STEP][PASSED] - if (DayValue.equalsIgnoreCase(EndDate)): null

2020-03-19 18:33:57 - [TEST_STEP][PASSED] - DayValue = get(j).getText(): null

2020-03-19 18:33:57 - [TEST_STEP][PASSED] - if (DayValue.equalsIgnoreCase(EndDate)): null

2020-03-19 18:33:57 - [TEST_STEP][PASSED] - DayValue = get(j).getText(): null

2020-03-19 18:33:57 - [TEST_STEP][PASSED] - if (DayValue.equalsIgnoreCase(EndDate)): null

2020-03-19 18:33:57 - [TEST_STEP][PASSED] - DayValue = get(j).getText(): null

2020-03-19 18:33:57 - [TEST_STEP][PASSED] - if (DayValue.equalsIgnoreCase(EndDate)): null

2020-03-19 18:33:57 - [TEST_STEP][PASSED] - DayValue = get(j).getText(): null

2020-03-19 18:33:57 - [TEST_STEP][PASSED] - if (DayValue.equalsIgnoreCase(EndDate)): null

2020-03-19 18:33:57 - [TEST_STEP][PASSED] - DayValue = get(j).getText(): null

2020-03-19 18:33:57 - [TEST_STEP][PASSED] - if (DayValue.equalsIgnoreCase(EndDate)): null

2020-03-19 18:33:57 - [TEST_STEP][PASSED] - DayValue = get(j).getText(): null

2020-03-19 18:33:57 - [TEST_STEP][PASSED] - if (DayValue.equalsIgnoreCase(EndDate)): null

2020-03-19 18:33:57 - [TEST_STEP][PASSED] - DayValue = get(j).getText(): null

2020-03-19 18:33:57 - [TEST_STEP][PASSED] - if (DayValue.equalsIgnoreCase(EndDate)): null

2020-03-19 18:33:57 - [TEST_STEP][PASSED] - DayValue = get(j).getText(): null

2020-03-19 18:33:57 - [TEST_STEP][PASSED] - if (DayValue.equalsIgnoreCase(EndDate)): null

2020-03-19 18:33:57 - [TEST_STEP][PASSED] - DayValue = get(j).getText(): null

2020-03-19 18:33:57 - [TEST_STEP][PASSED] - if (DayValue.equalsIgnoreCase(EndDate)): null

2020-03-19 18:33:57 - [TEST_STEP][PASSED] - DayValue = get(j).getText(): null

2020-03-19 18:33:57 - [TEST_STEP][PASSED] - if (DayValue.equalsIgnoreCase(EndDate)): null

2020-03-19 18:33:57 - [TEST_STEP][PASSED] - DayValue = get(j).getText(): null

2020-03-19 18:33:58 - [TEST_STEP][PASSED] - if (DayValue.equalsIgnoreCase(EndDate)): null

2020-03-19 18:33:58 - [TEST_STEP][PASSED] - DayValue = get(j).getText(): null

2020-03-19 18:33:58 - [TEST_STEP][PASSED] - if (DayValue.equalsIgnoreCase(EndDate)): null

2020-03-19 18:33:58 - [TEST_STEP][PASSED] - DayValue = get(j).getText(): null

2020-03-19 18:33:58 - [TEST_STEP][PASSED] - if (DayValue.equalsIgnoreCase(EndDate)): null

2020-03-19 18:33:58 - [TEST_STEP][PASSED] - DayValue = get(j).getText(): null

2020-03-19 18:33:58 - [TEST_STEP][PASSED] - if (DayValue.equalsIgnoreCase(EndDate)): null

2020-03-19 18:33:58 - [TEST_STEP][PASSED] - DayValue = get(j).getText(): null

2020-03-19 18:33:58 - [TEST_STEP][PASSED] - if (DayValue.equalsIgnoreCase(EndDate)): null

2020-03-19 18:33:58 - [TEST_STEP][PASSED] - DayValue = get(j).getText(): null

2020-03-19 18:33:58 - [TEST_STEP][PASSED] - if (DayValue.equalsIgnoreCase(EndDate)): null

2020-03-19 18:33:58 - [TEST_STEP][PASSED] - DayValue = get(j).getText(): null

2020-03-19 18:33:58 - [TEST_STEP][PASSED] - if (DayValue.equalsIgnoreCase(EndDate)): null

2020-03-19 18:33:58 - [TEST_STEP][PASSED] - DayValue = get(j).getText(): null

2020-03-19 18:33:58 - [TEST_STEP][PASSED] - if (DayValue.equalsIgnoreCase(EndDate)): null

2020-03-19 18:33:58 - [TEST_STEP][PASSED] - DayValue = get(j).getText(): null

2020-03-19 18:33:58 - [TEST_STEP][PASSED] - if (DayValue.equalsIgnoreCase(EndDate)): null

2020-03-19 18:33:58 - [TEST_STEP][PASSED] - DayValue = get(j).getText(): null

2020-03-19 18:33:58 - [TEST_STEP][PASSED] - if (DayValue.equalsIgnoreCase(EndDate)): null

2020-03-19 18:33:58 - [TEST_STEP][PASSED] - DayValue = get(j).getText(): null

2020-03-19 18:33:58 - [TEST_STEP][PASSED] - if (DayValue.equalsIgnoreCase(EndDate)): null

2020-03-19 18:33:58 - [TEST_STEP][PASSED] - DayValue = get(j).getText(): null

2020-03-19 18:33:58 - [TEST_STEP][PASSED] - if (DayValue.equalsIgnoreCase(EndDate)): null

2020-03-19 18:33:58 - [TEST_STEP][PASSED] - DayValue = get(j).getText(): null

2020-03-19 18:33:58 - [TEST_STEP][PASSED] - if (DayValue.equalsIgnoreCase(EndDate)): null

2020-03-19 18:33:58 - [TEST_STEP][PASSED] - DayValue = get(j).getText(): null

2020-03-19 18:33:58 - [TEST_STEP][PASSED] - if (DayValue.equalsIgnoreCase(EndDate)): null

2020-03-19 18:33:58 - [TEST_STEP][PASSED] - DayValue = get(j).getText(): null

2020-03-19 18:33:58 - [TEST_STEP][PASSED] - if (DayValue.equalsIgnoreCase(EndDate)): null

2020-03-19 18:33:58 - [TEST_STEP][PASSED] - DayValue = get(j).getText(): null

2020-03-19 18:33:58 - [TEST_STEP][PASSED] - if (DayValue.equalsIgnoreCase(EndDate)): null

2020-03-19 18:33:58 - [TEST_STEP][PASSED] - DayValue = get(j).getText(): null

2020-03-19 18:33:58 - [TEST_STEP][PASSED] - if (DayValue.equalsIgnoreCase(EndDate)): null

2020-03-19 18:33:58 - [TEST_STEP][PASSED] - get(j).click(): null

2020-03-19 18:33:58 - [TEST_STEP][PASSED] - flag = 1: null

2020-03-19 18:33:58 - [TEST_STEP][PASSED] - break: null

2020-03-19 18:33:58 - [TEST_STEP][PASSED] - if (flag == 1): null

2020-03-19 18:33:58 - [TEST_STEP][PASSED] - break: null

2020-03-19 18:33:58 - [MESSAGE][PASSED] - Call Test Case 'Test Cases/ReportBuilder_Pages/CreatedReports/setEndDate' successfully

2020-03-19 18:33:58 - [TEST_STEP][PASSED] - callTestCase(findTestCase("ReportBuilder_Pages/CreatedReports/Select stores"), ["StoreName":PCName], CONTINUE_ON_FAILURE): Call Test Case 'Test Cases/ReportBuilder_Pages/CreatedReports/Select stores' successfully

2020-03-19 18:33:58 - [TEST_CASE][PASSED] - Test Cases/ReportBuilder_Pages/CreatedReports/Select stores: Test Cases/ReportBuilder_Pages/CreatedReports/Select stores

2020-03-19 18:33:59 - [TEST_STEP][PASSED] - driver = getWebDriver(): null

2020-03-19 18:33:59 - [TEST_STEP][PASSED] - click(findTestObject("Created Reports Objects/drp_StoreSelector")): Object: 'Object Repository/Created Reports Objects/drp_StoreSelector' is clicked on

2020-03-19 18:33:59 - [MESSAGE][PASSED] - Object: 'Object Repository/Created Reports Objects/drp_StoreSelector' is clicked on

2020-03-19 18:33:59 - [TEST_STEP][PASSED] - waitForElementClickable(findTestObject("Created Reports Objects/btn_checkAll"), 5): Object 'Object Repository/Created Reports Objects/btn_checkAll' is clickable

2020-03-19 18:33:59 - [MESSAGE][PASSED] - Object 'Object Repository/Created Reports Objects/btn_checkAll' is clickable

2020-03-19 18:33:59 - [TEST_STEP][PASSED] - click(findTestObject("Created Reports Objects/btn_checkAll")): Object: 'Object Repository/Created Reports Objects/btn_checkAll' is clicked on

2020-03-19 18:34:00 - [MESSAGE][PASSED] - Object: 'Object Repository/Created Reports Objects/btn_checkAll' is clicked on

2020-03-19 18:34:00 - [TEST_STEP][PASSED] - click(findTestObject("Created Reports Objects/link_uncheckAll")): Object: 'Object Repository/Created Reports Objects/link_uncheckAll' is clicked on

2020-03-19 18:34:00 - [MESSAGE][PASSED] - Object: 'Object Repository/Created Reports Objects/link_uncheckAll' is clicked on

2020-03-19 18:34:00 - [TEST_STEP][PASSED] - click(findTestObject("Created Reports Objects/input_SearchStores")): Object: 'Object Repository/Created Reports Objects/input_SearchStores' is clicked on

2020-03-19 18:34:00 - [MESSAGE][PASSED] - Object: 'Object Repository/Created Reports Objects/input_SearchStores' is clicked on

2020-03-19 18:34:00 - [TEST_STEP][PASSED] - setText(findTestObject("Created Reports Objects/input_SearchStores"), StoreName): Text 'Union Ave' is set on object 'Object Repository/Created Reports Objects/input_SearchStores'

2020-03-19 18:34:01 - [MESSAGE][PASSED] - Text 'Union Ave' is set on object 'Object Repository/Created Reports Objects/input_SearchStores'

2020-03-19 18:34:01 - [TEST_STEP][PASSED] - PCName = StoreName: null

2020-03-19 18:34:01 - [TEST_STEP][PASSED] - StoreInList = driver.findElement(By.xpath("(//span[contains(text(),'" + PCName + "')])[1]")): null

2020-03-19 18:34:01 - [TEST_STEP][PASSED] - StoreInList.click(): null

2020-03-19 18:34:01 - [MESSAGE][PASSED] - Call Test Case 'Test Cases/ReportBuilder_Pages/CreatedReports/Select stores' successfully

2020-03-19 18:34:01 - [TEST_STEP][PASSED] - callTestCase(findTestCase("ReportBuilder_Pages/CreatedReports/HitRefresh"), [:], CONTINUE_ON_FAILURE): Call Test Case 'Test Cases/ReportBuilder_Pages/CreatedReports/HitRefresh' successfully

2020-03-19 18:34:01 - [TEST_CASE][PASSED] - Test Cases/ReportBuilder_Pages/CreatedReports/HitRefresh: Test Cases/ReportBuilder_Pages/CreatedReports/HitRefresh

2020-03-19 18:34:01 - [TEST_STEP][PASSED] - click(findTestObject("ReportBuilderUI/btn_Refresh")): Object: 'Object Repository/ReportBuilderUI/btn_Refresh' is clicked on

2020-03-19 18:34:01 - [MESSAGE][PASSED] - Object: 'Object Repository/ReportBuilderUI/btn_Refresh' is clicked on

2020-03-19 18:34:01 - [MESSAGE][PASSED] - Call Test Case 'Test Cases/ReportBuilder_Pages/CreatedReports/HitRefresh' successfully

2020-03-19 18:34:01 - [TEST_STEP][PASSED] - waitForElementVisible(findTestObject("ReportBuilderUI/Progress_Bar"), 30): Object 'Object Repository/ReportBuilderUI/Progress_Bar' is visible

2020-03-19 18:34:02 - [MESSAGE][PASSED] - Object 'Object Repository/ReportBuilderUI/Progress_Bar' is visible

2020-03-19 18:34:02 - [TEST_STEP][PASSED] - waitForElementNotVisible(findTestObject("ReportBuilderUI/Progress_Bar"), 30): Object 'Object Repository/ReportBuilderUI/Progress_Bar' is NOT visible

2020-03-19 18:34:04 - [MESSAGE][PASSED] - Object 'Object Repository/ReportBuilderUI/Progress_Bar' is NOT visible

2020-03-19 18:34:04 - [TEST_STEP][PASSED] - assert true: null

2020-03-19 18:34:04 - [MESSAGE][PASSED] - Call Test Case 'Test Cases/ReportBuilder_Pages/CreatedReports/Verify Date Picker is displayed as defined Data Grain' successfully

2020-03-19 18:34:04 - [TEST_STEP][PASSED] - ValuesForFormula = [:]: null

2020-03-19 18:34:04 - [TEST_STEP][PASSED] - ValuesForFormula = callTestCase(findTestCase("ReportBuilder_Pages/CreatedReports/To get all added column values from report- ONE STORE"), [:], CONTINUE_ON_FAILURE): Call Test Case 'Test Cases/ReportBuilder_Pages/CreatedReports/To get all added column values from report- ONE STORE' successfully

2020-03-19 18:34:04 - [TEST_CASE][PASSED] - Test Cases/ReportBuilder_Pages/CreatedReports/To get all added column values from report- ONE STORE: Test Cases/ReportBuilder_Pages/CreatedReports/To get all added column values from report- ONE STORE

2020-03-19 18:34:04 - [TEST_STEP][PASSED] - ReportValues = [:]: null

2020-03-19 18:34:04 - [TEST_STEP][PASSED] - ReportValues = RB_FetchValues.fetchVariablevaluesFromReport(): RB_FetchValues.fetchVariablevaluesFromReport is PASSED

2020-03-19 18:34:05 - [MESSAGE][INFO] - FETCHING NET SALES TY VALUE FROM REPORT FOR FUTURE CALCULATION

2020-03-19 18:34:06 - [MESSAGE][INFO] - FETCHING NET SALES LY $ VALUE FROM REPORT FOR FURUTE CALCULATION

2020-03-19 18:34:06 - [MESSAGE][INFO] - FETCHING NET SALES VS LY $ VALUE FROM REPORT FOR FURUTE CALCULATION

2020-03-19 18:34:06 - [MESSAGE][INFO] - FETCHING NET SALES VS LY % VALUE FROM REPORT FOR FURUTE CALCULATION

2020-03-19 18:34:06 - [MESSAGE][INFO] - FETCHING GUEST COUNT  FROM CALENDAR FOR FUTURE CALCULATION

2020-03-19 18:34:06 - [MESSAGE][INFO] - FETCHING GUEST COUNT LY FROM CALENDAR FOR FUTURE CALCULATION

2020-03-19 18:34:07 - [MESSAGE][INFO] - FETCHING GUEST COUNT VS LY COUNT FROM CALENDAR FOR FUTURE CALCULATION

2020-03-19 18:34:07 - [MESSAGE][INFO] - FETCHING GUEST COUNT VS LY % COUNT FROM CALENDAR FOR FUTURE CALCULATION

2020-03-19 18:34:07 - [MESSAGE][INFO] - FETCHING AVG CHECK VALUE FROM REPORT FOR FUTURE CALCULATION

2020-03-19 18:34:07 - [MESSAGE][INFO] - FETCHING AVG CHECK VALUE LY FROM REPORT FOR FUTURE CALCULATION

2020-03-19 18:34:08 - [MESSAGE][INFO] - FETCHING AvgCheck_VS_LYReport FROM REPORT FOR FUTURE CALCULATION

2020-03-19 18:34:08 - [MESSAGE][INFO] - FETCHING AvgCheckvsLY_PERCENT FROM REPORT FOR FUTURE CALCULATION

2020-03-19 18:34:08 - [MESSAGE][INFO] - FETCHING Labor Cost, $  FROM REPORT FOR FUTURE CALCULATION

2020-03-19 18:34:08 - [MESSAGE][INFO] - FETCHING Labor Cost, %  FROM REPORT FOR FUTURE CALCULATION

2020-03-19 18:34:09 - [MESSAGE][INFO] - FETCHING Labor Cost LY, $  FROM REPORT FOR FUTURE CALCULATION

2020-03-19 18:34:09 - [MESSAGE][INFO] - FETCHING Labor Cost LY, % FROM REPORT FOR FUTURE CALCULATION

2020-03-19 18:34:09 - [MESSAGE][INFO] - FETCHING Labor Cost vs LY, $ FROM REPORT FOR FUTURE CALCULATION

2020-03-19 18:34:09 - [MESSAGE][INFO] - FETCHING Labor Cost vs LY, p.p. FROM REPORT FOR FUTURE CALCULATION

2020-03-19 18:34:10 - [MESSAGE][INFO] - FETCHING Gross Sales $ FROM REPORT FOR FUTURE CALCULATION

2020-03-19 18:34:10 - [MESSAGE][INFO] - FETCHING Gross Sales LY $ FROM REPORT FOR FUTURE CALCULATION

2020-03-19 18:34:10 - [MESSAGE][INFO] - FETCHING Gross Sales LY $ FROM REPORT FOR FUTURE CALCULATION

2020-03-19 18:34:10 - [MESSAGE][INFO] - FETCHING Gross Sales LY % FROM REPORT FOR FUTURE CALCULATION

2020-03-19 18:34:11 - [MESSAGE][INFO] - FETCHING Total hours FROM REPORT FOR FUTURE CALCULATION

2020-03-19 18:34:11 - [MESSAGE][INFO] - FETCHING OT hours FROM REPORT FOR FUTURE CALCULATION

2020-03-19 18:34:11 - [MESSAGE][INFO] - FETCHING Total hours LY FROM REPORT FOR FUTURE CALCULATION

2020-03-19 18:34:12 - [MESSAGE][INFO] - FETCHING OT hours LY FROM REPORT FOR FUTURE CALCULATION

2020-03-19 18:34:12 - [MESSAGE][INFO] - FETCHING Total hours vs LY FROM REPORT FOR FUTURE CALCULATION

2020-03-19 18:34:12 - [MESSAGE][INFO] - FETCHING OT hours vs LY FROM REPORT FOR FUTURE CALCULATION

2020-03-19 18:34:12 - [MESSAGE][PASSED] - RB_FetchValues.fetchVariablevaluesFromReport is PASSED

2020-03-19 18:34:12 - [TEST_STEP][PASSED] - return ReportValues: null

2020-03-19 18:34:12 - [MESSAGE][PASSED] - Call Test Case 'Test Cases/ReportBuilder_Pages/CreatedReports/To get all added column values from report- ONE STORE' successfully

2020-03-19 18:34:12 - [TEST_STEP][FAILED] - callTestCase(findTestCase("ReportBuilder_Pages/CreatedReports/To map and compare all report values coming as per formula"), ["formulaValues":ValuesForFormula], CONTINUE_ON_FAILURE): Unable to call Test Case 'Test Cases/ReportBuilder_Pages/CreatedReports/To map and compare all report values coming as per formula' (Root cause: com.kms.katalon.core.exception.StepErrorException: Call Test Case 'Test Cases/ReportBuilder_Pages/CreatedReports/To map and compare all report values coming as per formula' failed because of error(s)
	at com.kms.katalon.core.keyword.builtin.CallTestCaseKeyword$_callTestCase_closure1.doCall(CallTestCaseKeyword.groovy:66)
	at com.kms.katalon.core.keyword.builtin.CallTestCaseKeyword$_callTestCase_closure1.call(CallTestCaseKeyword.groovy)
	at com.kms.katalon.core.keyword.internal.KeywordMain.runKeyword(KeywordMain.groovy:68)
	at com.kms.katalon.core.keyword.builtin.CallTestCaseKeyword.callTestCase(CallTestCaseKeyword.groovy:81)
	at com.kms.katalon.core.keyword.builtin.CallTestCaseKeyword.execute(CallTestCaseKeyword.groovy:44)
	at com.kms.katalon.core.keyword.internal.KeywordExecutor.executeKeywordForPlatform(KeywordExecutor.groovy:72)
	at com.kms.katalon.core.keyword.BuiltinKeywords.callTestCase(BuiltinKeywords.groovy:334)
	at TC78_ONE STORE ONE WEEK-MONTH-YEAR-RANGE-To check that tabel values are coming or displayed as per actual formulas.run(TC78_ONE STORE ONE WEEK-MONTH-YEAR-RANGE-To check that tabel values are coming or displayed as per actual formulas:70)
	at com.kms.katalon.core.main.ScriptEngine.run(ScriptEngine.java:194)
	at com.kms.katalon.core.main.ScriptEngine.runScriptAsRawText(ScriptEngine.java:119)
	at com.kms.katalon.core.main.TestCaseExecutor.runScript(TestCaseExecutor.java:337)
	at com.kms.katalon.core.main.TestCaseExecutor.doExecute(TestCaseExecutor.java:328)
	at com.kms.katalon.core.main.TestCaseExecutor.processExecutionPhase(TestCaseExecutor.java:307)
	at com.kms.katalon.core.main.TestCaseExecutor.accessMainPhase(TestCaseExecutor.java:299)
	at com.kms.katalon.core.main.TestCaseExecutor.execute(TestCaseExecutor.java:233)
	at com.kms.katalon.core.main.TestSuiteExecutor.accessTestCaseMainPhase(TestSuiteExecutor.java:169)
	at com.kms.katalon.core.main.TestSuiteExecutor.accessTestSuiteMainPhase(TestSuiteExecutor.java:142)
	at com.kms.katalon.core.main.TestSuiteExecutor.execute(TestSuiteExecutor.java:91)
	at com.kms.katalon.core.main.TestCaseMain.startTestSuite(TestCaseMain.java:157)
	at com.kms.katalon.core.main.TestCaseMain$startTestSuite$0.call(Unknown Source)
	at TempTestSuite1584622981196.run(TempTestSuite1584622981196.groovy:36)
Caused by: com.kms.katalon.core.exception.StepErrorException: AvgCheckvsTY$ Count value found On Report is	4.25And Value derived using formula is4.249840764331211
	at com.kms.katalon.core.util.KeywordUtil.markError(KeywordUtil.java:65)
	at com.kms.katalon.core.util.KeywordUtil$markError$1.call(Unknown Source)
	at compareColumnsValues.AvgTicketValuesCompare.toVerifyAvgCheckTYDollorValues(AvgTicketValuesCompare.groovy:148)
	at excelUtils.WriteExcelDailyFormula.invokeMethod(WriteExcelDailyFormula.groovy)
	at com.kms.katalon.core.main.CustomKeywordDelegatingMetaClass.invokeStaticMethod(CustomKeywordDelegatingMetaClass.java:50)
	at To map and compare all report values coming as per formula.run(To map and compare all report values coming as per formula:307)
	at com.kms.katalon.core.main.ScriptEngine.run(ScriptEngine.java:194)
	at com.kms.katalon.core.main.ScriptEngine.runScriptAsRawText(ScriptEngine.java:119)
	at com.kms.katalon.core.main.TestCaseExecutor.runScript(TestCaseExecutor.java:337)
	at com.kms.katalon.core.main.TestCaseExecutor.doExecute(TestCaseExecutor.java:328)
	at com.kms.katalon.core.main.TestCaseExecutor.processExecutionPhase(TestCaseExecutor.java:307)
	at com.kms.katalon.core.main.TestCaseExecutor.accessMainPhase(TestCaseExecutor.java:299)
	at com.kms.katalon.core.main.TestCaseExecutor.execute(TestCaseExecutor.java:233)
	at com.kms.katalon.core.main.TestCaseMain.runTestCase(TestCaseMain.java:114)
	at com.kms.katalon.core.keyword.builtin.CallTestCaseKeyword$_callTestCase_closure1.doCall(CallTestCaseKeyword.groovy:59)
	... 20 more
)

2020-03-19 18:34:12 - [TEST_CASE][ERROR] - Test Cases/ReportBuilder_Pages/CreatedReports/To map and compare all report values coming as per formula: Test Cases/ReportBuilder_Pages/CreatedReports/To map and compare all report values coming as per formula FAILED.
Reason:
com.kms.katalon.core.exception.StepErrorException: AvgCheckvsTY$ Count value found On Report is	4.25And Value derived using formula is4.249840764331211
	at com.kms.katalon.core.util.KeywordUtil.markError(KeywordUtil.java:65)
	at com.kms.katalon.core.util.KeywordUtil$markError$1.call(Unknown Source)
	at compareColumnsValues.AvgTicketValuesCompare.toVerifyAvgCheckTYDollorValues(AvgTicketValuesCompare.groovy:148)
	at excelUtils.WriteExcelDailyFormula.invokeMethod(WriteExcelDailyFormula.groovy)
	at com.kms.katalon.core.main.CustomKeywordDelegatingMetaClass.invokeStaticMethod(CustomKeywordDelegatingMetaClass.java:50)
	at To map and compare all report values coming as per formula.run(To map and compare all report values coming as per formula:307)
	at com.kms.katalon.core.main.ScriptEngine.run(ScriptEngine.java:194)
	at com.kms.katalon.core.main.ScriptEngine.runScriptAsRawText(ScriptEngine.java:119)
	at com.kms.katalon.core.main.TestCaseExecutor.runScript(TestCaseExecutor.java:337)
	at com.kms.katalon.core.main.TestCaseExecutor.doExecute(TestCaseExecutor.java:328)
	at com.kms.katalon.core.main.TestCaseExecutor.processExecutionPhase(TestCaseExecutor.java:307)
	at com.kms.katalon.core.main.TestCaseExecutor.accessMainPhase(TestCaseExecutor.java:299)
	at com.kms.katalon.core.main.TestCaseExecutor.execute(TestCaseExecutor.java:233)
	at com.kms.katalon.core.main.TestCaseMain.runTestCase(TestCaseMain.java:114)
	at com.kms.katalon.core.keyword.builtin.CallTestCaseKeyword$_callTestCase_closure1.doCall(CallTestCaseKeyword.groovy:59)
	at com.kms.katalon.core.keyword.builtin.CallTestCaseKeyword$_callTestCase_closure1.call(CallTestCaseKeyword.groovy)
	at com.kms.katalon.core.keyword.internal.KeywordMain.runKeyword(KeywordMain.groovy:68)
	at com.kms.katalon.core.keyword.builtin.CallTestCaseKeyword.callTestCase(CallTestCaseKeyword.groovy:81)
	at com.kms.katalon.core.keyword.builtin.CallTestCaseKeyword.execute(CallTestCaseKeyword.groovy:44)
	at com.kms.katalon.core.keyword.internal.KeywordExecutor.executeKeywordForPlatform(KeywordExecutor.groovy:72)
	at com.kms.katalon.core.keyword.BuiltinKeywords.callTestCase(BuiltinKeywords.groovy:334)
	at TC78_ONE STORE ONE WEEK-MONTH-YEAR-RANGE-To check that tabel values are coming or displayed as per actual formulas.run(TC78_ONE STORE ONE WEEK-MONTH-YEAR-RANGE-To check that tabel values are coming or displayed as per actual formulas:70)
	at com.kms.katalon.core.main.ScriptEngine.run(ScriptEngine.java:194)
	at com.kms.katalon.core.main.ScriptEngine.runScriptAsRawText(ScriptEngine.java:119)
	at com.kms.katalon.core.main.TestCaseExecutor.runScript(TestCaseExecutor.java:337)
	at com.kms.katalon.core.main.TestCaseExecutor.doExecute(TestCaseExecutor.java:328)
	at com.kms.katalon.core.main.TestCaseExecutor.processExecutionPhase(TestCaseExecutor.java:307)
	at com.kms.katalon.core.main.TestCaseExecutor.accessMainPhase(TestCaseExecutor.java:299)
	at com.kms.katalon.core.main.TestCaseExecutor.execute(TestCaseExecutor.java:233)
	at com.kms.katalon.core.main.TestSuiteExecutor.accessTestCaseMainPhase(TestSuiteExecutor.java:169)
	at com.kms.katalon.core.main.TestSuiteExecutor.accessTestSuiteMainPhase(TestSuiteExecutor.java:142)
	at com.kms.katalon.core.main.TestSuiteExecutor.execute(TestSuiteExecutor.java:91)
	at com.kms.katalon.core.main.TestCaseMain.startTestSuite(TestCaseMain.java:157)
	at com.kms.katalon.core.main.TestCaseMain$startTestSuite$0.call(Unknown Source)
	at TempTestSuite1584622981196.run(TempTestSuite1584622981196.groovy:36)


2020-03-19 18:34:13 - [TEST_STEP][PASSED] - DataGrain = DataGrain: null

2020-03-19 18:34:13 - [TEST_STEP][PASSED] - PresentBy = PresentBy: null

2020-03-19 18:34:13 - [TEST_STEP][PASSED] - SalesBudgetActualValue = <not implemented yet for class: org.codehaus.groovy.ast.expr.EmptyExpression>: null

2020-03-19 18:34:13 - [TEST_STEP][PASSED] - LaborBudgetActualValue = <not implemented yet for class: org.codehaus.groovy.ast.expr.EmptyExpression>: null

2020-03-19 18:34:13 - [TEST_STEP][PASSED] - CreatedReportValues = [:]: null

2020-03-19 18:34:13 - [TEST_STEP][PASSED] - Store = "Single": null

2020-03-19 18:34:13 - [TEST_STEP][PASSED] - CreatedReportValues = formulaValues: null

2020-03-19 18:34:13 - [TEST_STEP][PASSED] - SalesBudgetActualValue = SalesBudget: null

[...]
Driver info: com.kms.katalon.selenium.driver.CChromeDriver
Capabilities {acceptInsecureCerts: false, browserName: chrome, browserVersion: 80.0.3987.149, chrome: {chromedriverVersion: 80.0.3987.106 (f68069574609..., userDataDir: D:\Users\bksangani\AppData\...}, goog:chromeOptions: {debuggerAddress: localhost:17877}, javascriptEnabled: true, networkConnectionEnabled: false, pageLoadStrategy: normal, platform: WINDOWS, platformName: WINDOWS, proxy: Proxy(), setWindowRect: true, strictFileInteractability: false, timeouts: {implicit: 0, pageLoad: 300000, script: 30000}, unhandledPromptBehavior: dismiss and notify}
Session ID: ecb51fca21249d75d9a329de3b02f097
*** Element info: {Using=xpath, value=(//span[contains(text(),'BROWARD ')])[1]}
	at org.openqa.selenium.remote.http.W3CHttpResponseCodec.createException(W3CHttpResponseCodec.java:187)
	at org.openqa.selenium.remote.http.W3CHttpResponseCodec.decode(W3CHttpResponseCodec.java:122)
	at org.openqa.selenium.remote.http.W3CHttpResponseCodec.decode(W3CHttpResponseCodec.java:49)
	at org.openqa.selenium.remote.HttpCommandExecutor.execute(HttpCommandExecutor.java:158)
	at org.openqa.selenium.remote.service.DriverCommandExecutor.execute(DriverCommandExecutor.java:83)
	at org.openqa.selenium.remote.RemoteWebDriver.execute(RemoteWebDriver.java:552)
	at com.kms.katalon.selenium.driver.CChromeDriver.execute(CChromeDriver.java:19)
	at org.openqa.selenium.remote.RemoteWebDriver.findElement(RemoteWebDriver.java:323)
	at org.openqa.selenium.remote.RemoteWebDriver.findElementByXPath(RemoteWebDriver.java:428)
	at org.openqa.selenium.By$ByXPath.findElement(By.java:353)
	at org.openqa.selenium.remote.RemoteWebDriver.findElement(RemoteWebDriver.java:315)
	at org.openqa.selenium.support.events.EventFiringWebDriver.lambda$new$1(EventFiringWebDriver.java:105)
	at com.sun.proxy.$Proxy11.findElement(Unknown Source)
	at org.openqa.selenium.support.events.EventFiringWebDriver.findElement(EventFiringWebDriver.java:194)
	at org.openqa.selenium.WebDriver$findElement.call(Unknown Source)
	at Select multiple stores.run(Select multiple stores:69)
	at com.kms.katalon.core.main.ScriptEngine.run(ScriptEngine.java:194)
	at com.kms.katalon.core.main.ScriptEngine.runScriptAsRawText(ScriptEngine.java:119)
	at com.kms.katalon.core.main.TestCaseExecutor.runScript(TestCaseExecutor.java:337)
	at com.kms.katalon.core.main.TestCaseExecutor.doExecute(TestCaseExecutor.java:328)
	at com.kms.katalon.core.main.TestCaseExecutor.processExecutionPhase(TestCaseExecutor.java:307)
	at com.kms.katalon.core.main.TestCaseExecutor.accessMainPhase(TestCaseExecutor.java:299)
	at com.kms.katalon.core.main.TestCaseExecutor.execute(TestCaseExecutor.java:233)
	at com.kms.katalon.core.main.TestCaseMain.runTestCase(TestCaseMain.java:114)
	at com.kms.katalon.core.keyword.builtin.CallTestCaseKeyword$_callTestCase_closure1.doCall(CallTestCaseKeyword.groovy:59)
	... 36 more]]></system-err>
      </testcase>
      <system-out><![CDATA[2020-03-19 18:33:05 - [TEST_SUITE][FAILED] - Daily Data Grain and Present By Formula Check: Test Cases/CrossLocationReportBuilder_TestCases/TC78_ONE STORE ONE WEEK-MONTH-YEAR-RANGE-To check that tabel values are coming or displayed as per actual formulas FAILED.
Reason:
com.kms.katalon.core.exception.StepFailedException: Unable to call Test Case 'Test Cases/ReportBuilder_Pages/CreatedReports/To map and compare all report values coming as per formula' (Root cause: com.kms.katalon.core.exception.StepErrorException: Call Test Case 'Test Cases/ReportBuilder_Pages/CreatedReports/To map and compare all report values coming as per formula' failed because of error(s)
	at com.kms.katalon.core.keyword.builtin.CallTestCaseKeyword$_callTestCase_closure1.doCall(CallTestCaseKeyword.groovy:66)
	at com.kms.katalon.core.keyword.builtin.CallTestCaseKeyword$_callTestCase_closure1.call(CallTestCaseKeyword.groovy)
	at com.kms.katalon.core.keyword.internal.KeywordMain.runKeyword(KeywordMain.groovy:68)
	at com.kms.katalon.core.keyword.builtin.CallTestCaseKeyword.callTestCase(CallTestCaseKeyword.groovy:81)
	at com.kms.katalon.core.keyword.builtin.CallTestCaseKeyword.execute(CallTestCaseKeyword.groovy:44)
	at com.kms.katalon.core.keyword.internal.KeywordExecutor.executeKeywordForPlatform(KeywordExecutor.groovy:72)
	at com.kms.katalon.core.keyword.BuiltinKeywords.callTestCase(BuiltinKeywords.groovy:334)
	at TC78_ONE STORE ONE WEEK-MONTH-YEAR-RANGE-To check that tabel values are coming or displayed as per actual formulas.run(TC78_ONE STORE ONE WEEK-MONTH-YEAR-RANGE-To check that tabel values are coming or displayed as per actual formulas:70)
	at com.kms.katalon.core.main.ScriptEngine.run(ScriptEngine.java:194)
	at com.kms.katalon.core.main.ScriptEngine.runScriptAsRawText(ScriptEngine.java:119)
	at com.kms.katalon.core.main.TestCaseExecutor.runScript(TestCaseExecutor.java:337)
	at com.kms.katalon.core.main.TestCaseExecutor.doExecute(TestCaseExecutor.java:328)
	at com.kms.katalon.core.main.TestCaseExecutor.processExecutionPhase(TestCaseExecutor.java:307)
	at com.kms.katalon.core.main.TestCaseExecutor.accessMainPhase(TestCaseExecutor.java:299)
	at com.kms.katalon.core.main.TestCaseExecutor.execute(TestCaseExecutor.java:233)
	at com.kms.katalon.core.main.TestSuiteExecutor.accessTestCaseMainPhase(TestSuiteExecutor.java:169)
	at com.kms.katalon.core.main.TestSuiteExecutor.accessTestSuiteMainPhase(TestSuiteExecutor.java:142)
	at com.kms.katalon.core.main.TestSuiteExecutor.execute(TestSuiteExecutor.java:91)
	at com.kms.katalon.core.main.TestCaseMain.startTestSuite(TestCaseMain.java:157)
	at com.kms.katalon.core.main.TestCaseMain$startTestSuite$0.call(Unknown Source)
	at TempTestSuite1584622981196.run(TempTestSuite1584622981196.groovy:36)
Caused by: com.kms.katalon.core.exception.StepErrorException: AvgCheckvsTY$ Count value found On Report is	4.25And Value derived using formula is4.249840764331211
	at com.kms.katalon.core.util.KeywordUtil.markError(KeywordUtil.java:65)
	at com.kms.katalon.core.util.KeywordUtil$markError$1.call(Unknown Source)
	at compareColumnsValues.AvgTicketValuesCompare.toVerifyAvgCheckTYDollorValues(AvgTicketValuesCompare.groovy:148)
	at excelUtils.WriteExcelDailyFormula.invokeMethod(WriteExcelDailyFormula.groovy)
	at com.kms.katalon.core.main.CustomKeywordDelegatingMetaClass.invokeStaticMethod(CustomKeywordDelegatingMetaClass.java:50)
	at To map and compare all report values coming as per formula.run(To map and compare all report values coming as per formula:307)
	at com.kms.katalon.core.main.ScriptEngine.run(ScriptEngine.java:194)
	at com.kms.katalon.core.main.ScriptEngine.runScriptAsRawText(ScriptEngine.java:119)
	at com.kms.katalon.core.main.TestCaseExecutor.runScript(TestCaseExecutor.java:337)
	at com.kms.katalon.core.main.TestCaseExecutor.doExecute(TestCaseExecutor.java:328)
	at com.kms.katalon.core.main.TestCaseExecutor.processExecutionPhase(TestCaseExecutor.java:307)
	at com.kms.katalon.core.main.TestCaseExecutor.accessMainPhase(TestCaseExecutor.java:299)
	at com.kms.katalon.core.main.TestCaseExecutor.execute(TestCaseExecutor.java:233)
	at com.kms.katalon.core.main.TestCaseMain.runTestCase(TestCaseMain.java:114)
	at com.kms.katalon.core.keyword.builtin.CallTestCaseKeyword$_callTestCase_closure1.doCall(CallTestCaseKeyword.groovy:59)
	... 20 more
)
	at com.kms.katalon.core.keyword.internal.KeywordMain.stepFailed(KeywordMain.groovy:39)
	at com.kms.katalon.core.keyword.internal.KeywordMain.stepFailed(KeywordMain.groovy)
	at com.kms.katalon.core.keyword.internal.KeywordMain.runKeyword(KeywordMain.groovy:70)
	at com.kms.katalon.core.keyword.builtin.CallTestCaseKeyword.callTestCase(CallTestCaseKeyword.groovy:81)
	at com.kms.katalon.core.keyword.builtin.CallTestCaseKeyword.execute(CallTestCaseKeyword.groovy:44)
	at com.kms.katalon.core.keyword.internal.KeywordExecutor.executeKeywordForPlatform(KeywordExecutor.groovy:72)
	at com.kms.katalon.core.keyword.BuiltinKeywords.callTestCase(BuiltinKeywords.groovy:334)
	at TC78_ONE STORE ONE WEEK-MONTH-YEAR-RANGE-To check that tabel values are coming or displayed as per actual formulas.run(TC78_ONE STORE ONE WEEK-MONTH-YEAR-RANGE-To check that tabel values are coming or displayed as per actual formulas:70)
	at com.kms.katalon.core.main.ScriptEngine.run(ScriptEngine.java:194)
	at com.kms.katalon.core.main.ScriptEngine.runScriptAsRawText(ScriptEngine.java:119)
	at com.kms.katalon.core.main.TestCaseExecutor.runScript(TestCaseExecutor.java:337)
	at com.kms.katalon.core.main.TestCaseExecutor.doExecute(TestCaseExecutor.java:328)
	at com.kms.katalon.core.main.TestCaseExecutor.processExecutionPhase(TestCaseExecutor.java:307)
	at com.kms.katalon.core.main.TestCaseExecutor.accessMainPhase(TestCaseExecutor.java:299)
	at com.kms.katalon.core.main.TestCaseExecutor.execute(TestCaseExecutor.java:233)
	at com.kms.katalon.core.main.TestSuiteExecutor.accessTestCaseMainPhase(TestSuiteExecutor.java:169)
	at com.kms.katalon.core.main.TestSuiteExecutor.accessTestSuiteMainPhase(TestSuiteExecutor.java:142)
	at com.kms.katalon.core.main.TestSuiteExecutor.execute(TestSuiteExecutor.java:91)
	at com.kms.katalon.core.main.TestCaseMain.startTestSuite(TestCaseMain.java:157)
	at com.kms.katalon.core.main.TestCaseMain$startTestSuite$0.call(Unknown Source)
	at TempTestSuite1584622981196.run(TempTestSuite1584622981196.groovy:36)
Caused by: com.kms.katalon.core.exception.StepErrorException: Call Test Case 'Test Cases/ReportBuilder_Pages/CreatedReports/To map and compare all report values coming as per formula' failed because of error(s)
	at com.kms.katalon.core.keyword.builtin.CallTestCaseKeyword$_callTestCase_closure1.doCall(CallTestCaseKeyword.groovy:66)
	at com.kms.katalon.core.keyword.builtin.CallTestCaseKeyword$_callTestCase_closure1.call(CallTestCaseKeyword.groovy)
	at com.kms.katalon.core.keyword.internal.KeywordMain.runKeyword(KeywordMain.groovy:68)
	... 18 more
Caused by: com.kms.katalon.core.exception.StepErrorException: AvgCheckvsTY$ Count value found On Report is	4.25And Value derived using formula is4.249840764331211
	at com.kms.katalon.core.util.KeywordUtil.markError(KeywordUtil.java:65)
	at com.kms.katalon.core.util.KeywordUtil$markError$1.call(Unknown Source)
	at compareColumnsValues.AvgTicketValuesCompare.toVerifyAvgCheckTYDollorValues(AvgTicketValuesCompare.groovy:148)
	at excelUtils.WriteExcelDailyFormula.invokeMethod(WriteExcelDailyFormula.groovy)
	at com.kms.katalon.core.main.CustomKeywordDelegatingMetaClass.invokeStaticMethod(CustomKeywordDelegatingMetaClass.java:50)
	at To map and compare all report values coming as per formula.run(To map and compare all report values coming as per formula:307)
	at com.kms.katalon.core.main.ScriptEngine.run(ScriptEngine.java:194)
	at com.kms.katalon.core.main.ScriptEngine.runScriptAsRawText(ScriptEngine.java:119)
	at com.kms.katalon.core.main.TestCaseExecutor.runScript(TestCaseExecutor.java:337)
	at com.kms.katalon.core.main.TestCaseExecutor.doExecute(TestCaseExecutor.java:328)
	at com.kms.katalon.core.main.TestCaseExecutor.processExecutionPhase(TestCaseExecutor.java:307)
	at com.kms.katalon.core.main.TestCaseExecutor.accessMainPhase(TestCaseExecutor.java:299)
	at com.kms.katalon.core.main.TestCaseExecutor.execute(TestCaseExecutor.java:233)
	at com.kms.katalon.core.main.TestCaseMain.runTestCase(TestCaseMain.java:114)
	at com.kms.katalon.core.keyword.builtin.CallTestCaseKeyword$_callTestCase_closure1.doCall(CallTestCaseKeyword.groovy:59)
	... 20 more]]></system-out>
      <system-err><![CDATA[2020-03-19 18:33:05 - [TEST_SUITE][FAILED] - Daily Data Grain and Present By Formula Check: Test Cases/CrossLocationReportBuilder_TestCases/TC78_ONE STORE ONE WEEK-MONTH-YEAR-RANGE-To check that tabel values are coming or displayed as per actual formulas FAILED.
Reason:
com.kms.katalon.core.exception.StepFailedException: Unable to call Test Case 'Test Cases/ReportBuilder_Pages/CreatedReports/To map and compare all report values coming as per formula' (Root cause: com.kms.katalon.core.exception.StepErrorException: Call Test Case 'Test Cases/ReportBuilder_Pages/CreatedReports/To map and compare all report values coming as per formula' failed because of error(s)
	at com.kms.katalon.core.keyword.builtin.CallTestCaseKeyword$_callTestCase_closure1.doCall(CallTestCaseKeyword.groovy:66)
	at com.kms.katalon.core.keyword.builtin.CallTestCaseKeyword$_callTestCase_closure1.call(CallTestCaseKeyword.groovy)
	at com.kms.katalon.core.keyword.internal.KeywordMain.runKeyword(KeywordMain.groovy:68)
	at com.kms.katalon.core.keyword.builtin.CallTestCaseKeyword.callTestCase(CallTestCaseKeyword.groovy:81)
	at com.kms.katalon.core.keyword.builtin.CallTestCaseKeyword.execute(CallTestCaseKeyword.groovy:44)
	at com.kms.katalon.core.keyword.internal.KeywordExecutor.executeKeywordForPlatform(KeywordExecutor.groovy:72)
	at com.kms.katalon.core.keyword.BuiltinKeywords.callTestCase(BuiltinKeywords.groovy:334)
	at TC78_ONE STORE ONE WEEK-MONTH-YEAR-RANGE-To check that tabel values are coming or displayed as per actual formulas.run(TC78_ONE STORE ONE WEEK-MONTH-YEAR-RANGE-To check that tabel values are coming or displayed as per actual formulas:70)
	at com.kms.katalon.core.main.ScriptEngine.run(ScriptEngine.java:194)
	at com.kms.katalon.core.main.ScriptEngine.runScriptAsRawText(ScriptEngine.java:119)
	at com.kms.katalon.core.main.TestCaseExecutor.runScript(TestCaseExecutor.java:337)
	at com.kms.katalon.core.main.TestCaseExecutor.doExecute(TestCaseExecutor.java:328)
	at com.kms.katalon.core.main.TestCaseExecutor.processExecutionPhase(TestCaseExecutor.java:307)
	at com.kms.katalon.core.main.TestCaseExecutor.accessMainPhase(TestCaseExecutor.java:299)
	at com.kms.katalon.core.main.TestCaseExecutor.execute(TestCaseExecutor.java:233)
	at com.kms.katalon.core.main.TestSuiteExecutor.accessTestCaseMainPhase(TestSuiteExecutor.java:169)
	at com.kms.katalon.core.main.TestSuiteExecutor.accessTestSuiteMainPhase(TestSuiteExecutor.java:142)
	at com.kms.katalon.core.main.TestSuiteExecutor.execute(TestSuiteExecutor.java:91)
	at com.kms.katalon.core.main.TestCaseMain.startTestSuite(TestCaseMain.java:157)
	at com.kms.katalon.core.main.TestCaseMain$startTestSuite$0.call(Unknown Source)
	at TempTestSuite1584622981196.run(TempTestSuite1584622981196.groovy:36)
Caused by: com.kms.katalon.core.exception.StepErrorException: AvgCheckvsTY$ Count value found On Report is	4.25And Value derived using formula is4.249840764331211
	at com.kms.katalon.core.util.KeywordUtil.markError(KeywordUtil.java:65)
	at com.kms.katalon.core.util.KeywordUtil$markError$1.call(Unknown Source)
	at compareColumnsValues.AvgTicketValuesCompare.toVerifyAvgCheckTYDollorValues(AvgTicketValuesCompare.groovy:148)
	at excelUtils.WriteExcelDailyFormula.invokeMethod(WriteExcelDailyFormula.groovy)
	at com.kms.katalon.core.main.CustomKeywordDelegatingMetaClass.invokeStaticMethod(CustomKeywordDelegatingMetaClass.java:50)
	at To map and compare all report values coming as per formula.run(To map and compare all report values coming as per formula:307)
	at com.kms.katalon.core.main.ScriptEngine.run(ScriptEngine.java:194)
	at com.kms.katalon.core.main.ScriptEngine.runScriptAsRawText(ScriptEngine.java:119)
	at com.kms.katalon.core.main.TestCaseExecutor.runScript(TestCaseExecutor.java:337)
	at com.kms.katalon.core.main.TestCaseExecutor.doExecute(TestCaseExecutor.java:328)
	at com.kms.katalon.core.main.TestCaseExecutor.processExecutionPhase(TestCaseExecutor.java:307)
	at com.kms.katalon.core.main.TestCaseExecutor.accessMainPhase(TestCaseExecutor.java:299)
	at com.kms.katalon.core.main.TestCaseExecutor.execute(TestCaseExecutor.java:233)
	at com.kms.katalon.core.main.TestCaseMain.runTestCase(TestCaseMain.java:114)
	at com.kms.katalon.core.keyword.builtin.CallTestCaseKeyword$_callTestCase_closure1.doCall(CallTestCaseKeyword.groovy:59)
	... 20 more
)
	at com.kms.katalon.core.keyword.internal.KeywordMain.stepFailed(KeywordMain.groovy:39)
	at com.kms.katalon.core.keyword.internal.KeywordMain.stepFailed(KeywordMain.groovy)
	at com.kms.katalon.core.keyword.internal.KeywordMain.runKeyword(KeywordMain.groovy:70)
	at com.kms.katalon.core.keyword.builtin.CallTestCaseKeyword.callTestCase(CallTestCaseKeyword.groovy:81)
	at com.kms.katalon.core.keyword.builtin.CallTestCaseKeyword.execute(CallTestCaseKeyword.groovy:44)
	at com.kms.katalon.core.keyword.internal.KeywordExecutor.executeKeywordForPlatform(KeywordExecutor.groovy:72)
	at com.kms.katalon.core.keyword.BuiltinKeywords.callTestCase(BuiltinKeywords.groovy:334)
	at TC78_ONE STORE ONE WEEK-MONTH-YEAR-RANGE-To check that tabel values are coming or displayed as per actual formulas.run(TC78_ONE STORE ONE WEEK-MONTH-YEAR-RANGE-To check that tabel values are coming or displayed as per actual formulas:70)
	at com.kms.katalon.core.main.ScriptEngine.run(ScriptEngine.java:194)
	at com.kms.katalon.core.main.ScriptEngine.runScriptAsRawText(ScriptEngine.java:119)
	at com.kms.katalon.core.main.TestCaseExecutor.runScript(TestCaseExecutor.java:337)
	at com.kms.katalon.core.main.TestCaseExecutor.doExecute(TestCaseExecutor.java:328)
	at com.kms.katalon.core.main.TestCaseExecutor.processExecutionPhase(TestCaseExecutor.java:307)
	at com.kms.katalon.core.main.TestCaseExecutor.accessMainPhase(TestCaseExecutor.java:299)
	at com.kms.katalon.core.main.TestCaseExecutor.execute(TestCaseExecutor.java:233)
	at com.kms.katalon.core.main.TestSuiteExecutor.accessTestCaseMainPhase(TestSuiteExecutor.java:169)
	at com.kms.katalon.core.main.TestSuiteExecutor.accessTestSuiteMainPhase(TestSuiteExecutor.java:142)
	at com.kms.katalon.core.main.TestSuiteExecutor.execute(TestSuiteExecutor.java:91)
	at com.kms.katalon.core.main.TestCaseMain.startTestSuite(TestCaseMain.java:157)
	at com.kms.katalon.core.main.TestCaseMain$startTestSuite$0.call(Unknown Source)
	at TempTestSuite1584622981196.run(TempTestSuite1584622981196.groovy:36)
Caused by: com.kms.katalon.core.exception.StepErrorException: Call Test Case 'Test Cases/ReportBuilder_Pages/CreatedReports/To map and compare all report values coming as per formula' failed because of error(s)
	at com.kms.katalon.core.keyword.builtin.CallTestCaseKeyword$_callTestCase_closure1.doCall(CallTestCaseKeyword.groovy:66)
	at com.kms.katalon.core.keyword.builtin.CallTestCaseKeyword$_callTestCase_closure1.call(CallTestCaseKeyword.groovy)
	at com.kms.katalon.core.keyword.internal.KeywordMain.runKeyword(KeywordMain.groovy:68)
	... 18 more
Caused by: com.kms.katalon.core.exception.StepErrorException: AvgCheckvsTY$ Count value found On Report is	4.25And Value derived using formula is4.249840764331211
	at com.kms.katalon.core.util.KeywordUtil.markError(KeywordUtil.java:65)
	at com.kms.katalon.core.util.KeywordUtil$markError$1.call(Unknown Source)
	at compareColumnsValues.AvgTicketValuesCompare.toVerifyAvgCheckTYDollorValues(AvgTicketValuesCompare.groovy:148)
	at excelUtils.WriteExcelDailyFormula.invokeMethod(WriteExcelDailyFormula.groovy)
	at com.kms.katalon.core.main.CustomKeywordDelegatingMetaClass.invokeStaticMethod(CustomKeywordDelegatingMetaClass.java:50)
	at To map and compare all report values coming as per formula.run(To map and compare all report values coming as per formula:307)
	at com.kms.katalon.core.main.ScriptEngine.run(ScriptEngine.java:194)
	at com.kms.katalon.core.main.ScriptEngine.runScriptAsRawText(ScriptEngine.java:119)
	at com.kms.katalon.core.main.TestCaseExecutor.runScript(TestCaseExecutor.java:337)
	at com.kms.katalon.core.main.TestCaseExecutor.doExecute(TestCaseExecutor.java:328)
	at com.kms.katalon.core.main.TestCaseExecutor.processExecutionPhase(TestCaseExecutor.java:307)
	at com.kms.katalon.core.main.TestCaseExecutor.accessMainPhase(TestCaseExecutor.java:299)
	at com.kms.katalon.core.main.TestCaseExecutor.execute(TestCaseExecutor.java:233)
	at com.kms.katalon.core.main.TestCaseMain.runTestCase(TestCaseMain.java:114)
	at com.kms.katalon.core.keyword.builtin.CallTestCaseKeyword$_callTestCase_closure1.doCall(CallTestCaseKeyword.groovy:59)
	... 20 more]]></system-err>
   </testsuite>
</testsuites>
