<?xml version="1.0" encoding="UTF-8"?>
<testsuites name="Daily Report End to End Suit" time="253.172" tests="1" failures="1" errors="0">
   <testsuite name="Daily Report End to End Suit" tests="1" failures="1" errors="0" time="253.172" timestamp="2020-03-17 15:26:38" hostname="bksangani - aixahm-ts6.analytix.local" id="Test Suites/Daily Report End to End Suit">
      <properties>
         <property name="deviceName" value=""/>
         <property name="devicePlatform" value=""/>
         <property name="logFolder" value="D:\\Users\\bksangani\\Katalon Studio\\ReportBuilderV1\\Reports\\20200317_152635\\Daily Report End to End Suit\\20200317_152635"/>
         <property name="logFiles" value="D:\\Users\\bksangani\\Katalon Studio\\ReportBuilderV1\\Reports\\20200317_152635\\Daily Report End to End Suit\\20200317_152635\\execution0.log"/>
         <property name="attachments" value=""/>
         <property name="hostName" value="bksangani - aixahm-ts6.analytix.local"/>
         <property name="os" value="Windows Server 2016 64bit"/>
         <property name="katalonVersion" value="7.2.1.1"/>
         <property name="browser" value="Chrome 80.0.3987.132"/>
         <property name="hostAddress" value="192.168.16.190"/>
         <property name="sessionId" value="d529f8ecdaca8a543adab683ea036161"/>
         <property name="seleniumVersion" value="3.141.59"/>
         <property name="proxyInformation" value="ProxyInformation{proxyOption=NO_PROXY, proxyServerType=HTTP, password=, proxyServerAddress=, proxyServerPort=0, executionList=}"/>
         <property name="platform" value="Windows Server 2016"/>
      </properties>
      <testcase name="Test Cases/CrossLocationReportBuilder_TestCases/TC8_Create Daily Report with valid details and compare report values with calender for specific time period" time="227.055" classname="Test Cases/CrossLocationReportBuilder_TestCases/TC8_Create Daily Report with valid details and compare report values with calender for specific time period" status="FAILED">
         <failure type="FAILED" message="Test Cases/CrossLocationReportBuilder_TestCases/TC8_Create Daily Report with valid details and compare report values with calender for specific time period FAILED.
Reason:
com.kms.katalon.core.exception.StepFailedException: Unable to call Test Case 'Test Cases/ReportBuilder_Pages/CreatedReports/Verify Dates on report based on selected present data by' (Root cause: com.kms.katalon.core.exception.StepErrorException: Call Test Case 'Test Cases/ReportBuilder_Pages/CreatedReports/Verify Dates on report based on selected present data by' failed because of error(s)
	at com.kms.katalon.core.keyword.builtin.CallTestCaseKeyword$_callTestCase_closure1.doCall(CallTestCaseKeyword.groovy:66)
	at com.kms.katalon.core.keyword.builtin.CallTestCaseKeyword$_callTestCase_closure1.call(CallTestCaseKeyword.groovy)
	at com.kms.katalon.core.keyword.internal.KeywordMain.runKeyword(KeywordMain.groovy:68)
	at com.kms.katalon.core.keyword.builtin.CallTestCaseKeyword.callTestCase(CallTestCaseKeyword.groovy:81)
	at com.kms.katalon.core.keyword.builtin.CallTestCaseKeyword.execute(CallTestCaseKeyword.groovy:44)
	at com.kms.katalon.core.keyword.internal.KeywordExecutor.executeKeywordForPlatform(KeywordExecutor.groovy:72)
	at com.kms.katalon.core.keyword.BuiltinKeywords.callTestCase(BuiltinKeywords.groovy:334)
	at TC8_Create Daily Report with valid details and compare report values with calender for specific time period.run(TC8_Create Daily Report with valid details and compare report values with calender for specific time period:74)
	at com.kms.katalon.core.main.ScriptEngine.run(ScriptEngine.java:194)
	at com.kms.katalon.core.main.ScriptEngine.runScriptAsRawText(ScriptEngine.java:119)
	at com.kms.katalon.core.main.TestCaseExecutor.runScript(TestCaseExecutor.java:337)
	at com.kms.katalon.core.main.TestCaseExecutor.doExecute(TestCaseExecutor.java:328)
	at com.kms.katalon.core.main.TestCaseExecutor.processExecutionPhase(TestCaseExecutor.java:307)
	at com.kms.katalon.core.main.TestCaseExecutor.accessMainPhase(TestCaseExecutor.java:299)
	at com.kms.katalon.core.main.TestCaseExecutor.execute(TestCaseExecutor.java:233)
	at com.kms.katalon.core.main.TestSuiteExecutor.accessTestCaseMainPhase(TestSuiteExecutor.java:169)
	at com.kms.katalon.core.main.TestSuiteExecutor.accessTestSuiteMainPhase(TestSuiteExecutor.java:142)
	at com.kms.katalon.core.main.TestSuiteExecutor.execute(TestSuiteExecutor.java:91)
	at com.kms.katalon.core.main.TestCaseMain.startTestSuite(TestCaseMain.java:157)
	at com.kms.katalon.core.main.TestCaseMain$startTestSuite$0.call(Unknown Source)
	at TempTestSuite1584438995230.run(TempTestSuite1584438995230.groovy:36)
Caused by: java.lang.ArrayIndexOutOfBoundsException: 1
	at Verify Dates on report based on selected present data by.run(Verify Dates on report based on selected present data by:82)
	at com.kms.katalon.core.main.ScriptEngine.run(ScriptEngine.java:194)
	at com.kms.katalon.core.main.ScriptEngine.runScriptAsRawText(ScriptEngine.java:119)
	at com.kms.katalon.core.main.TestCaseExecutor.runScript(TestCaseExecutor.java:337)
	at com.kms.katalon.core.main.TestCaseExecutor.doExecute(TestCaseExecutor.java:328)
	at com.kms.katalon.core.main.TestCaseExecutor.processExecutionPhase(TestCaseExecutor.java:307)
	at com.kms.katalon.core.main.TestCaseExecutor.accessMainPhase(TestCaseExecutor.java:299)
	at com.kms.katalon.core.main.TestCaseExecutor.execute(TestCaseExecutor.java:233)
	at com.kms.katalon.core.main.TestCaseMain.runTestCase(TestCaseMain.java:114)
	at com.kms.katalon.core.keyword.builtin.CallTestCaseKeyword$_callTestCase_closure1.doCall(CallTestCaseKeyword.groovy:59)
	... 20 more
)
	at com.kms.katalon.core.keyword.internal.KeywordMain.stepFailed(KeywordMain.groovy:39)
	at com.kms.katalon.core.keyword.internal.KeywordMain.stepFailed(KeywordMain.groovy)
	at com.kms.katalon.core.keyword.internal.KeywordMain.runKeyword(KeywordMain.groovy:70)
	at com.kms.katalon.core.keyword.builtin.CallTestCaseKeyword.callTestCase(CallTestCaseKeyword.groovy:81)
	at com.kms.katalon.core.keyword.builtin.CallTestCaseKeyword.execute(CallTestCaseKeyword.groovy:44)
	at com.kms.katalon.core.keyword.internal.KeywordExecutor.executeKeywordForPlatform(KeywordExecutor.groovy:72)
	at com.kms.katalon.core.keyword.BuiltinKeywords.callTestCase(BuiltinKeywords.groovy:334)
	at TC8_Create Daily Report with valid details and compare report values with calender for specific time period.run(TC8_Create Daily Report with valid details and compare report values with calender for specific time period:74)
	at com.kms.katalon.core.main.ScriptEngine.run(ScriptEngine.java:194)
	at com.kms.katalon.core.main.ScriptEngine.runScriptAsRawText(ScriptEngine.java:119)
	at com.kms.katalon.core.main.TestCaseExecutor.runScript(TestCaseExecutor.java:337)
	at com.kms.katalon.core.main.TestCaseExecutor.doExecute(TestCaseExecutor.java:328)
	at com.kms.katalon.core.main.TestCaseExecutor.processExecutionPhase(TestCaseExecutor.java:307)
	at com.kms.katalon.core.main.TestCaseExecutor.accessMainPhase(TestCaseExecutor.java:299)
	at com.kms.katalon.core.main.TestCaseExecutor.execute(TestCaseExecutor.java:233)
	at com.kms.katalon.core.main.TestSuiteExecutor.accessTestCaseMainPhase(TestSuiteExecutor.java:169)
	at com.kms.katalon.core.main.TestSuiteExecutor.accessTestSuiteMainPhase(TestSuiteExecutor.java:142)
	at com.kms.katalon.core.main.TestSuiteExecutor.execute(TestSuiteExecutor.java:91)
	at com.kms.katalon.core.main.TestCaseMain.startTestSuite(TestCaseMain.java:157)
	at com.kms.katalon.core.main.TestCaseMain$startTestSuite$0.call(Unknown Source)
	at TempTestSuite1584438995230.run(TempTestSuite1584438995230.groovy:36)
Caused by: com.kms.katalon.core.exception.StepErrorException: Call Test Case 'Test Cases/ReportBuilder_Pages/CreatedReports/Verify Dates on report based on selected present data by' failed because of error(s)
	at com.kms.katalon.core.keyword.builtin.CallTestCaseKeyword$_callTestCase_closure1.doCall(CallTestCaseKeyword.groovy:66)
	at com.kms.katalon.core.keyword.builtin.CallTestCaseKeyword$_callTestCase_closure1.call(CallTestCaseKeyword.groovy)
	at com.kms.katalon.core.keyword.internal.KeywordMain.runKeyword(KeywordMain.groovy:68)
	... 18 more
Caused by: java.lang.ArrayIndexOutOfBoundsException: 1
	at Verify Dates on report based on selected present data by.run(Verify Dates on report based on selected present data by:82)
	at com.kms.katalon.core.main.ScriptEngine.run(ScriptEngine.java:194)
	at com.kms.katalon.core.main.ScriptEngine.runScriptAsRawText(ScriptEngine.java:119)
	at com.kms.katalon.core.main.TestCaseExecutor.runScript(TestCaseExecutor.java:337)
	at com.kms.katalon.core.main.TestCaseExecutor.doExecute(TestCaseExecutor.java:328)
	at com.kms.katalon.core.main.TestCaseExecutor.processExecutionPhase(TestCaseExecutor.java:307)
	at com.kms.katalon.core.main.TestCaseExecutor.accessMainPhase(TestCaseExecutor.java:299)
	at com.kms.katalon.core.main.TestCaseExecutor.execute(TestCaseExecutor.java:233)
	at com.kms.katalon.core.main.TestCaseMain.runTestCase(TestCaseMain.java:114)
	at com.kms.katalon.core.keyword.builtin.CallTestCaseKeyword$_callTestCase_closure1.doCall(CallTestCaseKeyword.groovy:59)
	... 20 more
"/>
         <system-out><![CDATA[2020-03-17 15:26:56 - [TEST_CASE][FAILED] - Test Cases/CrossLocationReportBuilder_TestCases/TC8_Create Daily Report with valid details and compare report values with calender for specific time period: Test Cases/CrossLocationReportBuilder_TestCases/TC8_Create Daily Report with valid details and compare report values with calender for specific time period FAILED.
Reason:
com.kms.katalon.core.exception.StepFailedException: Unable to call Test Case 'Test Cases/ReportBuilder_Pages/CreatedReports/Verify Dates on report based on selected present data by' (Root cause: com.kms.katalon.core.exception.StepErrorException: Call Test Case 'Test Cases/ReportBuilder_Pages/CreatedReports/Verify Dates on report based on selected present data by' failed because of error(s)
	at com.kms.katalon.core.keyword.builtin.CallTestCaseKeyword$_callTestCase_closure1.doCall(CallTestCaseKeyword.groovy:66)
	at com.kms.katalon.core.keyword.builtin.CallTestCaseKeyword$_callTestCase_closure1.call(CallTestCaseKeyword.groovy)
	at com.kms.katalon.core.keyword.internal.KeywordMain.runKeyword(KeywordMain.groovy:68)
	at com.kms.katalon.core.keyword.builtin.CallTestCaseKeyword.callTestCase(CallTestCaseKeyword.groovy:81)
	at com.kms.katalon.core.keyword.builtin.CallTestCaseKeyword.execute(CallTestCaseKeyword.groovy:44)
	at com.kms.katalon.core.keyword.internal.KeywordExecutor.executeKeywordForPlatform(KeywordExecutor.groovy:72)
	at com.kms.katalon.core.keyword.BuiltinKeywords.callTestCase(BuiltinKeywords.groovy:334)
	at TC8_Create Daily Report with valid details and compare report values with calender for specific time period.run(TC8_Create Daily Report with valid details and compare report values with calender for specific time period:74)
	at com.kms.katalon.core.main.ScriptEngine.run(ScriptEngine.java:194)
	at com.kms.katalon.core.main.ScriptEngine.runScriptAsRawText(ScriptEngine.java:119)
	at com.kms.katalon.core.main.TestCaseExecutor.runScript(TestCaseExecutor.java:337)
	at com.kms.katalon.core.main.TestCaseExecutor.doExecute(TestCaseExecutor.java:328)
	at com.kms.katalon.core.main.TestCaseExecutor.processExecutionPhase(TestCaseExecutor.java:307)
	at com.kms.katalon.core.main.TestCaseExecutor.accessMainPhase(TestCaseExecutor.java:299)
	at com.kms.katalon.core.main.TestCaseExecutor.execute(TestCaseExecutor.java:233)
	at com.kms.katalon.core.main.TestSuiteExecutor.accessTestCaseMainPhase(TestSuiteExecutor.java:169)
	at com.kms.katalon.core.main.TestSuiteExecutor.accessTestSuiteMainPhase(TestSuiteExecutor.java:142)
	at com.kms.katalon.core.main.TestSuiteExecutor.execute(TestSuiteExecutor.java:91)
	at com.kms.katalon.core.main.TestCaseMain.startTestSuite(TestCaseMain.java:157)
	at com.kms.katalon.core.main.TestCaseMain$startTestSuite$0.call(Unknown Source)
	at TempTestSuite1584438995230.run(TempTestSuite1584438995230.groovy:36)
Caused by: java.lang.ArrayIndexOutOfBoundsException: 1
	at Verify Dates on report based on selected present data by.run(Verify Dates on report based on selected present data by:82)
	at com.kms.katalon.core.main.ScriptEngine.run(ScriptEngine.java:194)
	at com.kms.katalon.core.main.ScriptEngine.runScriptAsRawText(ScriptEngine.java:119)
	at com.kms.katalon.core.main.TestCaseExecutor.runScript(TestCaseExecutor.java:337)
	at com.kms.katalon.core.main.TestCaseExecutor.doExecute(TestCaseExecutor.java:328)
	at com.kms.katalon.core.main.TestCaseExecutor.processExecutionPhase(TestCaseExecutor.java:307)
	at com.kms.katalon.core.main.TestCaseExecutor.accessMainPhase(TestCaseExecutor.java:299)
	at com.kms.katalon.core.main.TestCaseExecutor.execute(TestCaseExecutor.java:233)
	at com.kms.katalon.core.main.TestCaseMain.runTestCase(TestCaseMain.java:114)
	at com.kms.katalon.core.keyword.builtin.CallTestCaseKeyword$_callTestCase_closure1.doCall(CallTestCaseKeyword.groovy:59)
	... 20 more
)
	at com.kms.katalon.core.keyword.internal.KeywordMain.stepFailed(KeywordMain.groovy:39)
	at com.kms.katalon.core.keyword.internal.KeywordMain.stepFailed(KeywordMain.groovy)
	at com.kms.katalon.core.keyword.internal.KeywordMain.runKeyword(KeywordMain.groovy:70)
	at com.kms.katalon.core.keyword.builtin.CallTestCaseKeyword.callTestCase(CallTestCaseKeyword.groovy:81)
	at com.kms.katalon.core.keyword.builtin.CallTestCaseKeyword.execute(CallTestCaseKeyword.groovy:44)
	at com.kms.katalon.core.keyword.internal.KeywordExecutor.executeKeywordForPlatform(KeywordExecutor.groovy:72)
	at com.kms.katalon.core.keyword.BuiltinKeywords.callTestCase(BuiltinKeywords.groovy:334)
	at TC8_Create Daily Report with valid details and compare report values with calender for specific time period.run(TC8_Create Daily Report with valid details and compare report values with calender for specific time period:74)
	at com.kms.katalon.core.main.ScriptEngine.run(ScriptEngine.java:194)
	at com.kms.katalon.core.main.ScriptEngine.runScriptAsRawText(ScriptEngine.java:119)
	at com.kms.katalon.core.main.TestCaseExecutor.runScript(TestCaseExecutor.java:337)
	at com.kms.katalon.core.main.TestCaseExecutor.doExecute(TestCaseExecutor.java:328)
	at com.kms.katalon.core.main.TestCaseExecutor.processExecutionPhase(TestCaseExecutor.java:307)
	at com.kms.katalon.core.main.TestCaseExecutor.accessMainPhase(TestCaseExecutor.java:299)
	at com.kms.katalon.core.main.TestCaseExecutor.execute(TestCaseExecutor.java:233)
	at com.kms.katalon.core.main.TestSuiteExecutor.accessTestCaseMainPhase(TestSuiteExecutor.java:169)
	at com.kms.katalon.core.main.TestSuiteExecutor.accessTestSuiteMainPhase(TestSuiteExecutor.java:142)
	at com.kms.katalon.core.main.TestSuiteExecutor.execute(TestSuiteExecutor.java:91)
	at com.kms.katalon.core.main.TestCaseMain.startTestSuite(TestCaseMain.java:157)
	at com.kms.katalon.core.main.TestCaseMain$startTestSuite$0.call(Unknown Source)
	at TempTestSuite1584438995230.run(TempTestSuite1584438995230.groovy:36)
Caused by: com.kms.katalon.core.exception.StepErrorException: Call Test Case 'Test Cases/ReportBuilder_Pages/CreatedReports/Verify Dates on report based on selected present data by' failed because of error(s)
	at com.kms.katalon.core.keyword.builtin.CallTestCaseKeyword$_callTestCase_closure1.doCall(CallTestCaseKeyword.groovy:66)
	at com.kms.katalon.core.keyword.builtin.CallTestCaseKeyword$_callTestCase_closure1.call(CallTestCaseKeyword.groovy)
	at com.kms.katalon.core.keyword.internal.KeywordMain.runKeyword(KeywordMain.groovy:68)
	... 18 more
Caused by: java.lang.ArrayIndexOutOfBoundsException: 1
	at Verify Dates on report based on selected present data by.run(Verify Dates on report based on selected present data by:82)
	at com.kms.katalon.core.main.ScriptEngine.run(ScriptEngine.java:194)
	at com.kms.katalon.core.main.ScriptEngine.runScriptAsRawText(ScriptEngine.java:119)
	at com.kms.katalon.core.main.TestCaseExecutor.runScript(TestCaseExecutor.java:337)
	at com.kms.katalon.core.main.TestCaseExecutor.doExecute(TestCaseExecutor.java:328)
	at com.kms.katalon.core.main.TestCaseExecutor.processExecutionPhase(TestCaseExecutor.java:307)
	at com.kms.katalon.core.main.TestCaseExecutor.accessMainPhase(TestCaseExecutor.java:299)
	at com.kms.katalon.core.main.TestCaseExecutor.execute(TestCaseExecutor.java:233)
	at com.kms.katalon.core.main.TestCaseMain.runTestCase(TestCaseMain.java:114)
	at com.kms.katalon.core.keyword.builtin.CallTestCaseKeyword$_callTestCase_closure1.doCall(CallTestCaseKeyword.groovy:59)
	... 20 more


2020-03-17 15:26:57 - [TEST_STEP][PASSED] - callTestCase(findTestCase("CrossLocationReportBuilder_TestCases/TC1_Verify successfull login"), [:], CONTINUE_ON_FAILURE): Call Test Case 'Test Cases/CrossLocationReportBuilder_TestCases/TC1_Verify successfull login' successfully

2020-03-17 15:26:57 - [TEST_CASE][PASSED] - Test Cases/CrossLocationReportBuilder_TestCases/TC1_Verify successfull login: Test Cases/CrossLocationReportBuilder_TestCases/TC1_Verify successfull login

2020-03-17 15:26:57 - [TEST_STEP][PASSED] - callTestCase(findTestCase("ReportBuilder_Pages/LoginPage/Login with encrypted username and password"), [:], STOP_ON_FAILURE): Call Test Case 'Test Cases/ReportBuilder_Pages/LoginPage/Login with encrypted username and password' successfully

2020-03-17 15:26:57 - [TEST_CASE][PASSED] - Test Cases/ReportBuilder_Pages/LoginPage/Login with encrypted username and password: Test Cases/ReportBuilder_Pages/LoginPage/Login with encrypted username and password

2020-03-17 15:26:57 - [TEST_STEP][PASSED] - setText(findTestObject("Object Repository/Page_Dunkin Donuts - Executive Dashboard/input_Login_textBoxEmailAddress"), username): Text 'Cafua_Dev@analytix.com' is set on object 'Object Repository/Page_Dunkin Donuts - Executive Dashboard/input_Login_textBoxEmailAddress'

2020-03-17 15:26:58 - [MESSAGE][PASSED] - Text 'Cafua_Dev@analytix.com' is set on object 'Object Repository/Page_Dunkin Donuts - Executive Dashboard/input_Login_textBoxEmailAddress'

2020-03-17 15:26:58 - [TEST_STEP][PASSED] - setText(findTestObject("Object Repository/Page_Dunkin Donuts - Executive Dashboard/input_Login_textBoxPassword"), password): Text '!9TgLT8dK3' is set on object 'Object Repository/Page_Dunkin Donuts - Executive Dashboard/input_Login_textBoxPassword'

2020-03-17 15:26:59 - [MESSAGE][PASSED] - Text '!9TgLT8dK3' is set on object 'Object Repository/Page_Dunkin Donuts - Executive Dashboard/input_Login_textBoxPassword'

2020-03-17 15:26:59 - [TEST_STEP][PASSED] - click(findTestObject("Object Repository/Page_Dunkin Donuts - Executive Dashboard/input_Login_buttonLogin")): Object: 'Object Repository/Page_Dunkin Donuts - Executive Dashboard/input_Login_buttonLogin' is clicked on

2020-03-17 15:26:59 - [MESSAGE][PASSED] - Object: 'Object Repository/Page_Dunkin Donuts - Executive Dashboard/input_Login_buttonLogin' is clicked on

2020-03-17 15:26:59 - [TEST_STEP][NOT_RUN] - waitForElementClickable(findTestObject("Page_Restaurant Intranet/link_ProfileIcon"), ExplicitWait): NOT_RUN: waitForElementClickable(findTestObject("Page_Restaurant Intranet/link_ProfileIcon"), ExplicitWait)

2020-03-17 15:26:59 - [MESSAGE][NOT_RUN] - NOT_RUN: waitForElementClickable(findTestObject("Page_Restaurant Intranet/link_ProfileIcon"), ExplicitWait)

2020-03-17 15:26:59 - [TEST_STEP][NOT_RUN] - verifyElementVisible(findTestObject("Page_Restaurant Intranet/link_ProfileIcon")): NOT_RUN: verifyElementVisible(findTestObject("Page_Restaurant Intranet/link_ProfileIcon"))

2020-03-17 15:26:59 - [MESSAGE][NOT_RUN] - NOT_RUN: verifyElementVisible(findTestObject("Page_Restaurant Intranet/link_ProfileIcon"))

2020-03-17 15:26:59 - [MESSAGE][PASSED] - Call Test Case 'Test Cases/ReportBuilder_Pages/LoginPage/Login with encrypted username and password' successfully

2020-03-17 15:26:59 - [MESSAGE][PASSED] - Call Test Case 'Test Cases/CrossLocationReportBuilder_TestCases/TC1_Verify successfull login' successfully

2020-03-17 15:26:59 - [TEST_STEP][PASSED] - callTestCase(findTestCase("CrossLocationReportBuilder_TestCases/TC3_Verify Report Builder Link functionality"), [:], CONTINUE_ON_FAILURE): Call Test Case 'Test Cases/CrossLocationReportBuilder_TestCases/TC3_Verify Report Builder Link functionality' successfully

2020-03-17 15:26:59 - [TEST_CASE][PASSED] - Test Cases/CrossLocationReportBuilder_TestCases/TC3_Verify Report Builder Link functionality: Test Cases/CrossLocationReportBuilder_TestCases/TC3_Verify Report Builder Link functionality

2020-03-17 15:26:59 - [TEST_STEP][PASSED] - callTestCase(findTestCase("ReportBuilder_Pages/Restaurant_Intranet_Dashboard_Page/Verify and Click on Report Builder link from profile"), [:], STOP_ON_FAILURE): Call Test Case 'Test Cases/ReportBuilder_Pages/Restaurant_Intranet_Dashboard_Page/Verify and Click on Report Builder link from profile' successfully

2020-03-17 15:26:59 - [TEST_CASE][PASSED] - Test Cases/ReportBuilder_Pages/Restaurant_Intranet_Dashboard_Page/Verify and Click on Report Builder link from profile: Test Cases/ReportBuilder_Pages/Restaurant_Intranet_Dashboard_Page/Verify and Click on Report Builder link from profile

2020-03-17 15:27:00 - [TEST_STEP][NOT_RUN] - waitForElementPresent(findTestObject("Page_Restaurant Intranet/Setup/tasterMessage"), 20): NOT_RUN: waitForElementPresent(findTestObject("Page_Restaurant Intranet/Setup/tasterMessage"), 20)

2020-03-17 15:27:00 - [MESSAGE][NOT_RUN] - NOT_RUN: waitForElementPresent(findTestObject("Page_Restaurant Intranet/Setup/tasterMessage"), 20)

2020-03-17 15:27:00 - [TEST_STEP][NOT_RUN] - waitForElementNotPresent(findTestObject("Page_Restaurant Intranet/Setup/tasterMessage"), 10): NOT_RUN: waitForElementNotPresent(findTestObject("Page_Restaurant Intranet/Setup/tasterMessage"), 10)

2020-03-17 15:27:00 - [MESSAGE][NOT_RUN] - NOT_RUN: waitForElementNotPresent(findTestObject("Page_Restaurant Intranet/Setup/tasterMessage"), 10)

2020-03-17 15:27:00 - [TEST_STEP][PASSED] - delay(3): Delayed 3 second(s)

2020-03-17 15:27:03 - [MESSAGE][PASSED] - Delayed 3 second(s)

2020-03-17 15:27:03 - [TEST_STEP][PASSED] - mouseOver(findTestObject("Page_Restaurant Intranet/Left_Nav_Bar/link_CrossLocationReportIcon")): Object: 'Object Repository/Page_Restaurant Intranet/Left_Nav_Bar/link_CrossLocationReportIcon' is hovered

2020-03-17 15:27:32 - [MESSAGE][PASSED] - Object: 'Object Repository/Page_Restaurant Intranet/Left_Nav_Bar/link_CrossLocationReportIcon' is hovered

2020-03-17 15:27:32 - [TEST_STEP][PASSED] - waitForElementClickable(findTestObject("Page_Restaurant Intranet/Left_Nav_Bar/link_Setup"), ExplicitWait): Object 'Object Repository/Page_Restaurant Intranet/Left_Nav_Bar/link_Setup' is clickable

2020-03-17 15:27:33 - [MESSAGE][PASSED] - Object 'Object Repository/Page_Restaurant Intranet/Left_Nav_Bar/link_Setup' is clickable

2020-03-17 15:27:33 - [TEST_STEP][PASSED] - verifyElementPresent(findTestObject("Page_Restaurant Intranet/Left_Nav_Bar/link_Setup"), 0): Object 'Object Repository/Page_Restaurant Intranet/Left_Nav_Bar/link_Setup' is present

2020-03-17 15:27:33 - [MESSAGE][WARNING] - Timeout '0' is invalid. Using default page load timeout: '30'

2020-03-17 15:27:33 - [MESSAGE][PASSED] - Object 'Object Repository/Page_Restaurant Intranet/Left_Nav_Bar/link_Setup' is present

2020-03-17 15:27:33 - [TEST_STEP][PASSED] - click(findTestObject("Page_Restaurant Intranet/Left_Nav_Bar/link_Setup")): Object: 'Object Repository/Page_Restaurant Intranet/Left_Nav_Bar/link_Setup' is clicked on

2020-03-17 15:27:34 - [MESSAGE][PASSED] - Object: 'Object Repository/Page_Restaurant Intranet/Left_Nav_Bar/link_Setup' is clicked on

2020-03-17 15:27:34 - [TEST_STEP][PASSED] - waitForElementClickable(findTestObject("Page_Restaurant Intranet/Left_Nav_Bar/div_ReportBuilderLink"), ExplicitWait): Object 'Object Repository/Page_Restaurant Intranet/Left_Nav_Bar/div_ReportBuilderLink' is clickable

2020-03-17 15:27:34 - [MESSAGE][PASSED] - Object 'Object Repository/Page_Restaurant Intranet/Left_Nav_Bar/div_ReportBuilderLink' is clickable

2020-03-17 15:27:34 - [TEST_STEP][PASSED] - verifyElementPresent(findTestObject("Page_Restaurant Intranet/Left_Nav_Bar/div_ReportBuilderLink"), 0): Object 'Object Repository/Page_Restaurant Intranet/Left_Nav_Bar/div_ReportBuilderLink' is present

2020-03-17 15:27:34 - [MESSAGE][WARNING] - Timeout '0' is invalid. Using default page load timeout: '30'

2020-03-17 15:27:35 - [MESSAGE][PASSED] - Object 'Object Repository/Page_Restaurant Intranet/Left_Nav_Bar/div_ReportBuilderLink' is present

2020-03-17 15:27:35 - [TEST_STEP][PASSED] - click(findTestObject("Page_Restaurant Intranet/Left_Nav_Bar/div_ReportBuilderLink"), CONTINUE_ON_FAILURE): Object: 'Object Repository/Page_Restaurant Intranet/Left_Nav_Bar/div_ReportBuilderLink' is clicked on

2020-03-17 15:27:35 - [MESSAGE][PASSED] - Object: 'Object Repository/Page_Restaurant Intranet/Left_Nav_Bar/div_ReportBuilderLink' is clicked on

2020-03-17 15:27:35 - [MESSAGE][PASSED] - Call Test Case 'Test Cases/ReportBuilder_Pages/Restaurant_Intranet_Dashboard_Page/Verify and Click on Report Builder link from profile' successfully

2020-03-17 15:27:35 - [MESSAGE][PASSED] - Call Test Case 'Test Cases/CrossLocationReportBuilder_TestCases/TC3_Verify Report Builder Link functionality' successfully

2020-03-17 15:27:35 - [TEST_STEP][PASSED] - callTestCase(findTestCase("ReportBuilder_Pages/ReportSetup_Page/Verify Add Report button and Click"), [:], CONTINUE_ON_FAILURE): Call Test Case 'Test Cases/ReportBuilder_Pages/ReportSetup_Page/Verify Add Report button and Click' successfully

2020-03-17 15:27:35 - [TEST_CASE][PASSED] - Test Cases/ReportBuilder_Pages/ReportSetup_Page/Verify Add Report button and Click: Test Cases/ReportBuilder_Pages/ReportSetup_Page/Verify Add Report button and Click

2020-03-17 15:27:35 - [TEST_STEP][PASSED] - verifyElementPresent(findTestObject("Page_Restaurant Intranet/Left_Nav_Bar/div_ReportBuilderLink"), 0): Object 'Object Repository/Page_Restaurant Intranet/Left_Nav_Bar/div_ReportBuilderLink' is present

2020-03-17 15:27:35 - [MESSAGE][WARNING] - Timeout '0' is invalid. Using default page load timeout: '30'

2020-03-17 15:27:36 - [MESSAGE][PASSED] - Object 'Object Repository/Page_Restaurant Intranet/Left_Nav_Bar/div_ReportBuilderLink' is present

2020-03-17 15:27:36 - [TEST_STEP][NOT_RUN] - click(findTestObject("Page_Restaurant Intranet/Left_Nav_Bar/div_ReportBuilderLink"), CONTINUE_ON_FAILURE): NOT_RUN: click(findTestObject("Page_Restaurant Intranet/Left_Nav_Bar/div_ReportBuilderLink"), CONTINUE_ON_FAILURE)

2020-03-17 15:27:36 - [MESSAGE][NOT_RUN] - NOT_RUN: click(findTestObject("Page_Restaurant Intranet/Left_Nav_Bar/div_ReportBuilderLink"), CONTINUE_ON_FAILURE)

2020-03-17 15:27:36 - [TEST_STEP][PASSED] - waitForElementClickable(findTestObject("ReportBuilderUI/div_Report Setup"), ExplicitWait): Object 'Object Repository/ReportBuilderUI/div_Report Setup' is clickable

2020-03-17 15:27:36 - [MESSAGE][PASSED] - Object 'Object Repository/ReportBuilderUI/div_Report Setup' is clickable

2020-03-17 15:27:36 - [TEST_STEP][PASSED] - click(findTestObject("ReportBuilderUI/div_Report Setup")): Object: 'Object Repository/ReportBuilderUI/div_Report Setup' is clicked on

2020-03-17 15:27:36 - [MESSAGE][PASSED] - Object: 'Object Repository/ReportBuilderUI/div_Report Setup' is clicked on

2020-03-17 15:27:36 - [TEST_STEP][PASSED] - waitForElementClickable(findTestObject("ReportBuilderUI/button_Add"), 30): Object 'Object Repository/ReportBuilderUI/button_Add' is clickable

2020-03-17 15:27:37 - [MESSAGE][PASSED] - Object 'Object Repository/ReportBuilderUI/button_Add' is clickable

2020-03-17 15:27:37 - [TEST_STEP][PASSED] - click(findTestObject("ReportBuilderUI/button_Add")): Object: 'Object Repository/ReportBuilderUI/button_Add' is clicked on

2020-03-17 15:27:38 - [MESSAGE][PASSED] - Object: 'Object Repository/ReportBuilderUI/button_Add' is clicked on

2020-03-17 15:27:38 - [TEST_STEP][PASSED] - verifyTextPresent("Cross Location Report Builder", false): Text 'Cross Location Report Builder' is present on page 

2020-03-17 15:27:39 - [MESSAGE][PASSED] - Text 'Cross Location Report Builder' is present on page 

2020-03-17 15:27:39 - [MESSAGE][PASSED] - Call Test Case 'Test Cases/ReportBuilder_Pages/ReportSetup_Page/Verify Add Report button and Click' successfully

2020-03-17 15:27:39 - [TEST_STEP][PASSED] - callTestCase(findTestCase("ReportBuilder_Pages/CrossLocationReportBuilderSetup_Page/Give Report Name"), ["ReportName":ReportName], CONTINUE_ON_FAILURE): Call Test Case 'Test Cases/ReportBuilder_Pages/CrossLocationReportBuilderSetup_Page/Give Report Name' successfully

2020-03-17 15:27:39 - [TEST_CASE][PASSED] - Test Cases/ReportBuilder_Pages/CrossLocationReportBuilderSetup_Page/Give Report Name: Test Cases/ReportBuilder_Pages/CrossLocationReportBuilderSetup_Page/Give Report Name

2020-03-17 15:27:39 - [TEST_STEP][PASSED] - click(findTestObject("ReportSetupScreen/Name Your Report/input_Reports_form-item")): Object: 'Object Repository/ReportSetupScreen/Name Your Report/input_Reports_form-item' is clicked on

2020-03-17 15:27:39 - [MESSAGE][PASSED] - Object: 'Object Repository/ReportSetupScreen/Name Your Report/input_Reports_form-item' is clicked on

2020-03-17 15:27:39 - [TEST_STEP][PASSED] - setText(findTestObject("ReportSetupScreen/Name Your Report/input_Reports_form-item"), ReportName): Text 'Daily Sales' is set on object 'Object Repository/ReportSetupScreen/Name Your Report/input_Reports_form-item'

2020-03-17 15:27:40 - [MESSAGE][PASSED] - Text 'Daily Sales' is set on object 'Object Repository/ReportSetupScreen/Name Your Report/input_Reports_form-item'

2020-03-17 15:27:40 - [MESSAGE][PASSED] - Call Test Case 'Test Cases/ReportBuilder_Pages/CrossLocationReportBuilderSetup_Page/Give Report Name' successfully

2020-03-17 15:27:40 - [TEST_STEP][PASSED] - callTestCase(findTestCase("ReportBuilder_Pages/CrossLocationReportBuilderSetup_Page/Select Report Category"), ["ReportCategory":CategoryName], CONTINUE_ON_FAILURE): Call Test Case 'Test Cases/ReportBuilder_Pages/CrossLocationReportBuilderSetup_Page/Select Report Category' successfully

2020-03-17 15:27:40 - [TEST_CASE][PASSED] - Test Cases/ReportBuilder_Pages/CrossLocationReportBuilderSetup_Page/Select Report Category: Test Cases/ReportBuilder_Pages/CrossLocationReportBuilderSetup_Page/Select Report Category

2020-03-17 15:27:40 - [TEST_STEP][PASSED] - driver = getWebDriver(): null

2020-03-17 15:27:40 - [TEST_STEP][PASSED] - click(findTestObject("ReportSetupScreen/Name Your Report/input_Report Name_form-item ng-untouched ng-pristine ng-invalid")): Object: 'Object Repository/ReportSetupScreen/Name Your Report/input_Report Name_form-item ng-untouched ng-pristine ng-invalid' is clicked on

2020-03-17 15:27:41 - [MESSAGE][PASSED] - Object: 'Object Repository/ReportSetupScreen/Name Your Report/input_Report Name_form-item ng-untouched ng-pristine ng-invalid' is clicked on

2020-03-17 15:27:41 - [TEST_STEP][PASSED] - setText(findTestObject("ReportSetupScreen/Name Your Report/input_SelectCategory"), ReportCategory): Text 'Sales/Controllables' is set on object 'Object Repository/ReportSetupScreen/Name Your Report/input_SelectCategory'

2020-03-17 15:27:42 - [MESSAGE][PASSED] - Text 'Sales/Controllables' is set on object 'Object Repository/ReportSetupScreen/Name Your Report/input_SelectCategory'

2020-03-17 15:27:42 - [TEST_STEP][PASSED] - CategoryName = ReportCategory: null

2020-03-17 15:27:42 - [TEST_STEP][PASSED] - fields = driver.findElement(By.xpath("//span[text()="" + CategoryName + ""]")): null

2020-03-17 15:27:42 - [TEST_STEP][PASSED] - fields.click(): null

2020-03-17 15:27:42 - [TEST_STEP][PASSED] - delay(1): Delayed 1 second(s)

2020-03-17 15:27:43 - [MESSAGE][PASSED] - Delayed 1 second(s)

2020-03-17 15:27:43 - [MESSAGE][PASSED] - Call Test Case 'Test Cases/ReportBuilder_Pages/CrossLocationReportBuilderSetup_Page/Select Report Category' successfully

2020-03-17 15:27:43 - [TEST_STEP][PASSED] - callTestCase(findTestCase("ReportBuilder_Pages/CrossLocationReportBuilderSetup_Page/Data Grain with Present Data By/Select Data Grain And Present Data By options for Report"), [:], CONTINUE_ON_FAILURE): Call Test Case 'Test Cases/ReportBuilder_Pages/CrossLocationReportBuilderSetup_Page/Data Grain with Present Data By/Select Data Grain And Present Data By options for Report' successfully

2020-03-17 15:27:43 - [TEST_CASE][PASSED] - Test Cases/ReportBuilder_Pages/CrossLocationReportBuilderSetup_Page/Data Grain with Present Data By/Select Data Grain And Present Data By options for Report: Test Cases/ReportBuilder_Pages/CrossLocationReportBuilderSetup_Page/Data Grain with Present Data By/Select Data Grain And Present Data By options for Report

2020-03-17 15:27:44 - [TEST_STEP][PASSED] - DataGrain = DataGrain: null

2020-03-17 15:27:44 - [TEST_STEP][PASSED] - PresentBy = PresentBy: null

2020-03-17 15:27:44 - [TEST_STEP][PASSED] - if (DataGrain.equalsIgnoreCase("Daily") && PresentBy.equalsIgnoreCase("Day")): Call Test Case 'Test Cases/ReportBuilder_Pages/CrossLocationReportBuilderSetup_Page/Column Selection By Data Grain/Daily Data Grain/Labor Hours -Daily Data Grain' successfully

2020-03-17 15:27:44 - [TEST_STEP][PASSED] - callTestCase(findTestCase("ReportBuilder_Pages/CrossLocationReportBuilderSetup_Page/Data Grain with Present Data By/Grain By Daily with Present By Day"), ["NoOfdays":NoOfDays], CONTINUE_ON_FAILURE): Call Test Case 'Test Cases/ReportBuilder_Pages/CrossLocationReportBuilderSetup_Page/Data Grain with Present Data By/Grain By Daily with Present By Day' successfully

2020-03-17 15:27:44 - [TEST_CASE][PASSED] - Test Cases/ReportBuilder_Pages/CrossLocationReportBuilderSetup_Page/Data Grain with Present Data By/Grain By Daily with Present By Day: Test Cases/ReportBuilder_Pages/CrossLocationReportBuilderSetup_Page/Data Grain with Present Data By/Grain By Daily with Present By Day

2020-03-17 15:27:44 - [TEST_STEP][PASSED] - click(findTestObject("ReportSetupScreen/Data Grain/button_Daily")): Object: 'Object Repository/ReportSetupScreen/Data Grain/button_Daily' is clicked on

2020-03-17 15:27:44 - [MESSAGE][PASSED] - Object: 'Object Repository/ReportSetupScreen/Data Grain/button_Daily' is clicked on

2020-03-17 15:27:44 - [TEST_STEP][PASSED] - click(findTestObject("ReportSetupScreen/Present Data By/button_Day")): Object: 'Object Repository/ReportSetupScreen/Present Data By/button_Day' is clicked on

2020-03-17 15:27:45 - [MESSAGE][PASSED] - Object: 'Object Repository/ReportSetupScreen/Present Data By/button_Day' is clicked on

2020-03-17 15:27:45 - [TEST_STEP][PASSED] - setText(findTestObject("ReportSetupScreen/Present Data By/input_Limit no of days_form-item ng-untouched ng-pristine ng-invalid"), NoOfdays): Text '35' is set on object 'Object Repository/ReportSetupScreen/Present Data By/input_Limit no of days_form-item ng-untouched ng-pristine ng-invalid'

2020-03-17 15:27:45 - [MESSAGE][PASSED] - Text '35' is set on object 'Object Repository/ReportSetupScreen/Present Data By/input_Limit no of days_form-item ng-untouched ng-pristine ng-invalid'

2020-03-17 15:27:45 - [MESSAGE][PASSED] - Call Test Case 'Test Cases/ReportBuilder_Pages/CrossLocationReportBuilderSetup_Page/Data Grain with Present Data By/Grain By Daily with Present By Day' successfully

2020-03-17 15:27:45 - [TEST_STEP][PASSED] - callTestCase(findTestCase("ReportBuilder_Pages/CrossLocationReportBuilderSetup_Page/Column Selection By Data Grain/Daily Data Grain/Net Sales - Daily Data Grain"), [:], CONTINUE_ON_FAILURE): Call Test Case 'Test Cases/ReportBuilder_Pages/CrossLocationReportBuilderSetup_Page/Column Selection By Data Grain/Daily Data Grain/Net Sales - Daily Data Grain' successfully

2020-03-17 15:27:45 - [TEST_CASE][PASSED] - Test Cases/ReportBuilder_Pages/CrossLocationReportBuilderSetup_Page/Column Selection By Data Grain/Daily Data Grain/Net Sales - Daily Data Grain: Test Cases/ReportBuilder_Pages/CrossLocationReportBuilderSetup_Page/Column Selection By Data Grain/Daily Data Grain/Net Sales - Daily Data Grain

2020-03-17 15:27:46 - [TEST_STEP][PASSED] - click(findTestObject("ReportSetupScreen/Create Columns/link_Add Columns")): Object: 'Object Repository/ReportSetupScreen/Create Columns/link_Add Columns' is clicked on

2020-03-17 15:27:46 - [MESSAGE][PASSED] - Object: 'Object Repository/ReportSetupScreen/Create Columns/link_Add Columns' is clicked on

2020-03-17 15:27:46 - [TEST_STEP][PASSED] - click(findTestObject("ReportSetupScreen/Create Columns/drp_DataGroup")): Object: 'Object Repository/ReportSetupScreen/Create Columns/drp_DataGroup' is clicked on

2020-03-17 15:27:47 - [MESSAGE][PASSED] - Object: 'Object Repository/ReportSetupScreen/Create Columns/drp_DataGroup' is clicked on

2020-03-17 15:27:47 - [TEST_STEP][PASSED] - verifyElementClickable(findTestObject("ReportSetupScreen/DataGroupValues/Net Sales(DWM)/tupple_Net_Sales")): Object 'Object Repository/ReportSetupScreen/DataGroupValues/Net Sales(DWM)/tupple_Net_Sales' is clickable

2020-03-17 15:27:47 - [MESSAGE][PASSED] - Object 'Object Repository/ReportSetupScreen/DataGroupValues/Net Sales(DWM)/tupple_Net_Sales' is clickable

2020-03-17 15:27:47 - [TEST_STEP][PASSED] - click(findTestObject("ReportSetupScreen/DataGroupValues/Net Sales(DWM)/tupple_Net_Sales")): Object: 'Object Repository/ReportSetupScreen/DataGroupValues/Net Sales(DWM)/tupple_Net_Sales' is clicked on

2020-03-17 15:27:48 - [MESSAGE][PASSED] - Object: 'Object Repository/ReportSetupScreen/DataGroupValues/Net Sales(DWM)/tupple_Net_Sales' is clicked on

2020-03-17 15:27:48 - [TEST_STEP][PASSED] - click(findTestObject("ReportSetupScreen/DataGroupValues/Categories/Ctg_Actual")): Object: 'Object Repository/ReportSetupScreen/DataGroupValues/Categories/Ctg_Actual' is clicked on

2020-03-17 15:27:48 - [MESSAGE][PASSED] - Object: 'Object Repository/ReportSetupScreen/DataGroupValues/Categories/Ctg_Actual' is clicked on

2020-03-17 15:27:48 - [TEST_STEP][PASSED] - click(findTestObject("ReportSetupScreen/DataGroupValues/Categories/Ctg_LastYear")): Object: 'Object Repository/ReportSetupScreen/DataGroupValues/Categories/Ctg_LastYear' is clicked on

2020-03-17 15:27:49 - [MESSAGE][PASSED] - Object: 'Object Repository/ReportSetupScreen/DataGroupValues/Categories/Ctg_LastYear' is clicked on

2020-03-17 15:27:49 - [TEST_STEP][PASSED] - delay(2): Delayed 2 second(s)

2020-03-17 15:27:51 - [MESSAGE][PASSED] - Delayed 2 second(s)

2020-03-17 15:27:51 - [TEST_STEP][PASSED] - driver = getWebDriver(): null

2020-03-17 15:27:51 - [TEST_STEP][PASSED] - element = driver.findElement(By.xpath("//button[text()='Add Columns(s)']")): null

2020-03-17 15:27:51 - [TEST_STEP][PASSED] - executor = driver: null

2020-03-17 15:27:51 - [TEST_STEP][PASSED] - executor.executeScript("arguments[0].click();", element): null

2020-03-17 15:27:51 - [TEST_STEP][PASSED] - if (!(xpath("//span[text()='Add Columns']")).size() != 0)): null

2020-03-17 15:27:52 - [MESSAGE][PASSED] - Call Test Case 'Test Cases/ReportBuilder_Pages/CrossLocationReportBuilderSetup_Page/Column Selection By Data Grain/Daily Data Grain/Net Sales - Daily Data Grain' successfully

2020-03-17 15:27:52 - [TEST_STEP][PASSED] - callTestCase(findTestCase("ReportBuilder_Pages/CrossLocationReportBuilderSetup_Page/Column Selection By Data Grain/Daily Data Grain/Guest Count- Daily Data Grain"), [:], CONTINUE_ON_FAILURE): Call Test Case 'Test Cases/ReportBuilder_Pages/CrossLocationReportBuilderSetup_Page/Column Selection By Data Grain/Daily Data Grain/Guest Count- Daily Data Grain' successfully

2020-03-17 15:27:52 - [TEST_CASE][PASSED] - Test Cases/ReportBuilder_Pages/CrossLocationReportBuilderSetup_Page/Column Selection By Data Grain/Daily Data Grain/Guest Count- Daily Data Grain: Test Cases/ReportBuilder_Pages/CrossLocationReportBuilderSetup_Page/Column Selection By Data Grain/Daily Data Grain/Guest Count- Daily Data Grain

2020-03-17 15:27:52 - [TEST_STEP][PASSED] - click(findTestObject("ReportSetupScreen/Create Columns/link_Add Columns")): Object: 'Object Repository/ReportSetupScreen/Create Columns/link_Add Columns' is clicked on

2020-03-17 15:27:53 - [MESSAGE][PASSED] - Object: 'Object Repository/ReportSetupScreen/Create Columns/link_Add Columns' is clicked on

2020-03-17 15:27:53 - [TEST_STEP][PASSED] - click(findTestObject("ReportSetupScreen/Create Columns/drp_DataGroup")): Object: 'Object Repository/ReportSetupScreen/Create Columns/drp_DataGroup' is clicked on

2020-03-17 15:27:53 - [MESSAGE][PASSED] - Object: 'Object Repository/ReportSetupScreen/Create Columns/drp_DataGroup' is clicked on

2020-03-17 15:27:53 - [TEST_STEP][PASSED] - verifyElementClickable(findTestObject("ReportSetupScreen/DataGroupValues/Guest Count/Tpl_GuestCount")): Object 'Object Repository/ReportSetupScreen/DataGroupValues/Guest Count/Tpl_GuestCount' is clickable

2020-03-17 15:27:54 - [MESSAGE][PASSED] - Object 'Object Repository/ReportSetupScreen/DataGroupValues/Guest Count/Tpl_GuestCount' is clickable

2020-03-17 15:27:54 - [TEST_STEP][PASSED] - click(findTestObject("ReportSetupScreen/DataGroupValues/Guest Count/Tpl_GuestCount")): Object: 'Object Repository/ReportSetupScreen/DataGroupValues/Guest Count/Tpl_GuestCount' is clicked on

2020-03-17 15:27:54 - [MESSAGE][PASSED] - Object: 'Object Repository/ReportSetupScreen/DataGroupValues/Guest Count/Tpl_GuestCount' is clicked on

2020-03-17 15:27:54 - [TEST_STEP][PASSED] - click(findTestObject("ReportSetupScreen/DataGroupValues/Categories/Ctg_Actual")): Object: 'Object Repository/ReportSetupScreen/DataGroupValues/Categories/Ctg_Actual' is clicked on

2020-03-17 15:27:55 - [MESSAGE][PASSED] - Object: 'Object Repository/ReportSetupScreen/DataGroupValues/Categories/Ctg_Actual' is clicked on

2020-03-17 15:27:55 - [TEST_STEP][PASSED] - click(findTestObject("ReportSetupScreen/DataGroupValues/Categories/Ctg_LastYear")): Object: 'Object Repository/ReportSetupScreen/DataGroupValues/Categories/Ctg_LastYear' is clicked on

2020-03-17 15:27:55 - [MESSAGE][PASSED] - Object: 'Object Repository/ReportSetupScreen/DataGroupValues/Categories/Ctg_LastYear' is clicked on

2020-03-17 15:27:55 - [TEST_STEP][PASSED] - click(findTestObject("ReportSetupScreen/Create Columns/button_Add Columns(s)")): Object: 'Object Repository/ReportSetupScreen/Create Columns/button_Add Columns(s)' is clicked on

2020-03-17 15:27:56 - [MESSAGE][PASSED] - Object: 'Object Repository/ReportSetupScreen/Create Columns/button_Add Columns(s)' is clicked on

2020-03-17 15:27:56 - [MESSAGE][PASSED] - Call Test Case 'Test Cases/ReportBuilder_Pages/CrossLocationReportBuilderSetup_Page/Column Selection By Data Grain/Daily Data Grain/Guest Count- Daily Data Grain' successfully

2020-03-17 15:27:56 - [TEST_STEP][PASSED] - callTestCase(findTestCase("ReportBuilder_Pages/CrossLocationReportBuilderSetup_Page/Column Selection By Data Grain/Daily Data Grain/Average Ticket - Daily Data Grain"), [:], CONTINUE_ON_FAILURE): Call Test Case 'Test Cases/ReportBuilder_Pages/CrossLocationReportBuilderSetup_Page/Column Selection By Data Grain/Daily Data Grain/Average Ticket - Daily Data Grain' successfully

2020-03-17 15:27:56 - [TEST_CASE][PASSED] - Test Cases/ReportBuilder_Pages/CrossLocationReportBuilderSetup_Page/Column Selection By Data Grain/Daily Data Grain/Average Ticket - Daily Data Grain: Test Cases/ReportBuilder_Pages/CrossLocationReportBuilderSetup_Page/Column Selection By Data Grain/Daily Data Grain/Average Ticket - Daily Data Grain

2020-03-17 15:27:56 - [TEST_STEP][PASSED] - click(findTestObject("ReportSetupScreen/Create Columns/link_Add Columns")): Object: 'Object Repository/ReportSetupScreen/Create Columns/link_Add Columns' is clicked on

2020-03-17 15:27:57 - [MESSAGE][PASSED] - Object: 'Object Repository/ReportSetupScreen/Create Columns/link_Add Columns' is clicked on

2020-03-17 15:27:57 - [TEST_STEP][PASSED] - click(findTestObject("ReportSetupScreen/Create Columns/drp_DataGroup")): Object: 'Object Repository/ReportSetupScreen/Create Columns/drp_DataGroup' is clicked on

2020-03-17 15:27:57 - [MESSAGE][PASSED] - Object: 'Object Repository/ReportSetupScreen/Create Columns/drp_DataGroup' is clicked on

2020-03-17 15:27:57 - [TEST_STEP][PASSED] - verifyElementClickable(findTestObject("ReportSetupScreen/DataGroupValues/Average Check/Tpl_AvrgCheck")): Object 'Object Repository/ReportSetupScreen/DataGroupValues/Average Check/Tpl_AvrgCheck' is clickable

2020-03-17 15:27:58 - [MESSAGE][PASSED] - Object 'Object Repository/ReportSetupScreen/DataGroupValues/Average Check/Tpl_AvrgCheck' is clickable

2020-03-17 15:27:58 - [TEST_STEP][PASSED] - click(findTestObject("ReportSetupScreen/DataGroupValues/Average Check/Tpl_AvrgCheck")): Object: 'Object Repository/ReportSetupScreen/DataGroupValues/Average Check/Tpl_AvrgCheck' is clicked on

2020-03-17 15:27:58 - [MESSAGE][PASSED] - Object: 'Object Repository/ReportSetupScreen/DataGroupValues/Average Check/Tpl_AvrgCheck' is clicked on

2020-03-17 15:27:58 - [TEST_STEP][PASSED] - click(findTestObject("ReportSetupScreen/DataGroupValues/Categories/Ctg_Actual")): Object: 'Object Repository/ReportSetupScreen/DataGroupValues/Categories/Ctg_Actual' is clicked on

2020-03-17 15:27:59 - [MESSAGE][PASSED] - Object: 'Object Repository/ReportSetupScreen/DataGroupValues/Categories/Ctg_Actual' is clicked on

2020-03-17 15:27:59 - [TEST_STEP][PASSED] - click(findTestObject("ReportSetupScreen/DataGroupValues/Categories/Ctg_LastYear")): Object: 'Object Repository/ReportSetupScreen/DataGroupValues/Categories/Ctg_LastYear' is clicked on

2020-03-17 15:27:59 - [MESSAGE][PASSED] - Object: 'Object Repository/ReportSetupScreen/DataGroupValues/Categories/Ctg_LastYear' is clicked on

2020-03-17 15:27:59 - [TEST_STEP][PASSED] - click(findTestObject("ReportSetupScreen/Create Columns/button_Add Columns(s)")): Object: 'Object Repository/ReportSetupScreen/Create Columns/button_Add Columns(s)' is clicked on

2020-03-17 15:28:00 - [MESSAGE][PASSED] - Object: 'Object Repository/ReportSetupScreen/Create Columns/button_Add Columns(s)' is clicked on

2020-03-17 15:28:00 - [MESSAGE][PASSED] - Call Test Case 'Test Cases/ReportBuilder_Pages/CrossLocationReportBuilderSetup_Page/Column Selection By Data Grain/Daily Data Grain/Average Ticket - Daily Data Grain' successfully

2020-03-17 15:28:00 - [TEST_STEP][PASSED] - callTestCase(findTestCase("ReportBuilder_Pages/CrossLocationReportBuilderSetup_Page/Column Selection By Data Grain/Daily Data Grain/Labor Cost-Daily Data Grain"), [:], CONTINUE_ON_FAILURE): Call Test Case 'Test Cases/ReportBuilder_Pages/CrossLocationReportBuilderSetup_Page/Column Selection By Data Grain/Daily Data Grain/Labor Cost-Daily Data Grain' successfully

2020-03-17 15:28:00 - [TEST_CASE][PASSED] - Test Cases/ReportBuilder_Pages/CrossLocationReportBuilderSetup_Page/Column Selection By Data Grain/Daily Data Grain/Labor Cost-Daily Data Grain: Test Cases/ReportBuilder_Pages/CrossLocationReportBuilderSetup_Page/Column Selection By Data Grain/Daily Data Grain/Labor Cost-Daily Data Grain

2020-03-17 15:28:00 - [TEST_STEP][PASSED] - click(findTestObject("ReportSetupScreen/Create Columns/link_Add Columns")): Object: 'Object Repository/ReportSetupScreen/Create Columns/link_Add Columns' is clicked on

2020-03-17 15:28:01 - [MESSAGE][PASSED] - Object: 'Object Repository/ReportSetupScreen/Create Columns/link_Add Columns' is clicked on

2020-03-17 15:28:01 - [TEST_STEP][PASSED] - click(findTestObject("ReportSetupScreen/Create Columns/drp_DataGroup")): Object: 'Object Repository/ReportSetupScreen/Create Columns/drp_DataGroup' is clicked on

2020-03-17 15:28:01 - [MESSAGE][PASSED] - Object: 'Object Repository/ReportSetupScreen/Create Columns/drp_DataGroup' is clicked on

2020-03-17 15:28:01 - [TEST_STEP][PASSED] - verifyElementClickable(findTestObject("ReportSetupScreen/DataGroupValues/Labor Cost/tpl_LaborCost")): Object 'Object Repository/ReportSetupScreen/DataGroupValues/Labor Cost/tpl_LaborCost' is clickable

2020-03-17 15:28:02 - [MESSAGE][PASSED] - Object 'Object Repository/ReportSetupScreen/DataGroupValues/Labor Cost/tpl_LaborCost' is clickable

2020-03-17 15:28:02 - [TEST_STEP][PASSED] - click(findTestObject("ReportSetupScreen/DataGroupValues/Labor Cost/tpl_LaborCost")): Object: 'Object Repository/ReportSetupScreen/DataGroupValues/Labor Cost/tpl_LaborCost' is clicked on

2020-03-17 15:28:02 - [MESSAGE][PASSED] - Object: 'Object Repository/ReportSetupScreen/DataGroupValues/Labor Cost/tpl_LaborCost' is clicked on

2020-03-17 15:28:02 - [TEST_STEP][PASSED] - click(findTestObject("ReportSetupScreen/DataGroupValues/Categories/Ctg_Actual")): Object: 'Object Repository/ReportSetupScreen/DataGroupValues/Categories/Ctg_Actual' is clicked on

2020-03-17 15:28:03 - [MESSAGE][PASSED] - Object: 'Object Repository/ReportSetupScreen/DataGroupValues/Categories/Ctg_Actual' is clicked on

2020-03-17 15:28:03 - [TEST_STEP][PASSED] - click(findTestObject("ReportSetupScreen/DataGroupValues/Categories/Ctg_LastYear")): Object: 'Object Repository/ReportSetupScreen/DataGroupValues/Categories/Ctg_LastYear' is clicked on

2020-03-17 15:28:03 - [MESSAGE][PASSED] - Object: 'Object Repository/ReportSetupScreen/DataGroupValues/Categories/Ctg_LastYear' is clicked on

2020-03-17 15:28:03 - [TEST_STEP][NOT_RUN] - click(findTestObject("ReportSetupScreen/DataGroupValues/Categories/Ctg_LastWeek")): NOT_RUN: click(findTestObject("ReportSetupScreen/DataGroupValues/Categories/Ctg_LastWeek"))

2020-03-17 15:28:03 - [MESSAGE][NOT_RUN] - NOT_RUN: click(findTestObject("ReportSetupScreen/DataGroupValues/Categories/Ctg_LastWeek"))

2020-03-17 15:28:03 - [TEST_STEP][PASSED] - click(findTestObject("ReportSetupScreen/Create Columns/button_Add Columns(s)")): Object: 'Object Repository/ReportSetupScreen/Create Columns/button_Add Columns(s)' is clicked on

2020-03-17 15:28:04 - [MESSAGE][PASSED] - Object: 'Object Repository/ReportSetupScreen/Create Columns/button_Add Columns(s)' is clicked on

2020-03-17 15:28:04 - [MESSAGE][PASSED] - Call Test Case 'Test Cases/ReportBuilder_Pages/CrossLocationReportBuilderSetup_Page/Column Selection By Data Grain/Daily Data Grain/Labor Cost-Daily Data Grain' successfully

2020-03-17 15:28:04 - [TEST_STEP][PASSED] - callTestCase(findTestCase("ReportBuilder_Pages/CrossLocationReportBuilderSetup_Page/Column Selection By Data Grain/Daily Data Grain/Gross Sales -Daily Data Grain"), [:], CONTINUE_ON_FAILURE): Call Test Case 'Test Cases/ReportBuilder_Pages/CrossLocationReportBuilderSetup_Page/Column Selection By Data Grain/Daily Data Grain/Gross Sales -Daily Data Grain' successfully

2020-03-17 15:28:04 - [TEST_CASE][PASSED] - Test Cases/ReportBuilder_Pages/CrossLocationReportBuilderSetup_Page/Column Selection By Data Grain/Daily Data Grain/Gross Sales -Daily Data Grain: Test Cases/ReportBuilder_Pages/CrossLocationReportBuilderSetup_Page/Column Selection By Data Grain/Daily Data Grain/Gross Sales -Daily Data Grain

2020-03-17 15:28:04 - [TEST_STEP][PASSED] - click(findTestObject("ReportSetupScreen/Create Columns/link_Add Columns")): Object: 'Object Repository/ReportSetupScreen/Create Columns/link_Add Columns' is clicked on

2020-03-17 15:28:05 - [MESSAGE][PASSED] - Object: 'Object Repository/ReportSetupScreen/Create Columns/link_Add Columns' is clicked on

2020-03-17 15:28:05 - [TEST_STEP][PASSED] - click(findTestObject("ReportSetupScreen/Create Columns/drp_DataGroup")): Object: 'Object Repository/ReportSetupScreen/Create Columns/drp_DataGroup' is clicked on

2020-03-17 15:28:05 - [MESSAGE][PASSED] - Object: 'Object Repository/ReportSetupScreen/Create Columns/drp_DataGroup' is clicked on

2020-03-17 15:28:05 - [TEST_STEP][PASSED] - verifyElementClickable(findTestObject("ReportSetupScreen/DataGroupValues/Gross Sales/Tpl_Gross Sales")): Object 'Object Repository/ReportSetupScreen/DataGroupValues/Gross Sales/Tpl_Gross Sales' is clickable

2020-03-17 15:28:06 - [MESSAGE][PASSED] - Object 'Object Repository/ReportSetupScreen/DataGroupValues/Gross Sales/Tpl_Gross Sales' is clickable

2020-03-17 15:28:06 - [TEST_STEP][PASSED] - click(findTestObject("ReportSetupScreen/DataGroupValues/Gross Sales/Tpl_Gross Sales")): Object: 'Object Repository/ReportSetupScreen/DataGroupValues/Gross Sales/Tpl_Gross Sales' is clicked on

2020-03-17 15:28:06 - [MESSAGE][PASSED] - Object: 'Object Repository/ReportSetupScreen/DataGroupValues/Gross Sales/Tpl_Gross Sales' is clicked on

2020-03-17 15:28:06 - [TEST_STEP][PASSED] - click(findTestObject("ReportSetupScreen/DataGroupValues/Categories/Ctg_Actual")): Object: 'Object Repository/ReportSetupScreen/DataGroupValues/Categories/Ctg_Actual' is clicked on

2020-03-17 15:28:07 - [MESSAGE][PASSED] - Object: 'Object Repository/ReportSetupScreen/DataGroupValues/Categories/Ctg_Actual' is clicked on

2020-03-17 15:28:07 - [TEST_STEP][PASSED] - click(findTestObject("ReportSetupScreen/DataGroupValues/Categories/Ctg_LastYear")): Object: 'Object Repository/ReportSetupScreen/DataGroupValues/Categories/Ctg_LastYear' is clicked on

2020-03-17 15:28:08 - [MESSAGE][PASSED] - Object: 'Object Repository/ReportSetupScreen/DataGroupValues/Categories/Ctg_LastYear' is clicked on

2020-03-17 15:28:08 - [TEST_STEP][PASSED] - click(findTestObject("ReportSetupScreen/Create Columns/button_Add Columns(s)")): Object: 'Object Repository/ReportSetupScreen/Create Columns/button_Add Columns(s)' is clicked on

2020-03-17 15:28:08 - [MESSAGE][PASSED] - Object: 'Object Repository/ReportSetupScreen/Create Columns/button_Add Columns(s)' is clicked on

2020-03-17 15:28:08 - [MESSAGE][PASSED] - Call Test Case 'Test Cases/ReportBuilder_Pages/CrossLocationReportBuilderSetup_Page/Column Selection By Data Grain/Daily Data Grain/Gross Sales -Daily Data Grain' successfully

2020-03-17 15:28:08 - [TEST_STEP][PASSED] - callTestCase(findTestCase("ReportBuilder_Pages/CrossLocationReportBuilderSetup_Page/Column Selection By Data Grain/Daily Data Grain/Labor Hours -Daily Data Grain"), [:], CONTINUE_ON_FAILURE): Call Test Case 'Test Cases/ReportBuilder_Pages/CrossLocationReportBuilderSetup_Page/Column Selection By Data Grain/Daily Data Grain/Labor Hours -Daily Data Grain' successfully

2020-03-17 15:28:08 - [TEST_CASE][PASSED] - Test Cases/ReportBuilder_Pages/CrossLocationReportBuilderSetup_Page/Column Selection By Data Grain/Daily Data Grain/Labor Hours -Daily Data Grain: Test Cases/ReportBuilder_Pages/CrossLocationReportBuilderSetup_Page/Column Selection By Data Grain/Daily Data Grain/Labor Hours -Daily Data Grain

2020-03-17 15:28:08 - [TEST_STEP][PASSED] - click(findTestObject("ReportSetupScreen/Create Columns/link_Add Columns")): Object: 'Object Repository/ReportSetupScreen/Create Columns/link_Add Columns' is clicked on

2020-03-17 15:28:09 - [MESSAGE][PASSED] - Object: 'Object Repository/ReportSetupScreen/Create Columns/link_Add Columns' is clicked on

2020-03-17 15:28:09 - [TEST_STEP][PASSED] - click(findTestObject("ReportSetupScreen/Create Columns/drp_DataGroup")): Object: 'Object Repository/ReportSetupScreen/Create Columns/drp_DataGroup' is clicked on

2020-03-17 15:28:10 - [MESSAGE][PASSED] - Object: 'Object Repository/ReportSetupScreen/Create Columns/drp_DataGroup' is clicked on

2020-03-17 15:28:10 - [TEST_STEP][PASSED] - verifyElementClickable(findTestObject("ReportSetupScreen/DataGroupValues/Labor Hours/Tpl_Labor Hours")): Object 'Object Repository/ReportSetupScreen/DataGroupValues/Labor Hours/Tpl_Labor Hours' is clickable

2020-03-17 15:28:10 - [MESSAGE][PASSED] - Object 'Object Repository/ReportSetupScreen/DataGroupValues/Labor Hours/Tpl_Labor Hours' is clickable

2020-03-17 15:28:10 - [TEST_STEP][PASSED] - click(findTestObject("ReportSetupScreen/DataGroupValues/Labor Hours/Tpl_Labor Hours")): Object: 'Object Repository/ReportSetupScreen/DataGroupValues/Labor Hours/Tpl_Labor Hours' is clicked on

2020-03-17 15:28:10 - [MESSAGE][PASSED] - Object: 'Object Repository/ReportSetupScreen/DataGroupValues/Labor Hours/Tpl_Labor Hours' is clicked on

2020-03-17 15:28:10 - [TEST_STEP][PASSED] - click(findTestObject("ReportSetupScreen/DataGroupValues/Categories/Ctg_Actual")): Object: 'Object Repository/ReportSetupScreen/DataGroupValues/Categories/Ctg_Actual' is clicked on

2020-03-17 15:28:11 - [MESSAGE][PASSED] - Object: 'Object Repository/ReportSetupScreen/DataGroupValues/Categories/Ctg_Actual' is clicked on

2020-03-17 15:28:11 - [TEST_STEP][PASSED] - click(findTestObject("ReportSetupScreen/DataGroupValues/Categories/Ctg_LastYear")): Object: 'Object Repository/ReportSetupScreen/DataGroupValues/Categories/Ctg_LastYear' is clicked on

2020-03-17 15:28:12 - [MESSAGE][PASSED] - Object: 'Object Repository/ReportSetupScreen/DataGroupValues/Categories/Ctg_LastYear' is clicked on

2020-03-17 15:28:12 - [TEST_STEP][PASSED] - click(findTestObject("ReportSetupScreen/Create Columns/button_Add Columns(s)")): Object: 'Object Repository/ReportSetupScreen/Create Columns/button_Add Columns(s)' is clicked on

2020-03-17 15:28:12 - [MESSAGE][PASSED] - Object: 'Object Repository/ReportSetupScreen/Create Columns/button_Add Columns(s)' is clicked on

2020-03-17 15:28:12 - [MESSAGE][PASSED] - Call Test Case 'Test Cases/ReportBuilder_Pages/CrossLocationReportBuilderSetup_Page/Column Selection By Data Grain/Daily Data Grain/Labor Hours -Daily Data Grain' successfully

2020-03-17 15:28:12 - [MESSAGE][PASSED] - Call Test Case 'Test Cases/ReportBuilder_Pages/CrossLocationReportBuilderSetup_Page/Data Grain with Present Data By/Select Data Grain And Present Data By options for Report' successfully

2020-03-17 15:28:12 - [TEST_STEP][PASSED] - ColumnListNew = []: null

2020-03-17 15:28:12 - [TEST_STEP][PASSED] - ColumnListNew = reportbuildercustom.RB_Keywords.verifyTotalAddedColumns(): reportbuildercustom.RB_Keywords.verifyTotalAddedColumns is PASSED

2020-03-17 15:28:13 - [MESSAGE][PASSED] - reportbuildercustom.RB_Keywords.verifyTotalAddedColumns is PASSED

2020-03-17 15:28:13 - [TEST_STEP][PASSED] - TotalNoOfColumnsAdded = ColumnListNew.size(): null

2020-03-17 15:28:13 - [TEST_STEP][PASSED] - println(TotalNoOfColumnsAdded): null

2020-03-17 15:28:13 - [TEST_STEP][PASSED] - callTestCase(findTestCase("ReportBuilder_Pages/CrossLocationReportBuilderSetup_Page/Select Grouping By Hierarchy"), [:], CONTINUE_ON_FAILURE): Call Test Case 'Test Cases/ReportBuilder_Pages/CrossLocationReportBuilderSetup_Page/Select Grouping By Hierarchy' successfully

2020-03-17 15:28:14 - [TEST_CASE][PASSED] - Test Cases/ReportBuilder_Pages/CrossLocationReportBuilderSetup_Page/Select Grouping By Hierarchy: Test Cases/ReportBuilder_Pages/CrossLocationReportBuilderSetup_Page/Select Grouping By Hierarchy

2020-03-17 15:28:14 - [TEST_STEP][PASSED] - click(findTestObject("ReportSetupScreen/Grouping/By Hierarchy/btn_ByHierarchy")): Object: 'Object Repository/ReportSetupScreen/Grouping/By Hierarchy/btn_ByHierarchy' is clicked on

2020-03-17 15:28:14 - [MESSAGE][PASSED] - Object: 'Object Repository/ReportSetupScreen/Grouping/By Hierarchy/btn_ByHierarchy' is clicked on

2020-03-17 15:28:14 - [TEST_STEP][PASSED] - click(findTestObject("ReportSetupScreen/Grouping/By Hierarchy/span_By Region")): Object: 'Object Repository/ReportSetupScreen/Grouping/By Hierarchy/span_By Region' is clicked on

2020-03-17 15:28:15 - [MESSAGE][PASSED] - Object: 'Object Repository/ReportSetupScreen/Grouping/By Hierarchy/span_By Region' is clicked on

2020-03-17 15:28:15 - [TEST_STEP][PASSED] - click(findTestObject("ReportSetupScreen/Grouping/By Hierarchy/span_Show Region Subtotal")): Object: 'Object Repository/ReportSetupScreen/Grouping/By Hierarchy/span_Show Region Subtotal' is clicked on

2020-03-17 15:28:15 - [MESSAGE][PASSED] - Object: 'Object Repository/ReportSetupScreen/Grouping/By Hierarchy/span_Show Region Subtotal' is clicked on

2020-03-17 15:28:15 - [TEST_STEP][PASSED] - click(findTestObject("ReportSetupScreen/Grouping/By Hierarchy/span_By District")): Object: 'Object Repository/ReportSetupScreen/Grouping/By Hierarchy/span_By District' is clicked on

2020-03-17 15:28:16 - [MESSAGE][PASSED] - Object: 'Object Repository/ReportSetupScreen/Grouping/By Hierarchy/span_By District' is clicked on

2020-03-17 15:28:16 - [TEST_STEP][PASSED] - click(findTestObject("ReportSetupScreen/Grouping/By Hierarchy/span_Show District Subtotal")): Object: 'Object Repository/ReportSetupScreen/Grouping/By Hierarchy/span_Show District Subtotal' is clicked on

2020-03-17 15:28:16 - [MESSAGE][PASSED] - Object: 'Object Repository/ReportSetupScreen/Grouping/By Hierarchy/span_Show District Subtotal' is clicked on

2020-03-17 15:28:16 - [MESSAGE][PASSED] - Call Test Case 'Test Cases/ReportBuilder_Pages/CrossLocationReportBuilderSetup_Page/Select Grouping By Hierarchy' successfully

2020-03-17 15:28:16 - [TEST_STEP][PASSED] - callTestCase(findTestCase("ReportBuilder_Pages/CrossLocationReportBuilderSetup_Page/Click on Create Report Button"), [:], CONTINUE_ON_FAILURE): Call Test Case 'Test Cases/ReportBuilder_Pages/CrossLocationReportBuilderSetup_Page/Click on Create Report Button' successfully

2020-03-17 15:28:16 - [TEST_CASE][PASSED] - Test Cases/ReportBuilder_Pages/CrossLocationReportBuilderSetup_Page/Click on Create Report Button: Test Cases/ReportBuilder_Pages/CrossLocationReportBuilderSetup_Page/Click on Create Report Button

2020-03-17 15:28:17 - [TEST_STEP][PASSED] - click(findTestObject("ReportSetupScreen/button_Create report")): Object: 'Object Repository/ReportSetupScreen/button_Create report' is clicked on

2020-03-17 15:28:17 - [MESSAGE][PASSED] - Object: 'Object Repository/ReportSetupScreen/button_Create report' is clicked on

2020-03-17 15:28:17 - [MESSAGE][PASSED] - Call Test Case 'Test Cases/ReportBuilder_Pages/CrossLocationReportBuilderSetup_Page/Click on Create Report Button' successfully

2020-03-17 15:28:17 - [TEST_STEP][PASSED] - callTestCase(findTestCase("ReportBuilder_Pages/CrossLocationReportBuilderSetup_Page/Search and validate created report from list of reports"), ["SearchCategory":CategoryName, "SearchReport":ReportName], CONTINUE_ON_FAILURE): Call Test Case 'Test Cases/ReportBuilder_Pages/CrossLocationReportBuilderSetup_Page/Search and validate created report from list of reports' successfully

2020-03-17 15:28:17 - [TEST_CASE][PASSED] - Test Cases/ReportBuilder_Pages/CrossLocationReportBuilderSetup_Page/Search and validate created report from list of reports: Test Cases/ReportBuilder_Pages/CrossLocationReportBuilderSetup_Page/Search and validate created report from list of reports

2020-03-17 15:28:18 - [TEST_STEP][PASSED] - waitForElementVisible(findTestObject("Page_Restaurant Intranet/Setup/tasterMessage"), 5): Object 'Object Repository/Page_Restaurant Intranet/Setup/tasterMessage' is visible

2020-03-17 15:28:18 - [MESSAGE][PASSED] - Object 'Object Repository/Page_Restaurant Intranet/Setup/tasterMessage' is visible

2020-03-17 15:28:18 - [TEST_STEP][PASSED] - waitForElementNotVisible(findTestObject("Page_Restaurant Intranet/Setup/tasterMessage"), 5): Object 'Object Repository/Page_Restaurant Intranet/Setup/tasterMessage' is NOT visible

2020-03-17 15:28:23 - [MESSAGE][PASSED] - Object 'Object Repository/Page_Restaurant Intranet/Setup/tasterMessage' is NOT visible

2020-03-17 15:28:23 - [TEST_STEP][NOT_RUN] - refresh(): NOT_RUN: refresh()

2020-03-17 15:28:23 - [MESSAGE][NOT_RUN] - NOT_RUN: refresh()

2020-03-17 15:28:23 - [TEST_STEP][NOT_RUN] - waitForElementClickable(findTestObject("ReportSetupScreen/input_SearchReportFilter"), 20): NOT_RUN: waitForElementClickable(findTestObject("ReportSetupScreen/input_SearchReportFilter"), 20)

2020-03-17 15:28:23 - [MESSAGE][NOT_RUN] - NOT_RUN: waitForElementClickable(findTestObject("ReportSetupScreen/input_SearchReportFilter"), 20)

2020-03-17 15:28:23 - [TEST_STEP][NOT_RUN] - click(findTestObject("ReportSetupScreen/input_SearchReportFilter")): NOT_RUN: click(findTestObject("ReportSetupScreen/input_SearchReportFilter"))

2020-03-17 15:28:23 - [MESSAGE][NOT_RUN] - NOT_RUN: click(findTestObject("ReportSetupScreen/input_SearchReportFilter"))

2020-03-17 15:28:23 - [TEST_STEP][NOT_RUN] - reportName = SearchReport: NOT_RUN: reportName = SearchReport

2020-03-17 15:28:23 - [MESSAGE][NOT_RUN] - NOT_RUN: reportName = SearchReport

2020-03-17 15:28:23 - [TEST_STEP][NOT_RUN] - setText(findTestObject("ReportSetupScreen/input_SearchReportFilter"), reportName): NOT_RUN: setText(findTestObject("ReportSetupScreen/input_SearchReportFilter"), reportName)

2020-03-17 15:28:23 - [MESSAGE][NOT_RUN] - NOT_RUN: setText(findTestObject("ReportSetupScreen/input_SearchReportFilter"), reportName)

2020-03-17 15:28:23 - [TEST_STEP][NOT_RUN] - click(findTestObject("ReportSetupScreen/Reports_header")): NOT_RUN: click(findTestObject("ReportSetupScreen/Reports_header"))

2020-03-17 15:28:23 - [MESSAGE][NOT_RUN] - NOT_RUN: click(findTestObject("ReportSetupScreen/Reports_header"))

2020-03-17 15:28:23 - [TEST_STEP][NOT_RUN] - delay(2): NOT_RUN: delay(2)

2020-03-17 15:28:23 - [MESSAGE][NOT_RUN] - NOT_RUN: delay(2)

2020-03-17 15:28:23 - [TEST_STEP][NOT_RUN] - click(findTestObject("ReportSetupScreen/tabel_SearchedReport")): NOT_RUN: click(findTestObject("ReportSetupScreen/tabel_SearchedReport"))

2020-03-17 15:28:23 - [MESSAGE][NOT_RUN] - NOT_RUN: click(findTestObject("ReportSetupScreen/tabel_SearchedReport"))

2020-03-17 15:28:23 - [TEST_STEP][NOT_RUN] - strReportName = getText(findTestObject("ReportSetupScreen/tabel_SearchedReport")): NOT_RUN: strReportName = getText(findTestObject("ReportSetupScreen/tabel_SearchedReport"))

2020-03-17 15:28:23 - [MESSAGE][NOT_RUN] - NOT_RUN: strReportName = getText(findTestObject("ReportSetupScreen/tabel_SearchedReport"))

2020-03-17 15:28:23 - [TEST_STEP][NOT_RUN] - if (strReportName.equalsIgnoreCase(reportName)): NOT_RUN: if (strReportName.equalsIgnoreCase(reportName))

2020-03-17 15:28:23 - [MESSAGE][NOT_RUN] - NOT_RUN: if (strReportName.equalsIgnoreCase(reportName))

2020-03-17 15:28:23 - [TEST_STEP][NOT_RUN] - waitForElementClickable(findTestObject("Page_Restaurant Intranet/link_ProfileIcon"), 0): NOT_RUN: waitForElementClickable(findTestObject("Page_Restaurant Intranet/link_ProfileIcon"), 0)

2020-03-17 15:28:23 - [MESSAGE][NOT_RUN] - NOT_RUN: waitForElementClickable(findTestObject("Page_Restaurant Intranet/link_ProfileIcon"), 0)

2020-03-17 15:28:23 - [TEST_STEP][PASSED] - delay(3): Delayed 3 second(s)

2020-03-17 15:28:26 - [MESSAGE][PASSED] - Delayed 3 second(s)

2020-03-17 15:28:26 - [MESSAGE][PASSED] - Call Test Case 'Test Cases/ReportBuilder_Pages/CrossLocationReportBuilderSetup_Page/Search and validate created report from list of reports' successfully

2020-03-17 15:28:26 - [TEST_STEP][PASSED] - callTestCase(findTestCase("ReportBuilder_Pages/Restaurant_Intranet_Dashboard_Page/Click on Dashboard Link"), [:], CONTINUE_ON_FAILURE): Call Test Case 'Test Cases/ReportBuilder_Pages/Restaurant_Intranet_Dashboard_Page/Click on Dashboard Link' successfully

2020-03-17 15:28:27 - [TEST_CASE][PASSED] - Test Cases/ReportBuilder_Pages/Restaurant_Intranet_Dashboard_Page/Click on Dashboard Link: Test Cases/ReportBuilder_Pages/Restaurant_Intranet_Dashboard_Page/Click on Dashboard Link

2020-03-17 15:28:27 - [TEST_STEP][PASSED] - mouseOver(findTestObject("Page_Restaurant Intranet/Left_Nav_Bar/link_CrossLocationReportIcon")): Object: 'Object Repository/Page_Restaurant Intranet/Left_Nav_Bar/link_CrossLocationReportIcon' is hovered

2020-03-17 15:28:27 - [MESSAGE][PASSED] - Object: 'Object Repository/Page_Restaurant Intranet/Left_Nav_Bar/link_CrossLocationReportIcon' is hovered

2020-03-17 15:28:27 - [TEST_STEP][PASSED] - delay(2): Delayed 2 second(s)

2020-03-17 15:28:29 - [MESSAGE][PASSED] - Delayed 2 second(s)

2020-03-17 15:28:29 - [TEST_STEP][PASSED] - waitForElementClickable(findTestObject("Page_Restaurant Intranet/Left_Nav_Bar/link_Calendar"), ExplicitWait): Object 'Object Repository/Page_Restaurant Intranet/Left_Nav_Bar/link_Calendar' is clickable

2020-03-17 15:28:30 - [MESSAGE][PASSED] - Object 'Object Repository/Page_Restaurant Intranet/Left_Nav_Bar/link_Calendar' is clickable

2020-03-17 15:28:30 - [TEST_STEP][NOT_RUN] - verifyElementPresent(findTestObject("Page_Restaurant Intranet/Left_Nav_Bar/link_Calendar"), 0): NOT_RUN: verifyElementPresent(findTestObject("Page_Restaurant Intranet/Left_Nav_Bar/link_Calendar"), 0)

2020-03-17 15:28:30 - [MESSAGE][NOT_RUN] - NOT_RUN: verifyElementPresent(findTestObject("Page_Restaurant Intranet/Left_Nav_Bar/link_Calendar"), 0)

2020-03-17 15:28:30 - [TEST_STEP][PASSED] - click(findTestObject("Page_Restaurant Intranet/Left_Nav_Bar/link_Calendar")): Object: 'Object Repository/Page_Restaurant Intranet/Left_Nav_Bar/link_Calendar' is clicked on

2020-03-17 15:28:30 - [MESSAGE][PASSED] - Object: 'Object Repository/Page_Restaurant Intranet/Left_Nav_Bar/link_Calendar' is clicked on

2020-03-17 15:28:30 - [MESSAGE][PASSED] - Call Test Case 'Test Cases/ReportBuilder_Pages/Restaurant_Intranet_Dashboard_Page/Click on Dashboard Link' successfully

2020-03-17 15:28:30 - [TEST_STEP][PASSED] - callTestCase(findTestCase("ReportBuilder_Pages/Restaurant_Intranet_Dashboard_Page/Select PC name"), ["PCName":PCName], CONTINUE_ON_FAILURE): Call Test Case 'Test Cases/ReportBuilder_Pages/Restaurant_Intranet_Dashboard_Page/Select PC name' successfully

2020-03-17 15:28:30 - [TEST_CASE][PASSED] - Test Cases/ReportBuilder_Pages/Restaurant_Intranet_Dashboard_Page/Select PC name: Test Cases/ReportBuilder_Pages/Restaurant_Intranet_Dashboard_Page/Select PC name

2020-03-17 15:28:31 - [TEST_STEP][PASSED] - click(findTestObject("Page_Restaurant Intranet/Dashboard/drp_PC_Name")): Object: 'Object Repository/Page_Restaurant Intranet/Dashboard/drp_PC_Name' is clicked on

2020-03-17 15:28:37 - [MESSAGE][PASSED] - Object: 'Object Repository/Page_Restaurant Intranet/Dashboard/drp_PC_Name' is clicked on

2020-03-17 15:28:37 - [TEST_STEP][PASSED] - setText(findTestObject("Page_Restaurant Intranet/Dashboard/drp_PC_Name"), PCName): Text 'Union Ave' is set on object 'Object Repository/Page_Restaurant Intranet/Dashboard/drp_PC_Name'

2020-03-17 15:28:38 - [MESSAGE][PASSED] - Text 'Union Ave' is set on object 'Object Repository/Page_Restaurant Intranet/Dashboard/drp_PC_Name'

2020-03-17 15:28:38 - [TEST_STEP][PASSED] - sendKeys(findTestObject("Page_Restaurant Intranet/Dashboard/drp_PC_Name"), Keys.chord(ENTER)): Keys 'ENTER + ' sent to object: 'Object Repository/Page_Restaurant Intranet/Dashboard/drp_PC_Name'

2020-03-17 15:28:39 - [MESSAGE][PASSED] - Keys 'ENTER + ' sent to object: 'Object Repository/Page_Restaurant Intranet/Dashboard/drp_PC_Name'

2020-03-17 15:28:39 - [MESSAGE][PASSED] - Call Test Case 'Test Cases/ReportBuilder_Pages/Restaurant_Intranet_Dashboard_Page/Select PC name' successfully

2020-03-17 15:28:39 - [TEST_STEP][PASSED] - callTestCase(findTestCase("ReportBuilder_Pages/Restaurant_Intranet_Dashboard_Page/Click on dashbord calender button and select operational calender"), [:], CONTINUE_ON_FAILURE): Call Test Case 'Test Cases/ReportBuilder_Pages/Restaurant_Intranet_Dashboard_Page/Click on dashbord calender button and select operational calender' successfully

2020-03-17 15:28:39 - [TEST_CASE][PASSED] - Test Cases/ReportBuilder_Pages/Restaurant_Intranet_Dashboard_Page/Click on dashbord calender button and select operational calender: Test Cases/ReportBuilder_Pages/Restaurant_Intranet_Dashboard_Page/Click on dashbord calender button and select operational calender

2020-03-17 15:28:39 - [TEST_STEP][PASSED] - click(findTestObject("Page_Restaurant Intranet/Dashboard/btn_DashboardCalender")): Object: 'Object Repository/Page_Restaurant Intranet/Dashboard/btn_DashboardCalender' is clicked on

2020-03-17 15:28:47 - [MESSAGE][PASSED] - Object: 'Object Repository/Page_Restaurant Intranet/Dashboard/btn_DashboardCalender' is clicked on

2020-03-17 15:28:47 - [TEST_STEP][PASSED] - OC1 = OperationalCalender: null

2020-03-17 15:28:47 - [TEST_STEP][PASSED] - OY1 = SalesBudgetYear: null

2020-03-17 15:28:47 - [TEST_STEP][PASSED] - driver = getWebDriver(): null

2020-03-17 15:28:47 - [TEST_STEP][PASSED] - click(findTestObject("Page_Restaurant Intranet/Dashboard/drp_YearPeriod")): Object: 'Object Repository/Page_Restaurant Intranet/Dashboard/drp_YearPeriod' is clicked on

2020-03-17 15:28:47 - [MESSAGE][PASSED] - Object: 'Object Repository/Page_Restaurant Intranet/Dashboard/drp_YearPeriod' is clicked on

2020-03-17 15:28:47 - [TEST_STEP][PASSED] - yearfiled = driver.findElement(By.xpath("//option[contains(text(),"" + OY1 + "")]")): null

2020-03-17 15:28:47 - [TEST_STEP][PASSED] - yearfiled.click(): null

2020-03-17 15:28:47 - [TEST_STEP][PASSED] - click(findTestObject("Page_Restaurant Intranet/Dashboard/drp_calender")): Object: 'Object Repository/Page_Restaurant Intranet/Dashboard/drp_calender' is clicked on

2020-03-17 15:28:54 - [MESSAGE][PASSED] - Object: 'Object Repository/Page_Restaurant Intranet/Dashboard/drp_calender' is clicked on

2020-03-17 15:28:54 - [TEST_STEP][PASSED] - fields = driver.findElement(By.xpath("//option[contains(text(),"" + OC1 + "")]")): null

2020-03-17 15:28:54 - [TEST_STEP][PASSED] - fields.click(): null

2020-03-17 15:28:55 - [TEST_STEP][PASSED] - if (xpath("//div[@class='popover__cross']")).isDisplayed()): null

2020-03-17 15:29:02 - [TEST_STEP][PASSED] - markPassed("Clicking on Dates of dashbord calender"): Clicking on Dates of dashbord calender

2020-03-17 15:29:02 - [MESSAGE][PASSED] - Clicking on Dates of dashbord calender

2020-03-17 15:29:02 - [MESSAGE][PASSED] - Call Test Case 'Test Cases/ReportBuilder_Pages/Restaurant_Intranet_Dashboard_Page/Click on dashbord calender button and select operational calender' successfully

2020-03-17 15:29:02 - [TEST_STEP][PASSED] - valuesFromCalendarDashboard = [:]: null

2020-03-17 15:29:02 - [TEST_STEP][PASSED] - valuesFromCalendarDashboard = callTestCase(findTestCase("ReportBuilder_Pages/Restaurant_Intranet_Dashboard_Page/Get all available variable values from calender view for one month"), [:], CONTINUE_ON_FAILURE): Call Test Case 'Test Cases/ReportBuilder_Pages/Restaurant_Intranet_Dashboard_Page/Get all available variable values from calender view for one month' successfully

2020-03-17 15:29:02 - [TEST_CASE][PASSED] - Test Cases/ReportBuilder_Pages/Restaurant_Intranet_Dashboard_Page/Get all available variable values from calender view for one month: Test Cases/ReportBuilder_Pages/Restaurant_Intranet_Dashboard_Page/Get all available variable values from calender view for one month

2020-03-17 15:29:02 - [TEST_STEP][PASSED] - delay(2): Delayed 2 second(s)

2020-03-17 15:29:04 - [MESSAGE][PASSED] - Delayed 2 second(s)

2020-03-17 15:29:04 - [TEST_STEP][PASSED] - NetSales = [:]: null

2020-03-17 15:29:04 - [TEST_STEP][PASSED] - NetSalesLastYear = [:]: null

2020-03-17 15:29:04 - [TEST_STEP][PASSED] - BudgetedSales = [:]: null

2020-03-17 15:29:04 - [TEST_STEP][PASSED] - GuestCount = [:]: null

2020-03-17 15:29:04 - [TEST_STEP][PASSED] - GuestCountLastYear = [:]: null

2020-03-17 15:29:04 - [TEST_STEP][PASSED] - GuestCountBudget = [:]: null

2020-03-17 15:29:04 - [TEST_STEP][PASSED] - AvgCheck = [:]: null

2020-03-17 15:29:04 - [TEST_STEP][PASSED] - AvgCheckLastYear = [:]: null

2020-03-17 15:29:04 - [TEST_STEP][PASSED] - AvgCheckBudget = [:]: null

2020-03-17 15:29:04 - [TEST_STEP][PASSED] - Labor = [:]: null

2020-03-17 15:29:04 - [TEST_STEP][PASSED] - LaborLastYear = [:]: null

2020-03-17 15:29:04 - [TEST_STEP][PASSED] - LaborBudget = [:]: null

2020-03-17 15:29:04 - [TEST_STEP][PASSED] - AllVariables = [:]: null

2020-03-17 15:29:04 - [TEST_STEP][PASSED] - DateAndValueFromCal = [:]: null

2020-03-17 15:29:04 - [TEST_STEP][PASSED] - DayWiseDate = []: null

2020-03-17 15:29:04 - [TEST_STEP][PASSED] - CalendarDates = []: null

2020-03-17 15:29:04 - [TEST_STEP][PASSED] - DailyDate = null: null

2020-03-17 15:29:04 - [TEST_STEP][PASSED] - delay(3): Delayed 3 second(s)

2020-03-17 15:29:07 - [MESSAGE][PASSED] - Delayed 3 second(s)

2020-03-17 15:29:07 - [TEST_STEP][PASSED] - driver = getWebDriver(): null

2020-03-17 15:29:07 - [TEST_STEP][PASSED] - Wrappers = driver.findElement(By.xpath("//div[@class='calendar-wrap dbschema_wraper']")): null

2020-03-17 15:29:08 - [TEST_STEP][PASSED] - Calenderrow = Wrappers.findElements(By.xpath("((//div[@class="col-center col-center--chart"]))//div[@class="chart-data chart-data--future"]")): null

2020-03-17 15:29:08 - [TEST_STEP][PASSED] - NoOfcalenderRows = Calenderrow.size(): null

2020-03-17 15:29:08 - [TEST_STEP][PASSED] - println("No of calender rows are" + NoOfcalenderRows): null

2020-03-17 15:29:08 - [TEST_STEP][PASSED] - for ([l = 0, l < 3, (l++)]): EXECUTION OF GETTING DATA FROM CALENDAR DASHBOARD FOR DATE  + OCTOBER 29+ is completed successfully....

2020-03-17 15:29:08 - [TEST_STEP][PASSED] - Row = get(l).findElements(By.xpath("//div[@class='chart-data chart-data--future']")): null

2020-03-17 15:29:08 - [TEST_STEP][PASSED] - NoOfRows = Row.size(): null

2020-03-17 15:29:08 - [TEST_STEP][PASSED] - println("No of  rows " + NoOfRows): null

2020-03-17 15:29:08 - [TEST_STEP][PASSED] - CalenderView = Row.get(l): null

2020-03-17 15:29:08 - [TEST_STEP][PASSED] - if (l > 13): null

2020-03-17 15:29:08 - [TEST_STEP][PASSED] - else: null

2020-03-17 15:29:08 - [TEST_STEP][PASSED] - CalenderView.click(): null

2020-03-17 15:29:08 - [TEST_STEP][PASSED] - DateOnCalendar = getText(findTestObject("Page_Restaurant Intranet/Dashboard/div_DailyDateHeader")): Text of object 'Object Repository/Page_Restaurant Intranet/Dashboard/div_DailyDateHeader' is: 'SUNDAY, OCTOBER 27'

2020-03-17 15:29:09 - [MESSAGE][PASSED] - Text of object 'Object Repository/Page_Restaurant Intranet/Dashboard/div_DailyDateHeader' is: 'SUNDAY, OCTOBER 27'

2020-03-17 15:29:09 - [TEST_STEP][PASSED] - CalendarDates = DateOnCalendar.split(","): null

2020-03-17 15:29:09 - [TEST_STEP][PASSED] - DailyDates = replaceAll("", " ").replaceAll("
", " "): null

2020-03-17 15:29:09 - [TEST_STEP][PASSED] - DayWiseDate.add(l, DailyDates): null

2020-03-17 15:29:09 - [TEST_STEP][PASSED] - FirstCharacter = DailyDates.charAt(0): null

2020-03-17 15:29:09 - [TEST_STEP][PASSED] - if (DailyDates.length() == 1): null

2020-03-17 15:29:09 - [TEST_STEP][PASSED] - else: null

2020-03-17 15:29:09 - [TEST_STEP][PASSED] - DailyDate = DailyDates: null

2020-03-17 15:29:09 - [TEST_STEP][PASSED] - HeaderOftabel = ["Total"]: null

2020-03-17 15:29:09 - [TEST_STEP][PASSED] - HeaderRow = driver.findElement(By.xpath("//*[@id="mdl-dailyActuals"]/div/div/div[2]/div/div[1]/div/div/table/thead")): null

2020-03-17 15:29:09 - [TEST_STEP][PASSED] - Headers = HeaderRow.findElements(By.tagName("th")): null

2020-03-17 15:29:09 - [TEST_STEP][PASSED] - println(Headers.size()): null

2020-03-17 15:29:09 - [TEST_STEP][PASSED] - for ([i = 1, i < Headers.size() - 1, (i++)]): null

2020-03-17 15:29:09 - [TEST_STEP][PASSED] - HeaderName = replaceAll("", " ").replaceAll("
", " "): null

2020-03-17 15:29:09 - [TEST_STEP][PASSED] - println(HeaderName): null

2020-03-17 15:29:09 - [TEST_STEP][PASSED] - if (HeaderOftabel.contains(HeaderName)): null

2020-03-17 15:29:09 - [TEST_STEP][PASSED] - index = i: null

[...]
	at com.kms.katalon.core.main.TestCaseExecutor.execute(TestCaseExecutor.java:233)
	at com.kms.katalon.core.main.TestSuiteExecutor.accessTestCaseMainPhase(TestSuiteExecutor.java:169)
	at com.kms.katalon.core.main.TestSuiteExecutor.accessTestSuiteMainPhase(TestSuiteExecutor.java:142)
	at com.kms.katalon.core.main.TestSuiteExecutor.execute(TestSuiteExecutor.java:91)
	at com.kms.katalon.core.main.TestCaseMain.startTestSuite(TestCaseMain.java:157)
	at com.kms.katalon.core.main.TestCaseMain$startTestSuite$0.call(Unknown Source)
	at TempTestSuite1584438995230.run(TempTestSuite1584438995230.groovy:36)
Caused by: java.lang.ArrayIndexOutOfBoundsException: 1
	at Verify Dates on report based on selected present data by.run(Verify Dates on report based on selected present data by:82)
	at com.kms.katalon.core.main.ScriptEngine.run(ScriptEngine.java:194)
	at com.kms.katalon.core.main.ScriptEngine.runScriptAsRawText(ScriptEngine.java:119)
	at com.kms.katalon.core.main.TestCaseExecutor.runScript(TestCaseExecutor.java:337)
	at com.kms.katalon.core.main.TestCaseExecutor.doExecute(TestCaseExecutor.java:328)
	at com.kms.katalon.core.main.TestCaseExecutor.processExecutionPhase(TestCaseExecutor.java:307)
	at com.kms.katalon.core.main.TestCaseExecutor.accessMainPhase(TestCaseExecutor.java:299)
	at com.kms.katalon.core.main.TestCaseExecutor.execute(TestCaseExecutor.java:233)
	at com.kms.katalon.core.main.TestCaseMain.runTestCase(TestCaseMain.java:114)
	at com.kms.katalon.core.keyword.builtin.CallTestCaseKeyword$_callTestCase_closure1.doCall(CallTestCaseKeyword.groovy:59)
	... 20 more
)
	at com.kms.katalon.core.keyword.internal.KeywordMain.stepFailed(KeywordMain.groovy:39)
	at com.kms.katalon.core.keyword.internal.KeywordMain.stepFailed(KeywordMain.groovy)
	at com.kms.katalon.core.keyword.internal.KeywordMain.runKeyword(KeywordMain.groovy:70)
	at com.kms.katalon.core.keyword.builtin.CallTestCaseKeyword.callTestCase(CallTestCaseKeyword.groovy:81)
	at com.kms.katalon.core.keyword.builtin.CallTestCaseKeyword.execute(CallTestCaseKeyword.groovy:44)
	at com.kms.katalon.core.keyword.internal.KeywordExecutor.executeKeywordForPlatform(KeywordExecutor.groovy:72)
	at com.kms.katalon.core.keyword.BuiltinKeywords.callTestCase(BuiltinKeywords.groovy:334)
	at TC8_Create Daily Report with valid details and compare report values with calender for specific time period.run(TC8_Create Daily Report with valid details and compare report values with calender for specific time period:74)
	at com.kms.katalon.core.main.ScriptEngine.run(ScriptEngine.java:194)
	at com.kms.katalon.core.main.ScriptEngine.runScriptAsRawText(ScriptEngine.java:119)
	at com.kms.katalon.core.main.TestCaseExecutor.runScript(TestCaseExecutor.java:337)
	at com.kms.katalon.core.main.TestCaseExecutor.doExecute(TestCaseExecutor.java:328)
	at com.kms.katalon.core.main.TestCaseExecutor.processExecutionPhase(TestCaseExecutor.java:307)
	at com.kms.katalon.core.main.TestCaseExecutor.accessMainPhase(TestCaseExecutor.java:299)
	at com.kms.katalon.core.main.TestCaseExecutor.execute(TestCaseExecutor.java:233)
	at com.kms.katalon.core.main.TestSuiteExecutor.accessTestCaseMainPhase(TestSuiteExecutor.java:169)
	at com.kms.katalon.core.main.TestSuiteExecutor.accessTestSuiteMainPhase(TestSuiteExecutor.java:142)
	at com.kms.katalon.core.main.TestSuiteExecutor.execute(TestSuiteExecutor.java:91)
	at com.kms.katalon.core.main.TestCaseMain.startTestSuite(TestCaseMain.java:157)
	at com.kms.katalon.core.main.TestCaseMain$startTestSuite$0.call(Unknown Source)
	at TempTestSuite1584438995230.run(TempTestSuite1584438995230.groovy:36)
Caused by: com.kms.katalon.core.exception.StepErrorException: Call Test Case 'Test Cases/ReportBuilder_Pages/CreatedReports/Verify Dates on report based on selected present data by' failed because of error(s)
	at com.kms.katalon.core.keyword.builtin.CallTestCaseKeyword$_callTestCase_closure1.doCall(CallTestCaseKeyword.groovy:66)
	at com.kms.katalon.core.keyword.builtin.CallTestCaseKeyword$_callTestCase_closure1.call(CallTestCaseKeyword.groovy)
	at com.kms.katalon.core.keyword.internal.KeywordMain.runKeyword(KeywordMain.groovy:68)
	... 18 more
Caused by: java.lang.ArrayIndexOutOfBoundsException: 1
	at Verify Dates on report based on selected present data by.run(Verify Dates on report based on selected present data by:82)
	at com.kms.katalon.core.main.ScriptEngine.run(ScriptEngine.java:194)
	at com.kms.katalon.core.main.ScriptEngine.runScriptAsRawText(ScriptEngine.java:119)
	at com.kms.katalon.core.main.TestCaseExecutor.runScript(TestCaseExecutor.java:337)
	at com.kms.katalon.core.main.TestCaseExecutor.doExecute(TestCaseExecutor.java:328)
	at com.kms.katalon.core.main.TestCaseExecutor.processExecutionPhase(TestCaseExecutor.java:307)
	at com.kms.katalon.core.main.TestCaseExecutor.accessMainPhase(TestCaseExecutor.java:299)
	at com.kms.katalon.core.main.TestCaseExecutor.execute(TestCaseExecutor.java:233)
	at com.kms.katalon.core.main.TestCaseMain.runTestCase(TestCaseMain.java:114)
	at com.kms.katalon.core.keyword.builtin.CallTestCaseKeyword$_callTestCase_closure1.doCall(CallTestCaseKeyword.groovy:59)
	... 20 more]]></system-err>
      </testcase>
      <system-out><![CDATA[2020-03-17 15:26:38 - [TEST_SUITE][FAILED] - Daily Report End to End Suit: Test Cases/CrossLocationReportBuilder_TestCases/TC8_Create Daily Report with valid details and compare report values with calender for specific time period FAILED.
Reason:
com.kms.katalon.core.exception.StepFailedException: Unable to call Test Case 'Test Cases/ReportBuilder_Pages/CreatedReports/Verify Dates on report based on selected present data by' (Root cause: com.kms.katalon.core.exception.StepErrorException: Call Test Case 'Test Cases/ReportBuilder_Pages/CreatedReports/Verify Dates on report based on selected present data by' failed because of error(s)
	at com.kms.katalon.core.keyword.builtin.CallTestCaseKeyword$_callTestCase_closure1.doCall(CallTestCaseKeyword.groovy:66)
	at com.kms.katalon.core.keyword.builtin.CallTestCaseKeyword$_callTestCase_closure1.call(CallTestCaseKeyword.groovy)
	at com.kms.katalon.core.keyword.internal.KeywordMain.runKeyword(KeywordMain.groovy:68)
	at com.kms.katalon.core.keyword.builtin.CallTestCaseKeyword.callTestCase(CallTestCaseKeyword.groovy:81)
	at com.kms.katalon.core.keyword.builtin.CallTestCaseKeyword.execute(CallTestCaseKeyword.groovy:44)
	at com.kms.katalon.core.keyword.internal.KeywordExecutor.executeKeywordForPlatform(KeywordExecutor.groovy:72)
	at com.kms.katalon.core.keyword.BuiltinKeywords.callTestCase(BuiltinKeywords.groovy:334)
	at TC8_Create Daily Report with valid details and compare report values with calender for specific time period.run(TC8_Create Daily Report with valid details and compare report values with calender for specific time period:74)
	at com.kms.katalon.core.main.ScriptEngine.run(ScriptEngine.java:194)
	at com.kms.katalon.core.main.ScriptEngine.runScriptAsRawText(ScriptEngine.java:119)
	at com.kms.katalon.core.main.TestCaseExecutor.runScript(TestCaseExecutor.java:337)
	at com.kms.katalon.core.main.TestCaseExecutor.doExecute(TestCaseExecutor.java:328)
	at com.kms.katalon.core.main.TestCaseExecutor.processExecutionPhase(TestCaseExecutor.java:307)
	at com.kms.katalon.core.main.TestCaseExecutor.accessMainPhase(TestCaseExecutor.java:299)
	at com.kms.katalon.core.main.TestCaseExecutor.execute(TestCaseExecutor.java:233)
	at com.kms.katalon.core.main.TestSuiteExecutor.accessTestCaseMainPhase(TestSuiteExecutor.java:169)
	at com.kms.katalon.core.main.TestSuiteExecutor.accessTestSuiteMainPhase(TestSuiteExecutor.java:142)
	at com.kms.katalon.core.main.TestSuiteExecutor.execute(TestSuiteExecutor.java:91)
	at com.kms.katalon.core.main.TestCaseMain.startTestSuite(TestCaseMain.java:157)
	at com.kms.katalon.core.main.TestCaseMain$startTestSuite$0.call(Unknown Source)
	at TempTestSuite1584438995230.run(TempTestSuite1584438995230.groovy:36)
Caused by: java.lang.ArrayIndexOutOfBoundsException: 1
	at Verify Dates on report based on selected present data by.run(Verify Dates on report based on selected present data by:82)
	at com.kms.katalon.core.main.ScriptEngine.run(ScriptEngine.java:194)
	at com.kms.katalon.core.main.ScriptEngine.runScriptAsRawText(ScriptEngine.java:119)
	at com.kms.katalon.core.main.TestCaseExecutor.runScript(TestCaseExecutor.java:337)
	at com.kms.katalon.core.main.TestCaseExecutor.doExecute(TestCaseExecutor.java:328)
	at com.kms.katalon.core.main.TestCaseExecutor.processExecutionPhase(TestCaseExecutor.java:307)
	at com.kms.katalon.core.main.TestCaseExecutor.accessMainPhase(TestCaseExecutor.java:299)
	at com.kms.katalon.core.main.TestCaseExecutor.execute(TestCaseExecutor.java:233)
	at com.kms.katalon.core.main.TestCaseMain.runTestCase(TestCaseMain.java:114)
	at com.kms.katalon.core.keyword.builtin.CallTestCaseKeyword$_callTestCase_closure1.doCall(CallTestCaseKeyword.groovy:59)
	... 20 more
)
	at com.kms.katalon.core.keyword.internal.KeywordMain.stepFailed(KeywordMain.groovy:39)
	at com.kms.katalon.core.keyword.internal.KeywordMain.stepFailed(KeywordMain.groovy)
	at com.kms.katalon.core.keyword.internal.KeywordMain.runKeyword(KeywordMain.groovy:70)
	at com.kms.katalon.core.keyword.builtin.CallTestCaseKeyword.callTestCase(CallTestCaseKeyword.groovy:81)
	at com.kms.katalon.core.keyword.builtin.CallTestCaseKeyword.execute(CallTestCaseKeyword.groovy:44)
	at com.kms.katalon.core.keyword.internal.KeywordExecutor.executeKeywordForPlatform(KeywordExecutor.groovy:72)
	at com.kms.katalon.core.keyword.BuiltinKeywords.callTestCase(BuiltinKeywords.groovy:334)
	at TC8_Create Daily Report with valid details and compare report values with calender for specific time period.run(TC8_Create Daily Report with valid details and compare report values with calender for specific time period:74)
	at com.kms.katalon.core.main.ScriptEngine.run(ScriptEngine.java:194)
	at com.kms.katalon.core.main.ScriptEngine.runScriptAsRawText(ScriptEngine.java:119)
	at com.kms.katalon.core.main.TestCaseExecutor.runScript(TestCaseExecutor.java:337)
	at com.kms.katalon.core.main.TestCaseExecutor.doExecute(TestCaseExecutor.java:328)
	at com.kms.katalon.core.main.TestCaseExecutor.processExecutionPhase(TestCaseExecutor.java:307)
	at com.kms.katalon.core.main.TestCaseExecutor.accessMainPhase(TestCaseExecutor.java:299)
	at com.kms.katalon.core.main.TestCaseExecutor.execute(TestCaseExecutor.java:233)
	at com.kms.katalon.core.main.TestSuiteExecutor.accessTestCaseMainPhase(TestSuiteExecutor.java:169)
	at com.kms.katalon.core.main.TestSuiteExecutor.accessTestSuiteMainPhase(TestSuiteExecutor.java:142)
	at com.kms.katalon.core.main.TestSuiteExecutor.execute(TestSuiteExecutor.java:91)
	at com.kms.katalon.core.main.TestCaseMain.startTestSuite(TestCaseMain.java:157)
	at com.kms.katalon.core.main.TestCaseMain$startTestSuite$0.call(Unknown Source)
	at TempTestSuite1584438995230.run(TempTestSuite1584438995230.groovy:36)
Caused by: com.kms.katalon.core.exception.StepErrorException: Call Test Case 'Test Cases/ReportBuilder_Pages/CreatedReports/Verify Dates on report based on selected present data by' failed because of error(s)
	at com.kms.katalon.core.keyword.builtin.CallTestCaseKeyword$_callTestCase_closure1.doCall(CallTestCaseKeyword.groovy:66)
	at com.kms.katalon.core.keyword.builtin.CallTestCaseKeyword$_callTestCase_closure1.call(CallTestCaseKeyword.groovy)
	at com.kms.katalon.core.keyword.internal.KeywordMain.runKeyword(KeywordMain.groovy:68)
	... 18 more
Caused by: java.lang.ArrayIndexOutOfBoundsException: 1
	at Verify Dates on report based on selected present data by.run(Verify Dates on report based on selected present data by:82)
	at com.kms.katalon.core.main.ScriptEngine.run(ScriptEngine.java:194)
	at com.kms.katalon.core.main.ScriptEngine.runScriptAsRawText(ScriptEngine.java:119)
	at com.kms.katalon.core.main.TestCaseExecutor.runScript(TestCaseExecutor.java:337)
	at com.kms.katalon.core.main.TestCaseExecutor.doExecute(TestCaseExecutor.java:328)
	at com.kms.katalon.core.main.TestCaseExecutor.processExecutionPhase(TestCaseExecutor.java:307)
	at com.kms.katalon.core.main.TestCaseExecutor.accessMainPhase(TestCaseExecutor.java:299)
	at com.kms.katalon.core.main.TestCaseExecutor.execute(TestCaseExecutor.java:233)
	at com.kms.katalon.core.main.TestCaseMain.runTestCase(TestCaseMain.java:114)
	at com.kms.katalon.core.keyword.builtin.CallTestCaseKeyword$_callTestCase_closure1.doCall(CallTestCaseKeyword.groovy:59)
	... 20 more]]></system-out>
      <system-err><![CDATA[2020-03-17 15:26:38 - [TEST_SUITE][FAILED] - Daily Report End to End Suit: Test Cases/CrossLocationReportBuilder_TestCases/TC8_Create Daily Report with valid details and compare report values with calender for specific time period FAILED.
Reason:
com.kms.katalon.core.exception.StepFailedException: Unable to call Test Case 'Test Cases/ReportBuilder_Pages/CreatedReports/Verify Dates on report based on selected present data by' (Root cause: com.kms.katalon.core.exception.StepErrorException: Call Test Case 'Test Cases/ReportBuilder_Pages/CreatedReports/Verify Dates on report based on selected present data by' failed because of error(s)
	at com.kms.katalon.core.keyword.builtin.CallTestCaseKeyword$_callTestCase_closure1.doCall(CallTestCaseKeyword.groovy:66)
	at com.kms.katalon.core.keyword.builtin.CallTestCaseKeyword$_callTestCase_closure1.call(CallTestCaseKeyword.groovy)
	at com.kms.katalon.core.keyword.internal.KeywordMain.runKeyword(KeywordMain.groovy:68)
	at com.kms.katalon.core.keyword.builtin.CallTestCaseKeyword.callTestCase(CallTestCaseKeyword.groovy:81)
	at com.kms.katalon.core.keyword.builtin.CallTestCaseKeyword.execute(CallTestCaseKeyword.groovy:44)
	at com.kms.katalon.core.keyword.internal.KeywordExecutor.executeKeywordForPlatform(KeywordExecutor.groovy:72)
	at com.kms.katalon.core.keyword.BuiltinKeywords.callTestCase(BuiltinKeywords.groovy:334)
	at TC8_Create Daily Report with valid details and compare report values with calender for specific time period.run(TC8_Create Daily Report with valid details and compare report values with calender for specific time period:74)
	at com.kms.katalon.core.main.ScriptEngine.run(ScriptEngine.java:194)
	at com.kms.katalon.core.main.ScriptEngine.runScriptAsRawText(ScriptEngine.java:119)
	at com.kms.katalon.core.main.TestCaseExecutor.runScript(TestCaseExecutor.java:337)
	at com.kms.katalon.core.main.TestCaseExecutor.doExecute(TestCaseExecutor.java:328)
	at com.kms.katalon.core.main.TestCaseExecutor.processExecutionPhase(TestCaseExecutor.java:307)
	at com.kms.katalon.core.main.TestCaseExecutor.accessMainPhase(TestCaseExecutor.java:299)
	at com.kms.katalon.core.main.TestCaseExecutor.execute(TestCaseExecutor.java:233)
	at com.kms.katalon.core.main.TestSuiteExecutor.accessTestCaseMainPhase(TestSuiteExecutor.java:169)
	at com.kms.katalon.core.main.TestSuiteExecutor.accessTestSuiteMainPhase(TestSuiteExecutor.java:142)
	at com.kms.katalon.core.main.TestSuiteExecutor.execute(TestSuiteExecutor.java:91)
	at com.kms.katalon.core.main.TestCaseMain.startTestSuite(TestCaseMain.java:157)
	at com.kms.katalon.core.main.TestCaseMain$startTestSuite$0.call(Unknown Source)
	at TempTestSuite1584438995230.run(TempTestSuite1584438995230.groovy:36)
Caused by: java.lang.ArrayIndexOutOfBoundsException: 1
	at Verify Dates on report based on selected present data by.run(Verify Dates on report based on selected present data by:82)
	at com.kms.katalon.core.main.ScriptEngine.run(ScriptEngine.java:194)
	at com.kms.katalon.core.main.ScriptEngine.runScriptAsRawText(ScriptEngine.java:119)
	at com.kms.katalon.core.main.TestCaseExecutor.runScript(TestCaseExecutor.java:337)
	at com.kms.katalon.core.main.TestCaseExecutor.doExecute(TestCaseExecutor.java:328)
	at com.kms.katalon.core.main.TestCaseExecutor.processExecutionPhase(TestCaseExecutor.java:307)
	at com.kms.katalon.core.main.TestCaseExecutor.accessMainPhase(TestCaseExecutor.java:299)
	at com.kms.katalon.core.main.TestCaseExecutor.execute(TestCaseExecutor.java:233)
	at com.kms.katalon.core.main.TestCaseMain.runTestCase(TestCaseMain.java:114)
	at com.kms.katalon.core.keyword.builtin.CallTestCaseKeyword$_callTestCase_closure1.doCall(CallTestCaseKeyword.groovy:59)
	... 20 more
)
	at com.kms.katalon.core.keyword.internal.KeywordMain.stepFailed(KeywordMain.groovy:39)
	at com.kms.katalon.core.keyword.internal.KeywordMain.stepFailed(KeywordMain.groovy)
	at com.kms.katalon.core.keyword.internal.KeywordMain.runKeyword(KeywordMain.groovy:70)
	at com.kms.katalon.core.keyword.builtin.CallTestCaseKeyword.callTestCase(CallTestCaseKeyword.groovy:81)
	at com.kms.katalon.core.keyword.builtin.CallTestCaseKeyword.execute(CallTestCaseKeyword.groovy:44)
	at com.kms.katalon.core.keyword.internal.KeywordExecutor.executeKeywordForPlatform(KeywordExecutor.groovy:72)
	at com.kms.katalon.core.keyword.BuiltinKeywords.callTestCase(BuiltinKeywords.groovy:334)
	at TC8_Create Daily Report with valid details and compare report values with calender for specific time period.run(TC8_Create Daily Report with valid details and compare report values with calender for specific time period:74)
	at com.kms.katalon.core.main.ScriptEngine.run(ScriptEngine.java:194)
	at com.kms.katalon.core.main.ScriptEngine.runScriptAsRawText(ScriptEngine.java:119)
	at com.kms.katalon.core.main.TestCaseExecutor.runScript(TestCaseExecutor.java:337)
	at com.kms.katalon.core.main.TestCaseExecutor.doExecute(TestCaseExecutor.java:328)
	at com.kms.katalon.core.main.TestCaseExecutor.processExecutionPhase(TestCaseExecutor.java:307)
	at com.kms.katalon.core.main.TestCaseExecutor.accessMainPhase(TestCaseExecutor.java:299)
	at com.kms.katalon.core.main.TestCaseExecutor.execute(TestCaseExecutor.java:233)
	at com.kms.katalon.core.main.TestSuiteExecutor.accessTestCaseMainPhase(TestSuiteExecutor.java:169)
	at com.kms.katalon.core.main.TestSuiteExecutor.accessTestSuiteMainPhase(TestSuiteExecutor.java:142)
	at com.kms.katalon.core.main.TestSuiteExecutor.execute(TestSuiteExecutor.java:91)
	at com.kms.katalon.core.main.TestCaseMain.startTestSuite(TestCaseMain.java:157)
	at com.kms.katalon.core.main.TestCaseMain$startTestSuite$0.call(Unknown Source)
	at TempTestSuite1584438995230.run(TempTestSuite1584438995230.groovy:36)
Caused by: com.kms.katalon.core.exception.StepErrorException: Call Test Case 'Test Cases/ReportBuilder_Pages/CreatedReports/Verify Dates on report based on selected present data by' failed because of error(s)
	at com.kms.katalon.core.keyword.builtin.CallTestCaseKeyword$_callTestCase_closure1.doCall(CallTestCaseKeyword.groovy:66)
	at com.kms.katalon.core.keyword.builtin.CallTestCaseKeyword$_callTestCase_closure1.call(CallTestCaseKeyword.groovy)
	at com.kms.katalon.core.keyword.internal.KeywordMain.runKeyword(KeywordMain.groovy:68)
	... 18 more
Caused by: java.lang.ArrayIndexOutOfBoundsException: 1
	at Verify Dates on report based on selected present data by.run(Verify Dates on report based on selected present data by:82)
	at com.kms.katalon.core.main.ScriptEngine.run(ScriptEngine.java:194)
	at com.kms.katalon.core.main.ScriptEngine.runScriptAsRawText(ScriptEngine.java:119)
	at com.kms.katalon.core.main.TestCaseExecutor.runScript(TestCaseExecutor.java:337)
	at com.kms.katalon.core.main.TestCaseExecutor.doExecute(TestCaseExecutor.java:328)
	at com.kms.katalon.core.main.TestCaseExecutor.processExecutionPhase(TestCaseExecutor.java:307)
	at com.kms.katalon.core.main.TestCaseExecutor.accessMainPhase(TestCaseExecutor.java:299)
	at com.kms.katalon.core.main.TestCaseExecutor.execute(TestCaseExecutor.java:233)
	at com.kms.katalon.core.main.TestCaseMain.runTestCase(TestCaseMain.java:114)
	at com.kms.katalon.core.keyword.builtin.CallTestCaseKeyword$_callTestCase_closure1.doCall(CallTestCaseKeyword.groovy:59)
	... 20 more]]></system-err>
   </testsuite>
</testsuites>
